#
# There is insufficient memory for the Java Runtime Environment to continue.
# Native memory allocation (malloc) failed to allocate 1154256 bytes for Chunk::new
# Possible reasons:
#   The system is out of physical RAM or swap space
#   In 32 bit mode, the process size limit was hit
# Possible solutions:
#   Reduce memory load on the system
#   Increase physical memory or swap space
#   Check if swap backing store is full
#   Use 64 bit Java on a 64 bit OS
#   Decrease Java heap size (-Xmx/-Xms)
#   Decrease number of Java threads
#   Decrease Java thread stack sizes (-Xss)
#   Set larger code cache with -XX:ReservedCodeCacheSize=
# This output file may be truncated or incomplete.
#
#  Out of Memory Error (allocation.cpp:390), pid=1616, tid=5732
#
# JRE version: Java(TM) SE Runtime Environment (8.0_31-b13) (build 1.8.0_31-b13)
# Java VM: Java HotSpot(TM) 64-Bit Server VM (25.31-b07 mixed mode windows-amd64 compressed oops)
# Failed to write core dump. Minidumps are not enabled by default on client versions of Windows
#

---------------  T H R E A D  ---------------

Current thread (0x000000001502d800):  JavaThread "C2 CompilerThread1" daemon [_thread_in_native, id=5732, stack(0x0000000016640000,0x0000000016740000)]

Stack: [0x0000000016640000,0x0000000016740000]
Native frames: (J=compiled Java code, j=interpreted, Vv=VM code, C=native code)
V  [jvm.dll+0x3169ba]
V  [jvm.dll+0x2674c3]
V  [jvm.dll+0x268103]
V  [jvm.dll+0x25f8f5]
V  [jvm.dll+0xbf025]
V  [jvm.dll+0xbf4cc]
V  [jvm.dll+0x45df82]
V  [jvm.dll+0x49f21f]
V  [jvm.dll+0x453401]
V  [jvm.dll+0x454124]
V  [jvm.dll+0x437c62]
V  [jvm.dll+0x988e2]
V  [jvm.dll+0x990d3]
V  [jvm.dll+0x22c194]
V  [jvm.dll+0x28576a]
C  [msvcr100.dll+0x21d9f]
C  [msvcr100.dll+0x21e3b]
C  [KERNEL32.DLL+0x13d2]
C  [ntdll.dll+0x154e4]


Current CompileTask:
C2:  16917 2564       4       com.android.dx.dex.code.LocalList$MakeState::snapshot (110 bytes)


---------------  P R O C E S S  ---------------

Java Threads: ( => current thread )
  0x0000000002810800 JavaThread "DestroyJavaVM" [_thread_blocked, id=16268, stack(0x0000000002710000,0x0000000002810000)]
  0x000000001503a800 JavaThread "Service Thread" daemon [_thread_blocked, id=6464, stack(0x0000000016840000,0x0000000016940000)]
  0x0000000015033800 JavaThread "C1 CompilerThread2" daemon [_thread_blocked, id=11580, stack(0x0000000016740000,0x0000000016840000)]
=>0x000000001502d800 JavaThread "C2 CompilerThread1" daemon [_thread_in_native, id=5732, stack(0x0000000016640000,0x0000000016740000)]
  0x0000000014fdd000 JavaThread "C2 CompilerThread0" daemon [_thread_in_native, id=7936, stack(0x0000000016540000,0x0000000016640000)]
  0x0000000014fda800 JavaThread "Attach Listener" daemon [_thread_blocked, id=12052, stack(0x0000000016440000,0x0000000016540000)]
  0x0000000014fd9800 JavaThread "Signal Dispatcher" daemon [_thread_blocked, id=18600, stack(0x0000000016340000,0x0000000016440000)]
  0x0000000002905000 JavaThread "Finalizer" daemon [_thread_blocked, id=15536, stack(0x0000000016240000,0x0000000016340000)]
  0x00000000028fc000 JavaThread "Reference Handler" daemon [_thread_blocked, id=12108, stack(0x0000000016140000,0x0000000016240000)]

Other Threads:
  0x0000000014fa5800 VMThread [stack: 0x0000000016040000,0x0000000016140000] [id=12100]
  0x000000001503d800 WatcherThread [stack: 0x0000000016940000,0x0000000016a40000] [id=18612]

VM state:not at safepoint (normal execution)

VM Mutex/Monitor currently owned by a thread: None

Heap:
 PSYoungGen      total 212992K, used 166623K [0x00000000eab00000, 0x00000000fa900000, 0x0000000100000000)
  eden space 187392K, 75% used [0x00000000eab00000,0x00000000f34be830,0x00000000f6200000)
  from space 25600K, 99% used [0x00000000f8200000,0x00000000f9af9758,0x00000000f9b00000)
  to   space 32768K, 0% used [0x00000000f6200000,0x00000000f6200000,0x00000000f8200000)
 ParOldGen       total 65536K, used 41106K [0x00000000c0000000, 0x00000000c4000000, 0x00000000eab00000)
  object space 65536K, 62% used [0x00000000c0000000,0x00000000c2824b28,0x00000000c4000000)
 Metaspace       used 7258K, capacity 7768K, committed 7936K, reserved 1056768K
  class space    used 666K, capacity 720K, committed 768K, reserved 1048576K

Card table byte_map: [0x0000000011cd0000,0x0000000011ee0000] byte_map_base: 0x00000000116d0000

Marking Bits: (ParMarkBitMap*) 0x000000006a56d4f0
 Begin Bits: [0x0000000012440000, 0x0000000013440000)
 End Bits:   [0x0000000013440000, 0x0000000014440000)

Polling page: 0x0000000000da0000

CodeCache: size=245760Kb used=11413Kb max_used=11413Kb free=234346Kb
 bounds [0x0000000002910000, 0x0000000003440000, 0x0000000011910000]
 total_blobs=2974 nmethods=2701 adapters=186
 compilation: enabled

Compilation events (10 events):
Event: 13.087 Thread 0x0000000015033800 2565       2       com.android.dx.dex.code.form.Form12x::compatibleRegs (159 bytes)
Event: 13.088 Thread 0x0000000015033800 nmethod 2565 0x000000000338e390 code [0x000000000338e5e0, 0x000000000338ec08]
Event: 13.091 Thread 0x0000000015033800 2566       2       com.android.dx.dex.code.SwitchData::packedCodeSize (56 bytes)
Event: 13.091 Thread 0x000000001502d800 nmethod 2236 0x0000000003393210 code [0x0000000003393520, 0x0000000003395c88]
Event: 13.091 Thread 0x000000001502d800 2564       4       com.android.dx.dex.code.LocalList$MakeState::snapshot (110 bytes)
Event: 13.091 Thread 0x0000000015033800 nmethod 2566 0x0000000003379bd0 code [0x0000000003379d40, 0x0000000003379f38]
Event: 13.093 Thread 0x0000000015033800 2567       2       com.android.dx.dex.file.AnnotationsDirectoryItem::listSize (11 bytes)
Event: 13.093 Thread 0x0000000015033800 nmethod 2567 0x0000000003379890 code [0x00000000033799e0, 0x0000000003379b30]
Event: 13.093 Thread 0x0000000015033800 2568       2       com.android.dx.dex.file.AnnotationsDirectoryItem::place0 (36 bytes)
Event: 13.094 Thread 0x0000000015033800 nmethod 2568 0x00000000033793d0 code [0x0000000003379540, 0x0000000003379728]

GC Heap History (10 events):
Event: 5.770 GC heap before
{Heap before GC invocations=4 (full 0):
 PSYoungGen      total 53248K, used 53221K [0x00000000eab00000, 0x00000000ee300000, 0x0000000100000000)
  eden space 49152K, 100% used [0x00000000eab00000,0x00000000edb00000,0x00000000edb00000)
  from space 4096K, 99% used [0x00000000edb00000,0x00000000edef97c0,0x00000000edf00000)
  to   space 4096K, 0% used [0x00000000edf00000,0x00000000edf00000,0x00000000ee300000)
 ParOldGen       total 65536K, used 9862K [0x00000000c0000000, 0x00000000c4000000, 0x00000000eab00000)
  object space 65536K, 15% used [0x00000000c0000000,0x00000000c09a1b90,0x00000000c4000000)
 Metaspace       used 6239K, capacity 7152K, committed 7296K, reserved 1056768K
  class space    used 593K, capacity 616K, committed 640K, reserved 1048576K
Event: 5.903 GC heap after
Heap after GC invocations=4 (full 0):
 PSYoungGen      total 53248K, used 4072K [0x00000000eab00000, 0x00000000f1300000, 0x0000000100000000)
  eden space 49152K, 0% used [0x00000000eab00000,0x00000000eab00000,0x00000000edb00000)
  from space 4096K, 99% used [0x00000000edf00000,0x00000000ee2fa2c0,0x00000000ee300000)
  to   space 4096K, 0% used [0x00000000edb00000,0x00000000edb00000,0x00000000edf00000)
 ParOldGen       total 65536K, used 17696K [0x00000000c0000000, 0x00000000c4000000, 0x00000000eab00000)
  object space 65536K, 27% used [0x00000000c0000000,0x00000000c11482c8,0x00000000c4000000)
 Metaspace       used 6239K, capacity 7152K, committed 7296K, reserved 1056768K
  class space    used 593K, capacity 616K, committed 640K, reserved 1048576K
}
Event: 6.755 GC heap before
{Heap before GC invocations=5 (full 0):
 PSYoungGen      total 53248K, used 53224K [0x00000000eab00000, 0x00000000f1300000, 0x0000000100000000)
  eden space 49152K, 100% used [0x00000000eab00000,0x00000000edb00000,0x00000000edb00000)
  from space 4096K, 99% used [0x00000000edf00000,0x00000000ee2fa2c0,0x00000000ee300000)
  to   space 4096K, 0% used [0x00000000edb00000,0x00000000edb00000,0x00000000edf00000)
 ParOldGen       total 65536K, used 17696K [0x00000000c0000000, 0x00000000c4000000, 0x00000000eab00000)
  object space 65536K, 27% used [0x00000000c0000000,0x00000000c11482c8,0x00000000c4000000)
 Metaspace       used 6278K, capacity 7152K, committed 7296K, reserved 1056768K
  class space    used 593K, capacity 616K, committed 640K, reserved 1048576K
Event: 6.885 GC heap after
Heap after GC invocations=5 (full 0):
 PSYoungGen      total 53248K, used 4072K [0x00000000eab00000, 0x00000000f2c00000, 0x0000000100000000)
  eden space 49152K, 0% used [0x00000000eab00000,0x00000000eab00000,0x00000000edb00000)
  from space 4096K, 99% used [0x00000000edb00000,0x00000000edefa2e0,0x00000000edf00000)
  to   space 16896K, 0% used [0x00000000f1b80000,0x00000000f1b80000,0x00000000f2c00000)
 ParOldGen       total 65536K, used 25281K [0x00000000c0000000, 0x00000000c4000000, 0x00000000eab00000)
  object space 65536K, 38% used [0x00000000c0000000,0x00000000c18b0608,0x00000000c4000000)
 Metaspace       used 6278K, capacity 7152K, committed 7296K, reserved 1056768K
  class space    used 593K, capacity 616K, committed 640K, reserved 1048576K
}
Event: 7.210 GC heap before
{Heap before GC invocations=6 (full 0):
 PSYoungGen      total 53248K, used 53224K [0x00000000eab00000, 0x00000000f2c00000, 0x0000000100000000)
  eden space 49152K, 100% used [0x00000000eab00000,0x00000000edb00000,0x00000000edb00000)
  from space 4096K, 99% used [0x00000000edb00000,0x00000000edefa2e0,0x00000000edf00000)
  to   space 16896K, 0% used [0x00000000f1b80000,0x00000000f1b80000,0x00000000f2c00000)
 ParOldGen       total 65536K, used 25281K [0x00000000c0000000, 0x00000000c4000000, 0x00000000eab00000)
  object space 65536K, 38% used [0x00000000c0000000,0x00000000c18b0608,0x00000000c4000000)
 Metaspace       used 6339K, capacity 7216K, committed 7296K, reserved 1056768K
  class space    used 593K, capacity 616K, committed 640K, reserved 1048576K
Event: 7.270 GC heap after
Heap after GC invocations=6 (full 0):
 PSYoungGen      total 114176K, used 12684K [0x00000000eab00000, 0x00000000f2e00000, 0x0000000100000000)
  eden space 97280K, 0% used [0x00000000eab00000,0x00000000eab00000,0x00000000f0a00000)
  from space 16896K, 75% used [0x00000000f1b80000,0x00000000f27e3048,0x00000000f2c00000)
  to   space 17920K, 0% used [0x00000000f0a00000,0x00000000f0a00000,0x00000000f1b80000)
 ParOldGen       total 65536K, used 25289K [0x00000000c0000000, 0x00000000c4000000, 0x00000000eab00000)
  object space 65536K, 38% used [0x00000000c0000000,0x00000000c18b2608,0x00000000c4000000)
 Metaspace       used 6339K, capacity 7216K, committed 7296K, reserved 1056768K
  class space    used 593K, capacity 616K, committed 640K, reserved 1048576K
}
Event: 8.391 GC heap before
{Heap before GC invocations=7 (full 0):
 PSYoungGen      total 114176K, used 109964K [0x00000000eab00000, 0x00000000f2e00000, 0x0000000100000000)
  eden space 97280K, 100% used [0x00000000eab00000,0x00000000f0a00000,0x00000000f0a00000)
  from space 16896K, 75% used [0x00000000f1b80000,0x00000000f27e3048,0x00000000f2c00000)
  to   space 17920K, 0% used [0x00000000f0a00000,0x00000000f0a00000,0x00000000f1b80000)
 ParOldGen       total 65536K, used 25289K [0x00000000c0000000, 0x00000000c4000000, 0x00000000eab00000)
  object space 65536K, 38% used [0x00000000c0000000,0x00000000c18b2608,0x00000000c4000000)
 Metaspace       used 6467K, capacity 7256K, committed 7424K, reserved 1056768K
  class space    used 613K, capacity 656K, committed 768K, reserved 1048576K
Event: 8.561 GC heap after
Heap after GC invocations=7 (full 0):
 PSYoungGen      total 115200K, used 17888K [0x00000000eab00000, 0x00000000f9b00000, 0x0000000100000000)
  eden space 97280K, 0% used [0x00000000eab00000,0x00000000eab00000,0x00000000f0a00000)
  from space 17920K, 99% used [0x00000000f0a00000,0x00000000f1b78338,0x00000000f1b80000)
  to   space 25600K, 0% used [0x00000000f8200000,0x00000000f8200000,0x00000000f9b00000)
 ParOldGen       total 65536K, used 34448K [0x00000000c0000000, 0x00000000c4000000, 0x00000000eab00000)
  object space 65536K, 52% used [0x00000000c0000000,0x00000000c21a41a0,0x00000000c4000000)
 Metaspace       used 6467K, capacity 7256K, committed 7424K, reserved 1056768K
  class space    used 613K, capacity 656K, committed 768K, reserved 1048576K
}
Event: 9.335 GC heap before
{Heap before GC invocations=8 (full 0):
 PSYoungGen      total 115200K, used 115168K [0x00000000eab00000, 0x00000000f9b00000, 0x0000000100000000)
  eden space 97280K, 100% used [0x00000000eab00000,0x00000000f0a00000,0x00000000f0a00000)
  from space 17920K, 99% used [0x00000000f0a00000,0x00000000f1b78338,0x00000000f1b80000)
  to   space 25600K, 0% used [0x00000000f8200000,0x00000000f8200000,0x00000000f9b00000)
 ParOldGen       total 65536K, used 34448K [0x00000000c0000000, 0x00000000c4000000, 0x00000000eab00000)
  object space 65536K, 52% used [0x00000000c0000000,0x00000000c21a41a0,0x00000000c4000000)
 Metaspace       used 6475K, capacity 7256K, committed 7424K, reserved 1056768K
  class space    used 613K, capacity 656K, committed 768K, reserved 1048576K
Event: 9.528 GC heap after
Heap after GC invocations=8 (full 0):
 PSYoungGen      total 212992K, used 25573K [0x00000000eab00000, 0x00000000fa900000, 0x0000000100000000)
  eden space 187392K, 0% used [0x00000000eab00000,0x00000000eab00000,0x00000000f6200000)
  from space 25600K, 99% used [0x00000000f8200000,0x00000000f9af9758,0x00000000f9b00000)
  to   space 32768K, 0% used [0x00000000f6200000,0x00000000f6200000,0x00000000f8200000)
 ParOldGen       total 65536K, used 41106K [0x00000000c0000000, 0x00000000c4000000, 0x00000000eab00000)
  object space 65536K, 62% used [0x00000000c0000000,0x00000000c2824b28,0x00000000c4000000)
 Metaspace       used 6475K, capacity 7256K, committed 7424K, reserved 1056768K
  class space    used 613K, capacity 656K, committed 768K, reserved 1048576K
}

Deoptimization events (10 events):
Event: 11.173 Thread 0x0000000016dc2800 Uncommon trap: reason=class_check action=maybe_recompile pc=0x0000000002e22d60 method=java.util.Arrays.hashCode([Ljava/lang/Object;)I @ 43
Event: 11.173 Thread 0x0000000016dc2800 Uncommon trap: reason=class_check action=maybe_recompile pc=0x0000000002e22d60 method=java.util.Arrays.hashCode([Ljava/lang/Object;)I @ 43
Event: 11.174 Thread 0x0000000016dc2800 Uncommon trap: reason=class_check action=maybe_recompile pc=0x0000000002e22d60 method=java.util.Arrays.hashCode([Ljava/lang/Object;)I @ 43
Event: 11.174 Thread 0x0000000016dc2800 Uncommon trap: reason=class_check action=maybe_recompile pc=0x0000000002e22d60 method=java.util.Arrays.hashCode([Ljava/lang/Object;)I @ 43
Event: 11.174 Thread 0x0000000016dc2800 Uncommon trap: reason=class_check action=maybe_recompile pc=0x0000000002e237c0 method=java.util.Arrays.hashCode([Ljava/lang/Object;)I @ 43
Event: 11.980 Thread 0x0000000016dc2800 Uncommon trap: reason=speculate_class_check action=maybe_recompile pc=0x0000000002cf0cfc method=com.android.dx.util.FixedSizeList.equals(Ljava/lang/Object;)Z @ 25
Event: 11.980 Thread 0x0000000016dc2800 Uncommon trap: reason=speculate_class_check action=maybe_recompile pc=0x0000000002cf0cfc method=com.android.dx.util.FixedSizeList.equals(Ljava/lang/Object;)Z @ 25
Event: 11.980 Thread 0x0000000016dc2800 Uncommon trap: reason=speculate_class_check action=maybe_recompile pc=0x0000000002cf0cfc method=com.android.dx.util.FixedSizeList.equals(Ljava/lang/Object;)Z @ 25
Event: 11.980 Thread 0x0000000016dc2800 Uncommon trap: reason=speculate_class_check action=maybe_recompile pc=0x0000000002cf0cfc method=com.android.dx.util.FixedSizeList.equals(Ljava/lang/Object;)Z @ 25
Event: 12.943 Thread 0x0000000016dc2800 Uncommon trap: reason=unreached action=reinterpret pc=0x000000000332b1e8 method=com.android.dx.dex.code.LocalList$MakeState.filterSpec(Lcom/android/dx/rop/code/RegisterSpec;)Lcom/android/dx/rop/code/RegisterSpec; @ 11

Internal exceptions (10 events):
Event: 11.941 Thread 0x0000000016dc2800 Exception <a 'java/security/PrivilegedActionException'> (0x00000000f18e2688) thrown at [C:\workspace\8-2-build-windows-amd64-cygwin\jdk8u31\2394\hotspot\src\share\vm\prims\jvm.cpp, line 1312]
Event: 11.942 Thread 0x0000000016dc2800 Exception <a 'java/security/PrivilegedActionException'> (0x00000000f18e78d0) thrown at [C:\workspace\8-2-build-windows-amd64-cygwin\jdk8u31\2394\hotspot\src\share\vm\prims\jvm.cpp, line 1312]
Event: 11.946 Thread 0x0000000016dc2800 Exception <a 'java/security/PrivilegedActionException'> (0x00000000f18ede80) thrown at [C:\workspace\8-2-build-windows-amd64-cygwin\jdk8u31\2394\hotspot\src\share\vm\prims\jvm.cpp, line 1312]
Event: 11.947 Thread 0x0000000016dc2800 Exception <a 'java/security/PrivilegedActionException'> (0x00000000f18f0dc8) thrown at [C:\workspace\8-2-build-windows-amd64-cygwin\jdk8u31\2394\hotspot\src\share\vm\prims\jvm.cpp, line 1312]
Event: 11.947 Thread 0x0000000016dc2800 Exception <a 'java/security/PrivilegedActionException'> (0x00000000f18f5c28) thrown at [C:\workspace\8-2-build-windows-amd64-cygwin\jdk8u31\2394\hotspot\src\share\vm\prims\jvm.cpp, line 1312]
Event: 11.948 Thread 0x0000000016dc2800 Exception <a 'java/security/PrivilegedActionException'> (0x00000000f18fa308) thrown at [C:\workspace\8-2-build-windows-amd64-cygwin\jdk8u31\2394\hotspot\src\share\vm\prims\jvm.cpp, line 1312]
Event: 11.974 Thread 0x0000000016dc2800 Exception <a 'java/security/PrivilegedActionException'> (0x00000000f191aeb8) thrown at [C:\workspace\8-2-build-windows-amd64-cygwin\jdk8u31\2394\hotspot\src\share\vm\prims\jvm.cpp, line 1312]
Event: 11.980 Thread 0x0000000016dc2800 Exception <a 'java/security/PrivilegedActionException'> (0x00000000f191df58) thrown at [C:\workspace\8-2-build-windows-amd64-cygwin\jdk8u31\2394\hotspot\src\share\vm\prims\jvm.cpp, line 1312]
Event: 11.981 Thread 0x0000000016dc2800 Exception <a 'java/security/PrivilegedActionException'> (0x00000000f1921490) thrown at [C:\workspace\8-2-build-windows-amd64-cygwin\jdk8u31\2394\hotspot\src\share\vm\prims\jvm.cpp, line 1312]
Event: 11.994 Thread 0x0000000016dc2800 Exception <a 'java/security/PrivilegedActionException'> (0x00000000f194d228) thrown at [C:\workspace\8-2-build-windows-amd64-cygwin\jdk8u31\2394\hotspot\src\share\vm\prims\jvm.cpp, line 1312]

Events (10 events):
Event: 13.020 Thread 0x0000000016dc2800 DEOPT PACKING pc=0x00000000033070e3 sp=0x000000001773ed40
Event: 13.020 Thread 0x0000000016dc2800 DEOPT UNPACKING pc=0x00000000029575bf sp=0x000000001773ea90 mode 0
Event: 13.033 Thread 0x0000000016dc2800 DEOPT PACKING pc=0x00000000033070e3 sp=0x000000001773ed40
Event: 13.033 Thread 0x0000000016dc2800 DEOPT UNPACKING pc=0x00000000029575bf sp=0x000000001773ea90 mode 0
Event: 13.077 Thread 0x0000000016dc2800 DEOPT PACKING pc=0x00000000033070e3 sp=0x000000001773ed40
Event: 13.077 Thread 0x0000000016dc2800 DEOPT UNPACKING pc=0x00000000029575bf sp=0x000000001773ea90 mode 0
Event: 13.083 Thread 0x0000000016dc2800 DEOPT PACKING pc=0x00000000033070e3 sp=0x000000001773ed40
Event: 13.083 Thread 0x0000000016dc2800 DEOPT UNPACKING pc=0x00000000029575bf sp=0x000000001773ea90 mode 0
Event: 13.089 Thread 0x0000000016dc2800 DEOPT PACKING pc=0x00000000033070e3 sp=0x000000001773ed40
Event: 13.089 Thread 0x0000000016dc2800 DEOPT UNPACKING pc=0x00000000029575bf sp=0x000000001773ea90 mode 0


Dynamic libraries:
0x00007ff7f4420000 - 0x00007ff7f4454000 	C:\Program Files\Java\jdk1.8.0_31\bin\java.exe
0x00007ffdcc080000 - 0x00007ffdcc22d000 	C:\WINDOWS\SYSTEM32\ntdll.dll
0x00007ffdc9ef0000 - 0x00007ffdca02e000 	C:\WINDOWS\system32\KERNEL32.DLL
0x00007ffdc9460000 - 0x00007ffdc9575000 	C:\WINDOWS\system32\KERNELBASE.dll
0x00007ffdc7d80000 - 0x00007ffdc7e0e000 	C:\WINDOWS\system32\apphelp.dll
0x00007ffdbcc80000 - 0x00007ffdbccd3000 	C:\WINDOWS\AppPatch\AppPatch64\AcGenral.DLL
0x00007ffdcbfd0000 - 0x00007ffdcc07a000 	C:\WINDOWS\system32\msvcrt.dll
0x00007ffdc9680000 - 0x00007ffdc96ae000 	C:\WINDOWS\system32\SspiCli.dll
0x00007ffdcbad0000 - 0x00007ffdcbb24000 	C:\WINDOWS\system32\SHLWAPI.dll
0x00007ffdca040000 - 0x00007ffdca1b7000 	C:\WINDOWS\system32\USER32.dll
0x00007ffdc9a50000 - 0x00007ffdc9be4000 	C:\WINDOWS\system32\ole32.dll
0x00007ffdca440000 - 0x00007ffdcb969000 	C:\WINDOWS\system32\SHELL32.dll
0x00007ffdc8780000 - 0x00007ffdc87a1000 	C:\WINDOWS\SYSTEM32\USERENV.dll
0x00007ffdc9c60000 - 0x00007ffdc9d0a000 	C:\WINDOWS\system32\ADVAPI32.dll
0x00007ffdc1b40000 - 0x00007ffdc1b5e000 	C:\WINDOWS\SYSTEM32\MPR.dll
0x00007ffdca300000 - 0x00007ffdca440000 	C:\WINDOWS\system32\RPCRT4.dll
0x00007ffdc9770000 - 0x00007ffdc97c9000 	C:\WINDOWS\SYSTEM32\sechost.dll
0x00007ffdcbbf0000 - 0x00007ffdcbe01000 	C:\WINDOWS\SYSTEM32\combase.dll
0x00007ffdcb980000 - 0x00007ffdcbacf000 	C:\WINDOWS\system32\GDI32.dll
0x00007ffdc91b0000 - 0x00007ffdc91c5000 	C:\WINDOWS\SYSTEM32\profapi.dll
0x00007ffdc7700000 - 0x00007ffdc77b2000 	C:\WINDOWS\SYSTEM32\SHCORE.dll
0x00007ffdc97d0000 - 0x00007ffdc9806000 	C:\WINDOWS\system32\IMM32.DLL
0x00007ffdc98f0000 - 0x00007ffdc9a42000 	C:\WINDOWS\system32\MSCTF.dll
0x00007ffdc6c60000 - 0x00007ffdc6edb000 	C:\WINDOWS\WinSxS\amd64_microsoft.windows.common-controls_6595b64144ccf1df_6.0.9600.18006_none_623f33d3ecbe86e8\COMCTL32.dll
0x0000000067c70000 - 0x0000000067d42000 	C:\Program Files\Java\jdk1.8.0_31\jre\bin\msvcr100.dll
0x0000000069d90000 - 0x000000006a5ea000 	C:\Program Files\Java\jdk1.8.0_31\jre\bin\server\jvm.dll
0x00007ffdb1620000 - 0x00007ffdb1629000 	C:\WINDOWS\SYSTEM32\WSOCK32.dll
0x00007ffdc6ee0000 - 0x00007ffdc6f02000 	C:\WINDOWS\SYSTEM32\WINMM.dll
0x00007ffdcb970000 - 0x00007ffdcb977000 	C:\WINDOWS\system32\PSAPI.DLL
0x00007ffdc9710000 - 0x00007ffdc976a000 	C:\WINDOWS\system32\WS2_32.dll
0x00007ffdc6c30000 - 0x00007ffdc6c5a000 	C:\WINDOWS\SYSTEM32\WINMMBASE.dll
0x00007ffdcbfc0000 - 0x00007ffdcbfc9000 	C:\WINDOWS\system32\NSI.dll
0x00007ffdc9580000 - 0x00007ffdc95cf000 	C:\WINDOWS\SYSTEM32\cfgmgr32.dll
0x00007ffdc7fd0000 - 0x00007ffdc7ff8000 	C:\WINDOWS\SYSTEM32\DEVOBJ.dll
0x000000006b0d0000 - 0x000000006b0df000 	C:\Program Files\Java\jdk1.8.0_31\jre\bin\verify.dll
0x000000006b0a0000 - 0x000000006b0c8000 	C:\Program Files\Java\jdk1.8.0_31\jre\bin\java.dll
0x000000006b080000 - 0x000000006b096000 	C:\Program Files\Java\jdk1.8.0_31\jre\bin\zip.dll
0x00007ffdc1910000 - 0x00007ffdc1a99000 	C:\WINDOWS\SYSTEM32\dbghelp.dll

VM Arguments:
jvm_args: -Djava.awt.headless=true -Xmx1024M -Dfile.encoding=windows-1252 -Duser.country=US -Duser.language=en -Duser.variant 
java_command: com.android.dx.command.Main --dex --force-jumbo --num-threads=4 --multi-dex --output C:\Users\eslam\AndroidStudioProjects\Popular-Movies\app\build\intermediates\transforms\dex\debug\folders\1000\10\com.android.support-support-v4-24.0.0_6a8883e037521353a8e34bfedbca03d35ae8eff9 C:\Users\eslam\AndroidStudioProjects\Popular-Movies\app\build\intermediates\exploded-aar\com.android.support\support-v4\24.0.0\jars\classes.jar
java_class_path (initial): F:\android-strudio-windows\sdk\sdk\build-tools\24.0.0\lib\dx.jar
Launcher Type: SUN_STANDARD

Environment Variables:
JAVA_HOME=C:\Program Files\Java\jdk1.8.0_31
PATH=E:\scala\activator-1.3.2-minimal;C:\sqlite;C:\Users\eslam\AppData\Roaming\npm;C:\Program Files\Git\cmd;C:\Program Files (x86)\Microsoft SQL Server\Client SDK\ODBC\110\Tools\Binn\;C:\Program Files (x86)\Microsoft SQL Server\120\Tools\Binn\ManagementStudio\;C:\Program Files (x86)\Microsoft SQL Server\120\Tools\Binn\;C:\Program Files (x86)\Microsoft SQL Server\120\DTS\Binn\;C:\sqlite;C:\Program Files (x86)\Brackets\command;C:\Program Files\nodejs\;C:\Program Files\Java\jre7\bin;C:\Users\eslam\AppData\Roaming\npm
USERNAME=eslam
OS=Windows_NT
PROCESSOR_IDENTIFIER=Intel64 Family 6 Model 58 Stepping 9, GenuineIntel



---------------  S Y S T E M  ---------------

OS: Windows 8.1 , 64 bit Build 9600 

CPU:total 4 (2 cores per cpu, 2 threads per core) family 6 model 58 stepping 9, cmov, cx8, fxsr, mmx, sse, sse2, sse3, ssse3, sse4.1, sse4.2, popcnt, avx, aes, clmul, erms, ht, tsc, tscinvbit, tscinv

Memory: 4k page, physical 6241508k(306688k free), swap 9387236k(128260k free)

vm_info: Java HotSpot(TM) 64-Bit Server VM (25.31-b07) for windows-amd64 JRE (1.8.0_31-b13), built on Dec 17 2014 21:00:28 by "java_re" with MS VC++ 10.0 (VS2010)

time: Wed Sep 21 22:00:06 2016
elapsed time: 16 seconds (0d 0h 0m 16s)

