#
# There is insufficient memory for the Java Runtime Environment to continue.
# Native memory allocation (malloc) failed to allocate 839456 bytes for Chunk::new
# Possible reasons:
#   The system is out of physical RAM or swap space
#   In 32 bit mode, the process size limit was hit
# Possible solutions:
#   Reduce memory load on the system
#   Increase physical memory or swap space
#   Check if swap backing store is full
#   Use 64 bit Java on a 64 bit OS
#   Decrease Java heap size (-Xmx/-Xms)
#   Decrease number of Java threads
#   Decrease Java thread stack sizes (-Xss)
#   Set larger code cache with -XX:ReservedCodeCacheSize=
# This output file may be truncated or incomplete.
#
#  Out of Memory Error (allocation.cpp:390), pid=12232, tid=7892
#
# JRE version: Java(TM) SE Runtime Environment (8.0_31-b13) (build 1.8.0_31-b13)
# Java VM: Java HotSpot(TM) 64-Bit Server VM (25.31-b07 mixed mode windows-amd64 compressed oops)
# Failed to write core dump. Minidumps are not enabled by default on client versions of Windows
#

---------------  T H R E A D  ---------------

Current thread (0x0000000014fde000):  JavaThread "C2 CompilerThread0" daemon [_thread_in_native, id=7892, stack(0x0000000016530000,0x0000000016630000)]

Stack: [0x0000000016530000,0x0000000016630000]
Native frames: (J=compiled Java code, j=interpreted, Vv=VM code, C=native code)
V  [jvm.dll+0x3169ba]


Current CompileTask:
C2:   2910 1404       4       com.android.dx.ssa.SsaRenamer$BlockRenamer::process (191 bytes)


---------------  P R O C E S S  ---------------

Java Threads: ( => current thread )
  0x0000000016a77000 JavaThread "pool-2-thread-4" [_thread_blocked, id=9028, stack(0x0000000017a30000,0x0000000017b30000)]
  0x0000000016a76800 JavaThread "pool-2-thread-3" [_thread_in_vm, id=10192, stack(0x0000000017930000,0x0000000017a30000)]
  0x0000000016b07800 JavaThread "pool-2-thread-2" [_thread_blocked, id=17504, stack(0x0000000017830000,0x0000000017930000)]
  0x0000000016b06800 JavaThread "pool-3-thread-1" [_thread_blocked, id=8356, stack(0x0000000017730000,0x0000000017830000)]
  0x0000000016b04000 JavaThread "pool-2-thread-1" [_thread_blocked, id=14048, stack(0x0000000017630000,0x0000000017730000)]
  0x000000001685c800 JavaThread "Service Thread" daemon [_thread_blocked, id=7072, stack(0x0000000016c30000,0x0000000016d30000)]
  0x0000000014fe7000 JavaThread "C1 CompilerThread2" daemon [_thread_blocked, id=19072, stack(0x0000000016730000,0x0000000016830000)]
  0x0000000014fe3800 JavaThread "C2 CompilerThread1" daemon [_thread_in_native, id=18540, stack(0x0000000016630000,0x0000000016730000)]
=>0x0000000014fde000 JavaThread "C2 CompilerThread0" daemon [_thread_in_native, id=7892, stack(0x0000000016530000,0x0000000016630000)]
  0x0000000014fdb800 JavaThread "Attach Listener" daemon [_thread_blocked, id=4388, stack(0x0000000016430000,0x0000000016530000)]
  0x0000000014fda800 JavaThread "Signal Dispatcher" daemon [_thread_blocked, id=948, stack(0x0000000016330000,0x0000000016430000)]
  0x0000000002905800 JavaThread "Finalizer" daemon [_thread_blocked, id=3832, stack(0x0000000016230000,0x0000000016330000)]
  0x00000000028fd000 JavaThread "Reference Handler" daemon [_thread_blocked, id=19016, stack(0x0000000016130000,0x0000000016230000)]
  0x0000000002810800 JavaThread "main" [_thread_blocked, id=13276, stack(0x0000000002650000,0x0000000002750000)]

Other Threads:
  0x0000000014fa5800 VMThread [stack: 0x0000000016030000,0x0000000016130000] [id=13092]
  0x0000000016861000 WatcherThread [stack: 0x0000000016d30000,0x0000000016e30000] [id=13728]

VM state:not at safepoint (normal execution)

VM Mutex/Monitor currently owned by a thread: None

Heap:
 PSYoungGen      total 28672K, used 21274K [0x00000000eab00000, 0x00000000ee300000, 0x0000000100000000)
  eden space 24576K, 69% used [0x00000000eab00000,0x00000000ebbc9f60,0x00000000ec300000)
  from space 4096K, 99% used [0x00000000ec300000,0x00000000ec6fc8d8,0x00000000ec700000)
  to   space 4096K, 0% used [0x00000000edf00000,0x00000000edf00000,0x00000000ee300000)
 ParOldGen       total 65536K, used 607K [0x00000000c0000000, 0x00000000c4000000, 0x00000000eab00000)
  object space 65536K, 0% used [0x00000000c0000000,0x00000000c0097f28,0x00000000c4000000)
 Metaspace       used 6041K, capacity 6960K, committed 7040K, reserved 1056768K
  class space    used 591K, capacity 616K, committed 640K, reserved 1048576K

Card table byte_map: [0x0000000011cd0000,0x0000000011ee0000] byte_map_base: 0x00000000116d0000

Marking Bits: (ParMarkBitMap*) 0x000000006a56d4f0
 Begin Bits: [0x0000000012440000, 0x0000000013440000)
 End Bits:   [0x0000000013440000, 0x0000000014440000)

Polling page: 0x0000000000ea0000

CodeCache: size=245760Kb used=5632Kb max_used=5632Kb free=240127Kb
 bounds [0x0000000002910000, 0x0000000002ea0000, 0x0000000011910000]
 total_blobs=1674 nmethods=1410 adapters=178
 compilation: enabled

Compilation events (10 events):
Event: 2.886 Thread 0x0000000014fe3800 nmethod 1411 0x0000000002e75e10 code [0x0000000002e75f40, 0x0000000002e75ff8]
Event: 2.887 Thread 0x0000000014fe7000 1412       1       com.android.dx.rop.code.Insn$BaseVisitor::visitThrowingCstInsn (1 bytes)
Event: 2.887 Thread 0x0000000014fe7000 nmethod 1412 0x0000000002e75b50 code [0x0000000002e75ca0, 0x0000000002e75db0]
Event: 2.888 Thread 0x0000000014fe7000 1413       3       com.android.dx.cf.direct.StdAttributeFactory::lineNumberTable (204 bytes)
Event: 2.891 Thread 0x0000000014fe7000 nmethod 1413 0x0000000002e93250 code [0x0000000002e936e0, 0x0000000002e962f8]
Event: 2.893 Thread 0x0000000014fe7000 1414       1       com.android.dx.rop.annotation.NameValuePair::getValue (5 bytes)
Event: 2.893 Thread 0x0000000014fe7000 nmethod 1414 0x0000000002e75890 code [0x0000000002e759e0, 0x0000000002e75af0]
Event: 2.895 Thread 0x0000000014fe7000 1415       3       com.android.dx.ssa.SsaMethod::onSourceChanged (65 bytes)
Event: 2.896 Thread 0x0000000014fe7000 nmethod 1415 0x0000000002e76690 code [0x0000000002e76860, 0x0000000002e770d8]
Event: 2.900 Thread 0x0000000014fe3800 1416       4       com.android.dx.ssa.SCCP::simulateBranch (666 bytes)

GC Heap History (2 events):
Event: 1.511 GC heap before
{Heap before GC invocations=1 (full 0):
 PSYoungGen      total 28672K, used 24576K [0x00000000eab00000, 0x00000000ecb00000, 0x0000000100000000)
  eden space 24576K, 100% used [0x00000000eab00000,0x00000000ec300000,0x00000000ec300000)
  from space 4096K, 0% used [0x00000000ec700000,0x00000000ec700000,0x00000000ecb00000)
  to   space 4096K, 0% used [0x00000000ec300000,0x00000000ec300000,0x00000000ec700000)
 ParOldGen       total 65536K, used 0K [0x00000000c0000000, 0x00000000c4000000, 0x00000000eab00000)
  object space 65536K, 0% used [0x00000000c0000000,0x00000000c0000000,0x00000000c4000000)
 Metaspace       used 5867K, capacity 6832K, committed 7040K, reserved 1056768K
  class space    used 590K, capacity 616K, committed 640K, reserved 1048576K
Event: 1.750 GC heap after
Heap after GC invocations=1 (full 0):
 PSYoungGen      total 28672K, used 4082K [0x00000000eab00000, 0x00000000ee300000, 0x0000000100000000)
  eden space 24576K, 0% used [0x00000000eab00000,0x00000000eab00000,0x00000000ec300000)
  from space 4096K, 99% used [0x00000000ec300000,0x00000000ec6fc8d8,0x00000000ec700000)
  to   space 4096K, 0% used [0x00000000edf00000,0x00000000edf00000,0x00000000ee300000)
 ParOldGen       total 65536K, used 607K [0x00000000c0000000, 0x00000000c4000000, 0x00000000eab00000)
  object space 65536K, 0% used [0x00000000c0000000,0x00000000c0097f28,0x00000000c4000000)
 Metaspace       used 5867K, capacity 6832K, committed 7040K, reserved 1056768K
  class space    used 590K, capacity 616K, committed 640K, reserved 1048576K
}

Deoptimization events (5 events):
Event: 0.877 Thread 0x0000000016a76800 Uncommon trap: reason=bimorphic action=maybe_recompile pc=0x0000000002b9cfa8 method=java.util.HashMap.getNode(ILjava/lang/Object;)Ljava/util/HashMap$Node; @ 126
Event: 2.340 Thread 0x0000000016b07800 Uncommon trap: reason=class_check action=maybe_recompile pc=0x0000000002b9cff0 method=com.android.dx.rop.type.Type.equals(Ljava/lang/Object;)Z @ 8
Event: 2.383 Thread 0x0000000016a76800 Uncommon trap: reason=bimorphic action=maybe_recompile pc=0x0000000002b9cfa8 method=java.util.HashMap.getNode(ILjava/lang/Object;)Ljava/util/HashMap$Node; @ 126
Event: 2.414 Thread 0x0000000016a77000 Uncommon trap: reason=bimorphic action=maybe_recompile pc=0x0000000002e2efb0 method=com.android.dx.cf.code.BytecodeArray.parseInstruction(ILcom/android/dx/cf/code/BytecodeArray$Visitor;)I @ 2484
Event: 2.414 Thread 0x0000000016a77000 Uncommon trap: reason=bimorphic action=maybe_recompile pc=0x0000000002e2efb0 method=com.android.dx.cf.code.BytecodeArray.parseInstruction(ILcom/android/dx/cf/code/BytecodeArray$Visitor;)I @ 2484

Internal exceptions (10 events):
Event: 0.801 Thread 0x0000000016a77000 Exception <a 'java/security/PrivilegedActionException'> (0x00000000eba33498) thrown at [C:\workspace\8-2-build-windows-amd64-cygwin\jdk8u31\2394\hotspot\src\share\vm\prims\jvm.cpp, line 1312]
Event: 0.802 Thread 0x0000000002810800 Exception <a 'java/security/PrivilegedActionException'> (0x00000000eb9a5a80) thrown at [C:\workspace\8-2-build-windows-amd64-cygwin\jdk8u31\2394\hotspot\src\share\vm\prims\jvm.cpp, line 1312]
Event: 0.806 Thread 0x0000000016b04000 Exception <a 'java/security/PrivilegedActionException'> (0x00000000eb91aa68) thrown at [C:\workspace\8-2-build-windows-amd64-cygwin\jdk8u31\2394\hotspot\src\share\vm\prims\jvm.cpp, line 1312]
Event: 0.807 Thread 0x0000000016b04000 Exception <a 'java/security/PrivilegedActionException'> (0x00000000eb9203c8) thrown at [C:\workspace\8-2-build-windows-amd64-cygwin\jdk8u31\2394\hotspot\src\share\vm\prims\jvm.cpp, line 1312]
Event: 0.807 Thread 0x0000000016b04000 Exception <a 'java/security/PrivilegedActionException'> (0x00000000eb925ab8) thrown at [C:\workspace\8-2-build-windows-amd64-cygwin\jdk8u31\2394\hotspot\src\share\vm\prims\jvm.cpp, line 1312]
Event: 0.809 Thread 0x0000000016b04000 Exception <a 'java/security/PrivilegedActionException'> (0x00000000eb92ae40) thrown at [C:\workspace\8-2-build-windows-amd64-cygwin\jdk8u31\2394\hotspot\src\share\vm\prims\jvm.cpp, line 1312]
Event: 0.812 Thread 0x0000000002810800 Exception <a 'java/security/PrivilegedActionException'> (0x00000000eb9c7ac8) thrown at [C:\workspace\8-2-build-windows-amd64-cygwin\jdk8u31\2394\hotspot\src\share\vm\prims\jvm.cpp, line 1312]
Event: 0.815 Thread 0x0000000002810800 Exception <a 'java/security/PrivilegedActionException'> (0x00000000eb9ce4d8) thrown at [C:\workspace\8-2-build-windows-amd64-cygwin\jdk8u31\2394\hotspot\src\share\vm\prims\jvm.cpp, line 1312]
Event: 0.947 Thread 0x0000000016a76800 Exception <a 'java/security/PrivilegedActionException'> (0x00000000ebe1fb70) thrown at [C:\workspace\8-2-build-windows-amd64-cygwin\jdk8u31\2394\hotspot\src\share\vm\prims\jvm.cpp, line 1312]
Event: 1.791 Thread 0x0000000016a76800 Exception <a 'java/security/PrivilegedActionException'> (0x00000000eab139e8) thrown at [C:\workspace\8-2-build-windows-amd64-cygwin\jdk8u31\2394\hotspot\src\share\vm\prims\jvm.cpp, line 1312]

Events (10 events):
Event: 2.340 Thread 0x0000000016b07800 DEOPT UNPACKING pc=0x000000000295556a sp=0x000000001792de08 mode 2
Event: 2.344 Thread 0x0000000016a77000 Uncommon trap: trap_request=0xffffffc6 fr.pc=0x0000000002e2efb0
Event: 2.383 Thread 0x0000000016a76800 Uncommon trap: trap_request=0xffffffc6 fr.pc=0x0000000002b9cfa8
Event: 2.383 Thread 0x0000000016a76800 DEOPT PACKING pc=0x0000000002b9cfa8 sp=0x0000000017a2e870
Event: 2.383 Thread 0x0000000016a76800 DEOPT UNPACKING pc=0x000000000295556a sp=0x0000000017a2e788 mode 2
Event: 2.414 Thread 0x0000000016a77000 DEOPT PACKING pc=0x0000000002e2efb0 sp=0x0000000017b2ed90
Event: 2.414 Thread 0x0000000016a77000 DEOPT UNPACKING pc=0x000000000295556a sp=0x0000000017b2ed38 mode 2
Event: 2.414 Thread 0x0000000016a77000 Uncommon trap: trap_request=0xffffffc6 fr.pc=0x0000000002e2efb0
Event: 2.414 Thread 0x0000000016a77000 DEOPT PACKING pc=0x0000000002e2efb0 sp=0x0000000017b2eb50
Event: 2.414 Thread 0x0000000016a77000 DEOPT UNPACKING pc=0x000000000295556a sp=0x0000000017b2eaf8 mode 2


Dynamic libraries:
0x00007ff7f4420000 - 0x00007ff7f4454000 	C:\Program Files\Java\jdk1.8.0_31\bin\java.exe
0x00007ffdcc080000 - 0x00007ffdcc22d000 	C:\WINDOWS\SYSTEM32\ntdll.dll
0x00007ffdc9ef0000 - 0x00007ffdca02e000 	C:\WINDOWS\system32\KERNEL32.DLL
0x00007ffdc9460000 - 0x00007ffdc9575000 	C:\WINDOWS\system32\KERNELBASE.dll
0x00007ffdc7d80000 - 0x00007ffdc7e0e000 	C:\WINDOWS\system32\apphelp.dll
0x00007ffdbcc80000 - 0x00007ffdbccd3000 	C:\WINDOWS\AppPatch\AppPatch64\AcGenral.DLL
0x00007ffdcbfd0000 - 0x00007ffdcc07a000 	C:\WINDOWS\system32\msvcrt.dll
0x00007ffdc9680000 - 0x00007ffdc96ae000 	C:\WINDOWS\system32\SspiCli.dll
0x00007ffdcbad0000 - 0x00007ffdcbb24000 	C:\WINDOWS\system32\SHLWAPI.dll
0x00007ffdca040000 - 0x00007ffdca1b7000 	C:\WINDOWS\system32\USER32.dll
0x00007ffdc9a50000 - 0x00007ffdc9be4000 	C:\WINDOWS\system32\ole32.dll
0x00007ffdca440000 - 0x00007ffdcb969000 	C:\WINDOWS\system32\SHELL32.dll
0x00007ffdc8780000 - 0x00007ffdc87a1000 	C:\WINDOWS\SYSTEM32\USERENV.dll
0x00007ffdc9c60000 - 0x00007ffdc9d0a000 	C:\WINDOWS\system32\ADVAPI32.dll
0x00007ffdc1b40000 - 0x00007ffdc1b5e000 	C:\WINDOWS\SYSTEM32\MPR.dll
0x00007ffdca300000 - 0x00007ffdca440000 	C:\WINDOWS\system32\RPCRT4.dll
0x00007ffdc9770000 - 0x00007ffdc97c9000 	C:\WINDOWS\SYSTEM32\sechost.dll
0x00007ffdcbbf0000 - 0x00007ffdcbe01000 	C:\WINDOWS\SYSTEM32\combase.dll
0x00007ffdcb980000 - 0x00007ffdcbacf000 	C:\WINDOWS\system32\GDI32.dll
0x00007ffdc91b0000 - 0x00007ffdc91c5000 	C:\WINDOWS\SYSTEM32\profapi.dll
0x00007ffdc7700000 - 0x00007ffdc77b2000 	C:\WINDOWS\SYSTEM32\SHCORE.dll
0x00007ffdc97d0000 - 0x00007ffdc9806000 	C:\WINDOWS\system32\IMM32.DLL
0x00007ffdc98f0000 - 0x00007ffdc9a42000 	C:\WINDOWS\system32\MSCTF.dll
0x00007ffdc6c60000 - 0x00007ffdc6edb000 	C:\WINDOWS\WinSxS\amd64_microsoft.windows.common-controls_6595b64144ccf1df_6.0.9600.18006_none_623f33d3ecbe86e8\COMCTL32.dll
0x0000000067c70000 - 0x0000000067d42000 	C:\Program Files\Java\jdk1.8.0_31\jre\bin\msvcr100.dll
0x0000000069d90000 - 0x000000006a5ea000 	C:\Program Files\Java\jdk1.8.0_31\jre\bin\server\jvm.dll
0x00007ffdb1620000 - 0x00007ffdb1629000 	C:\WINDOWS\SYSTEM32\WSOCK32.dll
0x00007ffdc6ee0000 - 0x00007ffdc6f02000 	C:\WINDOWS\SYSTEM32\WINMM.dll
0x00007ffdcb970000 - 0x00007ffdcb977000 	C:\WINDOWS\system32\PSAPI.DLL
0x00007ffdc9710000 - 0x00007ffdc976a000 	C:\WINDOWS\system32\WS2_32.dll
0x00007ffdc6c30000 - 0x00007ffdc6c5a000 	C:\WINDOWS\SYSTEM32\WINMMBASE.dll
0x00007ffdcbfc0000 - 0x00007ffdcbfc9000 	C:\WINDOWS\system32\NSI.dll
0x00007ffdc9580000 - 0x00007ffdc95cf000 	C:\WINDOWS\SYSTEM32\cfgmgr32.dll
0x00007ffdc7fd0000 - 0x00007ffdc7ff8000 	C:\WINDOWS\SYSTEM32\DEVOBJ.dll
0x000000006b0d0000 - 0x000000006b0df000 	C:\Program Files\Java\jdk1.8.0_31\jre\bin\verify.dll
0x000000006b0a0000 - 0x000000006b0c8000 	C:\Program Files\Java\jdk1.8.0_31\jre\bin\java.dll
0x000000006b080000 - 0x000000006b096000 	C:\Program Files\Java\jdk1.8.0_31\jre\bin\zip.dll
0x00007ffdc1910000 - 0x00007ffdc1a99000 	C:\WINDOWS\SYSTEM32\dbghelp.dll

VM Arguments:
jvm_args: -Djava.awt.headless=true -Xmx1024M -Dfile.encoding=windows-1252 -Duser.country=US -Duser.language=en -Duser.variant 
java_command: com.android.dx.command.Main --dex --force-jumbo --num-threads=4 --multi-dex --output C:\Users\eslam\AndroidStudioProjects\Popular-Movies\app\build\intermediates\transforms\dex\debug\folders\1000\10\com.android.support-appcompat-v7-24.0.0_12ef91394f7576c0e47a5a1f8dc3e98796221ff2 C:\Users\eslam\AndroidStudioProjects\Popular-Movies\app\build\intermediates\exploded-aar\com.android.support\appcompat-v7\24.0.0\jars\classes.jar
java_class_path (initial): F:\android-strudio-windows\sdk\sdk\build-tools\24.0.0\lib\dx.jar
Launcher Type: SUN_STANDARD

Environment Variables:
JAVA_HOME=C:\Program Files\Java\jdk1.8.0_31
PATH=E:\scala\activator-1.3.2-minimal;C:\sqlite;C:\Users\eslam\AppData\Roaming\npm;C:\Program Files\Git\cmd;C:\Program Files (x86)\Microsoft SQL Server\Client SDK\ODBC\110\Tools\Binn\;C:\Program Files (x86)\Microsoft SQL Server\120\Tools\Binn\ManagementStudio\;C:\Program Files (x86)\Microsoft SQL Server\120\Tools\Binn\;C:\Program Files (x86)\Microsoft SQL Server\120\DTS\Binn\;C:\sqlite;C:\Program Files (x86)\Brackets\command;C:\Program Files\nodejs\;C:\Program Files\Java\jre7\bin;C:\Users\eslam\AppData\Roaming\npm
USERNAME=eslam
OS=Windows_NT
PROCESSOR_IDENTIFIER=Intel64 Family 6 Model 58 Stepping 9, GenuineIntel



---------------  S Y S T E M  ---------------

OS: Windows 8.1 , 64 bit Build 9600 

CPU:total 4 (2 cores per cpu, 2 threads per core) family 6 model 58 stepping 9, cmov, cx8, fxsr, mmx, sse, sse2, sse3, ssse3, sse4.1, sse4.2, popcnt, avx, aes, clmul, erms, ht, tsc, tscinvbit, tscinv

Memory: 4k page, physical 6241508k(511520k free), swap 9387236k(5112k free)

vm_info: Java HotSpot(TM) 64-Bit Server VM (25.31-b07) for windows-amd64 JRE (1.8.0_31-b13), built on Dec 17 2014 21:00:28 by "java_re" with MS VC++ 10.0 (VS2010)

time: Wed Sep 21 23:11:05 2016
elapsed time: 2 seconds (0d 0h 0m 2s)

