#
# There is insufficient memory for the Java Runtime Environment to continue.
# Native memory allocation (malloc) failed to allocate 361136 bytes for Chunk::new
# Possible reasons:
#   The system is out of physical RAM or swap space
#   In 32 bit mode, the process size limit was hit
# Possible solutions:
#   Reduce memory load on the system
#   Increase physical memory or swap space
#   Check if swap backing store is full
#   Use 64 bit Java on a 64 bit OS
#   Decrease Java heap size (-Xmx/-Xms)
#   Decrease number of Java threads
#   Decrease Java thread stack sizes (-Xss)
#   Set larger code cache with -XX:ReservedCodeCacheSize=
# This output file may be truncated or incomplete.
#
#  Out of Memory Error (allocation.cpp:390), pid=3856, tid=8540
#
# JRE version: Java(TM) SE Runtime Environment (8.0_31-b13) (build 1.8.0_31-b13)
# Java VM: Java HotSpot(TM) 64-Bit Server VM (25.31-b07 mixed mode windows-amd64 compressed oops)
# Failed to write core dump. Minidumps are not enabled by default on client versions of Windows
#

---------------  T H R E A D  ---------------

Current thread (0x0000000014fcf000):  JavaThread "C2 CompilerThread1" daemon [_thread_in_native, id=8540, stack(0x0000000016630000,0x0000000016730000)]

Stack: [0x0000000016630000,0x0000000016730000]
Native frames: (J=compiled Java code, j=interpreted, Vv=VM code, C=native code)
V  [jvm.dll+0x3169ba]


Current CompileTask:
C2:   2671  855   !   4       com.android.dx.rop.code.RegisterSpec::intern (70 bytes)


---------------  P R O C E S S  ---------------

Java Threads: ( => current thread )
  0x0000000016ad0800 JavaThread "pool-3-thread-1" [_thread_blocked, id=15048, stack(0x0000000016f30000,0x0000000017030000)]
  0x0000000016ace000 JavaThread "pool-2-thread-1" [_thread_in_vm, id=10276, stack(0x0000000016e30000,0x0000000016f30000)]
  0x0000000016834800 JavaThread "Service Thread" daemon [_thread_blocked, id=12416, stack(0x0000000016c30000,0x0000000016d30000)]
  0x0000000015023800 JavaThread "C1 CompilerThread2" daemon [_thread_in_native, id=11944, stack(0x0000000016730000,0x0000000016830000)]
=>0x0000000014fcf000 JavaThread "C2 CompilerThread1" daemon [_thread_in_native, id=8540, stack(0x0000000016630000,0x0000000016730000)]
  0x0000000014fcc000 JavaThread "C2 CompilerThread0" daemon [_thread_blocked, id=4040, stack(0x0000000016530000,0x0000000016630000)]
  0x0000000014fc9800 JavaThread "Attach Listener" daemon [_thread_blocked, id=16820, stack(0x0000000016430000,0x0000000016530000)]
  0x0000000014fc8800 JavaThread "Signal Dispatcher" daemon [_thread_blocked, id=12892, stack(0x0000000016330000,0x0000000016430000)]
  0x00000000028ef000 JavaThread "Finalizer" daemon [_thread_blocked, id=11780, stack(0x0000000016230000,0x0000000016330000)]
  0x00000000028ec000 JavaThread "Reference Handler" daemon [_thread_blocked, id=16292, stack(0x0000000016130000,0x0000000016230000)]
  0x0000000002800800 JavaThread "main" [_thread_blocked, id=9528, stack(0x0000000002700000,0x0000000002800000)]

Other Threads:
  0x0000000014f95800 VMThread [stack: 0x0000000016030000,0x0000000016130000] [id=18544]
  0x0000000016836800 WatcherThread [stack: 0x0000000016d30000,0x0000000016e30000] [id=14472]

VM state:not at safepoint (normal execution)

VM Mutex/Monitor currently owned by a thread: None

Heap:
 PSYoungGen      total 28672K, used 14064K [0x00000000eab00000, 0x00000000ecb00000, 0x0000000100000000)
  eden space 24576K, 57% used [0x00000000eab00000,0x00000000eb8bc328,0x00000000ec300000)
  from space 4096K, 0% used [0x00000000ec700000,0x00000000ec700000,0x00000000ecb00000)
  to   space 4096K, 0% used [0x00000000ec300000,0x00000000ec300000,0x00000000ec700000)
 ParOldGen       total 65536K, used 0K [0x00000000c0000000, 0x00000000c4000000, 0x00000000eab00000)
  object space 65536K, 0% used [0x00000000c0000000,0x00000000c0000000,0x00000000c4000000)
 Metaspace       used 5736K, capacity 6768K, committed 7040K, reserved 1056768K
  class space    used 590K, capacity 616K, committed 640K, reserved 1048576K

Card table byte_map: [0x0000000011cc0000,0x0000000011ed0000] byte_map_base: 0x00000000116c0000

Marking Bits: (ParMarkBitMap*) 0x000000006a56d4f0
 Begin Bits: [0x0000000012430000, 0x0000000013430000)
 End Bits:   [0x0000000013430000, 0x0000000014430000)

Polling page: 0x0000000000e50000

CodeCache: size=245760Kb used=3598Kb max_used=3609Kb free=242162Kb
 bounds [0x0000000002900000, 0x0000000002c90000, 0x0000000011900000]
 total_blobs=1136 nmethods=872 adapters=178
 compilation: enabled

Compilation events (10 events):
Event: 2.663 Thread 0x0000000015023800  865       3       com.android.dx.rop.code.Insn$BaseVisitor::visitThrowingCstInsn (1 bytes)
Event: 2.663 Thread 0x0000000015023800 nmethod 865 0x0000000002c74010 code [0x0000000002c74160, 0x0000000002c742b0]
Event: 2.663 Thread 0x0000000015023800  866       3       com.android.dx.rop.code.BasicBlockList::forEachInsn (39 bytes)
Event: 2.663 Thread 0x0000000015023800 nmethod 866 0x0000000002c81750 code [0x0000000002c81940, 0x0000000002c82528]
Event: 2.663 Thread 0x0000000015023800  867       3       com.android.dx.dex.code.RopTranslator$LocalVariableAwareTranslationVisitor::visitThrowingCstInsn (11 bytes)
Event: 2.664 Thread 0x0000000015023800 nmethod 867 0x0000000002c82a10 code [0x0000000002c82c20, 0x0000000002c83778]
Event: 2.665 Thread 0x0000000014fcc000  868       4       com.android.dx.rop.code.RegisterSpecList::<init> (6 bytes)
Event: 2.665 Thread 0x0000000015023800  869       3       com.android.dx.cf.code.OneLocalsArray::get (20 bytes)
Event: 2.666 Thread 0x0000000015023800 nmethod 869 0x0000000002c7d690 code [0x0000000002c7d800, 0x0000000002c7da08]
Event: 2.666 Thread 0x0000000015023800  870       3       com.android.dx.rop.code.RegisterSpec::withSimpleType (59 bytes)

GC Heap History (0 events):
No events

Deoptimization events (0 events):
No events

Internal exceptions (10 events):
Event: 1.699 Thread 0x0000000016ace000 Exception <a 'java/security/PrivilegedActionException'> (0x00000000eb5621a8) thrown at [C:\workspace\8-2-build-windows-amd64-cygwin\jdk8u31\2394\hotspot\src\share\vm\prims\jvm.cpp, line 1312]
Event: 1.699 Thread 0x0000000016ace000 Exception <a 'java/security/PrivilegedActionException'> (0x00000000eb5667e0) thrown at [C:\workspace\8-2-build-windows-amd64-cygwin\jdk8u31\2394\hotspot\src\share\vm\prims\jvm.cpp, line 1312]
Event: 1.700 Thread 0x0000000016ace000 Exception <a 'java/security/PrivilegedActionException'> (0x00000000eb56c190) thrown at [C:\workspace\8-2-build-windows-amd64-cygwin\jdk8u31\2394\hotspot\src\share\vm\prims\jvm.cpp, line 1312]
Event: 1.701 Thread 0x0000000016ace000 Exception <a 'java/security/PrivilegedActionException'> (0x00000000eb574b80) thrown at [C:\workspace\8-2-build-windows-amd64-cygwin\jdk8u31\2394\hotspot\src\share\vm\prims\jvm.cpp, line 1312]
Event: 1.704 Thread 0x0000000016ace000 Exception <a 'java/security/PrivilegedActionException'> (0x00000000eb57a170) thrown at [C:\workspace\8-2-build-windows-amd64-cygwin\jdk8u31\2394\hotspot\src\share\vm\prims\jvm.cpp, line 1312]
Event: 1.718 Thread 0x0000000016ace000 Exception <a 'java/security/PrivilegedActionException'> (0x00000000eb585ec8) thrown at [C:\workspace\8-2-build-windows-amd64-cygwin\jdk8u31\2394\hotspot\src\share\vm\prims\jvm.cpp, line 1312]
Event: 1.718 Thread 0x0000000016ace000 Exception <a 'java/security/PrivilegedActionException'> (0x00000000eb58b828) thrown at [C:\workspace\8-2-build-windows-amd64-cygwin\jdk8u31\2394\hotspot\src\share\vm\prims\jvm.cpp, line 1312]
Event: 1.719 Thread 0x0000000016ace000 Exception <a 'java/security/PrivilegedActionException'> (0x00000000eb590f18) thrown at [C:\workspace\8-2-build-windows-amd64-cygwin\jdk8u31\2394\hotspot\src\share\vm\prims\jvm.cpp, line 1312]
Event: 1.737 Thread 0x0000000016ace000 Exception <a 'java/security/PrivilegedActionException'> (0x00000000eb5ceb00) thrown at [C:\workspace\8-2-build-windows-amd64-cygwin\jdk8u31\2394\hotspot\src\share\vm\prims\jvm.cpp, line 1312]
Event: 1.941 Thread 0x0000000016ace000 Exception <a 'java/security/PrivilegedActionException'> (0x00000000eb63b330) thrown at [C:\workspace\8-2-build-windows-amd64-cygwin\jdk8u31\2394\hotspot\src\share\vm\prims\jvm.cpp, line 1312]

Events (10 events):
Event: 1.740 loading class java/util/HashMap$ValueIterator
Event: 1.740 loading class java/util/HashMap$ValueIterator done
Event: 1.746 Thread 0x0000000016ad3800 Thread exited: 0x0000000016ad3800
Event: 1.935 loading class java/util/DualPivotQuicksort
Event: 1.935 loading class java/util/DualPivotQuicksort done
Event: 1.939 Thread 0x0000000016ad1800 Thread exited: 0x0000000016ad1800
Event: 1.941 loading class com/android/dx/dex/file/MethodAnnotationStruct
Event: 1.941 loading class com/android/dx/dex/file/MethodAnnotationStruct done
Event: 2.112 loading class java/util/ArrayList$1
Event: 2.113 loading class java/util/ArrayList$1 done


Dynamic libraries:
0x00007ff7f4420000 - 0x00007ff7f4454000 	C:\Program Files\Java\jdk1.8.0_31\bin\java.exe
0x00007ffdcc080000 - 0x00007ffdcc22d000 	C:\WINDOWS\SYSTEM32\ntdll.dll
0x00007ffdc9ef0000 - 0x00007ffdca02e000 	C:\WINDOWS\system32\KERNEL32.DLL
0x00007ffdc9460000 - 0x00007ffdc9575000 	C:\WINDOWS\system32\KERNELBASE.dll
0x00007ffdc7d80000 - 0x00007ffdc7e0e000 	C:\WINDOWS\system32\apphelp.dll
0x00007ffdbcc80000 - 0x00007ffdbccd3000 	C:\WINDOWS\AppPatch\AppPatch64\AcGenral.DLL
0x00007ffdcbfd0000 - 0x00007ffdcc07a000 	C:\WINDOWS\system32\msvcrt.dll
0x00007ffdc9680000 - 0x00007ffdc96ae000 	C:\WINDOWS\system32\SspiCli.dll
0x00007ffdcbad0000 - 0x00007ffdcbb24000 	C:\WINDOWS\system32\SHLWAPI.dll
0x00007ffdca040000 - 0x00007ffdca1b7000 	C:\WINDOWS\system32\USER32.dll
0x00007ffdc9a50000 - 0x00007ffdc9be4000 	C:\WINDOWS\system32\ole32.dll
0x00007ffdca440000 - 0x00007ffdcb969000 	C:\WINDOWS\system32\SHELL32.dll
0x00007ffdc8780000 - 0x00007ffdc87a1000 	C:\WINDOWS\SYSTEM32\USERENV.dll
0x00007ffdc9c60000 - 0x00007ffdc9d0a000 	C:\WINDOWS\system32\ADVAPI32.dll
0x00007ffdc1b40000 - 0x00007ffdc1b5e000 	C:\WINDOWS\SYSTEM32\MPR.dll
0x00007ffdca300000 - 0x00007ffdca440000 	C:\WINDOWS\system32\RPCRT4.dll
0x00007ffdc9770000 - 0x00007ffdc97c9000 	C:\WINDOWS\SYSTEM32\sechost.dll
0x00007ffdcbbf0000 - 0x00007ffdcbe01000 	C:\WINDOWS\SYSTEM32\combase.dll
0x00007ffdcb980000 - 0x00007ffdcbacf000 	C:\WINDOWS\system32\GDI32.dll
0x00007ffdc91b0000 - 0x00007ffdc91c5000 	C:\WINDOWS\SYSTEM32\profapi.dll
0x00007ffdc7700000 - 0x00007ffdc77b2000 	C:\WINDOWS\SYSTEM32\SHCORE.dll
0x00007ffdc97d0000 - 0x00007ffdc9806000 	C:\WINDOWS\system32\IMM32.DLL
0x00007ffdc98f0000 - 0x00007ffdc9a42000 	C:\WINDOWS\system32\MSCTF.dll
0x00007ffdc6c60000 - 0x00007ffdc6edb000 	C:\WINDOWS\WinSxS\amd64_microsoft.windows.common-controls_6595b64144ccf1df_6.0.9600.18006_none_623f33d3ecbe86e8\COMCTL32.dll
0x0000000067c70000 - 0x0000000067d42000 	C:\Program Files\Java\jdk1.8.0_31\jre\bin\msvcr100.dll
0x0000000069d90000 - 0x000000006a5ea000 	C:\Program Files\Java\jdk1.8.0_31\jre\bin\server\jvm.dll
0x00007ffdb1620000 - 0x00007ffdb1629000 	C:\WINDOWS\SYSTEM32\WSOCK32.dll
0x00007ffdc6ee0000 - 0x00007ffdc6f02000 	C:\WINDOWS\SYSTEM32\WINMM.dll
0x00007ffdcb970000 - 0x00007ffdcb977000 	C:\WINDOWS\system32\PSAPI.DLL
0x00007ffdc9710000 - 0x00007ffdc976a000 	C:\WINDOWS\system32\WS2_32.dll
0x00007ffdc6c30000 - 0x00007ffdc6c5a000 	C:\WINDOWS\SYSTEM32\WINMMBASE.dll
0x00007ffdcbfc0000 - 0x00007ffdcbfc9000 	C:\WINDOWS\system32\NSI.dll
0x00007ffdc9580000 - 0x00007ffdc95cf000 	C:\WINDOWS\SYSTEM32\cfgmgr32.dll
0x00007ffdc7fd0000 - 0x00007ffdc7ff8000 	C:\WINDOWS\SYSTEM32\DEVOBJ.dll
0x000000006b0d0000 - 0x000000006b0df000 	C:\Program Files\Java\jdk1.8.0_31\jre\bin\verify.dll
0x000000006b0a0000 - 0x000000006b0c8000 	C:\Program Files\Java\jdk1.8.0_31\jre\bin\java.dll
0x000000006b080000 - 0x000000006b096000 	C:\Program Files\Java\jdk1.8.0_31\jre\bin\zip.dll
0x00007ffdc1910000 - 0x00007ffdc1a99000 	C:\WINDOWS\SYSTEM32\dbghelp.dll

VM Arguments:
jvm_args: -Djava.awt.headless=true -Xmx1024M -Dfile.encoding=windows-1252 -Duser.country=US -Duser.language=en -Duser.variant 
java_command: com.android.dx.command.Main --dex --force-jumbo --num-threads=4 --multi-dex --output C:\Users\eslam\AndroidStudioProjects\Popular-Movies\app\build\intermediates\transforms\dex\debug\folders\1000\10\com.android.support-animated-vector-drawable-24.0.0_5bb6929423dee1af7db40132dffee3f4acb54774 C:\Users\eslam\AndroidStudioProjects\Popular-Movies\app\build\intermediates\exploded-aar\com.android.support\animated-vector-drawable\24.0.0\jars\classes.jar
java_class_path (initial): F:\android-strudio-windows\sdk\sdk\build-tools\24.0.0\lib\dx.jar
Launcher Type: SUN_STANDARD

Environment Variables:
JAVA_HOME=C:\Program Files\Java\jdk1.8.0_31
PATH=E:\scala\activator-1.3.2-minimal;C:\sqlite;C:\Users\eslam\AppData\Roaming\npm;C:\Program Files\Git\cmd;C:\Program Files (x86)\Microsoft SQL Server\Client SDK\ODBC\110\Tools\Binn\;C:\Program Files (x86)\Microsoft SQL Server\120\Tools\Binn\ManagementStudio\;C:\Program Files (x86)\Microsoft SQL Server\120\Tools\Binn\;C:\Program Files (x86)\Microsoft SQL Server\120\DTS\Binn\;C:\sqlite;C:\Program Files (x86)\Brackets\command;C:\Program Files\nodejs\;C:\Program Files\Java\jre7\bin;C:\Users\eslam\AppData\Roaming\npm
USERNAME=eslam
OS=Windows_NT
PROCESSOR_IDENTIFIER=Intel64 Family 6 Model 58 Stepping 9, GenuineIntel



---------------  S Y S T E M  ---------------

OS: Windows 8.1 , 64 bit Build 9600 

CPU:total 4 (2 cores per cpu, 2 threads per core) family 6 model 58 stepping 9, cmov, cx8, fxsr, mmx, sse, sse2, sse3, ssse3, sse4.1, sse4.2, popcnt, avx, aes, clmul, erms, ht, tsc, tscinvbit, tscinv

Memory: 4k page, physical 6241508k(435180k free), swap 9387236k(5116k free)

vm_info: Java HotSpot(TM) 64-Bit Server VM (25.31-b07) for windows-amd64 JRE (1.8.0_31-b13), built on Dec 17 2014 21:00:28 by "java_re" with MS VC++ 10.0 (VS2010)

time: Wed Sep 21 23:12:14 2016
elapsed time: 2 seconds (0d 0h 0m 2s)

