#
# There is insufficient memory for the Java Runtime Environment to continue.
# Native memory allocation (malloc) failed to allocate 60096 bytes for Chunk::new
# Possible reasons:
#   The system is out of physical RAM or swap space
#   In 32 bit mode, the process size limit was hit
# Possible solutions:
#   Reduce memory load on the system
#   Increase physical memory or swap space
#   Check if swap backing store is full
#   Use 64 bit Java on a 64 bit OS
#   Decrease Java heap size (-Xmx/-Xms)
#   Decrease number of Java threads
#   Decrease Java thread stack sizes (-Xss)
#   Set larger code cache with -XX:ReservedCodeCacheSize=
# This output file may be truncated or incomplete.
#
#  Out of Memory Error (allocation.cpp:390), pid=14020, tid=11444
#
# JRE version: Java(TM) SE Runtime Environment (8.0_31-b13) (build 1.8.0_31-b13)
# Java VM: Java HotSpot(TM) 64-Bit Server VM (25.31-b07 mixed mode windows-amd64 compressed oops)
# Failed to write core dump. Minidumps are not enabled by default on client versions of Windows
#

---------------  T H R E A D  ---------------

Current thread (0x0000000014f6b000):  JavaThread "C2 CompilerThread0" daemon [_thread_in_native, id=11444, stack(0x00000000164c0000,0x00000000165c0000)]

Stack: [0x00000000164c0000,0x00000000165c0000]
Native frames: (J=compiled Java code, j=interpreted, Vv=VM code, C=native code)
V  [jvm.dll+0x3169ba]


Current CompileTask:
C2:    721  439       4       sun.misc.MetaIndex::mayContain (51 bytes)


---------------  P R O C E S S  ---------------

Java Threads: ( => current thread )
  0x0000000016bf4000 JavaThread "pool-2-thread-4" [_thread_blocked, id=10564, stack(0x00000000171c0000,0x00000000172c0000)]
  0x0000000016b7e800 JavaThread "pool-2-thread-3" [_thread_blocked, id=11176, stack(0x00000000170c0000,0x00000000171c0000)]
  0x0000000016b7c000 JavaThread "pool-2-thread-2" [_thread_blocked, id=9936, stack(0x0000000016fc0000,0x00000000170c0000)]
  0x0000000016b74000 JavaThread "pool-3-thread-1" [_thread_blocked, id=7620, stack(0x0000000016ec0000,0x0000000016fc0000)]
  0x0000000016b73000 JavaThread "pool-2-thread-1" [_thread_blocked, id=14048, stack(0x0000000016dc0000,0x0000000016ec0000)]
  0x0000000014fcb800 JavaThread "Service Thread" daemon [_thread_blocked, id=1104, stack(0x00000000167c0000,0x00000000168c0000)]
  0x0000000014fc3800 JavaThread "C1 CompilerThread2" daemon [_thread_blocked, id=10316, stack(0x00000000166c0000,0x00000000167c0000)]
  0x0000000014fbd800 JavaThread "C2 CompilerThread1" daemon [_thread_blocked, id=516, stack(0x00000000165c0000,0x00000000166c0000)]
=>0x0000000014f6b000 JavaThread "C2 CompilerThread0" daemon [_thread_in_native, id=11444, stack(0x00000000164c0000,0x00000000165c0000)]
  0x0000000014f68800 JavaThread "Attach Listener" daemon [_thread_blocked, id=6888, stack(0x00000000163c0000,0x00000000164c0000)]
  0x0000000014f68000 JavaThread "Signal Dispatcher" daemon [_thread_blocked, id=9064, stack(0x00000000162c0000,0x00000000163c0000)]
  0x0000000002894800 JavaThread "Finalizer" daemon [_thread_blocked, id=8972, stack(0x00000000161c0000,0x00000000162c0000)]
  0x000000000288c000 JavaThread "Reference Handler" daemon [_thread_blocked, id=7228, stack(0x00000000160c0000,0x00000000161c0000)]
  0x00000000027a0800 JavaThread "main" [_thread_in_vm, id=3456, stack(0x0000000002670000,0x0000000002770000)]

Other Threads:
  0x0000000014f35800 VMThread [stack: 0x0000000015fc0000,0x00000000160c0000] [id=10408]
  0x0000000014fce800 WatcherThread [stack: 0x00000000168c0000,0x00000000169c0000] [id=13244]

VM state:not at safepoint (normal execution)

VM Mutex/Monitor currently owned by a thread: None

Heap:
 PSYoungGen      total 28672K, used 12117K [0x00000000eab00000, 0x00000000ecb00000, 0x0000000100000000)
  eden space 24576K, 49% used [0x00000000eab00000,0x00000000eb6d56e0,0x00000000ec300000)
  from space 4096K, 0% used [0x00000000ec700000,0x00000000ec700000,0x00000000ecb00000)
  to   space 4096K, 0% used [0x00000000ec300000,0x00000000ec300000,0x00000000ec700000)
 ParOldGen       total 65536K, used 0K [0x00000000c0000000, 0x00000000c4000000, 0x00000000eab00000)
  object space 65536K, 0% used [0x00000000c0000000,0x00000000c0000000,0x00000000c4000000)
 Metaspace       used 5268K, capacity 6384K, committed 6528K, reserved 1056768K
  class space    used 574K, capacity 616K, committed 640K, reserved 1048576K

Card table byte_map: [0x0000000011c60000,0x0000000011e70000] byte_map_base: 0x0000000011660000

Marking Bits: (ParMarkBitMap*) 0x000000007375d4f0
 Begin Bits: [0x00000000123d0000, 0x00000000133d0000)
 End Bits:   [0x00000000133d0000, 0x00000000143d0000)

Polling page: 0x0000000000cc0000

CodeCache: size=245760Kb used=2048Kb max_used=2048Kb free=243711Kb
 bounds [0x00000000028a0000, 0x0000000002b10000, 0x00000000118a0000]
 total_blobs=757 nmethods=493 adapters=178
 compilation: enabled

Compilation events (10 events):
Event: 0.679 Thread 0x0000000014fc3800 nmethod 438 0x0000000002a84310 code [0x0000000002a84480, 0x0000000002a84710]
Event: 0.680 Thread 0x0000000014f6b000  439       4       sun.misc.MetaIndex::mayContain (51 bytes)
Event: 0.680 Thread 0x0000000014fc3800  440   !   3       java.util.zip.ZipFile::getEntry (86 bytes)
Event: 0.680 Thread 0x0000000014fc3800 nmethod 440 0x0000000002a84810 code [0x0000000002a849e0, 0x0000000002a85018]
Event: 0.680 Thread 0x0000000014fc3800  441       3       java.util.zip.ZipEntry::<init> (146 bytes)
Event: 0.681 Thread 0x0000000014fc3800 nmethod 441 0x0000000002a852d0 code [0x0000000002a85440, 0x0000000002a85848]
Event: 0.681 Thread 0x0000000014fc3800  442   !   3       sun.misc.URLClassPath$JarLoader::checkResource (55 bytes)
Event: 0.681 Thread 0x0000000014fc3800 nmethod 442 0x0000000002a859d0 code [0x0000000002a85b80, 0x0000000002a861e8]
Event: 0.681 Thread 0x0000000014fc3800  443       1       com.android.dx.rop.code.Rop::isCallLike (5 bytes)
Event: 0.681 Thread 0x0000000014fc3800 nmethod 443 0x0000000002a86550 code [0x0000000002a866a0, 0x0000000002a867b0]

GC Heap History (0 events):
No events

Deoptimization events (0 events):
No events

Internal exceptions (10 events):
Event: 0.673 Thread 0x0000000016b7c000 Exception <a 'java/security/PrivilegedActionException'> (0x00000000eb377980) thrown at [C:\workspace\8-2-build-windows-amd64-cygwin\jdk8u31\2394\hotspot\src\share\vm\prims\jvm.cpp, line 1312]
Event: 0.674 Thread 0x0000000016b7c000 Exception <a 'java/security/PrivilegedActionException'> (0x00000000eb3899a0) thrown at [C:\workspace\8-2-build-windows-amd64-cygwin\jdk8u31\2394\hotspot\src\share\vm\prims\jvm.cpp, line 1312]
Event: 0.675 Thread 0x0000000016b7c000 Exception <a 'java/security/PrivilegedActionException'> (0x00000000eb38cc48) thrown at [C:\workspace\8-2-build-windows-amd64-cygwin\jdk8u31\2394\hotspot\src\share\vm\prims\jvm.cpp, line 1312]
Event: 0.676 Thread 0x0000000016b73000 Exception <a 'java/security/PrivilegedActionException'> (0x00000000eb22de20) thrown at [C:\workspace\8-2-build-windows-amd64-cygwin\jdk8u31\2394\hotspot\src\share\vm\prims\jvm.cpp, line 1312]
Event: 0.676 Thread 0x0000000016b7e800 Exception <a 'java/security/PrivilegedActionException'> (0x00000000eb3e99c8) thrown at [C:\workspace\8-2-build-windows-amd64-cygwin\jdk8u31\2394\hotspot\src\share\vm\prims\jvm.cpp, line 1312]
Event: 0.677 Thread 0x0000000016b7e800 Exception <a 'java/security/PrivilegedActionException'> (0x00000000eb3ec938) thrown at [C:\workspace\8-2-build-windows-amd64-cygwin\jdk8u31\2394\hotspot\src\share\vm\prims\jvm.cpp, line 1312]
Event: 0.679 Thread 0x0000000016b7e800 Exception <a 'java/security/PrivilegedActionException'> (0x00000000eb3ef540) thrown at [C:\workspace\8-2-build-windows-amd64-cygwin\jdk8u31\2394\hotspot\src\share\vm\prims\jvm.cpp, line 1312]
Event: 0.680 Thread 0x0000000016b7e800 Exception <a 'java/security/PrivilegedActionException'> (0x00000000eb3f2e10) thrown at [C:\workspace\8-2-build-windows-amd64-cygwin\jdk8u31\2394\hotspot\src\share\vm\prims\jvm.cpp, line 1312]
Event: 0.681 Thread 0x0000000016b7e800 Exception <a 'java/security/PrivilegedActionException'> (0x00000000eb3f7a10) thrown at [C:\workspace\8-2-build-windows-amd64-cygwin\jdk8u31\2394\hotspot\src\share\vm\prims\jvm.cpp, line 1312]
Event: 0.681 Thread 0x0000000016b7e800 Exception <a 'java/security/PrivilegedActionException'> (0x00000000eb3faed8) thrown at [C:\workspace\8-2-build-windows-amd64-cygwin\jdk8u31\2394\hotspot\src\share\vm\prims\jvm.cpp, line 1312]

Events (10 events):
Event: 0.678 loading class java/util/ArrayList$SubList
Event: 0.678 loading class java/util/ArrayList$SubList done
Event: 0.678 loading class com/android/dx/ssa/InterferenceRegisterMapper
Event: 0.679 loading class com/android/dx/ssa/InterferenceRegisterMapper done
Event: 0.680 loading class com/android/dx/ssa/back/FirstFitLocalCombiningAllocator$1
Event: 0.680 loading class com/android/dx/ssa/back/FirstFitLocalCombiningAllocator$1 done
Event: 0.681 loading class com/android/dx/ssa/back/FirstFitLocalCombiningAllocator$Alignment
Event: 0.681 loading class com/android/dx/ssa/back/FirstFitLocalCombiningAllocator$Alignment done
Event: 0.681 loading class com/android/dx/ssa/back/FirstFitLocalCombiningAllocator$Alignment$1
Event: 0.681 loading class com/android/dx/ssa/back/FirstFitLocalCombiningAllocator$Alignment$1 done


Dynamic libraries:
0x00007ff6cb960000 - 0x00007ff6cb994000 	C:\Program Files\Java\jdk1.8.0_31\bin\java.exe
0x00007ffd332f0000 - 0x00007ffd3349d000 	C:\WINDOWS\SYSTEM32\ntdll.dll
0x00007ffd32330000 - 0x00007ffd3246e000 	C:\WINDOWS\system32\KERNEL32.DLL
0x00007ffd30800000 - 0x00007ffd30915000 	C:\WINDOWS\system32\KERNELBASE.dll
0x00007ffd2eff0000 - 0x00007ffd2f07e000 	C:\WINDOWS\system32\apphelp.dll
0x00007ffd199b0000 - 0x00007ffd19a03000 	C:\WINDOWS\AppPatch\AppPatch64\AcGenral.DLL
0x00007ffd33240000 - 0x00007ffd332ea000 	C:\WINDOWS\system32\msvcrt.dll
0x00007ffd307d0000 - 0x00007ffd307fe000 	C:\WINDOWS\system32\SspiCli.dll
0x00007ffd322d0000 - 0x00007ffd32324000 	C:\WINDOWS\system32\SHLWAPI.dll
0x00007ffd32bc0000 - 0x00007ffd32d37000 	C:\WINDOWS\system32\USER32.dll
0x00007ffd30be0000 - 0x00007ffd30d74000 	C:\WINDOWS\system32\ole32.dll
0x00007ffd30d80000 - 0x00007ffd322a9000 	C:\WINDOWS\system32\SHELL32.dll
0x00007ffd2f9d0000 - 0x00007ffd2f9f1000 	C:\WINDOWS\SYSTEM32\USERENV.dll
0x00007ffd32aa0000 - 0x00007ffd32b4a000 	C:\WINDOWS\system32\ADVAPI32.dll
0x00007ffd28db0000 - 0x00007ffd28dce000 	C:\WINDOWS\SYSTEM32\MPR.dll
0x00007ffd32940000 - 0x00007ffd32a80000 	C:\WINDOWS\system32\RPCRT4.dll
0x00007ffd32fc0000 - 0x00007ffd33019000 	C:\WINDOWS\SYSTEM32\sechost.dll
0x00007ffd309c0000 - 0x00007ffd30bd1000 	C:\WINDOWS\SYSTEM32\combase.dll
0x00007ffd327f0000 - 0x00007ffd3293f000 	C:\WINDOWS\system32\GDI32.dll
0x00007ffd30420000 - 0x00007ffd30435000 	C:\WINDOWS\SYSTEM32\profapi.dll
0x00007ffd2e970000 - 0x00007ffd2ea22000 	C:\WINDOWS\SYSTEM32\SHCORE.dll
0x00007ffd30980000 - 0x00007ffd309b6000 	C:\WINDOWS\system32\IMM32.DLL
0x00007ffd33020000 - 0x00007ffd33172000 	C:\WINDOWS\system32\MSCTF.dll
0x00007ffd2db50000 - 0x00007ffd2ddcb000 	C:\WINDOWS\WinSxS\amd64_microsoft.windows.common-controls_6595b64144ccf1df_6.0.9600.18006_none_623f33d3ecbe86e8\COMCTL32.dll
0x0000000072af0000 - 0x0000000072bc2000 	C:\Program Files\Java\jdk1.8.0_31\jre\bin\msvcr100.dll
0x0000000072f80000 - 0x00000000737da000 	C:\Program Files\Java\jdk1.8.0_31\jre\bin\server\jvm.dll
0x00007ffd21fe0000 - 0x00007ffd21fe9000 	C:\WINDOWS\SYSTEM32\WSOCK32.dll
0x00007ffd2d810000 - 0x00007ffd2d832000 	C:\WINDOWS\SYSTEM32\WINMM.dll
0x00007ffd325a0000 - 0x00007ffd325a7000 	C:\WINDOWS\system32\PSAPI.DLL
0x00007ffd325b0000 - 0x00007ffd3260a000 	C:\WINDOWS\system32\WS2_32.dll
0x00007ffd2d7e0000 - 0x00007ffd2d80a000 	C:\WINDOWS\SYSTEM32\WINMMBASE.dll
0x00007ffd322c0000 - 0x00007ffd322c9000 	C:\WINDOWS\system32\NSI.dll
0x00007ffd304f0000 - 0x00007ffd3053f000 	C:\WINDOWS\SYSTEM32\cfgmgr32.dll
0x00007ffd2f270000 - 0x00007ffd2f298000 	C:\WINDOWS\SYSTEM32\DEVOBJ.dll
0x0000000074680000 - 0x000000007468f000 	C:\Program Files\Java\jdk1.8.0_31\jre\bin\verify.dll
0x0000000072f50000 - 0x0000000072f78000 	C:\Program Files\Java\jdk1.8.0_31\jre\bin\java.dll
0x0000000074640000 - 0x0000000074656000 	C:\Program Files\Java\jdk1.8.0_31\jre\bin\zip.dll
0x00007ffd28b90000 - 0x00007ffd28d19000 	C:\WINDOWS\SYSTEM32\dbghelp.dll

VM Arguments:
jvm_args: -Djava.awt.headless=true -Xmx1024M -Dfile.encoding=windows-1252 -Duser.country=US -Duser.language=en -Duser.variant 
java_command: com.android.dx.command.Main --dex --force-jumbo --num-threads=4 --multi-dex --output C:\Users\eslam\AndroidStudioProjects\Popular-Movies\app\build\intermediates\transforms\dex\debug\folders\1000\10\picasso-2.5.2_0c0a85d291aad5eee2a794ffc3eb8acec63a3d86 C:\Users\eslam\.gradle\caches\modules-2\files-2.1\com.squareup.picasso\picasso\2.5.2\7446d06ec8d4f7ffcc53f1da37c95f200dcb9387\picasso-2.5.2.jar
java_class_path (initial): F:\android-strudio-windows\sdk\sdk\build-tools\24.0.0\lib\dx.jar
Launcher Type: SUN_STANDARD

Environment Variables:
JAVA_HOME=C:\Program Files\Java\jdk1.8.0_31
PATH=E:\scala\activator-1.3.2-minimal;C:\sqlite;C:\Users\eslam\AppData\Roaming\npm;C:\Program Files\Git\cmd;C:\Program Files (x86)\Microsoft SQL Server\Client SDK\ODBC\110\Tools\Binn\;C:\Program Files (x86)\Microsoft SQL Server\120\Tools\Binn\ManagementStudio\;C:\Program Files (x86)\Microsoft SQL Server\120\Tools\Binn\;C:\Program Files (x86)\Microsoft SQL Server\120\DTS\Binn\;C:\sqlite;C:\Program Files (x86)\Brackets\command;C:\Program Files\nodejs\;C:\Program Files\Java\jre7\bin;C:\Users\eslam\AppData\Roaming\npm
USERNAME=eslam
OS=Windows_NT
PROCESSOR_IDENTIFIER=Intel64 Family 6 Model 58 Stepping 9, GenuineIntel



---------------  S Y S T E M  ---------------

OS: Windows 8.1 , 64 bit Build 9600 

CPU:total 4 (2 cores per cpu, 2 threads per core) family 6 model 58 stepping 9, cmov, cx8, fxsr, mmx, sse, sse2, sse3, ssse3, sse4.1, sse4.2, popcnt, avx, aes, clmul, erms, ht, tsc, tscinvbit, tscinv

Memory: 4k page, physical 6241508k(194828k free), swap 9387236k(5096k free)

vm_info: Java HotSpot(TM) 64-Bit Server VM (25.31-b07) for windows-amd64 JRE (1.8.0_31-b13), built on Dec 17 2014 21:00:28 by "java_re" with MS VC++ 10.0 (VS2010)

time: Sun Sep 18 01:10:40 2016
elapsed time: 0 seconds (0d 0h 0m 0s)

