#
# There is insufficient memory for the Java Runtime Environment to continue.
# Native memory allocation (malloc) failed to allocate 131088 bytes for Chunk::new
# Possible reasons:
#   The system is out of physical RAM or swap space
#   In 32 bit mode, the process size limit was hit
# Possible solutions:
#   Reduce memory load on the system
#   Increase physical memory or swap space
#   Check if swap backing store is full
#   Use 64 bit Java on a 64 bit OS
#   Decrease Java heap size (-Xmx/-Xms)
#   Decrease number of Java threads
#   Decrease Java thread stack sizes (-Xss)
#   Set larger code cache with -XX:ReservedCodeCacheSize=
# This output file may be truncated or incomplete.
#
#  Out of Memory Error (allocation.cpp:390), pid=9184, tid=9196
#
# JRE version: Java(TM) SE Runtime Environment (8.0_31-b13) (build 1.8.0_31-b13)
# Java VM: Java HotSpot(TM) 64-Bit Server VM (25.31-b07 mixed mode windows-amd64 compressed oops)
# Failed to write core dump. Minidumps are not enabled by default on client versions of Windows
#

---------------  T H R E A D  ---------------

Current thread (0x0000000014c7e000):  JavaThread "C2 CompilerThread1" daemon [_thread_in_native, id=9196, stack(0x0000000016280000,0x0000000016380000)]

Stack: [0x0000000016280000,0x0000000016380000]
Native frames: (J=compiled Java code, j=interpreted, Vv=VM code, C=native code)
V  [jvm.dll+0x3169ba]
V  [jvm.dll+0x2674c3]
V  [jvm.dll+0x268103]
V  [jvm.dll+0x25f8f5]
V  [jvm.dll+0xbf025]
V  [jvm.dll+0xbf4cc]
V  [jvm.dll+0xbf774]
V  [jvm.dll+0x4cfb00]
V  [jvm.dll+0x4c1b7c]
V  [jvm.dll+0x4519e1]
V  [jvm.dll+0x4541b8]
V  [jvm.dll+0x437c62]
V  [jvm.dll+0x988e2]
V  [jvm.dll+0x990d3]
V  [jvm.dll+0x22c194]
V  [jvm.dll+0x28576a]
C  [msvcr100.dll+0x21d9f]
C  [msvcr100.dll+0x21e3b]
C  [KERNEL32.DLL+0x13d2]
C  [ntdll.dll+0x154e4]


Current CompileTask:
C2:  10749 2383       4       com.android.dx.rop.code.RegisterSpec::withReg (23 bytes)


---------------  P R O C E S S  ---------------

Java Threads: ( => current thread )
  0x00000000169e1800 JavaThread "pool-1-thread-1" [_thread_in_Java, id=2500, stack(0x0000000017280000,0x0000000017380000)]
  0x0000000014c8b000 JavaThread "Service Thread" daemon [_thread_blocked, id=836, stack(0x0000000016480000,0x0000000016580000)]
  0x0000000014c84800 JavaThread "C1 CompilerThread2" daemon [_thread_blocked, id=3036, stack(0x0000000016380000,0x0000000016480000)]
=>0x0000000014c7e000 JavaThread "C2 CompilerThread1" daemon [_thread_in_native, id=9196, stack(0x0000000016280000,0x0000000016380000)]
  0x0000000014c2e000 JavaThread "C2 CompilerThread0" daemon [_thread_in_native, id=9036, stack(0x0000000016180000,0x0000000016280000)]
  0x0000000014c2b800 JavaThread "Attach Listener" daemon [_thread_blocked, id=7820, stack(0x0000000016080000,0x0000000016180000)]
  0x0000000014c2a800 JavaThread "Signal Dispatcher" daemon [_thread_blocked, id=8252, stack(0x0000000015f80000,0x0000000016080000)]
  0x0000000002555800 JavaThread "Finalizer" daemon [_thread_blocked, id=8976, stack(0x0000000015e80000,0x0000000015f80000)]
  0x000000000254d000 JavaThread "Reference Handler" daemon [_thread_blocked, id=7552, stack(0x0000000015d80000,0x0000000015e80000)]
  0x0000000002460800 JavaThread "main" [_thread_blocked, id=9128, stack(0x0000000002360000,0x0000000002460000)]

Other Threads:
  0x0000000014bf5800 VMThread [stack: 0x0000000015c80000,0x0000000015d80000] [id=6408]
  0x0000000014c8e000 WatcherThread [stack: 0x0000000016580000,0x0000000016680000] [id=5708]

VM state:not at safepoint (normal execution)

VM Mutex/Monitor currently owned by a thread: None

Heap:
 PSYoungGen      total 217600K, used 38246K [0x00000000eab00000, 0x0000000100000000, 0x0000000100000000)
  eden space 187904K, 5% used [0x00000000eab00000,0x00000000eb490650,0x00000000f6280000)
  from space 29696K, 95% used [0x00000000f6280000,0x00000000f7e49240,0x00000000f7f80000)
  to   space 34304K, 0% used [0x00000000fde80000,0x00000000fde80000,0x0000000100000000)
 ParOldGen       total 65536K, used 39140K [0x00000000c0000000, 0x00000000c4000000, 0x00000000eab00000)
  object space 65536K, 59% used [0x00000000c0000000,0x00000000c26390b8,0x00000000c4000000)
 Metaspace       used 7342K, capacity 7768K, committed 7936K, reserved 1056768K
  class space    used 677K, capacity 720K, committed 768K, reserved 1048576K

Card table byte_map: [0x0000000011920000,0x0000000011b30000] byte_map_base: 0x0000000011320000

Marking Bits: (ParMarkBitMap*) 0x000000007656d4f0
 Begin Bits: [0x0000000012090000, 0x0000000013090000)
 End Bits:   [0x0000000013090000, 0x0000000014090000)

Polling page: 0x0000000000a20000

CodeCache: size=245760Kb used=10976Kb max_used=10976Kb free=234783Kb
 bounds [0x0000000002560000, 0x0000000003020000, 0x0000000011560000]
 total_blobs=3032 nmethods=2752 adapters=192
 compilation: disabled (not enough contiguous free space left)

Compilation events (10 events):
Event: 8.692 Thread 0x0000000014c84800 2503       2       com.android.dx.dex.code.form.Form22t::branchFits (22 bytes)
Event: 8.692 Thread 0x0000000014c84800 nmethod 2503 0x0000000002ef5490 code [0x0000000002ef5600, 0x0000000002ef58d8]
Event: 8.703 Thread 0x0000000014c84800 2505       2       com.android.dx.dex.code.DalvInsn::expandedPrefix (64 bytes)
Event: 8.704 Thread 0x0000000014c84800 nmethod 2505 0x0000000002ef5a90 code [0x0000000002ef5c60, 0x0000000002ef6088]
Event: 8.704 Thread 0x0000000014c84800 2506       2       com.android.dx.dex.code.DalvInsn::expandedSuffix (40 bytes)
Event: 8.705 Thread 0x0000000014c84800 nmethod 2506 0x0000000002ef6450 code [0x0000000002ef65e0, 0x0000000002ef6898]
Event: 8.705 Thread 0x0000000014c84800 2507       2       com.android.dx.dex.code.DalvInsn::expandedVersion (20 bytes)
Event: 8.705 Thread 0x0000000014c84800 nmethod 2507 0x0000000002ef6ad0 code [0x0000000002ef6c40, 0x0000000002ef6df8]
Event: 8.710 Thread 0x0000000014c84800 2508       2       com.android.dx.rop.code.RegisterSpecList::subset (85 bytes)
Event: 8.711 Thread 0x0000000014c84800 nmethod 2508 0x0000000002ef6f10 code [0x0000000002ef70e0, 0x0000000002ef7728]

GC Heap History (10 events):
Event: 3.782 GC heap before
{Heap before GC invocations=4 (full 0):
 PSYoungGen      total 28672K, used 28648K [0x00000000eab00000, 0x00000000ee300000, 0x0000000100000000)
  eden space 24576K, 100% used [0x00000000eab00000,0x00000000ec300000,0x00000000ec300000)
  from space 4096K, 99% used [0x00000000ec300000,0x00000000ec6fa2b0,0x00000000ec700000)
  to   space 4096K, 0% used [0x00000000edf00000,0x00000000edf00000,0x00000000ee300000)
 ParOldGen       total 65536K, used 5672K [0x00000000c0000000, 0x00000000c4000000, 0x00000000eab00000)
  object space 65536K, 8% used [0x00000000c0000000,0x00000000c058a018,0x00000000c4000000)
 Metaspace       used 6321K, capacity 7094K, committed 7296K, reserved 1056768K
  class space    used 607K, capacity 622K, committed 640K, reserved 1048576K
Event: 3.810 GC heap after
Heap after GC invocations=4 (full 0):
 PSYoungGen      total 53248K, used 4072K [0x00000000eab00000, 0x00000000ee300000, 0x0000000100000000)
  eden space 49152K, 0% used [0x00000000eab00000,0x00000000eab00000,0x00000000edb00000)
  from space 4096K, 99% used [0x00000000edf00000,0x00000000ee2fa2d0,0x00000000ee300000)
  to   space 4096K, 0% used [0x00000000edb00000,0x00000000edb00000,0x00000000edf00000)
 ParOldGen       total 65536K, used 9704K [0x00000000c0000000, 0x00000000c4000000, 0x00000000eab00000)
  object space 65536K, 14% used [0x00000000c0000000,0x00000000c097a010,0x00000000c4000000)
 Metaspace       used 6321K, capacity 7094K, committed 7296K, reserved 1056768K
  class space    used 607K, capacity 622K, committed 640K, reserved 1048576K
}
Event: 4.222 GC heap before
{Heap before GC invocations=5 (full 0):
 PSYoungGen      total 53248K, used 53224K [0x00000000eab00000, 0x00000000ee300000, 0x0000000100000000)
  eden space 49152K, 100% used [0x00000000eab00000,0x00000000edb00000,0x00000000edb00000)
  from space 4096K, 99% used [0x00000000edf00000,0x00000000ee2fa2d0,0x00000000ee300000)
  to   space 4096K, 0% used [0x00000000edb00000,0x00000000edb00000,0x00000000edf00000)
 ParOldGen       total 65536K, used 9704K [0x00000000c0000000, 0x00000000c4000000, 0x00000000eab00000)
  object space 65536K, 14% used [0x00000000c0000000,0x00000000c097a010,0x00000000c4000000)
 Metaspace       used 6357K, capacity 7158K, committed 7296K, reserved 1056768K
  class space    used 607K, capacity 622K, committed 640K, reserved 1048576K
Event: 4.267 GC heap after
Heap after GC invocations=5 (full 0):
 PSYoungGen      total 53248K, used 4072K [0x00000000eab00000, 0x00000000f2500000, 0x0000000100000000)
  eden space 49152K, 0% used [0x00000000eab00000,0x00000000eab00000,0x00000000edb00000)
  from space 4096K, 99% used [0x00000000edb00000,0x00000000edefa2b0,0x00000000edf00000)
  to   space 13312K, 0% used [0x00000000f1800000,0x00000000f1800000,0x00000000f2500000)
 ParOldGen       total 65536K, used 17070K [0x00000000c0000000, 0x00000000c4000000, 0x00000000eab00000)
  object space 65536K, 26% used [0x00000000c0000000,0x00000000c10ab890,0x00000000c4000000)
 Metaspace       used 6357K, capacity 7158K, committed 7296K, reserved 1056768K
  class space    used 607K, capacity 622K, committed 640K, reserved 1048576K
}
Event: 4.611 GC heap before
{Heap before GC invocations=6 (full 0):
 PSYoungGen      total 53248K, used 53224K [0x00000000eab00000, 0x00000000f2500000, 0x0000000100000000)
  eden space 49152K, 100% used [0x00000000eab00000,0x00000000edb00000,0x00000000edb00000)
  from space 4096K, 99% used [0x00000000edb00000,0x00000000edefa2b0,0x00000000edf00000)
  to   space 13312K, 0% used [0x00000000f1800000,0x00000000f1800000,0x00000000f2500000)
 ParOldGen       total 65536K, used 17070K [0x00000000c0000000, 0x00000000c4000000, 0x00000000eab00000)
  object space 65536K, 26% used [0x00000000c0000000,0x00000000c10ab890,0x00000000c4000000)
 Metaspace       used 6399K, capacity 7158K, committed 7296K, reserved 1056768K
  class space    used 607K, capacity 622K, committed 640K, reserved 1048576K
Event: 4.642 GC heap after
Heap after GC invocations=6 (full 0):
 PSYoungGen      total 110592K, used 11304K [0x00000000eab00000, 0x00000000f2700000, 0x0000000100000000)
  eden space 97280K, 0% used [0x00000000eab00000,0x00000000eab00000,0x00000000f0a00000)
  from space 13312K, 84% used [0x00000000f1800000,0x00000000f230a2d0,0x00000000f2500000)
  to   space 14336K, 0% used [0x00000000f0a00000,0x00000000f0a00000,0x00000000f1800000)
 ParOldGen       total 65536K, used 17070K [0x00000000c0000000, 0x00000000c4000000, 0x00000000eab00000)
  object space 65536K, 26% used [0x00000000c0000000,0x00000000c10ab890,0x00000000c4000000)
 Metaspace       used 6399K, capacity 7158K, committed 7296K, reserved 1056768K
  class space    used 607K, capacity 622K, committed 640K, reserved 1048576K
}
Event: 5.399 GC heap before
{Heap before GC invocations=7 (full 0):
 PSYoungGen      total 110592K, used 108584K [0x00000000eab00000, 0x00000000f2700000, 0x0000000100000000)
  eden space 97280K, 100% used [0x00000000eab00000,0x00000000f0a00000,0x00000000f0a00000)
  from space 13312K, 84% used [0x00000000f1800000,0x00000000f230a2d0,0x00000000f2500000)
  to   space 14336K, 0% used [0x00000000f0a00000,0x00000000f0a00000,0x00000000f1800000)
 ParOldGen       total 65536K, used 17070K [0x00000000c0000000, 0x00000000c4000000, 0x00000000eab00000)
  object space 65536K, 26% used [0x00000000c0000000,0x00000000c10ab890,0x00000000c4000000)
 Metaspace       used 6564K, capacity 7256K, committed 7424K, reserved 1056768K
  class space    used 626K, capacity 656K, committed 768K, reserved 1048576K
Event: 5.475 GC heap after
Heap after GC invocations=7 (full 0):
 PSYoungGen      total 111616K, used 14310K [0x00000000eab00000, 0x00000000f9600000, 0x0000000100000000)
  eden space 97280K, 0% used [0x00000000eab00000,0x00000000eab00000,0x00000000f0a00000)
  from space 14336K, 99% used [0x00000000f0a00000,0x00000000f17f9840,0x00000000f1800000)
  to   space 23040K, 0% used [0x00000000f7f80000,0x00000000f7f80000,0x00000000f9600000)
 ParOldGen       total 65536K, used 29529K [0x00000000c0000000, 0x00000000c4000000, 0x00000000eab00000)
  object space 65536K, 45% used [0x00000000c0000000,0x00000000c1cd65e8,0x00000000c4000000)
 Metaspace       used 6564K, capacity 7256K, committed 7424K, reserved 1056768K
  class space    used 626K, capacity 656K, committed 768K, reserved 1048576K
}
Event: 6.384 GC heap before
{Heap before GC invocations=8 (full 0):
 PSYoungGen      total 111616K, used 111590K [0x00000000eab00000, 0x00000000f9600000, 0x0000000100000000)
  eden space 97280K, 100% used [0x00000000eab00000,0x00000000f0a00000,0x00000000f0a00000)
  from space 14336K, 99% used [0x00000000f0a00000,0x00000000f17f9840,0x00000000f1800000)
  to   space 23040K, 0% used [0x00000000f7f80000,0x00000000f7f80000,0x00000000f9600000)
 ParOldGen       total 65536K, used 29529K [0x00000000c0000000, 0x00000000c4000000, 0x00000000eab00000)
  object space 65536K, 45% used [0x00000000c0000000,0x00000000c1cd65e8,0x00000000c4000000)
 Metaspace       used 6597K, capacity 7256K, committed 7424K, reserved 1056768K
  class space    used 626K, capacity 656K, committed 768K, reserved 1048576K
Event: 6.473 GC heap after
Heap after GC invocations=8 (full 0):
 PSYoungGen      total 210944K, used 23034K [0x00000000eab00000, 0x00000000fa300000, 0x0000000100000000)
  eden space 187904K, 0% used [0x00000000eab00000,0x00000000eab00000,0x00000000f6280000)
  from space 23040K, 99% used [0x00000000f7f80000,0x00000000f95feb00,0x00000000f9600000)
  to   space 29696K, 0% used [0x00000000f6280000,0x00000000f6280000,0x00000000f7f80000)
 ParOldGen       total 65536K, used 35761K [0x00000000c0000000, 0x00000000c4000000, 0x00000000eab00000)
  object space 65536K, 54% used [0x00000000c0000000,0x00000000c22ec610,0x00000000c4000000)
 Metaspace       used 6597K, capacity 7256K, committed 7424K, reserved 1056768K
  class space    used 626K, capacity 656K, committed 768K, reserved 1048576K
}

Deoptimization events (10 events):
Event: 7.824 Thread 0x00000000169e1800 Uncommon trap: reason=class_check action=maybe_recompile pc=0x0000000002a5f764 method=java.util.Arrays.hashCode([Ljava/lang/Object;)I @ 43
Event: 7.824 Thread 0x00000000169e1800 Uncommon trap: reason=class_check action=maybe_recompile pc=0x0000000002a618c8 method=java.util.Arrays.hashCode([Ljava/lang/Object;)I @ 43
Event: 8.496 Thread 0x00000000169e1800 Uncommon trap: reason=speculate_class_check action=maybe_recompile pc=0x00000000028f72f4 method=com.android.dx.util.FixedSizeList.equals(Ljava/lang/Object;)Z @ 25
Event: 8.496 Thread 0x00000000169e1800 Uncommon trap: reason=class_check action=maybe_recompile pc=0x000000000290b178 method=java.util.Arrays.equals([Ljava/lang/Object;[Ljava/lang/Object;)Z @ 62
Event: 8.496 Thread 0x00000000169e1800 Uncommon trap: reason=speculate_class_check action=maybe_recompile pc=0x00000000028f72f4 method=com.android.dx.util.FixedSizeList.equals(Ljava/lang/Object;)Z @ 25
Event: 8.496 Thread 0x00000000169e1800 Uncommon trap: reason=class_check action=maybe_recompile pc=0x000000000290b178 method=java.util.Arrays.equals([Ljava/lang/Object;[Ljava/lang/Object;)Z @ 62
Event: 8.496 Thread 0x00000000169e1800 Uncommon trap: reason=speculate_class_check action=maybe_recompile pc=0x00000000028f72f4 method=com.android.dx.util.FixedSizeList.equals(Ljava/lang/Object;)Z @ 25
Event: 8.497 Thread 0x00000000169e1800 Uncommon trap: reason=speculate_class_check action=maybe_recompile pc=0x00000000028f72f4 method=com.android.dx.util.FixedSizeList.equals(Ljava/lang/Object;)Z @ 25
Event: 8.497 Thread 0x00000000169e1800 Uncommon trap: reason=class_check action=maybe_recompile pc=0x000000000290b178 method=java.util.Arrays.equals([Ljava/lang/Object;[Ljava/lang/Object;)Z @ 62
Event: 8.497 Thread 0x00000000169e1800 Uncommon trap: reason=class_check action=maybe_recompile pc=0x000000000290b178 method=java.util.Arrays.equals([Ljava/lang/Object;[Ljava/lang/Object;)Z @ 62

Internal exceptions (10 events):
Event: 8.471 Thread 0x00000000169e1800 Exception <a 'java/security/PrivilegedActionException'> (0x00000000f5041430) thrown at [C:\workspace\8-2-build-windows-amd64-cygwin\jdk8u31\2394\hotspot\src\share\vm\prims\jvm.cpp, line 1312]
Event: 8.471 Thread 0x00000000169e1800 Exception <a 'java/security/PrivilegedActionException'> (0x00000000f5046678) thrown at [C:\workspace\8-2-build-windows-amd64-cygwin\jdk8u31\2394\hotspot\src\share\vm\prims\jvm.cpp, line 1312]
Event: 8.473 Thread 0x00000000169e1800 Exception <a 'java/security/PrivilegedActionException'> (0x00000000f504cc28) thrown at [C:\workspace\8-2-build-windows-amd64-cygwin\jdk8u31\2394\hotspot\src\share\vm\prims\jvm.cpp, line 1312]
Event: 8.474 Thread 0x00000000169e1800 Exception <a 'java/security/PrivilegedActionException'> (0x00000000f504fb70) thrown at [C:\workspace\8-2-build-windows-amd64-cygwin\jdk8u31\2394\hotspot\src\share\vm\prims\jvm.cpp, line 1312]
Event: 8.479 Thread 0x00000000169e1800 Exception <a 'java/security/PrivilegedActionException'> (0x00000000f50549d0) thrown at [C:\workspace\8-2-build-windows-amd64-cygwin\jdk8u31\2394\hotspot\src\share\vm\prims\jvm.cpp, line 1312]
Event: 8.480 Thread 0x00000000169e1800 Exception <a 'java/security/PrivilegedActionException'> (0x00000000f50590b0) thrown at [C:\workspace\8-2-build-windows-amd64-cygwin\jdk8u31\2394\hotspot\src\share\vm\prims\jvm.cpp, line 1312]
Event: 8.496 Thread 0x00000000169e1800 Exception <a 'java/security/PrivilegedActionException'> (0x00000000f5079c00) thrown at [C:\workspace\8-2-build-windows-amd64-cygwin\jdk8u31\2394\hotspot\src\share\vm\prims\jvm.cpp, line 1312]
Event: 8.497 Thread 0x00000000169e1800 Exception <a 'java/security/PrivilegedActionException'> (0x00000000f507cca0) thrown at [C:\workspace\8-2-build-windows-amd64-cygwin\jdk8u31\2394\hotspot\src\share\vm\prims\jvm.cpp, line 1312]
Event: 8.497 Thread 0x00000000169e1800 Exception <a 'java/security/PrivilegedActionException'> (0x00000000f50801d8) thrown at [C:\workspace\8-2-build-windows-amd64-cygwin\jdk8u31\2394\hotspot\src\share\vm\prims\jvm.cpp, line 1312]
Event: 8.567 Thread 0x00000000169e1800 Exception <a 'java/security/PrivilegedActionException'> (0x00000000f50ad728) thrown at [C:\workspace\8-2-build-windows-amd64-cygwin\jdk8u31\2394\hotspot\src\share\vm\prims\jvm.cpp, line 1312]

Events (10 events):
Event: 8.612 Thread 0x00000000169e1800 DEOPT PACKING pc=0x0000000002e939a1 sp=0x000000001737e970
Event: 8.612 Thread 0x00000000169e1800 DEOPT UNPACKING pc=0x00000000025a75bf sp=0x000000001737e738 mode 0
Event: 8.613 Thread 0x00000000169e1800 DEOPT PACKING pc=0x0000000002e96d6d sp=0x000000001737ea30
Event: 8.613 Thread 0x00000000169e1800 DEOPT UNPACKING pc=0x00000000025a75bf sp=0x000000001737e788 mode 0
Event: 8.614 Thread 0x00000000169e1800 DEOPT PACKING pc=0x0000000002e8ce41 sp=0x000000001737eab0
Event: 8.614 Thread 0x00000000169e1800 DEOPT UNPACKING pc=0x00000000025a75bf sp=0x000000001737e838 mode 0
Event: 8.624 Thread 0x00000000169e1800 DEOPT PACKING pc=0x0000000002e81278 sp=0x000000001737ea80
Event: 8.624 Thread 0x00000000169e1800 DEOPT UNPACKING pc=0x00000000025a75bf sp=0x000000001737e7e0 mode 0
Event: 8.643 Thread 0x00000000169e1800 DEOPT PACKING pc=0x0000000002e95ca2 sp=0x000000001737e7b0
Event: 8.643 Thread 0x00000000169e1800 DEOPT UNPACKING pc=0x00000000025a75bf sp=0x000000001737e530 mode 0


Dynamic libraries:
0x00007ff6b5ec0000 - 0x00007ff6b5ef4000 	C:\Program Files\Java\jdk1.8.0_31\bin\java.exe
0x00007ff9d1450000 - 0x00007ff9d15fd000 	C:\WINDOWS\SYSTEM32\ntdll.dll
0x00007ff9cec20000 - 0x00007ff9ced5e000 	C:\WINDOWS\system32\KERNEL32.DLL
0x00007ff9ce960000 - 0x00007ff9cea75000 	C:\WINDOWS\system32\KERNELBASE.dll
0x00007ff9cd150000 - 0x00007ff9cd1de000 	C:\WINDOWS\system32\apphelp.dll
0x00007ff9c3cf0000 - 0x00007ff9c3d43000 	C:\WINDOWS\AppPatch\AppPatch64\AcGenral.DLL
0x00007ff9d13a0000 - 0x00007ff9d144a000 	C:\WINDOWS\system32\msvcrt.dll
0x00007ff9ce880000 - 0x00007ff9ce8ae000 	C:\WINDOWS\system32\SspiCli.dll
0x00007ff9cf170000 - 0x00007ff9cf1c4000 	C:\WINDOWS\system32\SHLWAPI.dll
0x00007ff9d0d10000 - 0x00007ff9d0e87000 	C:\WINDOWS\system32\USER32.dll
0x00007ff9ced70000 - 0x00007ff9cef04000 	C:\WINDOWS\system32\ole32.dll
0x00007ff9cf380000 - 0x00007ff9d08a9000 	C:\WINDOWS\system32\SHELL32.dll
0x00007ff9cdb50000 - 0x00007ff9cdb71000 	C:\WINDOWS\SYSTEM32\USERENV.dll
0x00007ff9cef60000 - 0x00007ff9cf00a000 	C:\WINDOWS\system32\ADVAPI32.dll
0x00007ff9c6f40000 - 0x00007ff9c6f5e000 	C:\WINDOWS\SYSTEM32\MPR.dll
0x00007ff9d0eb0000 - 0x00007ff9d0ff0000 	C:\WINDOWS\system32\RPCRT4.dll
0x00007ff9d1340000 - 0x00007ff9d1399000 	C:\WINDOWS\SYSTEM32\sechost.dll
0x00007ff9d0910000 - 0x00007ff9d0b21000 	C:\WINDOWS\SYSTEM32\combase.dll
0x00007ff9d11e0000 - 0x00007ff9d132f000 	C:\WINDOWS\system32\GDI32.dll
0x00007ff9ce580000 - 0x00007ff9ce595000 	C:\WINDOWS\SYSTEM32\profapi.dll
0x00007ff9cc770000 - 0x00007ff9cc822000 	C:\WINDOWS\SYSTEM32\SHCORE.dll
0x00007ff9cef10000 - 0x00007ff9cef46000 	C:\WINDOWS\system32\IMM32.DLL
0x00007ff9cf010000 - 0x00007ff9cf162000 	C:\WINDOWS\system32\MSCTF.dll
0x00007ff9cc320000 - 0x00007ff9cc59b000 	C:\WINDOWS\WinSxS\amd64_microsoft.windows.common-controls_6595b64144ccf1df_6.0.9600.18006_none_623f33d3ecbe86e8\COMCTL32.dll
0x0000000073040000 - 0x0000000073112000 	C:\Program Files\Java\jdk1.8.0_31\jre\bin\msvcr100.dll
0x0000000075d90000 - 0x00000000765ea000 	C:\Program Files\Java\jdk1.8.0_31\jre\bin\server\jvm.dll
0x00007ff9bb8d0000 - 0x00007ff9bb8d9000 	C:\WINDOWS\SYSTEM32\WSOCK32.dll
0x00007ff9cbe80000 - 0x00007ff9cbea2000 	C:\WINDOWS\SYSTEM32\WINMM.dll
0x00007ff9ced60000 - 0x00007ff9ced67000 	C:\WINDOWS\system32\PSAPI.DLL
0x00007ff9d08b0000 - 0x00007ff9d090a000 	C:\WINDOWS\system32\WS2_32.dll
0x00007ff9cbe50000 - 0x00007ff9cbe7a000 	C:\WINDOWS\SYSTEM32\WINMMBASE.dll
0x00007ff9cef50000 - 0x00007ff9cef59000 	C:\WINDOWS\system32\NSI.dll
0x00007ff9ce650000 - 0x00007ff9ce69f000 	C:\WINDOWS\SYSTEM32\cfgmgr32.dll
0x00007ff9cd3d0000 - 0x00007ff9cd3f8000 	C:\WINDOWS\SYSTEM32\DEVOBJ.dll
0x0000000075d80000 - 0x0000000075d8f000 	C:\Program Files\Java\jdk1.8.0_31\jre\bin\verify.dll
0x0000000075d50000 - 0x0000000075d78000 	C:\Program Files\Java\jdk1.8.0_31\jre\bin\java.dll
0x0000000075d30000 - 0x0000000075d46000 	C:\Program Files\Java\jdk1.8.0_31\jre\bin\zip.dll
0x0000000075d10000 - 0x0000000075d2a000 	C:\Program Files\Java\jdk1.8.0_31\jre\bin\net.dll
0x00007ff9cddc0000 - 0x00007ff9cde19000 	C:\WINDOWS\system32\mswsock.dll
0x00007ff9ca4d0000 - 0x00007ff9ca4fa000 	C:\WINDOWS\SYSTEM32\IPHLPAPI.DLL
0x00007ff9ca4b0000 - 0x00007ff9ca4ba000 	C:\WINDOWS\SYSTEM32\WINNSI.DLL
0x00007ff9c93e0000 - 0x00007ff9c93f6000 	C:\WINDOWS\SYSTEM32\dhcpcsvc6.DLL
0x00007ff9c9630000 - 0x00007ff9c964a000 	C:\WINDOWS\SYSTEM32\dhcpcsvc.DLL
0x00007ff9c6be0000 - 0x00007ff9c6d69000 	C:\WINDOWS\SYSTEM32\dbghelp.dll

VM Arguments:
jvm_args: -Djava.awt.headless=true -Xmx1024M -Dfile.encoding=windows-1252 -Duser.country=US -Duser.language=en -Duser.variant 
java_command: com.android.dx.command.Main --dex --force-jumbo --num-threads=4 --multi-dex --output C:\Users\eslam\AndroidStudioProjects\Popular-Movies\app\build\intermediates\transforms\dex\debug\folders\1000\10\com.android.support-support-v4-24.0.0_6a8883e037521353a8e34bfedbca03d35ae8eff9 C:\Users\eslam\AndroidStudioProjects\Popular-Movies\app\build\intermediates\exploded-aar\com.android.support\support-v4\24.0.0\jars\classes.jar
java_class_path (initial): F:\android-strudio-windows\sdk\sdk\build-tools\24.0.0\lib\dx.jar
Launcher Type: SUN_STANDARD

Environment Variables:
JAVA_HOME=C:\Program Files\Java\jdk1.8.0_31
PATH=E:\scala\activator-1.3.2-minimal;C:\sqlite;C:\Users\eslam\AppData\Roaming\npm;C:\Program Files\Git\cmd;C:\Program Files (x86)\Microsoft SQL Server\Client SDK\ODBC\110\Tools\Binn\;C:\Program Files (x86)\Microsoft SQL Server\120\Tools\Binn\ManagementStudio\;C:\Program Files (x86)\Microsoft SQL Server\120\Tools\Binn\;C:\Program Files (x86)\Microsoft SQL Server\120\DTS\Binn\;C:\sqlite;C:\Program Files\Java\jre7\bin
USERNAME=eslam
OS=Windows_NT
PROCESSOR_IDENTIFIER=Intel64 Family 6 Model 58 Stepping 9, GenuineIntel



---------------  S Y S T E M  ---------------

OS: Windows 8.1 , 64 bit Build 9600 

CPU:total 4 (2 cores per cpu, 2 threads per core) family 6 model 58 stepping 9, cmov, cx8, fxsr, mmx, sse, sse2, sse3, ssse3, sse4.1, sse4.2, popcnt, avx, aes, clmul, erms, ht, tsc, tscinvbit, tscinv

Memory: 4k page, physical 6241508k(649024k free), swap 9387236k(5108k free)

vm_info: Java HotSpot(TM) 64-Bit Server VM (25.31-b07) for windows-amd64 JRE (1.8.0_31-b13), built on Dec 17 2014 21:00:28 by "java_re" with MS VC++ 10.0 (VS2010)

time: Sat Aug 20 15:04:15 2016
elapsed time: 10 seconds (0d 0h 0m 10s)

