#
# There is insufficient memory for the Java Runtime Environment to continue.
# Native memory allocation (malloc) failed to allocate 936 bytes for AllocateHeap
# Possible reasons:
#   The system is out of physical RAM or swap space
#   In 32 bit mode, the process size limit was hit
# Possible solutions:
#   Reduce memory load on the system
#   Increase physical memory or swap space
#   Check if swap backing store is full
#   Use 64 bit Java on a 64 bit OS
#   Decrease Java heap size (-Xmx/-Xms)
#   Decrease number of Java threads
#   Decrease Java thread stack sizes (-Xss)
#   Set larger code cache with -XX:ReservedCodeCacheSize=
# This output file may be truncated or incomplete.
#
#  Out of Memory Error (memory/allocation.inline.hpp:62), pid=7468, tid=14644
#
# JRE version: Java(TM) SE Runtime Environment (8.0_31-b13) (build 1.8.0_31-b13)
# Java VM: Java HotSpot(TM) 64-Bit Server VM (25.31-b07 mixed mode windows-amd64 compressed oops)
# Failed to write core dump. Minidumps are not enabled by default on client versions of Windows
#

---------------  T H R E A D  ---------------

Current thread (0x0000000014df9800):  JavaThread "C1 CompilerThread2" daemon [_thread_in_vm, id=14644, stack(0x0000000016510000,0x0000000016610000)]

Stack: [0x0000000016510000,0x0000000016610000]
Native frames: (J=compiled Java code, j=interpreted, Vv=VM code, C=native code)
V  [jvm.dll+0x3169ba]


Current CompileTask:
C1:   4863 1658       3       com.android.dx.dex.code.form.Form22c::isCompatible (99 bytes)


---------------  P R O C E S S  ---------------

Java Threads: ( => current thread )
  0x00000000167b4000 JavaThread "pool-1-thread-1" [_thread_blocked, id=2396, stack(0x0000000016c10000,0x0000000016d10000)]
  0x0000000014e0e000 JavaThread "Service Thread" daemon [_thread_blocked, id=15712, stack(0x0000000016a10000,0x0000000016b10000)]
=>0x0000000014df9800 JavaThread "C1 CompilerThread2" daemon [_thread_in_vm, id=14644, stack(0x0000000016510000,0x0000000016610000)]
  0x0000000014db0800 JavaThread "C2 CompilerThread1" daemon [_thread_blocked, id=4848, stack(0x0000000016410000,0x0000000016510000)]
  0x0000000014dae000 JavaThread "C2 CompilerThread0" daemon [_thread_blocked, id=14176, stack(0x0000000016310000,0x0000000016410000)]
  0x0000000014dab800 JavaThread "Attach Listener" daemon [_thread_blocked, id=928, stack(0x0000000016210000,0x0000000016310000)]
  0x0000000014daa800 JavaThread "Signal Dispatcher" daemon [_thread_blocked, id=16724, stack(0x0000000016110000,0x0000000016210000)]
  0x00000000026d5800 JavaThread "Finalizer" daemon [_thread_blocked, id=1592, stack(0x0000000016010000,0x0000000016110000)]
  0x00000000026cd000 JavaThread "Reference Handler" daemon [_thread_blocked, id=4572, stack(0x0000000015f10000,0x0000000016010000)]
  0x00000000025e0800 JavaThread "main" [_thread_blocked, id=16404, stack(0x00000000023e0000,0x00000000024e0000)]

Other Threads:
  0x0000000014d75800 VMThread [stack: 0x0000000015e10000,0x0000000015f10000] [id=9212]
  0x0000000016646000 WatcherThread [stack: 0x0000000016b10000,0x0000000016c10000] [id=16576]

VM state:synchronizing (normal execution)

VM Mutex/Monitor currently owned by a thread:  ([mutex/lock_event])
[0x00000000025db8a0] CodeCache_lock - owner thread: 0x0000000014df9800
[0x00000000025dc170] Threads_lock - owner thread: 0x0000000014d75800
[0x00000000025deb00] Compile_lock - owner thread: 0x0000000014df9800
[0x00000000025de000] MethodCompileQueue_lock - owner thread: 0x0000000014df9800

Heap:
 PSYoungGen      total 53248K, used 21035K [0x00000000eab00000, 0x00000000f1300000, 0x0000000100000000)
  eden space 49152K, 34% used [0x00000000eab00000,0x00000000ebb8e9f0,0x00000000edb00000)
  from space 4096K, 99% used [0x00000000edb00000,0x00000000edefc338,0x00000000edf00000)
  to   space 4096K, 0% used [0x00000000f0f00000,0x00000000f0f00000,0x00000000f1300000)
 ParOldGen       total 65536K, used 29177K [0x00000000c0000000, 0x00000000c4000000, 0x00000000eab00000)
  object space 65536K, 44% used [0x00000000c0000000,0x00000000c1c7e590,0x00000000c4000000)
 Metaspace       used 6194K, capacity 7152K, committed 7296K, reserved 1056768K
  class space    used 606K, capacity 616K, committed 640K, reserved 1048576K

Card table byte_map: [0x0000000011aa0000,0x0000000011cb0000] byte_map_base: 0x00000000114a0000

Marking Bits: (ParMarkBitMap*) 0x000000006a56d4f0
 Begin Bits: [0x0000000012210000, 0x0000000013210000)
 End Bits:   [0x0000000013210000, 0x0000000014210000)

Polling page: 0x0000000000b90000

CodeCache: size=245760Kb used=6316Kb max_used=6316Kb free=239443Kb
 bounds [0x00000000026e0000, 0x0000000002d20000, 0x00000000116e0000]
 total_blobs=1888 nmethods=1623 adapters=178
 compilation: enabled

Compilation events (10 events):
Event: 2.531 Thread 0x0000000014dae000 nmethod 1653 0x0000000002d0b850 code [0x0000000002d0b9a0, 0x0000000002d0baf8]
Event: 2.534 Thread 0x0000000014df9800 1654       3       com.android.dx.dex.code.CstInsn::withOpcode (53 bytes)
Event: 2.534 Thread 0x0000000014df9800 nmethod 1654 0x0000000002d0e210 code [0x0000000002d0e3a0, 0x0000000002d0e8a8]
Event: 2.537 Thread 0x0000000014df9800 1655       3       com.android.dx.dex.code.PositionList::make (224 bytes)
Event: 2.538 Thread 0x0000000014db0800 1656       4       com.android.dx.dex.file.Section::throwIfNotPrepared (18 bytes)
Event: 2.538 Thread 0x0000000014db0800 nmethod 1656 0x0000000002ce4390 code [0x0000000002ce44c0, 0x0000000002ce4538]
Event: 2.539 Thread 0x0000000014df9800 nmethod 1655 0x0000000002d10110 code [0x0000000002d103e0, 0x0000000002d11e28]
Event: 2.539 Thread 0x0000000014df9800 1657       3       com.android.dx.dex.code.OutputFinisher::assignIndices (46 bytes)
Event: 2.539 Thread 0x0000000014df9800 nmethod 1657 0x0000000002d0f350 code [0x0000000002d0f520, 0x0000000002d0fd98]
Event: 2.539 Thread 0x0000000014df9800 1658       3       com.android.dx.dex.code.form.Form22c::isCompatible (99 bytes)

GC Heap History (6 events):
Event: 1.048 GC heap before
{Heap before GC invocations=1 (full 0):
 PSYoungGen      total 28672K, used 24576K [0x00000000eab00000, 0x00000000ecb00000, 0x0000000100000000)
  eden space 24576K, 100% used [0x00000000eab00000,0x00000000ec300000,0x00000000ec300000)
  from space 4096K, 0% used [0x00000000ec700000,0x00000000ec700000,0x00000000ecb00000)
  to   space 4096K, 0% used [0x00000000ec300000,0x00000000ec300000,0x00000000ec700000)
 ParOldGen       total 65536K, used 0K [0x00000000c0000000, 0x00000000c4000000, 0x00000000eab00000)
  object space 65536K, 0% used [0x00000000c0000000,0x00000000c0000000,0x00000000c4000000)
 Metaspace       used 5805K, capacity 6832K, committed 7040K, reserved 1056768K
  class space    used 584K, capacity 616K, committed 640K, reserved 1048576K
Event: 1.077 GC heap after
Heap after GC invocations=1 (full 0):
 PSYoungGen      total 28672K, used 4088K [0x00000000eab00000, 0x00000000ee300000, 0x0000000100000000)
  eden space 24576K, 0% used [0x00000000eab00000,0x00000000eab00000,0x00000000ec300000)
  from space 4096K, 99% used [0x00000000ec300000,0x00000000ec6fe200,0x00000000ec700000)
  to   space 4096K, 0% used [0x00000000edf00000,0x00000000edf00000,0x00000000ee300000)
 ParOldGen       total 65536K, used 2726K [0x00000000c0000000, 0x00000000c4000000, 0x00000000eab00000)
  object space 65536K, 4% used [0x00000000c0000000,0x00000000c02a9850,0x00000000c4000000)
 Metaspace       used 5805K, capacity 6832K, committed 7040K, reserved 1056768K
  class space    used 584K, capacity 616K, committed 640K, reserved 1048576K
}
Event: 1.345 GC heap before
{Heap before GC invocations=2 (full 0):
 PSYoungGen      total 28672K, used 28664K [0x00000000eab00000, 0x00000000ee300000, 0x0000000100000000)
  eden space 24576K, 100% used [0x00000000eab00000,0x00000000ec300000,0x00000000ec300000)
  from space 4096K, 99% used [0x00000000ec300000,0x00000000ec6fe200,0x00000000ec700000)
  to   space 4096K, 0% used [0x00000000edf00000,0x00000000edf00000,0x00000000ee300000)
 ParOldGen       total 65536K, used 2726K [0x00000000c0000000, 0x00000000c4000000, 0x00000000eab00000)
  object space 65536K, 4% used [0x00000000c0000000,0x00000000c02a9850,0x00000000c4000000)
 Metaspace       used 5856K, capacity 6896K, committed 7040K, reserved 1056768K
  class space    used 586K, capacity 616K, committed 640K, reserved 1048576K
Event: 1.367 GC heap after
Heap after GC invocations=2 (full 0):
 PSYoungGen      total 53248K, used 4067K [0x00000000eab00000, 0x00000000ee300000, 0x0000000100000000)
  eden space 49152K, 0% used [0x00000000eab00000,0x00000000eab00000,0x00000000edb00000)
  from space 4096K, 99% used [0x00000000edf00000,0x00000000ee2f8db8,0x00000000ee300000)
  to   space 4096K, 0% used [0x00000000edb00000,0x00000000edb00000,0x00000000edf00000)
 ParOldGen       total 65536K, used 13418K [0x00000000c0000000, 0x00000000c4000000, 0x00000000eab00000)
  object space 65536K, 20% used [0x00000000c0000000,0x00000000c0d1aa48,0x00000000c4000000)
 Metaspace       used 5856K, capacity 6896K, committed 7040K, reserved 1056768K
  class space    used 586K, capacity 616K, committed 640K, reserved 1048576K
}
Event: 1.986 GC heap before
{Heap before GC invocations=3 (full 0):
 PSYoungGen      total 53248K, used 53219K [0x00000000eab00000, 0x00000000ee300000, 0x0000000100000000)
  eden space 49152K, 100% used [0x00000000eab00000,0x00000000edb00000,0x00000000edb00000)
  from space 4096K, 99% used [0x00000000edf00000,0x00000000ee2f8db8,0x00000000ee300000)
  to   space 4096K, 0% used [0x00000000edb00000,0x00000000edb00000,0x00000000edf00000)
 ParOldGen       total 65536K, used 13418K [0x00000000c0000000, 0x00000000c4000000, 0x00000000eab00000)
  object space 65536K, 20% used [0x00000000c0000000,0x00000000c0d1aa48,0x00000000c4000000)
 Metaspace       used 5998K, capacity 7024K, committed 7296K, reserved 1056768K
  class space    used 593K, capacity 616K, committed 640K, reserved 1048576K
Event: 2.027 GC heap after
Heap after GC invocations=3 (full 0):
 PSYoungGen      total 53248K, used 4080K [0x00000000eab00000, 0x00000000f1300000, 0x0000000100000000)
  eden space 49152K, 0% used [0x00000000eab00000,0x00000000eab00000,0x00000000edb00000)
  from space 4096K, 99% used [0x00000000edb00000,0x00000000edefc338,0x00000000edf00000)
  to   space 4096K, 0% used [0x00000000f0f00000,0x00000000f0f00000,0x00000000f1300000)
 ParOldGen       total 65536K, used 29177K [0x00000000c0000000, 0x00000000c4000000, 0x00000000eab00000)
  object space 65536K, 44% used [0x00000000c0000000,0x00000000c1c7e590,0x00000000c4000000)
 Metaspace       used 5998K, capacity 7024K, committed 7296K, reserved 1056768K
  class space    used 593K, capacity 616K, committed 640K, reserved 1048576K
}

Deoptimization events (10 events):
Event: 2.252 Thread 0x00000000167b4000 Uncommon trap: reason=bimorphic action=maybe_recompile pc=0x00000000028e69b0 method=java.util.HashMap.getNode(ILjava/lang/Object;)Ljava/util/HashMap$Node; @ 126
Event: 2.274 Thread 0x00000000167b4000 Uncommon trap: reason=class_check action=maybe_recompile pc=0x0000000002c91634 method=java.util.HashMap.putVal(ILjava/lang/Object;Ljava/lang/Object;ZZ)Ljava/lang/Object; @ 203
Event: 2.274 Thread 0x00000000167b4000 Uncommon trap: reason=class_check action=maybe_recompile pc=0x0000000002c91634 method=java.util.HashMap.putVal(ILjava/lang/Object;Ljava/lang/Object;ZZ)Ljava/lang/Object; @ 203
Event: 2.274 Thread 0x00000000167b4000 Uncommon trap: reason=class_check action=maybe_recompile pc=0x0000000002c91634 method=java.util.HashMap.putVal(ILjava/lang/Object;Ljava/lang/Object;ZZ)Ljava/lang/Object; @ 203
Event: 2.274 Thread 0x00000000167b4000 Uncommon trap: reason=class_check action=maybe_recompile pc=0x0000000002c91634 method=java.util.HashMap.putVal(ILjava/lang/Object;Ljava/lang/Object;ZZ)Ljava/lang/Object; @ 203
Event: 2.307 Thread 0x00000000167b4000 Uncommon trap: reason=bimorphic action=maybe_recompile pc=0x00000000028e69b0 method=java.util.HashMap.getNode(ILjava/lang/Object;)Ljava/util/HashMap$Node; @ 126
Event: 2.307 Thread 0x00000000167b4000 Uncommon trap: reason=bimorphic action=maybe_recompile pc=0x00000000028e69b0 method=java.util.HashMap.getNode(ILjava/lang/Object;)Ljava/util/HashMap$Node; @ 126
Event: 2.307 Thread 0x00000000167b4000 Uncommon trap: reason=bimorphic action=maybe_recompile pc=0x00000000028e69b0 method=java.util.HashMap.getNode(ILjava/lang/Object;)Ljava/util/HashMap$Node; @ 126
Event: 2.307 Thread 0x00000000167b4000 Uncommon trap: reason=bimorphic action=maybe_recompile pc=0x00000000028d1a88 method=java.util.HashMap.getNode(ILjava/lang/Object;)Ljava/util/HashMap$Node; @ 126
Event: 2.415 Thread 0x00000000167b4000 Uncommon trap: reason=unreached action=reinterpret pc=0x0000000002ce5474 method=com.android.dx.dex.code.LocalList$MakeState.aboutToProcess(II)V @ 4

Internal exceptions (10 events):
Event: 2.335 Thread 0x00000000167b4000 Exception <a 'java/security/PrivilegedActionException'> (0x00000000eba3c0a8) thrown at [C:\workspace\8-2-build-windows-amd64-cygwin\jdk8u31\2394\hotspot\src\share\vm\prims\jvm.cpp, line 1312]
Event: 2.336 Thread 0x00000000167b4000 Exception <a 'java/security/PrivilegedActionException'> (0x00000000eba417c8) thrown at [C:\workspace\8-2-build-windows-amd64-cygwin\jdk8u31\2394\hotspot\src\share\vm\prims\jvm.cpp, line 1312]
Event: 2.336 Thread 0x00000000167b4000 Exception <a 'java/security/PrivilegedActionException'> (0x00000000eba44d58) thrown at [C:\workspace\8-2-build-windows-amd64-cygwin\jdk8u31\2394\hotspot\src\share\vm\prims\jvm.cpp, line 1312]
Event: 2.337 Thread 0x00000000167b4000 Exception <a 'java/security/PrivilegedActionException'> (0x00000000eba477a8) thrown at [C:\workspace\8-2-build-windows-amd64-cygwin\jdk8u31\2394\hotspot\src\share\vm\prims\jvm.cpp, line 1312]
Event: 2.337 Thread 0x00000000167b4000 Exception <a 'java/security/PrivilegedActionException'> (0x00000000eba4c9f0) thrown at [C:\workspace\8-2-build-windows-amd64-cygwin\jdk8u31\2394\hotspot\src\share\vm\prims\jvm.cpp, line 1312]
Event: 2.338 Thread 0x00000000167b4000 Exception <a 'java/security/PrivilegedActionException'> (0x00000000eba52fc8) thrown at [C:\workspace\8-2-build-windows-amd64-cygwin\jdk8u31\2394\hotspot\src\share\vm\prims\jvm.cpp, line 1312]
Event: 2.339 Thread 0x00000000167b4000 Exception <a 'java/security/PrivilegedActionException'> (0x00000000eba576a8) thrown at [C:\workspace\8-2-build-windows-amd64-cygwin\jdk8u31\2394\hotspot\src\share\vm\prims\jvm.cpp, line 1312]
Event: 2.359 Thread 0x00000000167b4000 Exception <a 'java/security/PrivilegedActionException'> (0x00000000eba5ada8) thrown at [C:\workspace\8-2-build-windows-amd64-cygwin\jdk8u31\2394\hotspot\src\share\vm\prims\jvm.cpp, line 1312]
Event: 2.359 Thread 0x00000000167b4000 Exception <a 'java/security/PrivilegedActionException'> (0x00000000eba5dd38) thrown at [C:\workspace\8-2-build-windows-amd64-cygwin\jdk8u31\2394\hotspot\src\share\vm\prims\jvm.cpp, line 1312]
Event: 2.415 Thread 0x00000000167b4000 Implicit null exception at 0x0000000002ce4fcc to 0x0000000002ce545d

Events (10 events):
Event: 2.338 loading class com/android/dx/dex/code/CatchHandlerList done
Event: 2.339 loading class com/android/dx/dex/code/CatchTable
Event: 2.339 loading class com/android/dx/dex/code/CatchTable done
Event: 2.359 loading class com/android/dx/dex/code/LocalList$Disposition
Event: 2.359 loading class com/android/dx/dex/code/LocalList$Disposition done
Event: 2.359 loading class com/android/dx/dex/code/LocalList$Entry
Event: 2.359 loading class com/android/dx/dex/code/LocalList$Entry done
Event: 2.415 Thread 0x00000000167b4000 Uncommon trap: trap_request=0xffffffad fr.pc=0x0000000002ce5474
Event: 2.415 Thread 0x00000000167b4000 DEOPT PACKING pc=0x0000000002ce5474 sp=0x0000000016d0ea50
Event: 2.415 Thread 0x00000000167b4000 DEOPT UNPACKING pc=0x000000000272556a sp=0x0000000016d0e9a0 mode 2


Dynamic libraries:
0x00007ff7f4420000 - 0x00007ff7f4454000 	C:\Program Files\Java\jdk1.8.0_31\bin\java.exe
0x00007ffdcc080000 - 0x00007ffdcc22d000 	C:\WINDOWS\SYSTEM32\ntdll.dll
0x00007ffdc9ef0000 - 0x00007ffdca02e000 	C:\WINDOWS\system32\KERNEL32.DLL
0x00007ffdc9460000 - 0x00007ffdc9575000 	C:\WINDOWS\system32\KERNELBASE.dll
0x00007ffdc7d80000 - 0x00007ffdc7e0e000 	C:\WINDOWS\system32\apphelp.dll
0x00007ffdbcc80000 - 0x00007ffdbccd3000 	C:\WINDOWS\AppPatch\AppPatch64\AcGenral.DLL
0x00007ffdcbfd0000 - 0x00007ffdcc07a000 	C:\WINDOWS\system32\msvcrt.dll
0x00007ffdc9680000 - 0x00007ffdc96ae000 	C:\WINDOWS\system32\SspiCli.dll
0x00007ffdcbad0000 - 0x00007ffdcbb24000 	C:\WINDOWS\system32\SHLWAPI.dll
0x00007ffdca040000 - 0x00007ffdca1b7000 	C:\WINDOWS\system32\USER32.dll
0x00007ffdc9a50000 - 0x00007ffdc9be4000 	C:\WINDOWS\system32\ole32.dll
0x00007ffdca440000 - 0x00007ffdcb969000 	C:\WINDOWS\system32\SHELL32.dll
0x00007ffdc8780000 - 0x00007ffdc87a1000 	C:\WINDOWS\SYSTEM32\USERENV.dll
0x00007ffdc9c60000 - 0x00007ffdc9d0a000 	C:\WINDOWS\system32\ADVAPI32.dll
0x00007ffdc1b40000 - 0x00007ffdc1b5e000 	C:\WINDOWS\SYSTEM32\MPR.dll
0x00007ffdca300000 - 0x00007ffdca440000 	C:\WINDOWS\system32\RPCRT4.dll
0x00007ffdc9770000 - 0x00007ffdc97c9000 	C:\WINDOWS\SYSTEM32\sechost.dll
0x00007ffdcbbf0000 - 0x00007ffdcbe01000 	C:\WINDOWS\SYSTEM32\combase.dll
0x00007ffdcb980000 - 0x00007ffdcbacf000 	C:\WINDOWS\system32\GDI32.dll
0x00007ffdc91b0000 - 0x00007ffdc91c5000 	C:\WINDOWS\SYSTEM32\profapi.dll
0x00007ffdc7700000 - 0x00007ffdc77b2000 	C:\WINDOWS\SYSTEM32\SHCORE.dll
0x00007ffdc97d0000 - 0x00007ffdc9806000 	C:\WINDOWS\system32\IMM32.DLL
0x00007ffdc98f0000 - 0x00007ffdc9a42000 	C:\WINDOWS\system32\MSCTF.dll
0x00007ffdc6c60000 - 0x00007ffdc6edb000 	C:\WINDOWS\WinSxS\amd64_microsoft.windows.common-controls_6595b64144ccf1df_6.0.9600.18006_none_623f33d3ecbe86e8\COMCTL32.dll
0x0000000067c70000 - 0x0000000067d42000 	C:\Program Files\Java\jdk1.8.0_31\jre\bin\msvcr100.dll
0x0000000069d90000 - 0x000000006a5ea000 	C:\Program Files\Java\jdk1.8.0_31\jre\bin\server\jvm.dll
0x00007ffdb1620000 - 0x00007ffdb1629000 	C:\WINDOWS\SYSTEM32\WSOCK32.dll
0x00007ffdc6ee0000 - 0x00007ffdc6f02000 	C:\WINDOWS\SYSTEM32\WINMM.dll
0x00007ffdcb970000 - 0x00007ffdcb977000 	C:\WINDOWS\system32\PSAPI.DLL
0x00007ffdc9710000 - 0x00007ffdc976a000 	C:\WINDOWS\system32\WS2_32.dll
0x00007ffdc6c30000 - 0x00007ffdc6c5a000 	C:\WINDOWS\SYSTEM32\WINMMBASE.dll
0x00007ffdcbfc0000 - 0x00007ffdcbfc9000 	C:\WINDOWS\system32\NSI.dll
0x00007ffdc9580000 - 0x00007ffdc95cf000 	C:\WINDOWS\SYSTEM32\cfgmgr32.dll
0x00007ffdc7fd0000 - 0x00007ffdc7ff8000 	C:\WINDOWS\SYSTEM32\DEVOBJ.dll
0x000000006b0d0000 - 0x000000006b0df000 	C:\Program Files\Java\jdk1.8.0_31\jre\bin\verify.dll
0x000000006b0a0000 - 0x000000006b0c8000 	C:\Program Files\Java\jdk1.8.0_31\jre\bin\java.dll
0x000000006b080000 - 0x000000006b096000 	C:\Program Files\Java\jdk1.8.0_31\jre\bin\zip.dll

VM Arguments:
jvm_args: -Djava.awt.headless=true -Xmx1024M -Dfile.encoding=windows-1252 -Duser.country=US -Duser.language=en -Duser.variant 
java_command: com.android.dx.command.Main --dex --force-jumbo --num-threads=4 --multi-dex --output C:\Users\eslam\AndroidStudioProjects\Popular-Movies\app\build\intermediates\transforms\dex\debug\folders\1000\5\slice_4 C:\Users\eslam\AndroidStudioProjects\Popular-Movies\app\build\intermediates\transforms\instantRunSlicer\debug\folders\1\5\slice_4
java_class_path (initial): F:\android-strudio-windows\sdk\sdk\build-tools\24.0.0\lib\dx.jar
Launcher Type: SUN_STANDARD

Environment Variables:
JAVA_HOME=C:\Program Files\Java\jdk1.8.0_31
PATH=E:\scala\activator-1.3.2-minimal;C:\sqlite;C:\Users\eslam\AppData\Roaming\npm;C:\Program Files\Git\cmd;C:\Program Files (x86)\Microsoft SQL Server\Client SDK\ODBC\110\Tools\Binn\;C:\Program Files (x86)\Microsoft SQL Server\120\Tools\Binn\ManagementStudio\;C:\Program Files (x86)\Microsoft SQL Server\120\Tools\Binn\;C:\Program Files (x86)\Microsoft SQL Server\120\DTS\Binn\;C:\sqlite;C:\Program Files (x86)\Brackets\command;C:\Program Files\nodejs\;C:\Program Files\Java\jre7\bin;C:\Users\eslam\AppData\Roaming\npm
USERNAME=eslam
OS=Windows_NT
PROCESSOR_IDENTIFIER=Intel64 Family 6 Model 58 Stepping 9, GenuineIntel



---------------  S Y S T E M  ---------------

OS: Windows 8.1 , 64 bit Build 9600 

CPU:total 4 (2 cores per cpu, 2 threads per core) family 6 model 58 stepping 9, cmov, cx8, fxsr, mmx, sse, sse2, sse3, ssse3, sse4.1, sse4.2, popcnt, avx, aes, clmul, erms, ht, tsc, tscinvbit, tscinv

Memory: 4k page, physical 6241508k(428628k free), swap 9387236k(3376k free)

vm_info: Java HotSpot(TM) 64-Bit Server VM (25.31-b07) for windows-amd64 JRE (1.8.0_31-b13), built on Dec 17 2014 21:00:28 by "java_re" with MS VC++ 10.0 (VS2010)

time: Wed Sep 21 20:53:19 2016
elapsed time: 5 seconds (0d 0h 0m 5s)

