#
# There is insufficient memory for the Java Runtime Environment to continue.
# Native memory allocation (malloc) failed to allocate 32784 bytes for Chunk::new
# Possible reasons:
#   The system is out of physical RAM or swap space
#   In 32 bit mode, the process size limit was hit
# Possible solutions:
#   Reduce memory load on the system
#   Increase physical memory or swap space
#   Check if swap backing store is full
#   Use 64 bit Java on a 64 bit OS
#   Decrease Java heap size (-Xmx/-Xms)
#   Decrease number of Java threads
#   Decrease Java thread stack sizes (-Xss)
#   Set larger code cache with -XX:ReservedCodeCacheSize=
# This output file may be truncated or incomplete.
#
#  Out of Memory Error (allocation.cpp:390), pid=9052, tid=14148
#
# JRE version: Java(TM) SE Runtime Environment (8.0_31-b13) (build 1.8.0_31-b13)
# Java VM: Java HotSpot(TM) 64-Bit Server VM (25.31-b07 mixed mode windows-amd64 compressed oops)
# Failed to write core dump. Minidumps are not enabled by default on client versions of Windows
#

---------------  T H R E A D  ---------------

Current thread (0x0000000014b2d000):  JavaThread "C2 CompilerThread1" daemon [_thread_in_native, id=14148, stack(0x0000000016130000,0x0000000016230000)]

Stack: [0x0000000016130000,0x0000000016230000]
Native frames: (J=compiled Java code, j=interpreted, Vv=VM code, C=native code)
V  [jvm.dll+0x3169ba]


Current CompileTask:
C2:  10003 1185       4       com.android.dx.ssa.Dominators::eval (29 bytes)


---------------  P R O C E S S  ---------------

Java Threads: ( => current thread )
  0x0000000016693800 JavaThread "pool-2-thread-4" [_thread_blocked, id=10480, stack(0x0000000016d30000,0x0000000016e30000)]
  0x0000000016690000 JavaThread "pool-2-thread-3" [_thread_in_vm, id=1192, stack(0x0000000016c30000,0x0000000016d30000)]
  0x0000000016682000 JavaThread "pool-2-thread-2" [_thread_blocked, id=5048, stack(0x0000000016b30000,0x0000000016c30000)]
  0x000000001667f000 JavaThread "pool-3-thread-1" [_thread_blocked, id=9940, stack(0x0000000016a30000,0x0000000016b30000)]
  0x0000000016689000 JavaThread "pool-2-thread-1" [_thread_in_vm, id=8700, stack(0x0000000016930000,0x0000000016a30000)]
  0x0000000014b33800 JavaThread "Service Thread" daemon [_thread_blocked, id=4888, stack(0x0000000016330000,0x0000000016430000)]
  0x0000000014b30000 JavaThread "C1 CompilerThread2" daemon [_thread_blocked, id=2608, stack(0x0000000016230000,0x0000000016330000)]
=>0x0000000014b2d000 JavaThread "C2 CompilerThread1" daemon [_thread_in_native, id=14148, stack(0x0000000016130000,0x0000000016230000)]
  0x0000000014add000 JavaThread "C2 CompilerThread0" daemon [_thread_in_native, id=9988, stack(0x0000000016030000,0x0000000016130000)]
  0x0000000014ad8800 JavaThread "Attach Listener" daemon [_thread_blocked, id=11672, stack(0x0000000015f30000,0x0000000016030000)]
  0x0000000014ad7000 JavaThread "Signal Dispatcher" daemon [_thread_blocked, id=7368, stack(0x0000000015e30000,0x0000000015f30000)]
  0x00000000023bf000 JavaThread "Finalizer" daemon [_thread_blocked, id=10272, stack(0x0000000015d30000,0x0000000015e30000)]
  0x00000000023bc000 JavaThread "Reference Handler" daemon [_thread_blocked, id=9424, stack(0x0000000015c30000,0x0000000015d30000)]
  0x00000000022d0800 JavaThread "main" [_thread_blocked, id=11604, stack(0x0000000002190000,0x0000000002290000)]

Other Threads:
  0x0000000014aa5800 VMThread [stack: 0x0000000015b30000,0x0000000015c30000] [id=13784]
  0x0000000014b36800 WatcherThread [stack: 0x0000000016430000,0x0000000016530000] [id=13536]

VM state:not at safepoint (normal execution)

VM Mutex/Monitor currently owned by a thread: None

Heap:
 PSYoungGen      total 28672K, used 6604K [0x00000000eab00000, 0x00000000ee300000, 0x0000000100000000)
  eden space 24576K, 10% used [0x00000000eab00000,0x00000000ead77fa0,0x00000000ec300000)
  from space 4096K, 99% used [0x00000000ec300000,0x00000000ec6fb458,0x00000000ec700000)
  to   space 4096K, 0% used [0x00000000edf00000,0x00000000edf00000,0x00000000ee300000)
 ParOldGen       total 65536K, used 1313K [0x00000000c0000000, 0x00000000c4000000, 0x00000000eab00000)
  object space 65536K, 2% used [0x00000000c0000000,0x00000000c01484c0,0x00000000c4000000)
 Metaspace       used 5837K, capacity 6832K, committed 7040K, reserved 1056768K
  class space    used 585K, capacity 616K, committed 640K, reserved 1048576K

Card table byte_map: [0x00000000117d0000,0x00000000119e0000] byte_map_base: 0x00000000111d0000

Marking Bits: (ParMarkBitMap*) 0x000000007375d4f0
 Begin Bits: [0x0000000011f40000, 0x0000000012f40000)
 End Bits:   [0x0000000012f40000, 0x0000000013f40000)

Polling page: 0x00000000009b0000

CodeCache: size=245760Kb used=4568Kb max_used=4581Kb free=241191Kb
 bounds [0x0000000002410000, 0x0000000002890000, 0x0000000011410000]
 total_blobs=1448 nmethods=1184 adapters=178
 compilation: enabled

Compilation events (10 events):
Event: 9.983 Thread 0x0000000014add000 1181       4       com.android.dx.rop.code.BasicBlockList::set (12 bytes)
Event: 9.983 Thread 0x0000000014b30000 nmethod 1180 0x0000000002887390 code [0x0000000002887600, 0x00000000028886b8]
Event: 9.985 Thread 0x0000000014b2d000 1182       4       java.lang.Long::numberOfTrailingZeros (116 bytes)
Event: 9.986 Thread 0x0000000014b2d000 nmethod 1182 0x000000000287db10 code [0x000000000287dc40, 0x000000000287dcf8]
Event: 9.987 Thread 0x0000000014b30000 1183       3       com.android.dx.rop.cst.CstMethodRef::<init> (7 bytes)
Event: 9.987 Thread 0x0000000014b30000 nmethod 1183 0x0000000002880190 code [0x0000000002880320, 0x0000000002880738]
Event: 9.988 Thread 0x0000000014b30000 1184       3       com.android.dx.rop.code.RegisterSpecList::getType (12 bytes)
Event: 9.988 Thread 0x0000000014b30000 nmethod 1184 0x000000000288b4d0 code [0x000000000288b660, 0x000000000288bcb8]
Event: 9.989 Thread 0x0000000014b2d000 1185       4       com.android.dx.ssa.Dominators::eval (29 bytes)
Event: 9.995 Thread 0x0000000014add000 nmethod 1181 0x000000000288dc10 code [0x000000000288dd80, 0x000000000288e3c8]

GC Heap History (2 events):
Event: 9.740 GC heap before
{Heap before GC invocations=1 (full 0):
 PSYoungGen      total 28672K, used 24576K [0x00000000eab00000, 0x00000000ecb00000, 0x0000000100000000)
  eden space 24576K, 100% used [0x00000000eab00000,0x00000000ec300000,0x00000000ec300000)
  from space 4096K, 0% used [0x00000000ec700000,0x00000000ec700000,0x00000000ecb00000)
  to   space 4096K, 0% used [0x00000000ec300000,0x00000000ec300000,0x00000000ec700000)
 ParOldGen       total 65536K, used 0K [0x00000000c0000000, 0x00000000c4000000, 0x00000000eab00000)
  object space 65536K, 0% used [0x00000000c0000000,0x00000000c0000000,0x00000000c4000000)
 Metaspace       used 5829K, capacity 6832K, committed 7040K, reserved 1056768K
  class space    used 585K, capacity 616K, committed 640K, reserved 1048576K
Event: 9.955 GC heap after
Heap after GC invocations=1 (full 0):
 PSYoungGen      total 28672K, used 4077K [0x00000000eab00000, 0x00000000ee300000, 0x0000000100000000)
  eden space 24576K, 0% used [0x00000000eab00000,0x00000000eab00000,0x00000000ec300000)
  from space 4096K, 99% used [0x00000000ec300000,0x00000000ec6fb458,0x00000000ec700000)
  to   space 4096K, 0% used [0x00000000edf00000,0x00000000edf00000,0x00000000ee300000)
 ParOldGen       total 65536K, used 1313K [0x00000000c0000000, 0x00000000c4000000, 0x00000000eab00000)
  object space 65536K, 2% used [0x00000000c0000000,0x00000000c01484c0,0x00000000c4000000)
 Metaspace       used 5829K, capacity 6832K, committed 7040K, reserved 1056768K
  class space    used 585K, capacity 616K, committed 640K, reserved 1048576K
}

Deoptimization events (2 events):
Event: 8.539 Thread 0x0000000016689000 Uncommon trap: reason=null_check action=make_not_entrant pc=0x000000000271e420 method=com.android.dx.rop.type.Type.equals(Ljava/lang/Object;)Z @ 8
Event: 9.277 Thread 0x0000000016689000 Uncommon trap: reason=null_check action=make_not_entrant pc=0x0000000002718190 method=com.android.dx.ssa.SsaRenamer.getLocalForNewReg(I)Lcom/android/dx/rop/code/LocalItem; @ 19

Internal exceptions (10 events):
Event: 7.329 Thread 0x0000000016690000 Exception <a 'java/security/PrivilegedActionException'> (0x00000000eb2df748) thrown at [C:\workspace\8-2-build-windows-amd64-cygwin\jdk8u31\2394\hotspot\src\share\vm\prims\jvm.cpp, line 1312]
Event: 7.330 Thread 0x0000000016690000 Exception <a 'java/security/PrivilegedActionException'> (0x00000000eb2e3fa8) thrown at [C:\workspace\8-2-build-windows-amd64-cygwin\jdk8u31\2394\hotspot\src\share\vm\prims\jvm.cpp, line 1312]
Event: 7.331 Thread 0x00000000022d0800 Exception <a 'java/security/PrivilegedActionException'> (0x00000000eb0eae38) thrown at [C:\workspace\8-2-build-windows-amd64-cygwin\jdk8u31\2394\hotspot\src\share\vm\prims\jvm.cpp, line 1312]
Event: 7.332 Thread 0x00000000022d0800 Exception <a 'java/security/PrivilegedActionException'> (0x00000000eb0f0f80) thrown at [C:\workspace\8-2-build-windows-amd64-cygwin\jdk8u31\2394\hotspot\src\share\vm\prims\jvm.cpp, line 1312]
Event: 7.335 Thread 0x00000000022d0800 Exception <a 'java/security/PrivilegedActionException'> (0x00000000eb0fa410) thrown at [C:\workspace\8-2-build-windows-amd64-cygwin\jdk8u31\2394\hotspot\src\share\vm\prims\jvm.cpp, line 1312]
Event: 7.338 Thread 0x00000000022d0800 Exception <a 'java/security/PrivilegedActionException'> (0x00000000eb100d20) thrown at [C:\workspace\8-2-build-windows-amd64-cygwin\jdk8u31\2394\hotspot\src\share\vm\prims\jvm.cpp, line 1312]
Event: 7.344 Thread 0x0000000016682000 Exception <a 'java/security/PrivilegedActionException'> (0x00000000eb5d0150) thrown at [C:\workspace\8-2-build-windows-amd64-cygwin\jdk8u31\2394\hotspot\src\share\vm\prims\jvm.cpp, line 1312]
Event: 7.353 Thread 0x0000000016689000 Exception <a 'java/security/PrivilegedActionException'> (0x00000000eb5a5720) thrown at [C:\workspace\8-2-build-windows-amd64-cygwin\jdk8u31\2394\hotspot\src\share\vm\prims\jvm.cpp, line 1312]
Event: 8.539 Thread 0x0000000016689000 Implicit null exception at 0x000000000271e322 to 0x000000000271e412
Event: 9.277 Thread 0x0000000016689000 Implicit null exception at 0x0000000002715e31 to 0x0000000002718169

Events (10 events):
Event: 8.539 loading class java/util/DualPivotQuicksort
Event: 8.539 loading class java/util/DualPivotQuicksort done
Event: 8.539 Thread 0x0000000016689000 Uncommon trap: trap_request=0xfffffff4 fr.pc=0x000000000271e420
Event: 8.539 Thread 0x0000000016689000 DEOPT PACKING pc=0x000000000271e420 sp=0x0000000016a2e870
Event: 8.539 Thread 0x0000000016689000 DEOPT UNPACKING pc=0x000000000245556a sp=0x0000000016a2e7f8 mode 2
Event: 9.277 Thread 0x0000000016689000 Uncommon trap: trap_request=0xfffffff4 fr.pc=0x0000000002718190
Event: 9.277 Thread 0x0000000016689000 DEOPT PACKING pc=0x0000000002718190 sp=0x0000000016a2e920
Event: 9.277 Thread 0x0000000016689000 DEOPT UNPACKING pc=0x000000000245556a sp=0x0000000016a2e758 mode 2
Event: 9.673 Executing VM operation: ParallelGCFailedAllocation
Event: 9.955 Executing VM operation: ParallelGCFailedAllocation done


Dynamic libraries:
0x00007ff6cb960000 - 0x00007ff6cb994000 	C:\Program Files\Java\jdk1.8.0_31\bin\java.exe
0x00007ffd332f0000 - 0x00007ffd3349d000 	C:\WINDOWS\SYSTEM32\ntdll.dll
0x00007ffd32330000 - 0x00007ffd3246e000 	C:\WINDOWS\system32\KERNEL32.DLL
0x00007ffd30800000 - 0x00007ffd30915000 	C:\WINDOWS\system32\KERNELBASE.dll
0x00007ffd2eff0000 - 0x00007ffd2f07e000 	C:\WINDOWS\system32\apphelp.dll
0x00007ffd199b0000 - 0x00007ffd19a03000 	C:\WINDOWS\AppPatch\AppPatch64\AcGenral.DLL
0x00007ffd33240000 - 0x00007ffd332ea000 	C:\WINDOWS\system32\msvcrt.dll
0x00007ffd307d0000 - 0x00007ffd307fe000 	C:\WINDOWS\system32\SspiCli.dll
0x00007ffd322d0000 - 0x00007ffd32324000 	C:\WINDOWS\system32\SHLWAPI.dll
0x00007ffd32bc0000 - 0x00007ffd32d37000 	C:\WINDOWS\system32\USER32.dll
0x00007ffd30be0000 - 0x00007ffd30d74000 	C:\WINDOWS\system32\ole32.dll
0x00007ffd30d80000 - 0x00007ffd322a9000 	C:\WINDOWS\system32\SHELL32.dll
0x00007ffd2f9d0000 - 0x00007ffd2f9f1000 	C:\WINDOWS\SYSTEM32\USERENV.dll
0x00007ffd32aa0000 - 0x00007ffd32b4a000 	C:\WINDOWS\system32\ADVAPI32.dll
0x00007ffd28db0000 - 0x00007ffd28dce000 	C:\WINDOWS\SYSTEM32\MPR.dll
0x00007ffd32940000 - 0x00007ffd32a80000 	C:\WINDOWS\system32\RPCRT4.dll
0x00007ffd32fc0000 - 0x00007ffd33019000 	C:\WINDOWS\SYSTEM32\sechost.dll
0x00007ffd309c0000 - 0x00007ffd30bd1000 	C:\WINDOWS\SYSTEM32\combase.dll
0x00007ffd327f0000 - 0x00007ffd3293f000 	C:\WINDOWS\system32\GDI32.dll
0x00007ffd30420000 - 0x00007ffd30435000 	C:\WINDOWS\SYSTEM32\profapi.dll
0x00007ffd2e970000 - 0x00007ffd2ea22000 	C:\WINDOWS\SYSTEM32\SHCORE.dll
0x00007ffd30980000 - 0x00007ffd309b6000 	C:\WINDOWS\system32\IMM32.DLL
0x00007ffd33020000 - 0x00007ffd33172000 	C:\WINDOWS\system32\MSCTF.dll
0x00007ffd2db50000 - 0x00007ffd2ddcb000 	C:\WINDOWS\WinSxS\amd64_microsoft.windows.common-controls_6595b64144ccf1df_6.0.9600.18006_none_623f33d3ecbe86e8\COMCTL32.dll
0x0000000072af0000 - 0x0000000072bc2000 	C:\Program Files\Java\jdk1.8.0_31\jre\bin\msvcr100.dll
0x0000000072f80000 - 0x00000000737da000 	C:\Program Files\Java\jdk1.8.0_31\jre\bin\server\jvm.dll
0x00007ffd21fe0000 - 0x00007ffd21fe9000 	C:\WINDOWS\SYSTEM32\WSOCK32.dll
0x00007ffd2d810000 - 0x00007ffd2d832000 	C:\WINDOWS\SYSTEM32\WINMM.dll
0x00007ffd325a0000 - 0x00007ffd325a7000 	C:\WINDOWS\system32\PSAPI.DLL
0x00007ffd325b0000 - 0x00007ffd3260a000 	C:\WINDOWS\system32\WS2_32.dll
0x00007ffd2d7e0000 - 0x00007ffd2d80a000 	C:\WINDOWS\SYSTEM32\WINMMBASE.dll
0x00007ffd322c0000 - 0x00007ffd322c9000 	C:\WINDOWS\system32\NSI.dll
0x00007ffd304f0000 - 0x00007ffd3053f000 	C:\WINDOWS\SYSTEM32\cfgmgr32.dll
0x00007ffd2f270000 - 0x00007ffd2f298000 	C:\WINDOWS\SYSTEM32\DEVOBJ.dll
0x0000000074680000 - 0x000000007468f000 	C:\Program Files\Java\jdk1.8.0_31\jre\bin\verify.dll
0x0000000072f50000 - 0x0000000072f78000 	C:\Program Files\Java\jdk1.8.0_31\jre\bin\java.dll
0x0000000074640000 - 0x0000000074656000 	C:\Program Files\Java\jdk1.8.0_31\jre\bin\zip.dll
0x00007ffd28b90000 - 0x00007ffd28d19000 	C:\WINDOWS\SYSTEM32\dbghelp.dll

VM Arguments:
jvm_args: -Djava.awt.headless=true -Xmx1024M -Dfile.encoding=windows-1252 -Duser.country=US -Duser.language=en -Duser.variant 
java_command: com.android.dx.command.Main --dex --force-jumbo --num-threads=4 --multi-dex --output C:\Users\eslam\AndroidStudioProjects\Popular-Movies\app\build\intermediates\transforms\dex\debug\folders\1000\10\instant-run_b302aadacab1a90ffc63c2212710259fb8a3a468 C:\Users\eslam\AndroidStudioProjects\Popular-Movies\app\build\intermediates\incremental-runtime-classes\debug\instant-run.jar
java_class_path (initial): F:\android-strudio-windows\sdk\sdk\build-tools\24.0.0\lib\dx.jar
Launcher Type: SUN_STANDARD

Environment Variables:
JAVA_HOME=C:\Program Files\Java\jdk1.8.0_31
PATH=E:\scala\activator-1.3.2-minimal;C:\sqlite;C:\Users\eslam\AppData\Roaming\npm;C:\Program Files\Git\cmd;C:\Program Files (x86)\Microsoft SQL Server\Client SDK\ODBC\110\Tools\Binn\;C:\Program Files (x86)\Microsoft SQL Server\120\Tools\Binn\ManagementStudio\;C:\Program Files (x86)\Microsoft SQL Server\120\Tools\Binn\;C:\Program Files (x86)\Microsoft SQL Server\120\DTS\Binn\;C:\sqlite;C:\Program Files (x86)\Brackets\command;C:\Program Files\nodejs\;C:\Program Files\Java\jre7\bin;C:\Users\eslam\AppData\Roaming\npm
USERNAME=eslam
OS=Windows_NT
PROCESSOR_IDENTIFIER=Intel64 Family 6 Model 58 Stepping 9, GenuineIntel



---------------  S Y S T E M  ---------------

OS: Windows 8.1 , 64 bit Build 9600 

CPU:total 4 (2 cores per cpu, 2 threads per core) family 6 model 58 stepping 9, cmov, cx8, fxsr, mmx, sse, sse2, sse3, ssse3, sse4.1, sse4.2, popcnt, avx, aes, clmul, erms, ht, tsc, tscinvbit, tscinv

Memory: 4k page, physical 6241508k(343220k free), swap 9387236k(5092k free)

vm_info: Java HotSpot(TM) 64-Bit Server VM (25.31-b07) for windows-amd64 JRE (1.8.0_31-b13), built on Dec 17 2014 21:00:28 by "java_re" with MS VC++ 10.0 (VS2010)

time: Sun Sep 18 01:10:56 2016
elapsed time: 10 seconds (0d 0h 0m 10s)

