#
# There is insufficient memory for the Java Runtime Environment to continue.
# Native memory allocation (malloc) failed to allocate 768656 bytes for Chunk::new
# Possible reasons:
#   The system is out of physical RAM or swap space
#   In 32 bit mode, the process size limit was hit
# Possible solutions:
#   Reduce memory load on the system
#   Increase physical memory or swap space
#   Check if swap backing store is full
#   Use 64 bit Java on a 64 bit OS
#   Decrease Java heap size (-Xmx/-Xms)
#   Decrease number of Java threads
#   Decrease Java thread stack sizes (-Xss)
#   Set larger code cache with -XX:ReservedCodeCacheSize=
# This output file may be truncated or incomplete.
#
#  Out of Memory Error (allocation.cpp:390), pid=15260, tid=18676
#
# JRE version: Java(TM) SE Runtime Environment (8.0_31-b13) (build 1.8.0_31-b13)
# Java VM: Java HotSpot(TM) 64-Bit Server VM (25.31-b07 mixed mode windows-amd64 compressed oops)
# Failed to write core dump. Minidumps are not enabled by default on client versions of Windows
#

---------------  T H R E A D  ---------------

Current thread (0x0000000014adf000):  JavaThread "C2 CompilerThread1" daemon [_thread_in_native, id=18676, stack(0x0000000016130000,0x0000000016230000)]

Stack: [0x0000000016130000,0x0000000016230000]
Native frames: (J=compiled Java code, j=interpreted, Vv=VM code, C=native code)
V  [jvm.dll+0x3169ba]


Current CompileTask:
C2:   2008 1276       4       com.android.dx.ssa.SCCP::simulateStmt (481 bytes)


---------------  P R O C E S S  ---------------

Java Threads: ( => current thread )
  0x0000000016778000 JavaThread "pool-2-thread-4" [_thread_in_Java, id=8792, stack(0x0000000016d30000,0x0000000016e30000)]
  0x00000000166ae000 JavaThread "pool-2-thread-3" [_thread_in_Java, id=16252, stack(0x0000000016c30000,0x0000000016d30000)]
  0x00000000166a8000 JavaThread "pool-2-thread-2" [_thread_in_Java, id=2584, stack(0x0000000016b30000,0x0000000016c30000)]
  0x00000000166a3800 JavaThread "pool-3-thread-1" [_thread_blocked, id=16540, stack(0x0000000016a30000,0x0000000016b30000)]
  0x00000000166a0800 JavaThread "pool-2-thread-1" [_thread_in_Java, id=14004, stack(0x0000000016930000,0x0000000016a30000)]
  0x0000000014b3a800 JavaThread "Service Thread" daemon [_thread_blocked, id=11244, stack(0x0000000016330000,0x0000000016430000)]
  0x0000000014b33800 JavaThread "C1 CompilerThread2" daemon [_thread_in_vm, id=14096, stack(0x0000000016230000,0x0000000016330000)]
=>0x0000000014adf000 JavaThread "C2 CompilerThread1" daemon [_thread_in_native, id=18676, stack(0x0000000016130000,0x0000000016230000)]
  0x0000000014adc000 JavaThread "C2 CompilerThread0" daemon [_thread_in_native, id=12068, stack(0x0000000016030000,0x0000000016130000)]
  0x0000000014ad9800 JavaThread "Attach Listener" daemon [_thread_blocked, id=6052, stack(0x0000000015f30000,0x0000000016030000)]
  0x0000000014ad8800 JavaThread "Signal Dispatcher" daemon [_thread_blocked, id=4840, stack(0x0000000015e30000,0x0000000015f30000)]
  0x00000000023ff000 JavaThread "Finalizer" daemon [_thread_blocked, id=16836, stack(0x0000000015d30000,0x0000000015e30000)]
  0x00000000023fc000 JavaThread "Reference Handler" daemon [_thread_blocked, id=15092, stack(0x0000000015c30000,0x0000000015d30000)]
  0x0000000002310800 JavaThread "main" [_thread_in_Java, id=11352, stack(0x00000000021f0000,0x00000000022f0000)]

Other Threads:
  0x0000000014aa5800 VMThread [stack: 0x0000000015b30000,0x0000000015c30000] [id=8596]
  0x0000000014b3e800 WatcherThread [stack: 0x0000000016430000,0x0000000016530000] [id=3728]

VM state:not at safepoint (normal execution)

VM Mutex/Monitor currently owned by a thread: None

Heap:
 PSYoungGen      total 28672K, used 20355K [0x00000000eab00000, 0x00000000ee300000, 0x0000000100000000)
  eden space 24576K, 66% used [0x00000000eab00000,0x00000000ebae3c40,0x00000000ec300000)
  from space 4096K, 99% used [0x00000000ec300000,0x00000000ec6fd248,0x00000000ec700000)
  to   space 4096K, 0% used [0x00000000edf00000,0x00000000edf00000,0x00000000ee300000)
 ParOldGen       total 65536K, used 1268K [0x00000000c0000000, 0x00000000c4000000, 0x00000000eab00000)
  object space 65536K, 1% used [0x00000000c0000000,0x00000000c013d158,0x00000000c4000000)
 Metaspace       used 6012K, capacity 6960K, committed 7040K, reserved 1056768K
  class space    used 588K, capacity 616K, committed 640K, reserved 1048576K

Card table byte_map: [0x00000000117d0000,0x00000000119e0000] byte_map_base: 0x00000000111d0000

Marking Bits: (ParMarkBitMap*) 0x000000006a56d4f0
 Begin Bits: [0x0000000011f40000, 0x0000000012f40000)
 End Bits:   [0x0000000012f40000, 0x0000000013f40000)

Polling page: 0x0000000002140000

CodeCache: size=245760Kb used=5450Kb max_used=5450Kb free=240309Kb
 bounds [0x0000000002410000, 0x0000000002970000, 0x0000000011410000]
 total_blobs=1639 nmethods=1375 adapters=178
 compilation: enabled

Compilation events (10 events):
Event: 1.945 Thread 0x0000000014b33800 1316       3       com.android.dx.cf.code.Frame::adjustLocalsForSubroutines (28 bytes)
Event: 1.945 Thread 0x0000000014b33800 nmethod 1316 0x000000000292d150 code [0x000000000292d2e0, 0x000000000292d7e8]
Event: 1.947 Thread 0x0000000014b33800 1318       3       com.android.dx.ssa.PhiTypeResolver::equalsHandlesNulls (23 bytes)
Event: 1.948 Thread 0x0000000014b33800 nmethod 1318 0x000000000292d910 code [0x000000000292daa0, 0x000000000292dee8]
Event: 1.951 Thread 0x0000000014b33800 1319       3       com.android.dx.ssa.DeadCodeRemover::<init> (44 bytes)
Event: 1.951 Thread 0x0000000014b33800 nmethod 1319 0x000000000292e010 code [0x000000000292e1a0, 0x000000000292e598]
Event: 1.954 Thread 0x0000000014b33800 1320       3       com.android.dx.ssa.PhiInsn::getOpcode (2 bytes)
Event: 1.954 Thread 0x0000000014b33800 nmethod 1320 0x000000000292e710 code [0x000000000292e860, 0x000000000292e9b0]
Event: 1.955 Thread 0x0000000014b33800 1321       3       com.android.dx.cf.code.Frame::mergeWith (80 bytes)
Event: 1.956 Thread 0x0000000014b33800 nmethod 1321 0x000000000292ea50 code [0x000000000292ec80, 0x000000000292fc68]

GC Heap History (2 events):
Event: 1.749 GC heap before
{Heap before GC invocations=1 (full 0):
 PSYoungGen      total 28672K, used 24576K [0x00000000eab00000, 0x00000000ecb00000, 0x0000000100000000)
  eden space 24576K, 100% used [0x00000000eab00000,0x00000000ec300000,0x00000000ec300000)
  from space 4096K, 0% used [0x00000000ec700000,0x00000000ec700000,0x00000000ecb00000)
  to   space 4096K, 0% used [0x00000000ec300000,0x00000000ec300000,0x00000000ec700000)
 ParOldGen       total 65536K, used 0K [0x00000000c0000000, 0x00000000c4000000, 0x00000000eab00000)
  object space 65536K, 0% used [0x00000000c0000000,0x00000000c0000000,0x00000000c4000000)
 Metaspace       used 5921K, capacity 6896K, committed 7040K, reserved 1056768K
  class space    used 588K, capacity 616K, committed 640K, reserved 1048576K
Event: 1.770 GC heap after
Heap after GC invocations=1 (full 0):
 PSYoungGen      total 28672K, used 4084K [0x00000000eab00000, 0x00000000ee300000, 0x0000000100000000)
  eden space 24576K, 0% used [0x00000000eab00000,0x00000000eab00000,0x00000000ec300000)
  from space 4096K, 99% used [0x00000000ec300000,0x00000000ec6fd248,0x00000000ec700000)
  to   space 4096K, 0% used [0x00000000edf00000,0x00000000edf00000,0x00000000ee300000)
 ParOldGen       total 65536K, used 1268K [0x00000000c0000000, 0x00000000c4000000, 0x00000000eab00000)
  object space 65536K, 1% used [0x00000000c0000000,0x00000000c013d158,0x00000000c4000000)
 Metaspace       used 5921K, capacity 6896K, committed 7040K, reserved 1056768K
  class space    used 588K, capacity 616K, committed 640K, reserved 1048576K
}

Deoptimization events (5 events):
Event: 1.575 Thread 0x0000000016778000 Uncommon trap: reason=class_check action=maybe_recompile pc=0x00000000026e1df0 method=com.android.dx.rop.type.Type.equals(Ljava/lang/Object;)Z @ 8
Event: 1.576 Thread 0x0000000016778000 Uncommon trap: reason=class_check action=maybe_recompile pc=0x00000000026e1df0 method=com.android.dx.rop.type.Type.equals(Ljava/lang/Object;)Z @ 8
Event: 1.576 Thread 0x0000000016778000 Uncommon trap: reason=class_check action=maybe_recompile pc=0x00000000026e1df0 method=com.android.dx.rop.type.Type.equals(Ljava/lang/Object;)Z @ 8
Event: 1.578 Thread 0x0000000016778000 Uncommon trap: reason=class_check action=maybe_recompile pc=0x00000000026e1df0 method=com.android.dx.rop.type.Type.equals(Ljava/lang/Object;)Z @ 8
Event: 1.619 Thread 0x0000000016778000 Uncommon trap: reason=null_check action=make_not_entrant pc=0x000000000278e2b8 method=com.android.dx.ssa.SsaRenamer.getLocalForNewReg(I)Lcom/android/dx/rop/code/LocalItem; @ 19

Internal exceptions (10 events):
Event: 1.165 Thread 0x00000000166a8000 Exception <a 'java/security/PrivilegedActionException'> (0x00000000eb3fe410) thrown at [C:\workspace\8-2-build-windows-amd64-cygwin\jdk8u31\2394\hotspot\src\share\vm\prims\jvm.cpp, line 1312]
Event: 1.166 Thread 0x00000000166a8000 Exception <a 'java/security/PrivilegedActionException'> (0x00000000eb403e50) thrown at [C:\workspace\8-2-build-windows-amd64-cygwin\jdk8u31\2394\hotspot\src\share\vm\prims\jvm.cpp, line 1312]
Event: 1.195 Thread 0x0000000002310800 Exception <a 'java/security/PrivilegedActionException'> (0x00000000eb5175b8) thrown at [C:\workspace\8-2-build-windows-amd64-cygwin\jdk8u31\2394\hotspot\src\share\vm\prims\jvm.cpp, line 1312]
Event: 1.197 Thread 0x0000000002310800 Exception <a 'java/security/PrivilegedActionException'> (0x00000000eb5216c0) thrown at [C:\workspace\8-2-build-windows-amd64-cygwin\jdk8u31\2394\hotspot\src\share\vm\prims\jvm.cpp, line 1312]
Event: 1.197 Thread 0x0000000002310800 Exception <a 'java/security/PrivilegedActionException'> (0x00000000eb523be8) thrown at [C:\workspace\8-2-build-windows-amd64-cygwin\jdk8u31\2394\hotspot\src\share\vm\prims\jvm.cpp, line 1312]
Event: 1.345 Thread 0x0000000016778000 Exception <a 'java/security/PrivilegedActionException'> (0x00000000eb7a9c58) thrown at [C:\workspace\8-2-build-windows-amd64-cygwin\jdk8u31\2394\hotspot\src\share\vm\prims\jvm.cpp, line 1312]
Event: 1.381 Thread 0x00000000166a8000 Exception <a 'java/security/PrivilegedActionException'> (0x00000000eb99bf78) thrown at [C:\workspace\8-2-build-windows-amd64-cygwin\jdk8u31\2394\hotspot\src\share\vm\prims\jvm.cpp, line 1312]
Event: 1.391 Thread 0x0000000002310800 Exception <a 'java/security/PrivilegedActionException'> (0x00000000eb8d63e8) thrown at [C:\workspace\8-2-build-windows-amd64-cygwin\jdk8u31\2394\hotspot\src\share\vm\prims\jvm.cpp, line 1312]
Event: 1.391 Thread 0x0000000002310800 Exception <a 'java/security/PrivilegedActionException'> (0x00000000eb8d8b40) thrown at [C:\workspace\8-2-build-windows-amd64-cygwin\jdk8u31\2394\hotspot\src\share\vm\prims\jvm.cpp, line 1312]
Event: 1.619 Thread 0x0000000016778000 Implicit null exception at 0x000000000278c00e to 0x000000000278e291

Events (10 events):
Event: 1.578 Thread 0x0000000016778000 DEOPT UNPACKING pc=0x000000000245556a sp=0x0000000016e2d7c8 mode 2
Event: 1.610 Executing VM operation: ForceSafepoint
Event: 1.614 Executing VM operation: ForceSafepoint done
Event: 1.619 Thread 0x0000000016778000 Uncommon trap: trap_request=0xfffffff4 fr.pc=0x000000000278e2b8
Event: 1.619 Thread 0x0000000016778000 DEOPT PACKING pc=0x000000000278e2b8 sp=0x0000000016e2e6a0
Event: 1.619 Thread 0x0000000016778000 DEOPT UNPACKING pc=0x000000000245556a sp=0x0000000016e2e4e8 mode 2
Event: 1.744 Executing VM operation: ParallelGCFailedAllocation
Event: 1.770 Executing VM operation: ParallelGCFailedAllocation done
Event: 1.929 Thread 0x0000000002310800 DEOPT PACKING pc=0x00000000026a2baf sp=0x00000000022ee450
Event: 1.929 Thread 0x0000000002310800 DEOPT UNPACKING pc=0x00000000024575bf sp=0x00000000022ee240 mode 0


Dynamic libraries:
0x00007ff7f4420000 - 0x00007ff7f4454000 	C:\Program Files\Java\jdk1.8.0_31\bin\java.exe
0x00007ffdcc080000 - 0x00007ffdcc22d000 	C:\WINDOWS\SYSTEM32\ntdll.dll
0x00007ffdc9ef0000 - 0x00007ffdca02e000 	C:\WINDOWS\system32\KERNEL32.DLL
0x00007ffdc9460000 - 0x00007ffdc9575000 	C:\WINDOWS\system32\KERNELBASE.dll
0x00007ffdc7d80000 - 0x00007ffdc7e0e000 	C:\WINDOWS\system32\apphelp.dll
0x00007ffdbcc80000 - 0x00007ffdbccd3000 	C:\WINDOWS\AppPatch\AppPatch64\AcGenral.DLL
0x00007ffdcbfd0000 - 0x00007ffdcc07a000 	C:\WINDOWS\system32\msvcrt.dll
0x00007ffdc9680000 - 0x00007ffdc96ae000 	C:\WINDOWS\system32\SspiCli.dll
0x00007ffdcbad0000 - 0x00007ffdcbb24000 	C:\WINDOWS\system32\SHLWAPI.dll
0x00007ffdca040000 - 0x00007ffdca1b7000 	C:\WINDOWS\system32\USER32.dll
0x00007ffdc9a50000 - 0x00007ffdc9be4000 	C:\WINDOWS\system32\ole32.dll
0x00007ffdca440000 - 0x00007ffdcb969000 	C:\WINDOWS\system32\SHELL32.dll
0x00007ffdc8780000 - 0x00007ffdc87a1000 	C:\WINDOWS\SYSTEM32\USERENV.dll
0x00007ffdc9c60000 - 0x00007ffdc9d0a000 	C:\WINDOWS\system32\ADVAPI32.dll
0x00007ffdc1b40000 - 0x00007ffdc1b5e000 	C:\WINDOWS\SYSTEM32\MPR.dll
0x00007ffdca300000 - 0x00007ffdca440000 	C:\WINDOWS\system32\RPCRT4.dll
0x00007ffdc9770000 - 0x00007ffdc97c9000 	C:\WINDOWS\SYSTEM32\sechost.dll
0x00007ffdcbbf0000 - 0x00007ffdcbe01000 	C:\WINDOWS\SYSTEM32\combase.dll
0x00007ffdcb980000 - 0x00007ffdcbacf000 	C:\WINDOWS\system32\GDI32.dll
0x00007ffdc91b0000 - 0x00007ffdc91c5000 	C:\WINDOWS\SYSTEM32\profapi.dll
0x00007ffdc7700000 - 0x00007ffdc77b2000 	C:\WINDOWS\SYSTEM32\SHCORE.dll
0x00007ffdc97d0000 - 0x00007ffdc9806000 	C:\WINDOWS\system32\IMM32.DLL
0x00007ffdc98f0000 - 0x00007ffdc9a42000 	C:\WINDOWS\system32\MSCTF.dll
0x00007ffdc6c60000 - 0x00007ffdc6edb000 	C:\WINDOWS\WinSxS\amd64_microsoft.windows.common-controls_6595b64144ccf1df_6.0.9600.18006_none_623f33d3ecbe86e8\COMCTL32.dll
0x0000000067c70000 - 0x0000000067d42000 	C:\Program Files\Java\jdk1.8.0_31\jre\bin\msvcr100.dll
0x0000000069d90000 - 0x000000006a5ea000 	C:\Program Files\Java\jdk1.8.0_31\jre\bin\server\jvm.dll
0x00007ffdb1620000 - 0x00007ffdb1629000 	C:\WINDOWS\SYSTEM32\WSOCK32.dll
0x00007ffdc6ee0000 - 0x00007ffdc6f02000 	C:\WINDOWS\SYSTEM32\WINMM.dll
0x00007ffdcb970000 - 0x00007ffdcb977000 	C:\WINDOWS\system32\PSAPI.DLL
0x00007ffdc9710000 - 0x00007ffdc976a000 	C:\WINDOWS\system32\WS2_32.dll
0x00007ffdc6c30000 - 0x00007ffdc6c5a000 	C:\WINDOWS\SYSTEM32\WINMMBASE.dll
0x00007ffdcbfc0000 - 0x00007ffdcbfc9000 	C:\WINDOWS\system32\NSI.dll
0x00007ffdc9580000 - 0x00007ffdc95cf000 	C:\WINDOWS\SYSTEM32\cfgmgr32.dll
0x00007ffdc7fd0000 - 0x00007ffdc7ff8000 	C:\WINDOWS\SYSTEM32\DEVOBJ.dll
0x000000006b0d0000 - 0x000000006b0df000 	C:\Program Files\Java\jdk1.8.0_31\jre\bin\verify.dll
0x000000006b0a0000 - 0x000000006b0c8000 	C:\Program Files\Java\jdk1.8.0_31\jre\bin\java.dll
0x000000006b080000 - 0x000000006b096000 	C:\Program Files\Java\jdk1.8.0_31\jre\bin\zip.dll
0x00007ffdc1910000 - 0x00007ffdc1a99000 	C:\WINDOWS\SYSTEM32\dbghelp.dll

VM Arguments:
jvm_args: -Djava.awt.headless=true -Xmx1024M -Dfile.encoding=windows-1252 -Duser.country=US -Duser.language=en -Duser.variant 
java_command: com.android.dx.command.Main --dex --force-jumbo --num-threads=4 --multi-dex --output C:\Users\eslam\AndroidStudioProjects\Popular-Movies\app\build\intermediates\transforms\dex\debug\folders\1000\10\picasso-2.5.2_0c0a85d291aad5eee2a794ffc3eb8acec63a3d86 C:\Users\eslam\.gradle\caches\modules-2\files-2.1\com.squareup.picasso\picasso\2.5.2\7446d06ec8d4f7ffcc53f1da37c95f200dcb9387\picasso-2.5.2.jar
java_class_path (initial): F:\android-strudio-windows\sdk\sdk\build-tools\24.0.0\lib\dx.jar
Launcher Type: SUN_STANDARD

Environment Variables:
JAVA_HOME=C:\Program Files\Java\jdk1.8.0_31
PATH=E:\scala\activator-1.3.2-minimal;C:\sqlite;C:\Users\eslam\AppData\Roaming\npm;C:\Program Files\Git\cmd;C:\Program Files (x86)\Microsoft SQL Server\Client SDK\ODBC\110\Tools\Binn\;C:\Program Files (x86)\Microsoft SQL Server\120\Tools\Binn\ManagementStudio\;C:\Program Files (x86)\Microsoft SQL Server\120\Tools\Binn\;C:\Program Files (x86)\Microsoft SQL Server\120\DTS\Binn\;C:\sqlite;C:\Program Files (x86)\Brackets\command;C:\Program Files\nodejs\;C:\Program Files\Java\jre7\bin;C:\Users\eslam\AppData\Roaming\npm
USERNAME=eslam
OS=Windows_NT
PROCESSOR_IDENTIFIER=Intel64 Family 6 Model 58 Stepping 9, GenuineIntel



---------------  S Y S T E M  ---------------

OS: Windows 8.1 , 64 bit Build 9600 

CPU:total 4 (2 cores per cpu, 2 threads per core) family 6 model 58 stepping 9, cmov, cx8, fxsr, mmx, sse, sse2, sse3, ssse3, sse4.1, sse4.2, popcnt, avx, aes, clmul, erms, ht, tsc, tscinvbit, tscinv

Memory: 4k page, physical 6241508k(177264k free), swap 9387236k(5120k free)

vm_info: Java HotSpot(TM) 64-Bit Server VM (25.31-b07) for windows-amd64 JRE (1.8.0_31-b13), built on Dec 17 2014 21:00:28 by "java_re" with MS VC++ 10.0 (VS2010)

time: Wed Sep 21 23:12:33 2016
elapsed time: 2 seconds (0d 0h 0m 2s)

