#
# There is insufficient memory for the Java Runtime Environment to continue.
# Native memory allocation (malloc) failed to allocate 77776 bytes for Chunk::new
# Possible reasons:
#   The system is out of physical RAM or swap space
#   In 32 bit mode, the process size limit was hit
# Possible solutions:
#   Reduce memory load on the system
#   Increase physical memory or swap space
#   Check if swap backing store is full
#   Use 64 bit Java on a 64 bit OS
#   Decrease Java heap size (-Xmx/-Xms)
#   Decrease number of Java threads
#   Decrease Java thread stack sizes (-Xss)
#   Set larger code cache with -XX:ReservedCodeCacheSize=
# This output file may be truncated or incomplete.
#
#  Out of Memory Error (allocation.cpp:390), pid=5364, tid=9728
#
# JRE version: Java(TM) SE Runtime Environment (8.0_31-b13) (build 1.8.0_31-b13)
# Java VM: Java HotSpot(TM) 64-Bit Server VM (25.31-b07 mixed mode windows-amd64 compressed oops)
# Failed to write core dump. Minidumps are not enabled by default on client versions of Windows
#

---------------  T H R E A D  ---------------

Current thread (0x0000000014cde800):  JavaThread "C2 CompilerThread1" daemon [_thread_in_native, id=9728, stack(0x00000000162e0000,0x00000000163e0000)]

Stack: [0x00000000162e0000,0x00000000163e0000]
Native frames: (J=compiled Java code, j=interpreted, Vv=VM code, C=native code)
V  [jvm.dll+0x3169ba]
V  [jvm.dll+0x2674c3]
V  [jvm.dll+0x268103]
V  [jvm.dll+0x25f8f5]
V  [jvm.dll+0xbf025]
V  [jvm.dll+0xbf4cc]
V  [jvm.dll+0x4798bc]
V  [jvm.dll+0x446e60]
V  [jvm.dll+0x451bce]
V  [jvm.dll+0x4541b8]
V  [jvm.dll+0x437c62]
V  [jvm.dll+0x988e2]
V  [jvm.dll+0x990d3]
V  [jvm.dll+0x22c194]
V  [jvm.dll+0x28576a]
C  [msvcr100.dll+0x21d9f]
C  [msvcr100.dll+0x21e3b]
C  [KERNEL32.DLL+0x13d2]
C  [ntdll.dll+0x154e4]


Current CompileTask:
C2:   3459 1114       4       java.util.HashMap::putVal (300 bytes)


---------------  P R O C E S S  ---------------

Java Threads: ( => current thread )
  0x0000000002460800 JavaThread "DestroyJavaVM" [_thread_blocked, id=9236, stack(0x0000000000c30000,0x0000000000d30000)]
  0x0000000014ceb800 JavaThread "Service Thread" daemon [_thread_blocked, id=9692, stack(0x00000000164e0000,0x00000000165e0000)]
  0x0000000014ce4800 JavaThread "C1 CompilerThread2" daemon [_thread_blocked, id=19040, stack(0x00000000163e0000,0x00000000164e0000)]
=>0x0000000014cde800 JavaThread "C2 CompilerThread1" daemon [_thread_in_native, id=9728, stack(0x00000000162e0000,0x00000000163e0000)]
  0x0000000014c8e000 JavaThread "C2 CompilerThread0" daemon [_thread_blocked, id=17404, stack(0x00000000161e0000,0x00000000162e0000)]
  0x0000000014c89800 JavaThread "Attach Listener" daemon [_thread_blocked, id=15468, stack(0x00000000160e0000,0x00000000161e0000)]
  0x0000000014c89000 JavaThread "Signal Dispatcher" daemon [_thread_blocked, id=4444, stack(0x0000000015fe0000,0x00000000160e0000)]
  0x0000000002554800 JavaThread "Finalizer" daemon [_thread_blocked, id=16044, stack(0x0000000015ee0000,0x0000000015fe0000)]
  0x000000000254c000 JavaThread "Reference Handler" daemon [_thread_blocked, id=7500, stack(0x0000000015de0000,0x0000000015ee0000)]

Other Threads:
  0x0000000014c55800 VMThread [stack: 0x0000000015ce0000,0x0000000015de0000] [id=13816]
  0x0000000014cee800 WatcherThread [stack: 0x00000000165e0000,0x00000000166e0000] [id=8996]

VM state:not at safepoint (normal execution)

VM Mutex/Monitor currently owned by a thread: None

Heap:
 PSYoungGen      total 28672K, used 17707K [0x00000000eab00000, 0x00000000ecb00000, 0x0000000100000000)
  eden space 24576K, 72% used [0x00000000eab00000,0x00000000ebc4ac80,0x00000000ec300000)
  from space 4096K, 0% used [0x00000000ec700000,0x00000000ec700000,0x00000000ecb00000)
  to   space 4096K, 0% used [0x00000000ec300000,0x00000000ec300000,0x00000000ec700000)
 ParOldGen       total 65536K, used 0K [0x00000000c0000000, 0x00000000c4000000, 0x00000000eab00000)
  object space 65536K, 0% used [0x00000000c0000000,0x00000000c0000000,0x00000000c4000000)
 Metaspace       used 6294K, capacity 7096K, committed 7424K, reserved 1056768K
  class space    used 644K, capacity 688K, committed 768K, reserved 1048576K

Card table byte_map: [0x0000000011980000,0x0000000011b90000] byte_map_base: 0x0000000011380000

Marking Bits: (ParMarkBitMap*) 0x000000006a56d4f0
 Begin Bits: [0x00000000120f0000, 0x00000000130f0000)
 End Bits:   [0x00000000130f0000, 0x00000000140f0000)

Polling page: 0x0000000000ab0000

CodeCache: size=245760Kb used=4280Kb max_used=4291Kb free=241479Kb
 bounds [0x00000000025c0000, 0x0000000002a00000, 0x00000000115c0000]
 total_blobs=1401 nmethods=1128 adapters=186
 compilation: enabled

Compilation events (10 events):
Event: 3.140 Thread 0x0000000014ce4800 1118       3       java.lang.CharacterDataLatin1::toUpperCaseEx (71 bytes)
Event: 3.140 Thread 0x0000000014ce4800 nmethod 1118 0x00000000029eb610 code [0x00000000029eb780, 0x00000000029eba30]
Event: 3.140 Thread 0x0000000014ce4800 1122       1       sun.util.locale.BaseLocale::getLanguage (5 bytes)
Event: 3.140 Thread 0x0000000014ce4800 nmethod 1122 0x00000000029e7b90 code [0x00000000029e7ce0, 0x00000000029e7df0]
Event: 3.140 Thread 0x0000000014ce4800 1125       1       java.util.HashMap$Node::getValue (5 bytes)
Event: 3.140 Thread 0x0000000014ce4800 nmethod 1125 0x00000000029ebb90 code [0x00000000029ebce0, 0x00000000029ebdf0]
Event: 3.141 Thread 0x0000000014ce4800 1127       3       java.lang.Integer::reverseBytes (26 bytes)
Event: 3.141 Thread 0x0000000014ce4800 nmethod 1127 0x00000000029ec210 code [0x00000000029ec360, 0x00000000029ec4b0]
Event: 3.143 Thread 0x0000000014ce4800 1129       3       sun.security.provider.SHA::implCompress (491 bytes)
Event: 3.144 Thread 0x0000000014ce4800 nmethod 1129 0x00000000029ec510 code [0x00000000029ec700, 0x00000000029ecfe8]

GC Heap History (0 events):
No events

Deoptimization events (10 events):
Event: 3.006 Thread 0x000000001693e000 Uncommon trap: reason=class_check action=maybe_recompile pc=0x0000000002975ef0 method=java.util.Arrays.equals([Ljava/lang/Object;[Ljava/lang/Object;)Z @ 62
Event: 3.132 Thread 0x000000001693e000 Uncommon trap: reason=unreached action=reinterpret pc=0x000000000292c528 method=java.util.Arrays.copyOf([Ljava/lang/Object;ILjava/lang/Class;)[Ljava/lang/Object; @ 3
Event: 3.134 Thread 0x000000001693e000 Uncommon trap: reason=class_check action=maybe_recompile pc=0x00000000029a8368 method=java.util.HashMap.putVal(ILjava/lang/Object;Ljava/lang/Object;ZZ)Ljava/lang/Object; @ 56
Event: 3.134 Thread 0x000000001693e000 Uncommon trap: reason=class_check action=maybe_recompile pc=0x00000000029a83dc method=java.util.HashMap.putVal(ILjava/lang/Object;Ljava/lang/Object;ZZ)Ljava/lang/Object; @ 152
Event: 3.134 Thread 0x000000001693e000 Uncommon trap: reason=class_check action=maybe_recompile pc=0x00000000029a8368 method=java.util.HashMap.putVal(ILjava/lang/Object;Ljava/lang/Object;ZZ)Ljava/lang/Object; @ 56
Event: 3.134 Thread 0x000000001693e000 Uncommon trap: reason=class_check action=maybe_recompile pc=0x00000000029a8368 method=java.util.HashMap.putVal(ILjava/lang/Object;Ljava/lang/Object;ZZ)Ljava/lang/Object; @ 56
Event: 3.137 Thread 0x000000001693e000 Uncommon trap: reason=bimorphic action=maybe_recompile pc=0x00000000027cf218 method=java.util.HashMap.getNode(ILjava/lang/Object;)Ljava/util/HashMap$Node; @ 126
Event: 3.137 Thread 0x000000001693e000 Uncommon trap: reason=bimorphic action=maybe_recompile pc=0x00000000027cf218 method=java.util.HashMap.getNode(ILjava/lang/Object;)Ljava/util/HashMap$Node; @ 126
Event: 3.138 Thread 0x000000001693e000 Uncommon trap: reason=bimorphic action=maybe_recompile pc=0x00000000027cf218 method=java.util.HashMap.getNode(ILjava/lang/Object;)Ljava/util/HashMap$Node; @ 126
Event: 3.138 Thread 0x000000001693e000 Uncommon trap: reason=bimorphic action=maybe_recompile pc=0x00000000027cf218 method=java.util.HashMap.getNode(ILjava/lang/Object;)Ljava/util/HashMap$Node; @ 126

Internal exceptions (10 events):
Event: 3.005 Thread 0x000000001693e000 Exception <a 'java/security/PrivilegedActionException'> (0x00000000ebac5b60) thrown at [C:\workspace\8-2-build-windows-amd64-cygwin\jdk8u31\2394\hotspot\src\share\vm\prims\jvm.cpp, line 1312]
Event: 3.006 Thread 0x000000001693e000 Exception <a 'java/security/PrivilegedActionException'> (0x00000000ebac8ed0) thrown at [C:\workspace\8-2-build-windows-amd64-cygwin\jdk8u31\2394\hotspot\src\share\vm\prims\jvm.cpp, line 1312]
Event: 3.009 Thread 0x000000001693e000 Exception <a 'java/security/PrivilegedActionException'> (0x00000000ebacc258) thrown at [C:\workspace\8-2-build-windows-amd64-cygwin\jdk8u31\2394\hotspot\src\share\vm\prims\jvm.cpp, line 1312]
Event: 3.022 Thread 0x000000001693e000 Exception <a 'java/security/PrivilegedActionException'> (0x00000000ebae9fe8) thrown at [C:\workspace\8-2-build-windows-amd64-cygwin\jdk8u31\2394\hotspot\src\share\vm\prims\jvm.cpp, line 1312]
Event: 3.024 Thread 0x000000001693e000 Exception <a 'java/security/PrivilegedActionException'> (0x00000000ebaf5e60) thrown at [C:\workspace\8-2-build-windows-amd64-cygwin\jdk8u31\2394\hotspot\src\share\vm\prims\jvm.cpp, line 1312]
Event: 3.025 Thread 0x000000001693e000 Exception <a 'java/security/PrivilegedActionException'> (0x00000000ebaf8af8) thrown at [C:\workspace\8-2-build-windows-amd64-cygwin\jdk8u31\2394\hotspot\src\share\vm\prims\jvm.cpp, line 1312]
Event: 3.030 Thread 0x000000001693e000 Exception <a 'java/security/PrivilegedActionException'> (0x00000000ebb13f00) thrown at [C:\workspace\8-2-build-windows-amd64-cygwin\jdk8u31\2394\hotspot\src\share\vm\prims\jvm.cpp, line 1312]
Event: 3.031 Thread 0x000000001693e000 Exception <a 'java/security/PrivilegedActionException'> (0x00000000ebb1c6f8) thrown at [C:\workspace\8-2-build-windows-amd64-cygwin\jdk8u31\2394\hotspot\src\share\vm\prims\jvm.cpp, line 1312]
Event: 3.033 Thread 0x000000001693e000 Exception <a 'java/security/PrivilegedActionException'> (0x00000000ebb25fd0) thrown at [C:\workspace\8-2-build-windows-amd64-cygwin\jdk8u31\2394\hotspot\src\share\vm\prims\jvm.cpp, line 1312]
Event: 3.041 Thread 0x000000001693e000 Exception <a 'java/security/PrivilegedActionException'> (0x00000000ebb28f08) thrown at [C:\workspace\8-2-build-windows-amd64-cygwin\jdk8u31\2394\hotspot\src\share\vm\prims\jvm.cpp, line 1312]

Events (10 events):
Event: 3.140 loading class sun/security/provider/SHA
Event: 3.140 loading class sun/security/provider/DigestBase
Event: 3.140 loading class sun/security/provider/DigestBase done
Event: 3.140 loading class sun/security/provider/SHA done
Event: 3.140 loading class sun/security/jca/GetInstance$Instance
Event: 3.140 loading class sun/security/jca/GetInstance$Instance done
Event: 3.140 loading class java/security/MessageDigest$Delegate
Event: 3.140 loading class java/security/MessageDigest$Delegate done
Event: 3.140 loading class sun/security/provider/ByteArrayAccess
Event: 3.140 loading class sun/security/provider/ByteArrayAccess done


Dynamic libraries:
0x00007ff7f4420000 - 0x00007ff7f4454000 	C:\Program Files\Java\jdk1.8.0_31\bin\java.exe
0x00007ffdcc080000 - 0x00007ffdcc22d000 	C:\WINDOWS\SYSTEM32\ntdll.dll
0x00007ffdc9ef0000 - 0x00007ffdca02e000 	C:\WINDOWS\system32\KERNEL32.DLL
0x00007ffdc9460000 - 0x00007ffdc9575000 	C:\WINDOWS\system32\KERNELBASE.dll
0x00007ffdc7d80000 - 0x00007ffdc7e0e000 	C:\WINDOWS\system32\apphelp.dll
0x00007ffdbcc80000 - 0x00007ffdbccd3000 	C:\WINDOWS\AppPatch\AppPatch64\AcGenral.DLL
0x00007ffdcbfd0000 - 0x00007ffdcc07a000 	C:\WINDOWS\system32\msvcrt.dll
0x00007ffdc9680000 - 0x00007ffdc96ae000 	C:\WINDOWS\system32\SspiCli.dll
0x00007ffdcbad0000 - 0x00007ffdcbb24000 	C:\WINDOWS\system32\SHLWAPI.dll
0x00007ffdca040000 - 0x00007ffdca1b7000 	C:\WINDOWS\system32\USER32.dll
0x00007ffdc9a50000 - 0x00007ffdc9be4000 	C:\WINDOWS\system32\ole32.dll
0x00007ffdca440000 - 0x00007ffdcb969000 	C:\WINDOWS\system32\SHELL32.dll
0x00007ffdc8780000 - 0x00007ffdc87a1000 	C:\WINDOWS\SYSTEM32\USERENV.dll
0x00007ffdc9c60000 - 0x00007ffdc9d0a000 	C:\WINDOWS\system32\ADVAPI32.dll
0x00007ffdc1b40000 - 0x00007ffdc1b5e000 	C:\WINDOWS\SYSTEM32\MPR.dll
0x00007ffdca300000 - 0x00007ffdca440000 	C:\WINDOWS\system32\RPCRT4.dll
0x00007ffdc9770000 - 0x00007ffdc97c9000 	C:\WINDOWS\SYSTEM32\sechost.dll
0x00007ffdcbbf0000 - 0x00007ffdcbe01000 	C:\WINDOWS\SYSTEM32\combase.dll
0x00007ffdcb980000 - 0x00007ffdcbacf000 	C:\WINDOWS\system32\GDI32.dll
0x00007ffdc91b0000 - 0x00007ffdc91c5000 	C:\WINDOWS\SYSTEM32\profapi.dll
0x00007ffdc7700000 - 0x00007ffdc77b2000 	C:\WINDOWS\SYSTEM32\SHCORE.dll
0x00007ffdc97d0000 - 0x00007ffdc9806000 	C:\WINDOWS\system32\IMM32.DLL
0x00007ffdc98f0000 - 0x00007ffdc9a42000 	C:\WINDOWS\system32\MSCTF.dll
0x00007ffdc6c60000 - 0x00007ffdc6edb000 	C:\WINDOWS\WinSxS\amd64_microsoft.windows.common-controls_6595b64144ccf1df_6.0.9600.18006_none_623f33d3ecbe86e8\COMCTL32.dll
0x0000000067c70000 - 0x0000000067d42000 	C:\Program Files\Java\jdk1.8.0_31\jre\bin\msvcr100.dll
0x0000000069d90000 - 0x000000006a5ea000 	C:\Program Files\Java\jdk1.8.0_31\jre\bin\server\jvm.dll
0x00007ffdb1620000 - 0x00007ffdb1629000 	C:\WINDOWS\SYSTEM32\WSOCK32.dll
0x00007ffdc6ee0000 - 0x00007ffdc6f02000 	C:\WINDOWS\SYSTEM32\WINMM.dll
0x00007ffdcb970000 - 0x00007ffdcb977000 	C:\WINDOWS\system32\PSAPI.DLL
0x00007ffdc9710000 - 0x00007ffdc976a000 	C:\WINDOWS\system32\WS2_32.dll
0x00007ffdc6c30000 - 0x00007ffdc6c5a000 	C:\WINDOWS\SYSTEM32\WINMMBASE.dll
0x00007ffdcbfc0000 - 0x00007ffdcbfc9000 	C:\WINDOWS\system32\NSI.dll
0x00007ffdc9580000 - 0x00007ffdc95cf000 	C:\WINDOWS\SYSTEM32\cfgmgr32.dll
0x00007ffdc7fd0000 - 0x00007ffdc7ff8000 	C:\WINDOWS\SYSTEM32\DEVOBJ.dll
0x000000006b0d0000 - 0x000000006b0df000 	C:\Program Files\Java\jdk1.8.0_31\jre\bin\verify.dll
0x000000006b0a0000 - 0x000000006b0c8000 	C:\Program Files\Java\jdk1.8.0_31\jre\bin\java.dll
0x000000006b080000 - 0x000000006b096000 	C:\Program Files\Java\jdk1.8.0_31\jre\bin\zip.dll
0x00007ffdc1910000 - 0x00007ffdc1a99000 	C:\WINDOWS\SYSTEM32\dbghelp.dll

VM Arguments:
jvm_args: -Djava.awt.headless=true -Xmx1024M -Dfile.encoding=windows-1252 -Duser.country=US -Duser.language=en -Duser.variant 
java_command: com.android.dx.command.Main --dex --force-jumbo --num-threads=4 --multi-dex --output C:\Users\eslam\AndroidStudioProjects\Popular-Movies\app\build\intermediates\transforms\dex\debug\folders\1000\10\com.android.support-animated-vector-drawable-24.0.0_5bb6929423dee1af7db40132dffee3f4acb54774 C:\Users\eslam\AndroidStudioProjects\Popular-Movies\app\build\intermediates\exploded-aar\com.android.support\animated-vector-drawable\24.0.0\jars\classes.jar
java_class_path (initial): F:\android-strudio-windows\sdk\sdk\build-tools\24.0.0\lib\dx.jar
Launcher Type: SUN_STANDARD

Environment Variables:
JAVA_HOME=C:\Program Files\Java\jdk1.8.0_31
PATH=E:\scala\activator-1.3.2-minimal;C:\sqlite;C:\Users\eslam\AppData\Roaming\npm;C:\Program Files\Git\cmd;C:\Program Files (x86)\Microsoft SQL Server\Client SDK\ODBC\110\Tools\Binn\;C:\Program Files (x86)\Microsoft SQL Server\120\Tools\Binn\ManagementStudio\;C:\Program Files (x86)\Microsoft SQL Server\120\Tools\Binn\;C:\Program Files (x86)\Microsoft SQL Server\120\DTS\Binn\;C:\sqlite;C:\Program Files (x86)\Brackets\command;C:\Program Files\nodejs\;C:\Program Files\Java\jre7\bin;C:\Users\eslam\AppData\Roaming\npm
USERNAME=eslam
OS=Windows_NT
PROCESSOR_IDENTIFIER=Intel64 Family 6 Model 58 Stepping 9, GenuineIntel



---------------  S Y S T E M  ---------------

OS: Windows 8.1 , 64 bit Build 9600 

CPU:total 4 (2 cores per cpu, 2 threads per core) family 6 model 58 stepping 9, cmov, cx8, fxsr, mmx, sse, sse2, sse3, ssse3, sse4.1, sse4.2, popcnt, avx, aes, clmul, erms, ht, tsc, tscinvbit, tscinv

Memory: 4k page, physical 6241508k(376828k free), swap 9387236k(181004k free)

vm_info: Java HotSpot(TM) 64-Bit Server VM (25.31-b07) for windows-amd64 JRE (1.8.0_31-b13), built on Dec 17 2014 21:00:28 by "java_re" with MS VC++ 10.0 (VS2010)

time: Wed Sep 21 23:50:35 2016
elapsed time: 3 seconds (0d 0h 0m 3s)

