#
# There is insufficient memory for the Java Runtime Environment to continue.
# Native memory allocation (malloc) failed to allocate 65552 bytes for Chunk::new
# Possible reasons:
#   The system is out of physical RAM or swap space
#   In 32 bit mode, the process size limit was hit
# Possible solutions:
#   Reduce memory load on the system
#   Increase physical memory or swap space
#   Check if swap backing store is full
#   Use 64 bit Java on a 64 bit OS
#   Decrease Java heap size (-Xmx/-Xms)
#   Decrease number of Java threads
#   Decrease Java thread stack sizes (-Xss)
#   Set larger code cache with -XX:ReservedCodeCacheSize=
# This output file may be truncated or incomplete.
#
#  Out of Memory Error (allocation.cpp:390), pid=8364, tid=8704
#
# JRE version: Java(TM) SE Runtime Environment (8.0_31-b13) (build 1.8.0_31-b13)
# Java VM: Java HotSpot(TM) 64-Bit Server VM (25.31-b07 mixed mode windows-amd64 compressed oops)
# Failed to write core dump. Minidumps are not enabled by default on client versions of Windows
#

---------------  T H R E A D  ---------------

Current thread (0x000000001447e000):  JavaThread "C2 CompilerThread0" daemon [_thread_in_native, id=8704, stack(0x00000000159f0000,0x0000000015af0000)]

Stack: [0x00000000159f0000,0x0000000015af0000]
Native frames: (J=compiled Java code, j=interpreted, Vv=VM code, C=native code)
V  [jvm.dll+0x3169ba]


Current CompileTask:
C2:   1833 1340   !   4       com.android.dx.cf.code.BytecodeArray::parseInstruction (2764 bytes)


---------------  P R O C E S S  ---------------

Java Threads: ( => current thread )
  0x0000000015e44800 JavaThread "pool-2-thread-3" [_thread_in_Java, id=8712, stack(0x00000000165f0000,0x00000000166f0000)]
  0x0000000015e3b000 JavaThread "pool-3-thread-1" [_thread_blocked, id=4280, stack(0x00000000163f0000,0x00000000164f0000)]
  0x0000000015cf4800 JavaThread "Service Thread" daemon [_thread_blocked, id=4152, stack(0x00000000160f0000,0x00000000161f0000)]
  0x00000000144dc800 JavaThread "C1 CompilerThread2" daemon [_thread_blocked, id=7752, stack(0x0000000015bf0000,0x0000000015cf0000)]
  0x00000000144c9800 JavaThread "C2 CompilerThread1" daemon [_thread_in_native, id=7292, stack(0x0000000015af0000,0x0000000015bf0000)]
=>0x000000001447e000 JavaThread "C2 CompilerThread0" daemon [_thread_in_native, id=8704, stack(0x00000000159f0000,0x0000000015af0000)]
  0x000000001447a800 JavaThread "Attach Listener" daemon [_thread_blocked, id=1492, stack(0x00000000158f0000,0x00000000159f0000)]
  0x000000001447a000 JavaThread "Signal Dispatcher" daemon [_thread_blocked, id=8952, stack(0x00000000157f0000,0x00000000158f0000)]
  0x0000000001da4800 JavaThread "Finalizer" daemon [_thread_blocked, id=9208, stack(0x00000000156f0000,0x00000000157f0000)]
  0x0000000001d9c000 JavaThread "Reference Handler" daemon [_thread_blocked, id=6980, stack(0x00000000155f0000,0x00000000156f0000)]
  0x0000000001cb0800 JavaThread "main" [_thread_blocked, id=7196, stack(0x0000000001bb0000,0x0000000001cb0000)]

Other Threads:
  0x0000000014445800 VMThread [stack: 0x00000000154f0000,0x00000000155f0000] [id=8620]
  0x0000000015cf7800 WatcherThread [stack: 0x00000000161f0000,0x00000000162f0000] [id=3228]

VM state:not at safepoint (normal execution)

VM Mutex/Monitor currently owned by a thread: None

Heap:
 PSYoungGen      total 53248K, used 21069K [0x00000000eab00000, 0x00000000ee300000, 0x0000000100000000)
  eden space 49152K, 34% used [0x00000000eab00000,0x00000000ebb98658,0x00000000edb00000)
  from space 4096K, 99% used [0x00000000edf00000,0x00000000ee2faee8,0x00000000ee300000)
  to   space 4096K, 0% used [0x00000000edb00000,0x00000000edb00000,0x00000000edf00000)
 ParOldGen       total 65536K, used 4460K [0x00000000c0000000, 0x00000000c4000000, 0x00000000eab00000)
  object space 65536K, 6% used [0x00000000c0000000,0x00000000c045b148,0x00000000c4000000)
 Metaspace       used 6066K, capacity 7024K, committed 7296K, reserved 1056768K
  class space    used 590K, capacity 616K, committed 640K, reserved 1048576K

Card table byte_map: [0x0000000011170000,0x0000000011380000] byte_map_base: 0x0000000010b70000

Marking Bits: (ParMarkBitMap*) 0x000000007656d4f0
 Begin Bits: [0x00000000118e0000, 0x00000000128e0000)
 End Bits:   [0x00000000128e0000, 0x00000000138e0000)

Polling page: 0x00000000003e0000

CodeCache: size=245760Kb used=5491Kb max_used=5491Kb free=240268Kb
 bounds [0x0000000001db0000, 0x0000000002310000, 0x0000000010db0000]
 total_blobs=1700 nmethods=1435 adapters=178
 compilation: disabled (not enough contiguous free space left)

Compilation events (10 events):
Event: 1.712 Thread 0x00000000144dc800 nmethod 1381 0x00000000022e8090 code [0x00000000022e8200, 0x00000000022e84d8]
Event: 1.712 Thread 0x00000000144dc800 1379       3       com.android.dx.cf.code.OneLocalsArray::set (10 bytes)
Event: 1.712 Thread 0x00000000144dc800 nmethod 1379 0x00000000022e85d0 code [0x00000000022e8740, 0x00000000022e8988]
Event: 1.712 Thread 0x00000000144dc800 1378       3       com.android.dx.ssa.SsaMethod::newFromRopMethod (18 bytes)
Event: 1.712 Thread 0x00000000144dc800 nmethod 1378 0x00000000022e8a50 code [0x00000000022e8bc0, 0x00000000022e8dd8]
Event: 1.712 Thread 0x00000000144dc800 1382       3       com.android.dx.ssa.MoveParamCombiner$1::<init> (20 bytes)
Event: 1.712 Thread 0x00000000144dc800 nmethod 1382 0x00000000022e8ed0 code [0x00000000022e9020, 0x00000000022e9210]
Event: 1.713 Thread 0x00000000144dc800 1383       3       com.android.dx.ssa.LiteralOpUpgrader::process (14 bytes)
Event: 1.713 Thread 0x00000000144dc800 nmethod 1383 0x00000000022e92d0 code [0x00000000022e9460, 0x00000000022e9988]
Event: 1.713 Thread 0x00000000144dc800 1386       3       com.android.dx.ssa.BasicRegisterMapper::<init> (17 bytes)

GC Heap History (2 events):
Event: 1.491 GC heap before
{Heap before GC invocations=1 (full 0):
 PSYoungGen      total 28672K, used 24576K [0x00000000eab00000, 0x00000000ecb00000, 0x0000000100000000)
  eden space 24576K, 100% used [0x00000000eab00000,0x00000000ec300000,0x00000000ec300000)
  from space 4096K, 0% used [0x00000000ec700000,0x00000000ec700000,0x00000000ecb00000)
  to   space 4096K, 0% used [0x00000000ec300000,0x00000000ec300000,0x00000000ec700000)
 ParOldGen       total 65536K, used 0K [0x00000000c0000000, 0x00000000c4000000, 0x00000000eab00000)
  object space 65536K, 0% used [0x00000000c0000000,0x00000000c0000000,0x00000000c4000000)
 Metaspace       used 5909K, capacity 6896K, committed 7040K, reserved 1056768K
  class space    used 589K, capacity 616K, committed 640K, reserved 1048576K
Event: 1.507 GC heap after
Heap after GC invocations=1 (full 0):
 PSYoungGen      total 28672K, used 4072K [0x00000000eab00000, 0x00000000ee300000, 0x0000000100000000)
  eden space 24576K, 0% used [0x00000000eab00000,0x00000000eab00000,0x00000000ec300000)
  from space 4096K, 99% used [0x00000000ec300000,0x00000000ec6fa098,0x00000000ec700000)
  to   space 4096K, 0% used [0x00000000edf00000,0x00000000edf00000,0x00000000ee300000)
 ParOldGen       total 65536K, used 1320K [0x00000000c0000000, 0x00000000c4000000, 0x00000000eab00000)
  object space 65536K, 2% used [0x00000000c0000000,0x00000000c014a238,0x00000000c4000000)
 Metaspace       used 5909K, capacity 6896K, committed 7040K, reserved 1056768K
  class space    used 589K, capacity 616K, committed 640K, reserved 1048576K
}

Deoptimization events (6 events):
Event: 1.108 Thread 0x0000000015ef9800 Uncommon trap: reason=class_check action=maybe_recompile pc=0x0000000001ffbcd0 method=com.android.dx.rop.type.Type.equals(Ljava/lang/Object;)Z @ 8
Event: 1.108 Thread 0x0000000015ef9800 Uncommon trap: reason=class_check action=maybe_recompile pc=0x0000000001ffbcd0 method=com.android.dx.rop.type.Type.equals(Ljava/lang/Object;)Z @ 8
Event: 1.108 Thread 0x0000000015ef9800 Uncommon trap: reason=class_check action=maybe_recompile pc=0x0000000001ffbcd0 method=com.android.dx.rop.type.Type.equals(Ljava/lang/Object;)Z @ 8
Event: 1.112 Thread 0x0000000015ef9800 Uncommon trap: reason=class_check action=maybe_recompile pc=0x0000000001ffbcd0 method=com.android.dx.rop.type.Type.equals(Ljava/lang/Object;)Z @ 8
Event: 1.138 Thread 0x0000000015ef9800 Uncommon trap: reason=null_check action=make_not_entrant pc=0x00000000020d0180 method=com.android.dx.ssa.SsaRenamer.getLocalForNewReg(I)Lcom/android/dx/rop/code/LocalItem; @ 19
Event: 1.211 Thread 0x0000000015e68000 Uncommon trap: reason=null_check action=make_not_entrant pc=0x000000000215cfe0 method=com.android.dx.rop.type.Type.equals(Ljava/lang/Object;)Z @ 8

Internal exceptions (10 events):
Event: 0.809 Thread 0x0000000015e68000 Exception <a 'java/security/PrivilegedActionException'> (0x00000000eb555cf8) thrown at [C:\workspace\8-2-build-windows-amd64-cygwin\jdk8u31\2394\hotspot\src\share\vm\prims\jvm.cpp, line 1312]
Event: 0.826 Thread 0x0000000001cb0800 Exception <a 'java/security/PrivilegedActionException'> (0x00000000eb4268b0) thrown at [C:\workspace\8-2-build-windows-amd64-cygwin\jdk8u31\2394\hotspot\src\share\vm\prims\jvm.cpp, line 1312]
Event: 0.828 Thread 0x0000000001cb0800 Exception <a 'java/security/PrivilegedActionException'> (0x00000000eb7123c8) thrown at [C:\workspace\8-2-build-windows-amd64-cygwin\jdk8u31\2394\hotspot\src\share\vm\prims\jvm.cpp, line 1312]
Event: 0.828 Thread 0x0000000001cb0800 Exception <a 'java/security/PrivilegedActionException'> (0x00000000eb7148f0) thrown at [C:\workspace\8-2-build-windows-amd64-cygwin\jdk8u31\2394\hotspot\src\share\vm\prims\jvm.cpp, line 1312]
Event: 0.851 Thread 0x0000000015ef9800 Exception <a 'java/security/PrivilegedActionException'> (0x00000000eb5018d0) thrown at [C:\workspace\8-2-build-windows-amd64-cygwin\jdk8u31\2394\hotspot\src\share\vm\prims\jvm.cpp, line 1312]
Event: 1.026 Thread 0x0000000001cb0800 Exception <a 'java/security/PrivilegedActionException'> (0x00000000eb9563e0) thrown at [C:\workspace\8-2-build-windows-amd64-cygwin\jdk8u31\2394\hotspot\src\share\vm\prims\jvm.cpp, line 1312]
Event: 1.026 Thread 0x0000000001cb0800 Exception <a 'java/security/PrivilegedActionException'> (0x00000000eb958b38) thrown at [C:\workspace\8-2-build-windows-amd64-cygwin\jdk8u31\2394\hotspot\src\share\vm\prims\jvm.cpp, line 1312]
Event: 1.138 Thread 0x0000000015ef9800 Implicit null exception at 0x00000000020ce119 to 0x00000000020d0159
Event: 1.174 Thread 0x0000000015e68000 Exception <a 'java/security/PrivilegedActionException'> (0x00000000ebb61bc0) thrown at [C:\workspace\8-2-build-windows-amd64-cygwin\jdk8u31\2394\hotspot\src\share\vm\prims\jvm.cpp, line 1312]
Event: 1.211 Thread 0x0000000015e68000 Implicit null exception at 0x000000000215cee2 to 0x000000000215cfd2

Events (10 events):
Event: 1.344 loading class java/util/TreeMap$EntrySet
Event: 1.345 loading class java/util/TreeMap$EntrySet done
Event: 1.345 loading class java/util/TreeMap$EntryIterator
Event: 1.345 loading class java/util/TreeMap$EntryIterator done
Event: 1.345 Executing VM operation: Deoptimize
Event: 1.396 Executing VM operation: Deoptimize done
Event: 1.477 Executing VM operation: ParallelGCFailedAllocation
Event: 1.507 Executing VM operation: ParallelGCFailedAllocation done
Event: 1.589 Thread 0x0000000001cb0800 DEOPT PACKING pc=0x000000000206eb1f sp=0x0000000001cae5c0
Event: 1.589 Thread 0x0000000001cb0800 DEOPT UNPACKING pc=0x0000000001df75bf sp=0x0000000001cae3a0 mode 0


Dynamic libraries:
0x00007ff6b5ec0000 - 0x00007ff6b5ef4000 	C:\Program Files\Java\jdk1.8.0_31\bin\java.exe
0x00007ff9d1450000 - 0x00007ff9d15fd000 	C:\WINDOWS\SYSTEM32\ntdll.dll
0x00007ff9cec20000 - 0x00007ff9ced5e000 	C:\WINDOWS\system32\KERNEL32.DLL
0x00007ff9ce960000 - 0x00007ff9cea75000 	C:\WINDOWS\system32\KERNELBASE.dll
0x00007ff9cd150000 - 0x00007ff9cd1de000 	C:\WINDOWS\system32\apphelp.dll
0x00007ff9c3cf0000 - 0x00007ff9c3d43000 	C:\WINDOWS\AppPatch\AppPatch64\AcGenral.DLL
0x00007ff9d13a0000 - 0x00007ff9d144a000 	C:\WINDOWS\system32\msvcrt.dll
0x00007ff9ce880000 - 0x00007ff9ce8ae000 	C:\WINDOWS\system32\SspiCli.dll
0x00007ff9cf170000 - 0x00007ff9cf1c4000 	C:\WINDOWS\system32\SHLWAPI.dll
0x00007ff9d0d10000 - 0x00007ff9d0e87000 	C:\WINDOWS\system32\USER32.dll
0x00007ff9ced70000 - 0x00007ff9cef04000 	C:\WINDOWS\system32\ole32.dll
0x00007ff9cf380000 - 0x00007ff9d08a9000 	C:\WINDOWS\system32\SHELL32.dll
0x00007ff9cdb50000 - 0x00007ff9cdb71000 	C:\WINDOWS\SYSTEM32\USERENV.dll
0x00007ff9cef60000 - 0x00007ff9cf00a000 	C:\WINDOWS\system32\ADVAPI32.dll
0x00007ff9c6f40000 - 0x00007ff9c6f5e000 	C:\WINDOWS\SYSTEM32\MPR.dll
0x00007ff9d0eb0000 - 0x00007ff9d0ff0000 	C:\WINDOWS\system32\RPCRT4.dll
0x00007ff9d1340000 - 0x00007ff9d1399000 	C:\WINDOWS\SYSTEM32\sechost.dll
0x00007ff9d0910000 - 0x00007ff9d0b21000 	C:\WINDOWS\SYSTEM32\combase.dll
0x00007ff9d11e0000 - 0x00007ff9d132f000 	C:\WINDOWS\system32\GDI32.dll
0x00007ff9ce580000 - 0x00007ff9ce595000 	C:\WINDOWS\SYSTEM32\profapi.dll
0x00007ff9cc770000 - 0x00007ff9cc822000 	C:\WINDOWS\SYSTEM32\SHCORE.dll
0x00007ff9cef10000 - 0x00007ff9cef46000 	C:\WINDOWS\system32\IMM32.DLL
0x00007ff9cf010000 - 0x00007ff9cf162000 	C:\WINDOWS\system32\MSCTF.dll
0x00007ff9cc320000 - 0x00007ff9cc59b000 	C:\WINDOWS\WinSxS\amd64_microsoft.windows.common-controls_6595b64144ccf1df_6.0.9600.18006_none_623f33d3ecbe86e8\COMCTL32.dll
0x0000000073040000 - 0x0000000073112000 	C:\Program Files\Java\jdk1.8.0_31\jre\bin\msvcr100.dll
0x0000000075d90000 - 0x00000000765ea000 	C:\Program Files\Java\jdk1.8.0_31\jre\bin\server\jvm.dll
0x00007ff9bb8d0000 - 0x00007ff9bb8d9000 	C:\WINDOWS\SYSTEM32\WSOCK32.dll
0x00007ff9cbe80000 - 0x00007ff9cbea2000 	C:\WINDOWS\SYSTEM32\WINMM.dll
0x00007ff9ced60000 - 0x00007ff9ced67000 	C:\WINDOWS\system32\PSAPI.DLL
0x00007ff9d08b0000 - 0x00007ff9d090a000 	C:\WINDOWS\system32\WS2_32.dll
0x00007ff9cbe50000 - 0x00007ff9cbe7a000 	C:\WINDOWS\SYSTEM32\WINMMBASE.dll
0x00007ff9cef50000 - 0x00007ff9cef59000 	C:\WINDOWS\system32\NSI.dll
0x00007ff9ce650000 - 0x00007ff9ce69f000 	C:\WINDOWS\SYSTEM32\cfgmgr32.dll
0x00007ff9cd3d0000 - 0x00007ff9cd3f8000 	C:\WINDOWS\SYSTEM32\DEVOBJ.dll
0x0000000075d80000 - 0x0000000075d8f000 	C:\Program Files\Java\jdk1.8.0_31\jre\bin\verify.dll
0x0000000075d50000 - 0x0000000075d78000 	C:\Program Files\Java\jdk1.8.0_31\jre\bin\java.dll
0x0000000075d30000 - 0x0000000075d46000 	C:\Program Files\Java\jdk1.8.0_31\jre\bin\zip.dll
0x00007ff9c6be0000 - 0x00007ff9c6d69000 	C:\WINDOWS\SYSTEM32\dbghelp.dll

VM Arguments:
jvm_args: -Djava.awt.headless=true -Xmx1024M -Dfile.encoding=windows-1252 -Duser.country=US -Duser.language=en -Duser.variant 
java_command: com.android.dx.command.Main --dex --force-jumbo --num-threads=4 --multi-dex --output C:\Users\eslam\AndroidStudioProjects\Popular-Movies\app\build\intermediates\transforms\dex\debug\folders\1000\10\picasso-2.5.2_0c0a85d291aad5eee2a794ffc3eb8acec63a3d86 C:\Users\eslam\.gradle\caches\modules-2\files-2.1\com.squareup.picasso\picasso\2.5.2\7446d06ec8d4f7ffcc53f1da37c95f200dcb9387\picasso-2.5.2.jar
java_class_path (initial): F:\android-strudio-windows\sdk\sdk\build-tools\24.0.0\lib\dx.jar
Launcher Type: SUN_STANDARD

Environment Variables:
JAVA_HOME=C:\Program Files\Java\jdk1.8.0_31
PATH=E:\scala\activator-1.3.2-minimal;C:\sqlite;C:\Users\eslam\AppData\Roaming\npm;C:\Program Files\Git\cmd;C:\Program Files (x86)\Microsoft SQL Server\Client SDK\ODBC\110\Tools\Binn\;C:\Program Files (x86)\Microsoft SQL Server\120\Tools\Binn\ManagementStudio\;C:\Program Files (x86)\Microsoft SQL Server\120\Tools\Binn\;C:\Program Files (x86)\Microsoft SQL Server\120\DTS\Binn\;C:\sqlite;C:\Program Files\Java\jre7\bin
USERNAME=eslam
OS=Windows_NT
PROCESSOR_IDENTIFIER=Intel64 Family 6 Model 58 Stepping 9, GenuineIntel



---------------  S Y S T E M  ---------------

OS: Windows 8.1 , 64 bit Build 9600 

CPU:total 4 (2 cores per cpu, 2 threads per core) family 6 model 58 stepping 9, cmov, cx8, fxsr, mmx, sse, sse2, sse3, ssse3, sse4.1, sse4.2, popcnt, avx, aes, clmul, erms, ht, tsc, tscinvbit, tscinv

Memory: 4k page, physical 6241508k(649024k free), swap 9387236k(5124k free)

vm_info: Java HotSpot(TM) 64-Bit Server VM (25.31-b07) for windows-amd64 JRE (1.8.0_31-b13), built on Dec 17 2014 21:00:28 by "java_re" with MS VC++ 10.0 (VS2010)

time: Sat Aug 20 15:04:15 2016
elapsed time: 1 seconds (0d 0h 0m 1s)

