#
# There is insufficient memory for the Java Runtime Environment to continue.
# Native memory allocation (malloc) failed to allocate 32744 bytes for ChunkPool::allocate
# Possible reasons:
#   The system is out of physical RAM or swap space
#   In 32 bit mode, the process size limit was hit
# Possible solutions:
#   Reduce memory load on the system
#   Increase physical memory or swap space
#   Check if swap backing store is full
#   Use 64 bit Java on a 64 bit OS
#   Decrease Java heap size (-Xmx/-Xms)
#   Decrease number of Java threads
#   Decrease Java thread stack sizes (-Xss)
#   Set larger code cache with -XX:ReservedCodeCacheSize=
# This output file may be truncated or incomplete.
#
#  Out of Memory Error (allocation.cpp:273), pid=11076, tid=13080
#
# JRE version: Java(TM) SE Runtime Environment (8.0_31-b13) (build 1.8.0_31-b13)
# Java VM: Java HotSpot(TM) 64-Bit Server VM (25.31-b07 mixed mode windows-amd64 compressed oops)
# Failed to write core dump. Minidumps are not enabled by default on client versions of Windows
#

---------------  T H R E A D  ---------------

Current thread (0x0000000014c13800):  JavaThread "C1 CompilerThread2" daemon [_thread_in_native, id=13080, stack(0x0000000016330000,0x0000000016430000)]

Stack: [0x0000000016330000,0x0000000016430000]
Native frames: (J=compiled Java code, j=interpreted, Vv=VM code, C=native code)
V  [jvm.dll+0x3169ba]


Current CompileTask:
C1:   3640  117       3       sun.nio.cs.UTF_8$Decoder::decode (779 bytes)


---------------  P R O C E S S  ---------------

Java Threads: ( => current thread )
  0x0000000014c1b800 JavaThread "Service Thread" daemon [_thread_blocked, id=1848, stack(0x0000000016430000,0x0000000016530000)]
=>0x0000000014c13800 JavaThread "C1 CompilerThread2" daemon [_thread_in_native, id=13080, stack(0x0000000016330000,0x0000000016430000)]
  0x0000000014c0d800 JavaThread "C2 CompilerThread1" daemon [_thread_blocked, id=5472, stack(0x0000000016230000,0x0000000016330000)]
  0x0000000014bbd000 JavaThread "C2 CompilerThread0" daemon [_thread_blocked, id=4504, stack(0x0000000016130000,0x0000000016230000)]
  0x0000000014bbb000 JavaThread "Attach Listener" daemon [_thread_blocked, id=9384, stack(0x0000000016030000,0x0000000016130000)]
  0x0000000014bb9800 JavaThread "Signal Dispatcher" daemon [_thread_blocked, id=5412, stack(0x0000000015f30000,0x0000000016030000)]
  0x00000000024e4800 JavaThread "Finalizer" daemon [_thread_blocked, id=5584, stack(0x0000000015e30000,0x0000000015f30000)]
  0x00000000024dc000 JavaThread "Reference Handler" daemon [_thread_blocked, id=9480, stack(0x0000000015d30000,0x0000000015e30000)]
  0x00000000023f0800 JavaThread "main" [_thread_in_vm, id=10324, stack(0x0000000002280000,0x0000000002380000)]

Other Threads:
  0x0000000014b85800 VMThread [stack: 0x0000000015c30000,0x0000000015d30000] [id=16768]
  0x0000000014c1e800 WatcherThread [stack: 0x0000000016930000,0x0000000016a30000] [id=12700]

VM state:synchronizing (normal execution)

VM Mutex/Monitor currently owned by a thread:  ([mutex/lock_event])
[0x00000000023ec770] Threads_lock - owner thread: 0x0000000014b85800
[0x00000000023ecbf0] AdapterHandlerLibrary_lock - owner thread: 0x00000000023f0800

Heap:
 PSYoungGen      total 28672K, used 3446K [0x00000000eab00000, 0x00000000ecb00000, 0x0000000100000000)
  eden space 24576K, 14% used [0x00000000eab00000,0x00000000eae5dbe0,0x00000000ec300000)
  from space 4096K, 0% used [0x00000000ec700000,0x00000000ec700000,0x00000000ecb00000)
  to   space 4096K, 0% used [0x00000000ec300000,0x00000000ec300000,0x00000000ec700000)
 ParOldGen       total 65536K, used 0K [0x00000000c0000000, 0x00000000c4000000, 0x00000000eab00000)
  object space 65536K, 0% used [0x00000000c0000000,0x00000000c0000000,0x00000000c4000000)
 Metaspace       used 3376K, capacity 4720K, committed 4864K, reserved 1056768K
  class space    used 367K, capacity 424K, committed 512K, reserved 1048576K

Card table byte_map: [0x00000000118b0000,0x0000000011ac0000] byte_map_base: 0x00000000112b0000

Marking Bits: (ParMarkBitMap*) 0x000000006a56d4f0
 Begin Bits: [0x0000000012020000, 0x0000000013020000)
 End Bits:   [0x0000000013020000, 0x0000000014020000)

Polling page: 0x0000000002240000

CodeCache: size=245760Kb used=1269Kb max_used=1269Kb free=244490Kb
 bounds [0x00000000024f0000, 0x0000000002760000, 0x00000000114f0000]
 total_blobs=361 nmethods=117 adapters=158
 compilation: enabled

Compilation events (10 events):
Event: 0.486 Thread 0x0000000014c13800 nmethod 112 0x000000000262bb50 code [0x000000000262bce0, 0x000000000262bfb8]
Event: 0.486 Thread 0x0000000014c13800  114       3       java.util.Date::getCalendarSystem (15 bytes)
Event: 0.486 Thread 0x0000000014c13800 nmethod 114 0x000000000262c0d0 code [0x000000000262c260, 0x000000000262c768]
Event: 0.486 Thread 0x0000000014c13800  113       1       java.util.zip.ZipCoder::isUTF8 (5 bytes)
Event: 0.486 Thread 0x0000000014c13800 nmethod 113 0x000000000262c8d0 code [0x000000000262ca20, 0x000000000262cb30]
Event: 0.486 Thread 0x0000000014c13800  115       1       sun.util.calendar.CalendarDate::isStandardTime (5 bytes)
Event: 0.486 Thread 0x0000000014c13800 nmethod 115 0x000000000262cb90 code [0x000000000262cce0, 0x000000000262cdf0]
Event: 0.486 Thread 0x0000000014c13800  116       1       sun.util.calendar.BaseCalendar$Date::getCachedYear (5 bytes)
Event: 0.486 Thread 0x0000000014c13800 nmethod 116 0x000000000262ce50 code [0x000000000262cfa0, 0x000000000262d0b0]
Event: 0.486 Thread 0x0000000014c13800  117       3       sun.nio.cs.UTF_8$Decoder::decode (779 bytes)

GC Heap History (0 events):
No events

Deoptimization events (0 events):
No events

Internal exceptions (10 events):
Event: 0.469 Thread 0x00000000023f0800 Exception <a 'java/security/PrivilegedActionException'> (0x00000000ead44730) thrown at [C:\workspace\8-2-build-windows-amd64-cygwin\jdk8u31\2394\hotspot\src\share\vm\prims\jvm.cpp, line 1312]
Event: 0.470 Thread 0x00000000023f0800 Exception <a 'java/security/PrivilegedActionException'> (0x00000000ead497f0) thrown at [C:\workspace\8-2-build-windows-amd64-cygwin\jdk8u31\2394\hotspot\src\share\vm\prims\jvm.cpp, line 1312]
Event: 0.470 Thread 0x00000000023f0800 Exception <a 'java/security/PrivilegedActionException'> (0x00000000ead4b988) thrown at [C:\workspace\8-2-build-windows-amd64-cygwin\jdk8u31\2394\hotspot\src\share\vm\prims\jvm.cpp, line 1312]
Event: 0.471 Thread 0x00000000023f0800 Exception <a 'java/security/PrivilegedActionException'> (0x00000000ead50518) thrown at [C:\workspace\8-2-build-windows-amd64-cygwin\jdk8u31\2394\hotspot\src\share\vm\prims\jvm.cpp, line 1312]
Event: 0.472 Thread 0x00000000023f0800 Exception <a 'java/security/PrivilegedActionException'> (0x00000000ead54aa0) thrown at [C:\workspace\8-2-build-windows-amd64-cygwin\jdk8u31\2394\hotspot\src\share\vm\prims\jvm.cpp, line 1312]
Event: 0.472 Thread 0x00000000023f0800 Exception <a 'java/security/PrivilegedActionException'> (0x00000000ead59720) thrown at [C:\workspace\8-2-build-windows-amd64-cygwin\jdk8u31\2394\hotspot\src\share\vm\prims\jvm.cpp, line 1312]
Event: 0.473 Thread 0x00000000023f0800 Exception <a 'java/security/PrivilegedActionException'> (0x00000000ead5de48) thrown at [C:\workspace\8-2-build-windows-amd64-cygwin\jdk8u31\2394\hotspot\src\share\vm\prims\jvm.cpp, line 1312]
Event: 0.477 Thread 0x00000000023f0800 Exception <a 'java/security/PrivilegedActionException'> (0x00000000ead65548) thrown at [C:\workspace\8-2-build-windows-amd64-cygwin\jdk8u31\2394\hotspot\src\share\vm\prims\jvm.cpp, line 1312]
Event: 0.478 Thread 0x00000000023f0800 Exception <a 'java/security/PrivilegedActionException'> (0x00000000ead6ae98) thrown at [C:\workspace\8-2-build-windows-amd64-cygwin\jdk8u31\2394\hotspot\src\share\vm\prims\jvm.cpp, line 1312]
Event: 0.478 Thread 0x00000000023f0800 Exception <a 'java/security/PrivilegedActionException'> (0x00000000ead6d128) thrown at [C:\workspace\8-2-build-windows-amd64-cygwin\jdk8u31\2394\hotspot\src\share\vm\prims\jvm.cpp, line 1312]

Events (10 events):
Event: 0.477 loading class java/util/concurrent/Executors$DelegatedExecutorService done
Event: 0.477 loading class java/util/concurrent/Executors$FinalizableDelegatedExecutorService done
Event: 0.477 loading class com/android/dx/cf/direct/ClassPathOpener
Event: 0.477 loading class com/android/dx/cf/direct/ClassPathOpener done
Event: 0.478 loading class com/android/dx/cf/direct/ClassPathOpener$1
Event: 0.478 loading class com/android/dx/cf/direct/ClassPathOpener$1 done
Event: 0.478 loading class com/android/dx/command/dexer/Main$FileBytesConsumer
Event: 0.478 loading class com/android/dx/command/dexer/Main$FileBytesConsumer done
Event: 0.479 loading class java/util/zip/ZipFile$ZipEntryIterator
Event: 0.479 loading class java/util/zip/ZipFile$ZipEntryIterator done


Dynamic libraries:
0x00007ff7f4420000 - 0x00007ff7f4454000 	C:\Program Files\Java\jdk1.8.0_31\bin\java.exe
0x00007ffdcc080000 - 0x00007ffdcc22d000 	C:\WINDOWS\SYSTEM32\ntdll.dll
0x00007ffdc9ef0000 - 0x00007ffdca02e000 	C:\WINDOWS\system32\KERNEL32.DLL
0x00007ffdc9460000 - 0x00007ffdc9575000 	C:\WINDOWS\system32\KERNELBASE.dll
0x00007ffdc7d80000 - 0x00007ffdc7e0e000 	C:\WINDOWS\system32\apphelp.dll
0x00007ffdbcc80000 - 0x00007ffdbccd3000 	C:\WINDOWS\AppPatch\AppPatch64\AcGenral.DLL
0x00007ffdcbfd0000 - 0x00007ffdcc07a000 	C:\WINDOWS\system32\msvcrt.dll
0x00007ffdc9680000 - 0x00007ffdc96ae000 	C:\WINDOWS\system32\SspiCli.dll
0x00007ffdcbad0000 - 0x00007ffdcbb24000 	C:\WINDOWS\system32\SHLWAPI.dll
0x00007ffdca040000 - 0x00007ffdca1b7000 	C:\WINDOWS\system32\USER32.dll
0x00007ffdc9a50000 - 0x00007ffdc9be4000 	C:\WINDOWS\system32\ole32.dll
0x00007ffdca440000 - 0x00007ffdcb969000 	C:\WINDOWS\system32\SHELL32.dll
0x00007ffdc8780000 - 0x00007ffdc87a1000 	C:\WINDOWS\SYSTEM32\USERENV.dll
0x00007ffdc9c60000 - 0x00007ffdc9d0a000 	C:\WINDOWS\system32\ADVAPI32.dll
0x00007ffdc1b40000 - 0x00007ffdc1b5e000 	C:\WINDOWS\SYSTEM32\MPR.dll
0x00007ffdca300000 - 0x00007ffdca440000 	C:\WINDOWS\system32\RPCRT4.dll
0x00007ffdc9770000 - 0x00007ffdc97c9000 	C:\WINDOWS\SYSTEM32\sechost.dll
0x00007ffdcbbf0000 - 0x00007ffdcbe01000 	C:\WINDOWS\SYSTEM32\combase.dll
0x00007ffdcb980000 - 0x00007ffdcbacf000 	C:\WINDOWS\system32\GDI32.dll
0x00007ffdc91b0000 - 0x00007ffdc91c5000 	C:\WINDOWS\SYSTEM32\profapi.dll
0x00007ffdc7700000 - 0x00007ffdc77b2000 	C:\WINDOWS\SYSTEM32\SHCORE.dll
0x00007ffdc97d0000 - 0x00007ffdc9806000 	C:\WINDOWS\system32\IMM32.DLL
0x00007ffdc98f0000 - 0x00007ffdc9a42000 	C:\WINDOWS\system32\MSCTF.dll
0x00007ffdc6c60000 - 0x00007ffdc6edb000 	C:\WINDOWS\WinSxS\amd64_microsoft.windows.common-controls_6595b64144ccf1df_6.0.9600.18006_none_623f33d3ecbe86e8\COMCTL32.dll
0x0000000067c70000 - 0x0000000067d42000 	C:\Program Files\Java\jdk1.8.0_31\jre\bin\msvcr100.dll
0x0000000069d90000 - 0x000000006a5ea000 	C:\Program Files\Java\jdk1.8.0_31\jre\bin\server\jvm.dll
0x00007ffdb1620000 - 0x00007ffdb1629000 	C:\WINDOWS\SYSTEM32\WSOCK32.dll
0x00007ffdc6ee0000 - 0x00007ffdc6f02000 	C:\WINDOWS\SYSTEM32\WINMM.dll
0x00007ffdcb970000 - 0x00007ffdcb977000 	C:\WINDOWS\system32\PSAPI.DLL
0x00007ffdc9710000 - 0x00007ffdc976a000 	C:\WINDOWS\system32\WS2_32.dll
0x00007ffdc6c30000 - 0x00007ffdc6c5a000 	C:\WINDOWS\SYSTEM32\WINMMBASE.dll
0x00007ffdcbfc0000 - 0x00007ffdcbfc9000 	C:\WINDOWS\system32\NSI.dll
0x00007ffdc9580000 - 0x00007ffdc95cf000 	C:\WINDOWS\SYSTEM32\cfgmgr32.dll
0x00007ffdc7fd0000 - 0x00007ffdc7ff8000 	C:\WINDOWS\SYSTEM32\DEVOBJ.dll
0x000000006b0d0000 - 0x000000006b0df000 	C:\Program Files\Java\jdk1.8.0_31\jre\bin\verify.dll
0x000000006b0a0000 - 0x000000006b0c8000 	C:\Program Files\Java\jdk1.8.0_31\jre\bin\java.dll
0x000000006b080000 - 0x000000006b096000 	C:\Program Files\Java\jdk1.8.0_31\jre\bin\zip.dll
0x00007ffdc1910000 - 0x00007ffdc1a99000 	C:\WINDOWS\SYSTEM32\dbghelp.dll

VM Arguments:
jvm_args: -Djava.awt.headless=true -Xmx1024M -Dfile.encoding=windows-1252 -Duser.country=US -Duser.language=en -Duser.variant 
java_command: com.android.dx.command.Main --dex --force-jumbo --num-threads=4 --multi-dex --output C:\Users\eslam\AndroidStudioProjects\Popular-Movies\app\build\intermediates\transforms\dex\debug\folders\1000\10\com.android.support-support-v4-24.0.0_6a8883e037521353a8e34bfedbca03d35ae8eff9 C:\Users\eslam\AndroidStudioProjects\Popular-Movies\app\build\intermediates\exploded-aar\com.android.support\support-v4\24.0.0\jars\classes.jar
java_class_path (initial): F:\android-strudio-windows\sdk\sdk\build-tools\24.0.0\lib\dx.jar
Launcher Type: SUN_STANDARD

Environment Variables:
JAVA_HOME=C:\Program Files\Java\jdk1.8.0_31
PATH=E:\scala\activator-1.3.2-minimal;C:\sqlite;C:\Users\eslam\AppData\Roaming\npm;C:\Program Files\Git\cmd;C:\Program Files (x86)\Microsoft SQL Server\Client SDK\ODBC\110\Tools\Binn\;C:\Program Files (x86)\Microsoft SQL Server\120\Tools\Binn\ManagementStudio\;C:\Program Files (x86)\Microsoft SQL Server\120\Tools\Binn\;C:\Program Files (x86)\Microsoft SQL Server\120\DTS\Binn\;C:\sqlite;C:\Program Files (x86)\Brackets\command;C:\Program Files\nodejs\;C:\Program Files\Java\jre7\bin;C:\Users\eslam\AppData\Roaming\npm
USERNAME=eslam
OS=Windows_NT
PROCESSOR_IDENTIFIER=Intel64 Family 6 Model 58 Stepping 9, GenuineIntel



---------------  S Y S T E M  ---------------

OS: Windows 8.1 , 64 bit Build 9600 

CPU:total 4 (2 cores per cpu, 2 threads per core) family 6 model 58 stepping 9, cmov, cx8, fxsr, mmx, sse, sse2, sse3, ssse3, sse4.1, sse4.2, popcnt, avx, aes, clmul, erms, ht, tsc, tscinvbit, tscinv

Memory: 4k page, physical 6241508k(546272k free), swap 9387236k(108040k free)

vm_info: Java HotSpot(TM) 64-Bit Server VM (25.31-b07) for windows-amd64 JRE (1.8.0_31-b13), built on Dec 17 2014 21:00:28 by "java_re" with MS VC++ 10.0 (VS2010)

time: Wed Sep 21 20:53:20 2016
elapsed time: 3 seconds (0d 0h 0m 3s)

