#
# There is insufficient memory for the Java Runtime Environment to continue.
# Native memory allocation (malloc) failed to allocate 32744 bytes for ChunkPool::allocate
# Possible reasons:
#   The system is out of physical RAM or swap space
#   In 32 bit mode, the process size limit was hit
# Possible solutions:
#   Reduce memory load on the system
#   Increase physical memory or swap space
#   Check if swap backing store is full
#   Use 64 bit Java on a 64 bit OS
#   Decrease Java heap size (-Xmx/-Xms)
#   Decrease number of Java threads
#   Decrease Java thread stack sizes (-Xss)
#   Set larger code cache with -XX:ReservedCodeCacheSize=
# This output file may be truncated or incomplete.
#
#  Out of Memory Error (allocation.cpp:273), pid=10780, tid=17636
#
# JRE version: Java(TM) SE Runtime Environment (8.0_31-b13) (build 1.8.0_31-b13)
# Java VM: Java HotSpot(TM) 64-Bit Server VM (25.31-b07 mixed mode windows-amd64 compressed oops)
# Failed to write core dump. Minidumps are not enabled by default on client versions of Windows
#

---------------  T H R E A D  ---------------

Current thread (0x0000000015173800):  JavaThread "C1 CompilerThread2" daemon [_thread_in_native, id=17636, stack(0x0000000016880000,0x0000000016980000)]

Stack: [0x0000000016880000,0x0000000016980000]
Native frames: (J=compiled Java code, j=interpreted, Vv=VM code, C=native code)
V  [jvm.dll+0x3169ba]


Current CompileTask:
C1:   3639  118       3       sun.nio.cs.UTF_8$Decoder::decode (779 bytes)


---------------  P R O C E S S  ---------------

Java Threads: ( => current thread )
  0x000000001517a800 JavaThread "Service Thread" daemon [_thread_blocked, id=13760, stack(0x0000000016980000,0x0000000016a80000)]
=>0x0000000015173800 JavaThread "C1 CompilerThread2" daemon [_thread_in_native, id=17636, stack(0x0000000016880000,0x0000000016980000)]
  0x000000001516d000 JavaThread "C2 CompilerThread1" daemon [_thread_in_native, id=5892, stack(0x0000000016780000,0x0000000016880000)]
  0x000000001511d000 JavaThread "C2 CompilerThread0" daemon [_thread_in_native, id=18028, stack(0x0000000016680000,0x0000000016780000)]
  0x000000001511a800 JavaThread "Attach Listener" daemon [_thread_blocked, id=7864, stack(0x0000000016580000,0x0000000016680000)]
  0x0000000015119800 JavaThread "Signal Dispatcher" daemon [_thread_blocked, id=9380, stack(0x0000000016480000,0x0000000016580000)]
  0x0000000002a44800 JavaThread "Finalizer" daemon [_thread_blocked, id=13560, stack(0x0000000016380000,0x0000000016480000)]
  0x0000000002a3c000 JavaThread "Reference Handler" daemon [_thread_blocked, id=5400, stack(0x0000000016280000,0x0000000016380000)]
  0x0000000002950800 JavaThread "main" [_thread_blocked, id=5328, stack(0x00000000027c0000,0x00000000028c0000)]

Other Threads:
  0x00000000150e5800 VMThread [stack: 0x0000000016180000,0x0000000016280000] [id=11480]
  0x000000001517d000 WatcherThread [stack: 0x0000000016a80000,0x0000000016b80000] [id=10024]

VM state:not at safepoint (normal execution)

VM Mutex/Monitor currently owned by a thread: None

Heap:
 PSYoungGen      total 28672K, used 4922K [0x00000000eab00000, 0x00000000ecb00000, 0x0000000100000000)
  eden space 24576K, 20% used [0x00000000eab00000,0x00000000eafce998,0x00000000ec300000)
  from space 4096K, 0% used [0x00000000ec700000,0x00000000ec700000,0x00000000ecb00000)
  to   space 4096K, 0% used [0x00000000ec300000,0x00000000ec300000,0x00000000ec700000)
 ParOldGen       total 65536K, used 0K [0x00000000c0000000, 0x00000000c4000000, 0x00000000eab00000)
  object space 65536K, 0% used [0x00000000c0000000,0x00000000c0000000,0x00000000c4000000)
 Metaspace       used 3483K, capacity 4720K, committed 4864K, reserved 1056768K
  class space    used 380K, capacity 424K, committed 512K, reserved 1048576K

Card table byte_map: [0x0000000011e10000,0x0000000012020000] byte_map_base: 0x0000000011810000

Marking Bits: (ParMarkBitMap*) 0x000000006a56d4f0
 Begin Bits: [0x0000000012580000, 0x0000000013580000)
 End Bits:   [0x0000000013580000, 0x0000000014580000)

Polling page: 0x00000000028c0000

CodeCache: size=245760Kb used=1269Kb max_used=1269Kb free=244490Kb
 bounds [0x0000000002a50000, 0x0000000002cc0000, 0x0000000011a50000]
 total_blobs=363 nmethods=117 adapters=160
 compilation: enabled

Compilation events (10 events):
Event: 0.470 Thread 0x0000000015173800 nmethod 114 0x0000000002b8bf50 code [0x0000000002b8c0e0, 0x0000000002b8c5e8]
Event: 0.470 Thread 0x0000000015173800  113       1       java.util.zip.ZipCoder::isUTF8 (5 bytes)
Event: 0.470 Thread 0x0000000015173800 nmethod 113 0x0000000002b8c750 code [0x0000000002b8c8a0, 0x0000000002b8c9b0]
Event: 0.470 Thread 0x0000000015173800  115       1       sun.util.calendar.CalendarDate::isStandardTime (5 bytes)
Event: 0.470 Thread 0x0000000015173800 nmethod 115 0x0000000002b8ca10 code [0x0000000002b8cb60, 0x0000000002b8cc70]
Event: 0.470 Thread 0x0000000015173800  116       1       sun.util.calendar.BaseCalendar$Date::getCachedYear (5 bytes)
Event: 0.470 Thread 0x0000000015173800 nmethod 116 0x0000000002b8ccd0 code [0x0000000002b8ce20, 0x0000000002b8cf30]
Event: 0.472 Thread 0x0000000015173800  118       3       sun.nio.cs.UTF_8$Decoder::decode (779 bytes)
Event: 0.495 Thread 0x000000001516d000  134       4       java.lang.String::indexOf (70 bytes)
Event: 0.508 Thread 0x000000001511d000  140 %     4       java.lang.String::replace @ 20 (127 bytes)

GC Heap History (0 events):
No events

Deoptimization events (0 events):
No events

Internal exceptions (10 events):
Event: 0.454 Thread 0x0000000002950800 Exception <a 'java/security/PrivilegedActionException'> (0x00000000ead4b590) thrown at [C:\workspace\8-2-build-windows-amd64-cygwin\jdk8u31\2394\hotspot\src\share\vm\prims\jvm.cpp, line 1312]
Event: 0.455 Thread 0x0000000002950800 Exception <a 'java/security/PrivilegedActionException'> (0x00000000ead50120) thrown at [C:\workspace\8-2-build-windows-amd64-cygwin\jdk8u31\2394\hotspot\src\share\vm\prims\jvm.cpp, line 1312]
Event: 0.455 Thread 0x0000000002950800 Exception <a 'java/security/PrivilegedActionException'> (0x00000000ead546a8) thrown at [C:\workspace\8-2-build-windows-amd64-cygwin\jdk8u31\2394\hotspot\src\share\vm\prims\jvm.cpp, line 1312]
Event: 0.456 Thread 0x0000000002950800 Exception <a 'java/security/PrivilegedActionException'> (0x00000000ead59328) thrown at [C:\workspace\8-2-build-windows-amd64-cygwin\jdk8u31\2394\hotspot\src\share\vm\prims\jvm.cpp, line 1312]
Event: 0.458 Thread 0x0000000002950800 Exception <a 'java/security/PrivilegedActionException'> (0x00000000ead5da50) thrown at [C:\workspace\8-2-build-windows-amd64-cygwin\jdk8u31\2394\hotspot\src\share\vm\prims\jvm.cpp, line 1312]
Event: 0.461 Thread 0x0000000002950800 Exception <a 'java/security/PrivilegedActionException'> (0x00000000ead65150) thrown at [C:\workspace\8-2-build-windows-amd64-cygwin\jdk8u31\2394\hotspot\src\share\vm\prims\jvm.cpp, line 1312]
Event: 0.462 Thread 0x0000000002950800 Exception <a 'java/security/PrivilegedActionException'> (0x00000000ead6acf8) thrown at [C:\workspace\8-2-build-windows-amd64-cygwin\jdk8u31\2394\hotspot\src\share\vm\prims\jvm.cpp, line 1312]
Event: 0.462 Thread 0x0000000002950800 Exception <a 'java/security/PrivilegedActionException'> (0x00000000ead6cf88) thrown at [C:\workspace\8-2-build-windows-amd64-cygwin\jdk8u31\2394\hotspot\src\share\vm\prims\jvm.cpp, line 1312]
Event: 0.485 Thread 0x0000000002950800 Exception <a 'java/security/PrivilegedActionException'> (0x00000000ead8b850) thrown at [C:\workspace\8-2-build-windows-amd64-cygwin\jdk8u31\2394\hotspot\src\share\vm\prims\jvm.cpp, line 1312]
Event: 0.549 Thread 0x0000000002950800 Exception <a 'java/lang/OutOfMemoryError'> (0x00000000eafaf4c0) thrown at [C:\workspace\8-2-build-windows-amd64-cygwin\jdk8u31\2394\hotspot\src\share\vm\prims\jni.cpp, line 742]

Events (10 events):
Event: 0.488 loading class java/util/regex/Matcher done
Event: 0.548 loading class java/util/ArrayList$Itr
Event: 0.548 loading class java/util/ArrayList$Itr done
Event: 0.549 loading class java/util/zip/DataFormatException
Event: 0.549 loading class java/util/zip/DataFormatException done
Event: 0.549 loading class java/lang/Throwable$WrappedPrintStream
Event: 0.549 loading class java/lang/Throwable$PrintStreamOrWriter
Event: 0.549 loading class java/lang/Throwable$PrintStreamOrWriter done
Event: 0.549 loading class java/lang/Throwable$WrappedPrintStream done
Event: 0.549 loading class java/util/IdentityHashMap


Dynamic libraries:
0x00007ff7f4420000 - 0x00007ff7f4454000 	C:\Program Files\Java\jdk1.8.0_31\bin\java.exe
0x00007ffdcc080000 - 0x00007ffdcc22d000 	C:\WINDOWS\SYSTEM32\ntdll.dll
0x00007ffdc9ef0000 - 0x00007ffdca02e000 	C:\WINDOWS\system32\KERNEL32.DLL
0x00007ffdc9460000 - 0x00007ffdc9575000 	C:\WINDOWS\system32\KERNELBASE.dll
0x00007ffdc7d80000 - 0x00007ffdc7e0e000 	C:\WINDOWS\system32\apphelp.dll
0x00007ffdbcc80000 - 0x00007ffdbccd3000 	C:\WINDOWS\AppPatch\AppPatch64\AcGenral.DLL
0x00007ffdcbfd0000 - 0x00007ffdcc07a000 	C:\WINDOWS\system32\msvcrt.dll
0x00007ffdc9680000 - 0x00007ffdc96ae000 	C:\WINDOWS\system32\SspiCli.dll
0x00007ffdcbad0000 - 0x00007ffdcbb24000 	C:\WINDOWS\system32\SHLWAPI.dll
0x00007ffdca040000 - 0x00007ffdca1b7000 	C:\WINDOWS\system32\USER32.dll
0x00007ffdc9a50000 - 0x00007ffdc9be4000 	C:\WINDOWS\system32\ole32.dll
0x00007ffdca440000 - 0x00007ffdcb969000 	C:\WINDOWS\system32\SHELL32.dll
0x00007ffdc8780000 - 0x00007ffdc87a1000 	C:\WINDOWS\SYSTEM32\USERENV.dll
0x00007ffdc9c60000 - 0x00007ffdc9d0a000 	C:\WINDOWS\system32\ADVAPI32.dll
0x00007ffdc1b40000 - 0x00007ffdc1b5e000 	C:\WINDOWS\SYSTEM32\MPR.dll
0x00007ffdca300000 - 0x00007ffdca440000 	C:\WINDOWS\system32\RPCRT4.dll
0x00007ffdc9770000 - 0x00007ffdc97c9000 	C:\WINDOWS\SYSTEM32\sechost.dll
0x00007ffdcbbf0000 - 0x00007ffdcbe01000 	C:\WINDOWS\SYSTEM32\combase.dll
0x00007ffdcb980000 - 0x00007ffdcbacf000 	C:\WINDOWS\system32\GDI32.dll
0x00007ffdc91b0000 - 0x00007ffdc91c5000 	C:\WINDOWS\SYSTEM32\profapi.dll
0x00007ffdc7700000 - 0x00007ffdc77b2000 	C:\WINDOWS\SYSTEM32\SHCORE.dll
0x00007ffdc97d0000 - 0x00007ffdc9806000 	C:\WINDOWS\system32\IMM32.DLL
0x00007ffdc98f0000 - 0x00007ffdc9a42000 	C:\WINDOWS\system32\MSCTF.dll
0x00007ffdc6c60000 - 0x00007ffdc6edb000 	C:\WINDOWS\WinSxS\amd64_microsoft.windows.common-controls_6595b64144ccf1df_6.0.9600.18006_none_623f33d3ecbe86e8\COMCTL32.dll
0x0000000067c70000 - 0x0000000067d42000 	C:\Program Files\Java\jdk1.8.0_31\jre\bin\msvcr100.dll
0x0000000069d90000 - 0x000000006a5ea000 	C:\Program Files\Java\jdk1.8.0_31\jre\bin\server\jvm.dll
0x00007ffdb1620000 - 0x00007ffdb1629000 	C:\WINDOWS\SYSTEM32\WSOCK32.dll
0x00007ffdc6ee0000 - 0x00007ffdc6f02000 	C:\WINDOWS\SYSTEM32\WINMM.dll
0x00007ffdcb970000 - 0x00007ffdcb977000 	C:\WINDOWS\system32\PSAPI.DLL
0x00007ffdc9710000 - 0x00007ffdc976a000 	C:\WINDOWS\system32\WS2_32.dll
0x00007ffdc6c30000 - 0x00007ffdc6c5a000 	C:\WINDOWS\SYSTEM32\WINMMBASE.dll
0x00007ffdcbfc0000 - 0x00007ffdcbfc9000 	C:\WINDOWS\system32\NSI.dll
0x00007ffdc9580000 - 0x00007ffdc95cf000 	C:\WINDOWS\SYSTEM32\cfgmgr32.dll
0x00007ffdc7fd0000 - 0x00007ffdc7ff8000 	C:\WINDOWS\SYSTEM32\DEVOBJ.dll
0x000000006b0d0000 - 0x000000006b0df000 	C:\Program Files\Java\jdk1.8.0_31\jre\bin\verify.dll
0x000000006b0a0000 - 0x000000006b0c8000 	C:\Program Files\Java\jdk1.8.0_31\jre\bin\java.dll
0x000000006b080000 - 0x000000006b096000 	C:\Program Files\Java\jdk1.8.0_31\jre\bin\zip.dll
0x00007ffdc1910000 - 0x00007ffdc1a99000 	C:\WINDOWS\SYSTEM32\dbghelp.dll

VM Arguments:
jvm_args: -Djava.awt.headless=true -Xmx1024M -Dfile.encoding=windows-1252 -Duser.country=US -Duser.language=en -Duser.variant 
java_command: com.android.dx.command.Main --dex --force-jumbo --num-threads=4 --multi-dex --output C:\Users\eslam\AndroidStudioProjects\Popular-Movies\app\build\intermediates\transforms\dex\debug\folders\1000\10\gson-2.6.2_3ca31ad644ce47db10109d55cf38e597a82e8b9f C:\Users\eslam\.gradle\caches\modules-2\files-2.1\com.google.code.gson\gson\2.6.2\f1bc476cc167b18e66c297df599b2377131a8947\gson-2.6.2.jar
java_class_path (initial): F:\android-strudio-windows\sdk\sdk\build-tools\24.0.0\lib\dx.jar
Launcher Type: SUN_STANDARD

Environment Variables:
JAVA_HOME=C:\Program Files\Java\jdk1.8.0_31
PATH=E:\scala\activator-1.3.2-minimal;C:\sqlite;C:\Users\eslam\AppData\Roaming\npm;C:\Program Files\Git\cmd;C:\Program Files (x86)\Microsoft SQL Server\Client SDK\ODBC\110\Tools\Binn\;C:\Program Files (x86)\Microsoft SQL Server\120\Tools\Binn\ManagementStudio\;C:\Program Files (x86)\Microsoft SQL Server\120\Tools\Binn\;C:\Program Files (x86)\Microsoft SQL Server\120\DTS\Binn\;C:\sqlite;C:\Program Files (x86)\Brackets\command;C:\Program Files\nodejs\;C:\Program Files\Java\jre7\bin;C:\Users\eslam\AppData\Roaming\npm
USERNAME=eslam
OS=Windows_NT
PROCESSOR_IDENTIFIER=Intel64 Family 6 Model 58 Stepping 9, GenuineIntel



---------------  S Y S T E M  ---------------

OS: Windows 8.1 , 64 bit Build 9600 

CPU:total 4 (2 cores per cpu, 2 threads per core) family 6 model 58 stepping 9, cmov, cx8, fxsr, mmx, sse, sse2, sse3, ssse3, sse4.1, sse4.2, popcnt, avx, aes, clmul, erms, ht, tsc, tscinvbit, tscinv

Memory: 4k page, physical 6241508k(546276k free), swap 9387236k(108040k free)

vm_info: Java HotSpot(TM) 64-Bit Server VM (25.31-b07) for windows-amd64 JRE (1.8.0_31-b13), built on Dec 17 2014 21:00:28 by "java_re" with MS VC++ 10.0 (VS2010)

time: Wed Sep 21 20:53:20 2016
elapsed time: 3 seconds (0d 0h 0m 3s)

