#
# There is insufficient memory for the Java Runtime Environment to continue.
# Native memory allocation (malloc) failed to allocate 426416 bytes for Chunk::new
# Possible reasons:
#   The system is out of physical RAM or swap space
#   In 32 bit mode, the process size limit was hit
# Possible solutions:
#   Reduce memory load on the system
#   Increase physical memory or swap space
#   Check if swap backing store is full
#   Use 64 bit Java on a 64 bit OS
#   Decrease Java heap size (-Xmx/-Xms)
#   Decrease number of Java threads
#   Decrease Java thread stack sizes (-Xss)
#   Set larger code cache with -XX:ReservedCodeCacheSize=
# This output file may be truncated or incomplete.
#
#  Out of Memory Error (allocation.cpp:390), pid=12600, tid=4568
#
# JRE version: Java(TM) SE Runtime Environment (8.0_31-b13) (build 1.8.0_31-b13)
# Java VM: Java HotSpot(TM) 64-Bit Server VM (25.31-b07 mixed mode windows-amd64 compressed oops)
# Failed to write core dump. Minidumps are not enabled by default on client versions of Windows
#

---------------  T H R E A D  ---------------

Current thread (0x0000000014c8c000):  JavaThread "C2 CompilerThread0" daemon [_thread_in_native, id=4568, stack(0x00000000161f0000,0x00000000162f0000)]

Stack: [0x00000000161f0000,0x00000000162f0000]
Native frames: (J=compiled Java code, j=interpreted, Vv=VM code, C=native code)
V  [jvm.dll+0x3169ba]
V  [jvm.dll+0x2674c3]
V  [jvm.dll+0x268103]
V  [jvm.dll+0x25f8f5]
V  [jvm.dll+0xbf025]
V  [jvm.dll+0xbf4cc]
V  [jvm.dll+0x495871]
V  [jvm.dll+0x4469cc]
V  [jvm.dll+0x451bce]
V  [jvm.dll+0x4541b8]
V  [jvm.dll+0x437c62]
V  [jvm.dll+0x988e2]
V  [jvm.dll+0x990d3]
V  [jvm.dll+0x22c194]
V  [jvm.dll+0x28576a]
C  [msvcr100.dll+0x21d9f]
C  [msvcr100.dll+0x21e3b]
C  [KERNEL32.DLL+0x13d2]
C  [ntdll.dll+0x154e4]


Current CompileTask:
C2:   3512 1397   !   4       com.android.dx.cf.cst.ConstantPoolParser::parse0 (731 bytes)


---------------  P R O C E S S  ---------------

Java Threads: ( => current thread )
  0x000000001696b000 JavaThread "pool-1-thread-1" [_thread_in_Java, id=4308, stack(0x00000000172f0000,0x00000000173f0000)]
  0x0000000014cea800 JavaThread "Service Thread" daemon [_thread_blocked, id=156, stack(0x00000000164f0000,0x00000000165f0000)]
  0x0000000014cdb800 JavaThread "C1 CompilerThread2" daemon [_thread_blocked, id=18116, stack(0x00000000163f0000,0x00000000164f0000)]
  0x0000000014c8f000 JavaThread "C2 CompilerThread1" daemon [_thread_in_native, id=17820, stack(0x00000000162f0000,0x00000000163f0000)]
=>0x0000000014c8c000 JavaThread "C2 CompilerThread0" daemon [_thread_in_native, id=4568, stack(0x00000000161f0000,0x00000000162f0000)]
  0x0000000014c89800 JavaThread "Attach Listener" daemon [_thread_blocked, id=17300, stack(0x00000000160f0000,0x00000000161f0000)]
  0x0000000014c88800 JavaThread "Signal Dispatcher" daemon [_thread_blocked, id=19428, stack(0x0000000015ff0000,0x00000000160f0000)]
  0x00000000025af000 JavaThread "Finalizer" daemon [_thread_blocked, id=11688, stack(0x0000000015ef0000,0x0000000015ff0000)]
  0x00000000025ac000 JavaThread "Reference Handler" daemon [_thread_blocked, id=6448, stack(0x0000000015df0000,0x0000000015ef0000)]
  0x00000000024c0800 JavaThread "main" [_thread_blocked, id=17552, stack(0x00000000023c0000,0x00000000024c0000)]

Other Threads:
  0x0000000014c56000 VMThread [stack: 0x0000000015cf0000,0x0000000015df0000] [id=16888]
  0x0000000014ced800 WatcherThread [stack: 0x00000000165f0000,0x00000000166f0000] [id=10268]

VM state:not at safepoint (normal execution)

VM Mutex/Monitor currently owned by a thread: None

Heap:
 PSYoungGen      total 53248K, used 36901K [0x00000000eab00000, 0x00000000ee300000, 0x0000000100000000)
  eden space 49152K, 66% used [0x00000000eab00000,0x00000000ecb115d0,0x00000000edb00000)
  from space 4096K, 99% used [0x00000000edb00000,0x00000000edef8010,0x00000000edf00000)
  to   space 4096K, 0% used [0x00000000edf00000,0x00000000edf00000,0x00000000ee300000)
 ParOldGen       total 65536K, used 10183K [0x00000000c0000000, 0x00000000c4000000, 0x00000000eab00000)
  object space 65536K, 15% used [0x00000000c0000000,0x00000000c09f1ce0,0x00000000c4000000)
 Metaspace       used 6249K, capacity 7152K, committed 7296K, reserved 1056768K
  class space    used 597K, capacity 616K, committed 640K, reserved 1048576K

Card table byte_map: [0x0000000011980000,0x0000000011b90000] byte_map_base: 0x0000000011380000

Marking Bits: (ParMarkBitMap*) 0x000000006a56d4f0
 Begin Bits: [0x00000000120f0000, 0x00000000130f0000)
 End Bits:   [0x00000000130f0000, 0x00000000140f0000)

Polling page: 0x0000000000b60000

CodeCache: size=245760Kb used=6448Kb max_used=6448Kb free=239312Kb
 bounds [0x00000000025c0000, 0x0000000002c10000, 0x00000000115c0000]
 total_blobs=1922 nmethods=1656 adapters=178
 compilation: disabled (not enough contiguous free space left)

Compilation events (10 events):
Event: 2.960 Thread 0x0000000014cdb800 1652       2       com.android.dx.cf.code.LocalVariableList::get (9 bytes)
Event: 2.960 Thread 0x0000000014cdb800 nmethod 1652 0x0000000002bfb890 code [0x0000000002bfba00, 0x0000000002bfbba8]
Event: 2.960 Thread 0x0000000014cdb800 1655       2       com.android.dx.cf.code.ExecutionStack::makeInitialized (51 bytes)
Event: 2.961 Thread 0x0000000014cdb800 nmethod 1655 0x0000000002bfbc50 code [0x0000000002bfbde0, 0x0000000002bfc158]
Event: 2.961 Thread 0x0000000014cdb800 1653       2       com.android.dx.cf.code.LocalVariableList::set (21 bytes)
Event: 2.961 Thread 0x0000000014cdb800 nmethod 1653 0x0000000002bfc3d0 code [0x0000000002bfc580, 0x0000000002bfca38]
Event: 2.961 Thread 0x0000000014cdb800 1654       2       com.android.dx.rop.type.Type::asUninitialized (140 bytes)
Event: 2.962 Thread 0x0000000014cdb800 nmethod 1654 0x0000000002bfced0 code [0x0000000002bfd120, 0x0000000002bfdb78]
Event: 2.963 Thread 0x0000000014cdb800 1656       2       java.util.HashMap$HashIterator::nextNode (100 bytes)
Event: 2.963 Thread 0x0000000014cdb800 nmethod 1656 0x0000000002bfe250 code [0x0000000002bfe3e0, 0x0000000002bfe738]

GC Heap History (4 events):
Event: 1.837 GC heap before
{Heap before GC invocations=1 (full 0):
 PSYoungGen      total 28672K, used 24576K [0x00000000eab00000, 0x00000000ecb00000, 0x0000000100000000)
  eden space 24576K, 100% used [0x00000000eab00000,0x00000000ec300000,0x00000000ec300000)
  from space 4096K, 0% used [0x00000000ec700000,0x00000000ec700000,0x00000000ecb00000)
  to   space 4096K, 0% used [0x00000000ec300000,0x00000000ec300000,0x00000000ec700000)
 ParOldGen       total 65536K, used 0K [0x00000000c0000000, 0x00000000c4000000, 0x00000000eab00000)
  object space 65536K, 0% used [0x00000000c0000000,0x00000000c0000000,0x00000000c4000000)
 Metaspace       used 5828K, capacity 6832K, committed 7040K, reserved 1056768K
  class space    used 588K, capacity 616K, committed 640K, reserved 1048576K
Event: 1.917 GC heap after
Heap after GC invocations=1 (full 0):
 PSYoungGen      total 28672K, used 4065K [0x00000000eab00000, 0x00000000ee300000, 0x0000000100000000)
  eden space 24576K, 0% used [0x00000000eab00000,0x00000000eab00000,0x00000000ec300000)
  from space 4096K, 99% used [0x00000000ec300000,0x00000000ec6f84f0,0x00000000ec700000)
  to   space 4096K, 0% used [0x00000000edf00000,0x00000000edf00000,0x00000000ee300000)
 ParOldGen       total 65536K, used 494K [0x00000000c0000000, 0x00000000c4000000, 0x00000000eab00000)
  object space 65536K, 0% used [0x00000000c0000000,0x00000000c007bb40,0x00000000c4000000)
 Metaspace       used 5828K, capacity 6832K, committed 7040K, reserved 1056768K
  class space    used 588K, capacity 616K, committed 640K, reserved 1048576K
}
Event: 2.626 GC heap before
{Heap before GC invocations=2 (full 0):
 PSYoungGen      total 28672K, used 28641K [0x00000000eab00000, 0x00000000ee300000, 0x0000000100000000)
  eden space 24576K, 100% used [0x00000000eab00000,0x00000000ec300000,0x00000000ec300000)
  from space 4096K, 99% used [0x00000000ec300000,0x00000000ec6f84f0,0x00000000ec700000)
  to   space 4096K, 0% used [0x00000000edf00000,0x00000000edf00000,0x00000000ee300000)
 ParOldGen       total 65536K, used 494K [0x00000000c0000000, 0x00000000c4000000, 0x00000000eab00000)
  object space 65536K, 0% used [0x00000000c0000000,0x00000000c007bb40,0x00000000c4000000)
 Metaspace       used 6075K, capacity 7024K, committed 7296K, reserved 1056768K
  class space    used 589K, capacity 616K, committed 640K, reserved 1048576K
Event: 2.637 GC heap after
Heap after GC invocations=2 (full 0):
 PSYoungGen      total 53248K, used 4071K [0x00000000eab00000, 0x00000000ee300000, 0x0000000100000000)
  eden space 49152K, 0% used [0x00000000eab00000,0x00000000eab00000,0x00000000edb00000)
  from space 4096K, 99% used [0x00000000edf00000,0x00000000ee2f9c98,0x00000000ee300000)
  to   space 4096K, 0% used [0x00000000edb00000,0x00000000edb00000,0x00000000edf00000)
 ParOldGen       total 65536K, used 2509K [0x00000000c0000000, 0x00000000c4000000, 0x00000000eab00000)
  object space 65536K, 3% used [0x00000000c0000000,0x00000000c02734f8,0x00000000c4000000)
 Metaspace       used 6075K, capacity 7024K, committed 7296K, reserved 1056768K
  class space    used 589K, capacity 616K, committed 640K, reserved 1048576K
}

Deoptimization events (1 events):
Event: 1.964 Thread 0x0000000016934800 Uncommon trap: reason=unreached action=reinterpret pc=0x00000000029b9b5c method=com.android.dx.rop.cst.Constant.compareTo(Lcom/android/dx/rop/cst/Constant;)I @ 12

Internal exceptions (10 events):
Event: 1.465 Thread 0x00000000024c0800 Exception <a 'java/security/PrivilegedActionException'> (0x00000000ebe55a00) thrown at [C:\workspace\8-2-build-windows-amd64-cygwin\jdk8u31\2394\hotspot\src\share\vm\prims\jvm.cpp, line 1312]
Event: 1.785 Thread 0x00000000024c0800 Exception <a 'java/security/PrivilegedActionException'> (0x00000000ec0e9d68) thrown at [C:\workspace\8-2-build-windows-amd64-cygwin\jdk8u31\2394\hotspot\src\share\vm\prims\jvm.cpp, line 1312]
Event: 1.789 Thread 0x00000000024c0800 Exception <a 'java/security/PrivilegedActionException'> (0x00000000ec0f41c8) thrown at [C:\workspace\8-2-build-windows-amd64-cygwin\jdk8u31\2394\hotspot\src\share\vm\prims\jvm.cpp, line 1312]
Event: 1.790 Thread 0x00000000024c0800 Exception <a 'java/security/PrivilegedActionException'> (0x00000000ec0f6a90) thrown at [C:\workspace\8-2-build-windows-amd64-cygwin\jdk8u31\2394\hotspot\src\share\vm\prims\jvm.cpp, line 1312]
Event: 1.796 Thread 0x0000000016934800 Exception <a 'java/security/PrivilegedActionException'> (0x00000000ec0a5df0) thrown at [C:\workspace\8-2-build-windows-amd64-cygwin\jdk8u31\2394\hotspot\src\share\vm\prims\jvm.cpp, line 1312]
Event: 1.796 Thread 0x0000000016934800 Exception <a 'java/security/PrivilegedActionException'> (0x00000000ec0ab750) thrown at [C:\workspace\8-2-build-windows-amd64-cygwin\jdk8u31\2394\hotspot\src\share\vm\prims\jvm.cpp, line 1312]
Event: 1.797 Thread 0x0000000016934800 Exception <a 'java/security/PrivilegedActionException'> (0x00000000ec0b0d88) thrown at [C:\workspace\8-2-build-windows-amd64-cygwin\jdk8u31\2394\hotspot\src\share\vm\prims\jvm.cpp, line 1312]
Event: 2.701 Thread 0x00000000024c0800 Exception <a 'java/security/PrivilegedActionException'> (0x00000000eb1dec38) thrown at [C:\workspace\8-2-build-windows-amd64-cygwin\jdk8u31\2394\hotspot\src\share\vm\prims\jvm.cpp, line 1312]
Event: 2.701 Thread 0x00000000024c0800 Exception <a 'java/security/PrivilegedActionException'> (0x00000000eb1e12f0) thrown at [C:\workspace\8-2-build-windows-amd64-cygwin\jdk8u31\2394\hotspot\src\share\vm\prims\jvm.cpp, line 1312]
Event: 2.961 Thread 0x00000000169b3000 Exception <a 'java/security/PrivilegedActionException'> (0x00000000ec3e4510) thrown at [C:\workspace\8-2-build-windows-amd64-cygwin\jdk8u31\2394\hotspot\src\share\vm\prims\jvm.cpp, line 1312]

Events (10 events):
Event: 2.691 Thread 0x000000001696b000 DEOPT PACKING pc=0x000000000282c381 sp=0x00000000173eeaa0
Event: 2.691 Thread 0x000000001696b000 DEOPT UNPACKING pc=0x00000000026075bf sp=0x00000000173ee868 mode 0
Event: 2.701 loading class com/android/dx/cf/attrib/AttRuntimeInvisibleAnnotations
Event: 2.701 loading class com/android/dx/cf/attrib/AttRuntimeInvisibleAnnotations done
Event: 2.701 loading class com/android/dx/cf/attrib/BaseAnnotations
Event: 2.701 loading class com/android/dx/cf/attrib/BaseAnnotations done
Event: 2.760 Thread 0x000000001696b000 DEOPT PACKING pc=0x000000000282c381 sp=0x00000000173ee960
Event: 2.760 Thread 0x000000001696b000 DEOPT UNPACKING pc=0x00000000026075bf sp=0x00000000173ee728 mode 0
Event: 2.961 loading class com/android/dx/cf/code/SwitchList
Event: 2.961 loading class com/android/dx/cf/code/SwitchList done


Dynamic libraries:
0x00007ff7f4420000 - 0x00007ff7f4454000 	C:\Program Files\Java\jdk1.8.0_31\bin\java.exe
0x00007ffdcc080000 - 0x00007ffdcc22d000 	C:\WINDOWS\SYSTEM32\ntdll.dll
0x00007ffdc9ef0000 - 0x00007ffdca02e000 	C:\WINDOWS\system32\KERNEL32.DLL
0x00007ffdc9460000 - 0x00007ffdc9575000 	C:\WINDOWS\system32\KERNELBASE.dll
0x00007ffdc7d80000 - 0x00007ffdc7e0e000 	C:\WINDOWS\system32\apphelp.dll
0x00007ffdbcc80000 - 0x00007ffdbccd3000 	C:\WINDOWS\AppPatch\AppPatch64\AcGenral.DLL
0x00007ffdcbfd0000 - 0x00007ffdcc07a000 	C:\WINDOWS\system32\msvcrt.dll
0x00007ffdc9680000 - 0x00007ffdc96ae000 	C:\WINDOWS\system32\SspiCli.dll
0x00007ffdcbad0000 - 0x00007ffdcbb24000 	C:\WINDOWS\system32\SHLWAPI.dll
0x00007ffdca040000 - 0x00007ffdca1b7000 	C:\WINDOWS\system32\USER32.dll
0x00007ffdc9a50000 - 0x00007ffdc9be4000 	C:\WINDOWS\system32\ole32.dll
0x00007ffdca440000 - 0x00007ffdcb969000 	C:\WINDOWS\system32\SHELL32.dll
0x00007ffdc8780000 - 0x00007ffdc87a1000 	C:\WINDOWS\SYSTEM32\USERENV.dll
0x00007ffdc9c60000 - 0x00007ffdc9d0a000 	C:\WINDOWS\system32\ADVAPI32.dll
0x00007ffdc1b40000 - 0x00007ffdc1b5e000 	C:\WINDOWS\SYSTEM32\MPR.dll
0x00007ffdca300000 - 0x00007ffdca440000 	C:\WINDOWS\system32\RPCRT4.dll
0x00007ffdc9770000 - 0x00007ffdc97c9000 	C:\WINDOWS\SYSTEM32\sechost.dll
0x00007ffdcbbf0000 - 0x00007ffdcbe01000 	C:\WINDOWS\SYSTEM32\combase.dll
0x00007ffdcb980000 - 0x00007ffdcbacf000 	C:\WINDOWS\system32\GDI32.dll
0x00007ffdc91b0000 - 0x00007ffdc91c5000 	C:\WINDOWS\SYSTEM32\profapi.dll
0x00007ffdc7700000 - 0x00007ffdc77b2000 	C:\WINDOWS\SYSTEM32\SHCORE.dll
0x00007ffdc97d0000 - 0x00007ffdc9806000 	C:\WINDOWS\system32\IMM32.DLL
0x00007ffdc98f0000 - 0x00007ffdc9a42000 	C:\WINDOWS\system32\MSCTF.dll
0x00007ffdc6c60000 - 0x00007ffdc6edb000 	C:\WINDOWS\WinSxS\amd64_microsoft.windows.common-controls_6595b64144ccf1df_6.0.9600.18006_none_623f33d3ecbe86e8\COMCTL32.dll
0x0000000067c70000 - 0x0000000067d42000 	C:\Program Files\Java\jdk1.8.0_31\jre\bin\msvcr100.dll
0x0000000069d90000 - 0x000000006a5ea000 	C:\Program Files\Java\jdk1.8.0_31\jre\bin\server\jvm.dll
0x00007ffdb1620000 - 0x00007ffdb1629000 	C:\WINDOWS\SYSTEM32\WSOCK32.dll
0x00007ffdc6ee0000 - 0x00007ffdc6f02000 	C:\WINDOWS\SYSTEM32\WINMM.dll
0x00007ffdcb970000 - 0x00007ffdcb977000 	C:\WINDOWS\system32\PSAPI.DLL
0x00007ffdc9710000 - 0x00007ffdc976a000 	C:\WINDOWS\system32\WS2_32.dll
0x00007ffdc6c30000 - 0x00007ffdc6c5a000 	C:\WINDOWS\SYSTEM32\WINMMBASE.dll
0x00007ffdcbfc0000 - 0x00007ffdcbfc9000 	C:\WINDOWS\system32\NSI.dll
0x00007ffdc9580000 - 0x00007ffdc95cf000 	C:\WINDOWS\SYSTEM32\cfgmgr32.dll
0x00007ffdc7fd0000 - 0x00007ffdc7ff8000 	C:\WINDOWS\SYSTEM32\DEVOBJ.dll
0x000000006b0d0000 - 0x000000006b0df000 	C:\Program Files\Java\jdk1.8.0_31\jre\bin\verify.dll
0x000000006b0a0000 - 0x000000006b0c8000 	C:\Program Files\Java\jdk1.8.0_31\jre\bin\java.dll
0x000000006b080000 - 0x000000006b096000 	C:\Program Files\Java\jdk1.8.0_31\jre\bin\zip.dll
0x00007ffdc1910000 - 0x00007ffdc1a99000 	C:\WINDOWS\SYSTEM32\dbghelp.dll

VM Arguments:
jvm_args: -Djava.awt.headless=true -Xmx1024M -Dfile.encoding=windows-1252 -Duser.country=US -Duser.language=en -Duser.variant 
java_command: com.android.dx.command.Main --dex --force-jumbo --num-threads=4 --multi-dex --output C:\Users\eslam\AndroidStudioProjects\Popular-Movies\app\build\intermediates\transforms\dex\debug\folders\1000\10\internal_impl-24.0.0_a573522fa0871457ba83c3ea3db831ec2a362362 C:\Users\eslam\AndroidStudioProjects\Popular-Movies\app\build\intermediates\exploded-aar\com.android.support\support-v4\24.0.0\jars\libs\internal_impl-24.0.0.jar
java_class_path (initial): F:\android-strudio-windows\sdk\sdk\build-tools\24.0.0\lib\dx.jar
Launcher Type: SUN_STANDARD

Environment Variables:
JAVA_HOME=C:\Program Files\Java\jdk1.8.0_31
PATH=E:\scala\activator-1.3.2-minimal;C:\sqlite;C:\Users\eslam\AppData\Roaming\npm;C:\Program Files\Git\cmd;C:\Program Files (x86)\Microsoft SQL Server\Client SDK\ODBC\110\Tools\Binn\;C:\Program Files (x86)\Microsoft SQL Server\120\Tools\Binn\ManagementStudio\;C:\Program Files (x86)\Microsoft SQL Server\120\Tools\Binn\;C:\Program Files (x86)\Microsoft SQL Server\120\DTS\Binn\;C:\sqlite;C:\Program Files (x86)\Brackets\command;C:\Program Files\nodejs\;C:\Program Files\Java\jre7\bin;C:\Users\eslam\AppData\Roaming\npm
USERNAME=eslam
OS=Windows_NT
PROCESSOR_IDENTIFIER=Intel64 Family 6 Model 58 Stepping 9, GenuineIntel



---------------  S Y S T E M  ---------------

OS: Windows 8.1 , 64 bit Build 9600 

CPU:total 4 (2 cores per cpu, 2 threads per core) family 6 model 58 stepping 9, cmov, cx8, fxsr, mmx, sse, sse2, sse3, ssse3, sse4.1, sse4.2, popcnt, avx, aes, clmul, erms, ht, tsc, tscinvbit, tscinv

Memory: 4k page, physical 6241508k(376828k free), swap 9387236k(181020k free)

vm_info: Java HotSpot(TM) 64-Bit Server VM (25.31-b07) for windows-amd64 JRE (1.8.0_31-b13), built on Dec 17 2014 21:00:28 by "java_re" with MS VC++ 10.0 (VS2010)

time: Wed Sep 21 23:50:35 2016
elapsed time: 3 seconds (0d 0h 0m 3s)

