#
# There is insufficient memory for the Java Runtime Environment to continue.
# Native memory allocation (malloc) failed to allocate 1083376 bytes for Chunk::new
# Possible reasons:
#   The system is out of physical RAM or swap space
#   In 32 bit mode, the process size limit was hit
# Possible solutions:
#   Reduce memory load on the system
#   Increase physical memory or swap space
#   Check if swap backing store is full
#   Use 64 bit Java on a 64 bit OS
#   Decrease Java heap size (-Xmx/-Xms)
#   Decrease number of Java threads
#   Decrease Java thread stack sizes (-Xss)
#   Set larger code cache with -XX:ReservedCodeCacheSize=
# This output file may be truncated or incomplete.
#
#  Out of Memory Error (allocation.cpp:390), pid=13080, tid=9452
#
# JRE version: Java(TM) SE Runtime Environment (8.0_31-b13) (build 1.8.0_31-b13)
# Java VM: Java HotSpot(TM) 64-Bit Server VM (25.31-b07 mixed mode windows-amd64 compressed oops)
# Failed to write core dump. Minidumps are not enabled by default on client versions of Windows
#

---------------  T H R E A D  ---------------

Current thread (0x00000000148ad000):  JavaThread "C2 CompilerThread0" daemon [_thread_in_native, id=9452, stack(0x0000000015e10000,0x0000000015f10000)]

Stack: [0x0000000015e10000,0x0000000015f10000]
Native frames: (J=compiled Java code, j=interpreted, Vv=VM code, C=native code)
V  [jvm.dll+0x3169ba]
V  [jvm.dll+0x2674c3]
V  [jvm.dll+0x268103]
V  [jvm.dll+0x25f8f5]
V  [jvm.dll+0xbf025]
V  [jvm.dll+0xbf4cc]
V  [jvm.dll+0x45df82]
V  [jvm.dll+0x49f21f]
V  [jvm.dll+0x453401]
V  [jvm.dll+0x454124]
V  [jvm.dll+0x437c62]
V  [jvm.dll+0x988e2]
V  [jvm.dll+0x990d3]
V  [jvm.dll+0x22c194]
V  [jvm.dll+0x28576a]
C  [msvcr100.dll+0x21d9f]
C  [msvcr100.dll+0x21e3b]
C  [KERNEL32.DLL+0x13d2]
C  [ntdll.dll+0x154e4]


Current CompileTask:
C2:   9617 2271 %     4       com.android.dx.ssa.ConstCollector::getConstsSortedByCountUse @ 27 (386 bytes)


---------------  P R O C E S S  ---------------

Java Threads: ( => current thread )
  0x00000000166a8000 JavaThread "pool-1-thread-1" [_thread_in_Java, id=13500, stack(0x0000000017010000,0x0000000017110000)]
  0x000000001490b800 JavaThread "Service Thread" daemon [_thread_blocked, id=4300, stack(0x0000000016110000,0x0000000016210000)]
  0x0000000014903800 JavaThread "C1 CompilerThread2" daemon [_thread_blocked, id=11024, stack(0x0000000016010000,0x0000000016110000)]
  0x00000000148fd800 JavaThread "C2 CompilerThread1" daemon [_thread_in_native, id=9092, stack(0x0000000015f10000,0x0000000016010000)]
=>0x00000000148ad000 JavaThread "C2 CompilerThread0" daemon [_thread_in_native, id=9452, stack(0x0000000015e10000,0x0000000015f10000)]
  0x00000000148aa800 JavaThread "Attach Listener" daemon [_thread_blocked, id=6968, stack(0x0000000015d10000,0x0000000015e10000)]
  0x00000000148a9800 JavaThread "Signal Dispatcher" daemon [_thread_blocked, id=13620, stack(0x0000000015c10000,0x0000000015d10000)]
  0x00000000021d4800 JavaThread "Finalizer" daemon [_thread_blocked, id=11960, stack(0x0000000015b10000,0x0000000015c10000)]
  0x00000000021cc000 JavaThread "Reference Handler" daemon [_thread_blocked, id=7284, stack(0x0000000015a10000,0x0000000015b10000)]
  0x00000000020e0800 JavaThread "main" [_thread_blocked, id=11792, stack(0x0000000001f20000,0x0000000002020000)]

Other Threads:
  0x0000000014875800 VMThread [stack: 0x0000000015910000,0x0000000015a10000] [id=6564]
  0x000000001490e800 WatcherThread [stack: 0x0000000016210000,0x0000000016310000] [id=9276]

VM state:not at safepoint (normal execution)

VM Mutex/Monitor currently owned by a thread: None

Heap:
 PSYoungGen      total 219136K, used 22388K [0x00000000eab00000, 0x0000000100000000, 0x0000000100000000)
  eden space 193536K, 5% used [0x00000000eab00000,0x00000000eb6047f0,0x00000000f6800000)
  from space 25600K, 43% used [0x00000000f6800000,0x00000000f72d8a60,0x00000000f8100000)
  to   space 41984K, 0% used [0x00000000fd700000,0x00000000fd700000,0x0000000100000000)
 ParOldGen       total 129536K, used 65245K [0x00000000c0000000, 0x00000000c7e80000, 0x00000000eab00000)
  object space 129536K, 50% used [0x00000000c0000000,0x00000000c3fb77f8,0x00000000c7e80000)
 Metaspace       used 6592K, capacity 7320K, committed 7680K, reserved 1056768K
  class space    used 619K, capacity 656K, committed 768K, reserved 1048576K

Card table byte_map: [0x00000000115a0000,0x00000000117b0000] byte_map_base: 0x0000000010fa0000

Marking Bits: (ParMarkBitMap*) 0x000000007375d4f0
 Begin Bits: [0x0000000011d10000, 0x0000000012d10000)
 End Bits:   [0x0000000012d10000, 0x0000000013d10000)

Polling page: 0x0000000000700000

CodeCache: size=245760Kb used=9641Kb max_used=9641Kb free=236118Kb
 bounds [0x00000000021e0000, 0x0000000002b60000, 0x00000000111e0000]
 total_blobs=2502 nmethods=2237 adapters=178
 compilation: enabled

Compilation events (10 events):
Event: 7.759 Thread 0x0000000014903800 2320       2       com.android.dx.rop.code.Rops::opMul (29 bytes)
Event: 7.760 Thread 0x0000000014903800 nmethod 2320 0x0000000002b132d0 code [0x0000000002b13440, 0x0000000002b135e8]
Event: 7.760 Thread 0x0000000014903800 2321       2       com.android.dx.rop.code.Rops::opSub (29 bytes)
Event: 7.760 Thread 0x0000000014903800 nmethod 2321 0x0000000002b20bd0 code [0x0000000002b20d40, 0x0000000002b20ee8]
Event: 7.761 Thread 0x0000000014903800 2322       1       java.util.TreeMap$Entry::getKey (5 bytes)
Event: 7.761 Thread 0x0000000014903800 nmethod 2322 0x0000000002b05150 code [0x0000000002b052a0, 0x0000000002b053b0]
Event: 7.767 Thread 0x0000000014903800 2323       2       com.android.dx.ssa.back.FirstFitLocalCombiningAllocator::ssaSetToSpecs (57 bytes)
Event: 7.768 Thread 0x0000000014903800 nmethod 2323 0x0000000002b20f90 code [0x0000000002b21180, 0x0000000002b21918]
Event: 7.886 Thread 0x0000000014903800 2327       2       com.android.dx.ssa.DeadCodeRemover$NoSideEffectVisitor::visitMoveInsn (22 bytes)
Event: 7.887 Thread 0x0000000014903800 nmethod 2327 0x0000000002b22210 code [0x0000000002b22380, 0x0000000002b22578]

GC Heap History (10 events):
Event: 1.699 GC heap before
{Heap before GC invocations=2 (full 0):
 PSYoungGen      total 28672K, used 27889K [0x00000000eab00000, 0x00000000ee300000, 0x0000000100000000)
  eden space 24576K, 100% used [0x00000000eab00000,0x00000000ec300000,0x00000000ec300000)
  from space 4096K, 80% used [0x00000000ec300000,0x00000000ec63c4c0,0x00000000ec700000)
  to   space 4096K, 0% used [0x00000000edf00000,0x00000000edf00000,0x00000000ee300000)
 ParOldGen       total 65536K, used 8K [0x00000000c0000000, 0x00000000c4000000, 0x00000000eab00000)
  object space 65536K, 0% used [0x00000000c0000000,0x00000000c0002000,0x00000000c4000000)
 Metaspace       used 6042K, capacity 6960K, committed 7040K, reserved 1056768K
  class space    used 592K, capacity 616K, committed 640K, reserved 1048576K
Event: 1.710 GC heap after
Heap after GC invocations=2 (full 0):
 PSYoungGen      total 53248K, used 4093K [0x00000000eab00000, 0x00000000ee300000, 0x0000000100000000)
  eden space 49152K, 0% used [0x00000000eab00000,0x00000000eab00000,0x00000000edb00000)
  from space 4096K, 99% used [0x00000000edf00000,0x00000000ee2ff6b0,0x00000000ee300000)
  to   space 4096K, 0% used [0x00000000edb00000,0x00000000edb00000,0x00000000edf00000)
 ParOldGen       total 65536K, used 1879K [0x00000000c0000000, 0x00000000c4000000, 0x00000000eab00000)
  object space 65536K, 2% used [0x00000000c0000000,0x00000000c01d5e78,0x00000000c4000000)
 Metaspace       used 6042K, capacity 6960K, committed 7040K, reserved 1056768K
  class space    used 592K, capacity 616K, committed 640K, reserved 1048576K
}
Event: 2.310 GC heap before
{Heap before GC invocations=3 (full 0):
 PSYoungGen      total 53248K, used 53245K [0x00000000eab00000, 0x00000000ee300000, 0x0000000100000000)
  eden space 49152K, 100% used [0x00000000eab00000,0x00000000edb00000,0x00000000edb00000)
  from space 4096K, 99% used [0x00000000edf00000,0x00000000ee2ff6b0,0x00000000ee300000)
  to   space 4096K, 0% used [0x00000000edb00000,0x00000000edb00000,0x00000000edf00000)
 ParOldGen       total 65536K, used 1879K [0x00000000c0000000, 0x00000000c4000000, 0x00000000eab00000)
  object space 65536K, 2% used [0x00000000c0000000,0x00000000c01d5e78,0x00000000c4000000)
 Metaspace       used 6209K, capacity 7088K, committed 7296K, reserved 1056768K
  class space    used 593K, capacity 616K, committed 640K, reserved 1048576K
Event: 2.368 GC heap after
Heap after GC invocations=3 (full 0):
 PSYoungGen      total 53248K, used 4092K [0x00000000eab00000, 0x00000000f1300000, 0x0000000100000000)
  eden space 49152K, 0% used [0x00000000eab00000,0x00000000eab00000,0x00000000edb00000)
  from space 4096K, 99% used [0x00000000edb00000,0x00000000edeff0f0,0x00000000edf00000)
  to   space 4096K, 0% used [0x00000000f0f00000,0x00000000f0f00000,0x00000000f1300000)
 ParOldGen       total 65536K, used 9597K [0x00000000c0000000, 0x00000000c4000000, 0x00000000eab00000)
  object space 65536K, 14% used [0x00000000c0000000,0x00000000c095f6d8,0x00000000c4000000)
 Metaspace       used 6209K, capacity 7088K, committed 7296K, reserved 1056768K
  class space    used 593K, capacity 616K, committed 640K, reserved 1048576K
}
Event: 2.825 GC heap before
{Heap before GC invocations=4 (full 0):
 PSYoungGen      total 53248K, used 53244K [0x00000000eab00000, 0x00000000f1300000, 0x0000000100000000)
  eden space 49152K, 100% used [0x00000000eab00000,0x00000000edb00000,0x00000000edb00000)
  from space 4096K, 99% used [0x00000000edb00000,0x00000000edeff0f0,0x00000000edf00000)
  to   space 4096K, 0% used [0x00000000f0f00000,0x00000000f0f00000,0x00000000f1300000)
 ParOldGen       total 65536K, used 9597K [0x00000000c0000000, 0x00000000c4000000, 0x00000000eab00000)
  object space 65536K, 14% used [0x00000000c0000000,0x00000000c095f6d8,0x00000000c4000000)
 Metaspace       used 6247K, capacity 7152K, committed 7296K, reserved 1056768K
  class space    used 593K, capacity 616K, committed 640K, reserved 1048576K
Event: 2.855 GC heap after
Heap after GC invocations=4 (full 0):
 PSYoungGen      total 102400K, used 4072K [0x00000000eab00000, 0x00000000f1300000, 0x0000000100000000)
  eden space 98304K, 0% used [0x00000000eab00000,0x00000000eab00000,0x00000000f0b00000)
  from space 4096K, 99% used [0x00000000f0f00000,0x00000000f12fa2c0,0x00000000f1300000)
  to   space 4096K, 0% used [0x00000000f0b00000,0x00000000f0b00000,0x00000000f0f00000)
 ParOldGen       total 65536K, used 16893K [0x00000000c0000000, 0x00000000c4000000, 0x00000000eab00000)
  object space 65536K, 25% used [0x00000000c0000000,0x00000000c107f648,0x00000000c4000000)
 Metaspace       used 6247K, capacity 7152K, committed 7296K, reserved 1056768K
  class space    used 593K, capacity 616K, committed 640K, reserved 1048576K
}
Event: 3.683 GC heap before
{Heap before GC invocations=5 (full 0):
 PSYoungGen      total 102400K, used 102376K [0x00000000eab00000, 0x00000000f1300000, 0x0000000100000000)
  eden space 98304K, 100% used [0x00000000eab00000,0x00000000f0b00000,0x00000000f0b00000)
  from space 4096K, 99% used [0x00000000f0f00000,0x00000000f12fa2c0,0x00000000f1300000)
  to   space 4096K, 0% used [0x00000000f0b00000,0x00000000f0b00000,0x00000000f0f00000)
 ParOldGen       total 65536K, used 16893K [0x00000000c0000000, 0x00000000c4000000, 0x00000000eab00000)
  object space 65536K, 25% used [0x00000000c0000000,0x00000000c107f648,0x00000000c4000000)
 Metaspace       used 6352K, capacity 7216K, committed 7296K, reserved 1056768K
  class space    used 593K, capacity 616K, committed 640K, reserved 1048576K
Event: 3.729 GC heap after
Heap after GC invocations=5 (full 0):
 PSYoungGen      total 102400K, used 4090K [0x00000000eab00000, 0x00000000f9700000, 0x0000000100000000)
  eden space 98304K, 0% used [0x00000000eab00000,0x00000000eab00000,0x00000000f0b00000)
  from space 4096K, 99% used [0x00000000f0b00000,0x00000000f0efe968,0x00000000f0f00000)
  to   space 22528K, 0% used [0x00000000f8100000,0x00000000f8100000,0x00000000f9700000)
 ParOldGen       total 65536K, used 33530K [0x00000000c0000000, 0x00000000c4000000, 0x00000000eab00000)
  object space 65536K, 51% used [0x00000000c0000000,0x00000000c20beb80,0x00000000c4000000)
 Metaspace       used 6352K, capacity 7216K, committed 7296K, reserved 1056768K
  class space    used 593K, capacity 616K, committed 640K, reserved 1048576K
}
Event: 4.792 GC heap before
{Heap before GC invocations=6 (full 0):
 PSYoungGen      total 102400K, used 102394K [0x00000000eab00000, 0x00000000f9700000, 0x0000000100000000)
  eden space 98304K, 100% used [0x00000000eab00000,0x00000000f0b00000,0x00000000f0b00000)
  from space 4096K, 99% used [0x00000000f0b00000,0x00000000f0efe968,0x00000000f0f00000)
  to   space 22528K, 0% used [0x00000000f8100000,0x00000000f8100000,0x00000000f9700000)
 ParOldGen       total 65536K, used 33530K [0x00000000c0000000, 0x00000000c4000000, 0x00000000eab00000)
  object space 65536K, 51% used [0x00000000c0000000,0x00000000c20beb80,0x00000000c4000000)
 Metaspace       used 6483K, capacity 7256K, committed 7424K, reserved 1056768K
  class space    used 612K, capacity 656K, committed 768K, reserved 1048576K
Event: 4.907 GC heap after
Heap after GC invocations=6 (full 0):
 PSYoungGen      total 216064K, used 19720K [0x00000000eab00000, 0x00000000f9d00000, 0x0000000100000000)
  eden space 193536K, 0% used [0x00000000eab00000,0x00000000eab00000,0x00000000f6800000)
  from space 22528K, 87% used [0x00000000f8100000,0x00000000f94420c8,0x00000000f9700000)
  to   space 25600K, 0% used [0x00000000f6800000,0x00000000f6800000,0x00000000f8100000)
 ParOldGen       total 65536K, used 33530K [0x00000000c0000000, 0x00000000c4000000, 0x00000000eab00000)
  object space 65536K, 51% used [0x00000000c0000000,0x00000000c20beb80,0x00000000c4000000)
 Metaspace       used 6483K, capacity 7256K, committed 7424K, reserved 1056768K
  class space    used 612K, capacity 656K, committed 768K, reserved 1048576K
}

Deoptimization events (10 events):
Event: 3.193 Thread 0x00000000166a8000 Uncommon trap: reason=uninitialized action=reinterpret pc=0x000000000293e3dc method=com.android.dx.cf.code.BytecodeArray.parseInstruction(ILcom/android/dx/cf/code/BytecodeArray$Visitor;)I @ 1079
Event: 3.660 Thread 0x00000000020e0800 Uncommon trap: reason=unreached action=reinterpret pc=0x00000000028558cc method=com.android.dx.rop.code.LocalItem.compareHandlesNulls(Lcom/android/dx/rop/cst/CstString;Lcom/android/dx/rop/cst/CstString;)I @ 14
Event: 4.249 Thread 0x00000000166a8000 Uncommon trap: reason=unreached action=reinterpret pc=0x0000000002702934 method=java.util.HashMap.getNode(ILjava/lang/Object;)Ljava/util/HashMap$Node; @ 84
Event: 4.253 Thread 0x00000000166a8000 Uncommon trap: reason=unreached action=reinterpret pc=0x0000000002868f6c method=java.util.HashMap.getNode(ILjava/lang/Object;)Ljava/util/HashMap$Node; @ 84
Event: 4.406 Thread 0x0000000016550000 Uncommon trap: reason=unreached action=reinterpret pc=0x0000000002989c7c method=java.util.HashMap.putVal(ILjava/lang/Object;Ljava/lang/Object;ZZ)Ljava/lang/Object; @ 109
Event: 4.501 Thread 0x000000001654e000 Uncommon trap: reason=unreached action=reinterpret pc=0x000000000286c054 method=com.android.dx.ssa.MoveParamCombiner$1.visitNonMoveInsn(Lcom/android/dx/ssa/NormalSsaInsn;)V @ 27
Event: 4.637 Thread 0x00000000166a9000 Uncommon trap: reason=bimorphic action=maybe_recompile pc=0x0000000002893308 method=com.android.dx.ssa.LiteralOpUpgrader.tryReplacingWithConstant(Lcom/android/dx/ssa/NormalSsaInsn;)Z @ 62
Event: 4.642 Thread 0x00000000166a9000 Uncommon trap: reason=bimorphic action=maybe_recompile pc=0x0000000002893308 method=com.android.dx.ssa.LiteralOpUpgrader.tryReplacingWithConstant(Lcom/android/dx/ssa/NormalSsaInsn;)Z @ 62
Event: 4.671 Thread 0x000000001654e000 Uncommon trap: reason=unreached action=reinterpret pc=0x0000000002a0e308 method=com.android.dx.ssa.back.SsaToRop.convertBasicBlock(Lcom/android/dx/ssa/SsaBasicBlock;)Lcom/android/dx/rop/code/BasicBlock; @ 21
Event: 7.479 Thread 0x00000000166a9000 Uncommon trap: reason=unreached action=reinterpret pc=0x0000000002898aa0 method=java.util.HashMap.resize()[Ljava/util/HashMap$Node; @ 206

Internal exceptions (10 events):
Event: 1.198 Thread 0x00000000020e0800 Exception <a 'java/security/PrivilegedActionException'> (0x00000000eaeff978) thrown at [C:\workspace\8-2-build-windows-amd64-cygwin\jdk8u31\2394\hotspot\src\share\vm\prims\jvm.cpp, line 1312]
Event: 1.199 Thread 0x000000001654e000 Exception <a 'java/security/PrivilegedActionException'> (0x00000000eae30ec8) thrown at [C:\workspace\8-2-build-windows-amd64-cygwin\jdk8u31\2394\hotspot\src\share\vm\prims\jvm.cpp, line 1312]
Event: 1.294 Thread 0x00000000020e0800 Exception <a 'java/security/PrivilegedActionException'> (0x00000000eb25def0) thrown at [C:\workspace\8-2-build-windows-amd64-cygwin\jdk8u31\2394\hotspot\src\share\vm\prims\jvm.cpp, line 1312]
Event: 1.550 Thread 0x000000001654e000 Exception <a 'java/security/PrivilegedActionException'> (0x00000000eb9495a8) thrown at [C:\workspace\8-2-build-windows-amd64-cygwin\jdk8u31\2394\hotspot\src\share\vm\prims\jvm.cpp, line 1312]
Event: 2.221 Thread 0x000000001654e000 Exception <a 'java/security/PrivilegedActionException'> (0x00000000ed59d000) thrown at [C:\workspace\8-2-build-windows-amd64-cygwin\jdk8u31\2394\hotspot\src\share\vm\prims\jvm.cpp, line 1312]
Event: 3.660 Thread 0x00000000020e0800 Implicit null exception at 0x00000000028540d5 to 0x00000000028558b1
Event: 4.144 Thread 0x00000000166a8000 Exception <a 'java/lang/ArrayIndexOutOfBoundsException': 18> (0x00000000ecb5faa8) thrown at [C:\workspace\8-2-build-windows-amd64-cygwin\jdk8u31\2394\hotspot\src\share\vm\interpreter\interpreterRuntime.cpp, line 366]
Event: 4.145 Thread 0x00000000166a8000 Exception <a 'java/lang/ArrayIndexOutOfBoundsException': 145> (0x00000000ecb61540) thrown at [C:\workspace\8-2-build-windows-amd64-cygwin\jdk8u31\2394\hotspot\src\share\vm\interpreter\interpreterRuntime.cpp, line 366]
Event: 4.248 Thread 0x00000000166a8000 Exception <a 'java/lang/ArrayIndexOutOfBoundsException'> (0x00000000ecb62758) thrown at [C:\workspace\8-2-build-windows-amd64-cygwin\jdk8u31\2394\hotspot\src\share\vm\runtime\sharedRuntime.cpp, line 604]
Event: 4.958 Thread 0x0000000016550000 Exception <a 'java/security/PrivilegedActionException'> (0x00000000eb1c9058) thrown at [C:\workspace\8-2-build-windows-amd64-cygwin\jdk8u31\2394\hotspot\src\share\vm\prims\jvm.cpp, line 1312]

Events (10 events):
Event: 6.214 Thread 0x00000000166a9000 DEOPT UNPACKING pc=0x00000000022275bf sp=0x000000001740e6f8 mode 0
Event: 6.373 Thread 0x000000001654e000 DEOPT PACKING pc=0x00000000027729b3 sp=0x000000001700e5e0
Event: 6.373 Thread 0x000000001654e000 DEOPT UNPACKING pc=0x00000000022275bf sp=0x000000001700e330 mode 0
Event: 6.548 Thread 0x00000000166a9000 DEOPT PACKING pc=0x0000000002733108 sp=0x000000001740e9b0
Event: 6.548 Thread 0x00000000166a9000 DEOPT UNPACKING pc=0x00000000022275bf sp=0x000000001740e710 mode 0
Event: 7.473 Thread 0x0000000016550000 DEOPT PACKING pc=0x0000000002733108 sp=0x000000001720ef10
Event: 7.474 Thread 0x0000000016550000 DEOPT UNPACKING pc=0x00000000022275bf sp=0x000000001720ec70 mode 0
Event: 7.479 Thread 0x00000000166a9000 Uncommon trap: trap_request=0xffffffad fr.pc=0x0000000002898aa0
Event: 7.479 Thread 0x00000000166a9000 DEOPT PACKING pc=0x0000000002898aa0 sp=0x000000001740e7d0
Event: 7.479 Thread 0x00000000166a9000 DEOPT UNPACKING pc=0x000000000222556a sp=0x000000001740e738 mode 2


Dynamic libraries:
0x00007ff6cb960000 - 0x00007ff6cb994000 	C:\Program Files\Java\jdk1.8.0_31\bin\java.exe
0x00007ffd332f0000 - 0x00007ffd3349d000 	C:\WINDOWS\SYSTEM32\ntdll.dll
0x00007ffd32330000 - 0x00007ffd3246e000 	C:\WINDOWS\system32\KERNEL32.DLL
0x00007ffd30800000 - 0x00007ffd30915000 	C:\WINDOWS\system32\KERNELBASE.dll
0x00007ffd2eff0000 - 0x00007ffd2f07e000 	C:\WINDOWS\system32\apphelp.dll
0x00007ffd199b0000 - 0x00007ffd19a03000 	C:\WINDOWS\AppPatch\AppPatch64\AcGenral.DLL
0x00007ffd33240000 - 0x00007ffd332ea000 	C:\WINDOWS\system32\msvcrt.dll
0x00007ffd307d0000 - 0x00007ffd307fe000 	C:\WINDOWS\system32\SspiCli.dll
0x00007ffd322d0000 - 0x00007ffd32324000 	C:\WINDOWS\system32\SHLWAPI.dll
0x00007ffd32bc0000 - 0x00007ffd32d37000 	C:\WINDOWS\system32\USER32.dll
0x00007ffd30be0000 - 0x00007ffd30d74000 	C:\WINDOWS\system32\ole32.dll
0x00007ffd30d80000 - 0x00007ffd322a9000 	C:\WINDOWS\system32\SHELL32.dll
0x00007ffd2f9d0000 - 0x00007ffd2f9f1000 	C:\WINDOWS\SYSTEM32\USERENV.dll
0x00007ffd32aa0000 - 0x00007ffd32b4a000 	C:\WINDOWS\system32\ADVAPI32.dll
0x00007ffd28db0000 - 0x00007ffd28dce000 	C:\WINDOWS\SYSTEM32\MPR.dll
0x00007ffd32940000 - 0x00007ffd32a80000 	C:\WINDOWS\system32\RPCRT4.dll
0x00007ffd32fc0000 - 0x00007ffd33019000 	C:\WINDOWS\SYSTEM32\sechost.dll
0x00007ffd309c0000 - 0x00007ffd30bd1000 	C:\WINDOWS\SYSTEM32\combase.dll
0x00007ffd327f0000 - 0x00007ffd3293f000 	C:\WINDOWS\system32\GDI32.dll
0x00007ffd30420000 - 0x00007ffd30435000 	C:\WINDOWS\SYSTEM32\profapi.dll
0x00007ffd2e970000 - 0x00007ffd2ea22000 	C:\WINDOWS\SYSTEM32\SHCORE.dll
0x00007ffd30980000 - 0x00007ffd309b6000 	C:\WINDOWS\system32\IMM32.DLL
0x00007ffd33020000 - 0x00007ffd33172000 	C:\WINDOWS\system32\MSCTF.dll
0x00007ffd2db50000 - 0x00007ffd2ddcb000 	C:\WINDOWS\WinSxS\amd64_microsoft.windows.common-controls_6595b64144ccf1df_6.0.9600.18006_none_623f33d3ecbe86e8\COMCTL32.dll
0x0000000072af0000 - 0x0000000072bc2000 	C:\Program Files\Java\jdk1.8.0_31\jre\bin\msvcr100.dll
0x0000000072f80000 - 0x00000000737da000 	C:\Program Files\Java\jdk1.8.0_31\jre\bin\server\jvm.dll
0x00007ffd21fe0000 - 0x00007ffd21fe9000 	C:\WINDOWS\SYSTEM32\WSOCK32.dll
0x00007ffd2d810000 - 0x00007ffd2d832000 	C:\WINDOWS\SYSTEM32\WINMM.dll
0x00007ffd325a0000 - 0x00007ffd325a7000 	C:\WINDOWS\system32\PSAPI.DLL
0x00007ffd325b0000 - 0x00007ffd3260a000 	C:\WINDOWS\system32\WS2_32.dll
0x00007ffd2d7e0000 - 0x00007ffd2d80a000 	C:\WINDOWS\SYSTEM32\WINMMBASE.dll
0x00007ffd322c0000 - 0x00007ffd322c9000 	C:\WINDOWS\system32\NSI.dll
0x00007ffd304f0000 - 0x00007ffd3053f000 	C:\WINDOWS\SYSTEM32\cfgmgr32.dll
0x00007ffd2f270000 - 0x00007ffd2f298000 	C:\WINDOWS\SYSTEM32\DEVOBJ.dll
0x0000000074680000 - 0x000000007468f000 	C:\Program Files\Java\jdk1.8.0_31\jre\bin\verify.dll
0x0000000072f50000 - 0x0000000072f78000 	C:\Program Files\Java\jdk1.8.0_31\jre\bin\java.dll
0x0000000074640000 - 0x0000000074656000 	C:\Program Files\Java\jdk1.8.0_31\jre\bin\zip.dll
0x00007ffd28b90000 - 0x00007ffd28d19000 	C:\WINDOWS\SYSTEM32\dbghelp.dll

VM Arguments:
jvm_args: -Djava.awt.headless=true -Xmx1024M -Dfile.encoding=windows-1252 -Duser.country=US -Duser.language=en -Duser.variant 
java_command: com.android.dx.command.Main --dex --force-jumbo --num-threads=4 --multi-dex --output C:\Users\eslam\AndroidStudioProjects\Popular-Movies\app\build\intermediates\transforms\dex\debug\folders\1000\10\com.android.support-support-v4-24.0.0_6a8883e037521353a8e34bfedbca03d35ae8eff9 C:\Users\eslam\AndroidStudioProjects\Popular-Movies\app\build\intermediates\exploded-aar\com.android.support\support-v4\24.0.0\jars\classes.jar
java_class_path (initial): F:\android-strudio-windows\sdk\sdk\build-tools\24.0.0\lib\dx.jar
Launcher Type: SUN_STANDARD

Environment Variables:
JAVA_HOME=C:\Program Files\Java\jdk1.8.0_31
PATH=E:\scala\activator-1.3.2-minimal;C:\sqlite;C:\Users\eslam\AppData\Roaming\npm;C:\Program Files\Git\cmd;C:\Program Files (x86)\Microsoft SQL Server\Client SDK\ODBC\110\Tools\Binn\;C:\Program Files (x86)\Microsoft SQL Server\120\Tools\Binn\ManagementStudio\;C:\Program Files (x86)\Microsoft SQL Server\120\Tools\Binn\;C:\Program Files (x86)\Microsoft SQL Server\120\DTS\Binn\;C:\sqlite;C:\Program Files (x86)\Brackets\command;C:\Program Files\nodejs\;C:\Program Files\Java\jre7\bin;C:\Users\eslam\AppData\Roaming\npm
USERNAME=eslam
OS=Windows_NT
PROCESSOR_IDENTIFIER=Intel64 Family 6 Model 58 Stepping 9, GenuineIntel



---------------  S Y S T E M  ---------------

OS: Windows 8.1 , 64 bit Build 9600 

CPU:total 4 (2 cores per cpu, 2 threads per core) family 6 model 58 stepping 9, cmov, cx8, fxsr, mmx, sse, sse2, sse3, ssse3, sse4.1, sse4.2, popcnt, avx, aes, clmul, erms, ht, tsc, tscinvbit, tscinv

Memory: 4k page, physical 6241508k(194348k free), swap 9387236k(5096k free)

vm_info: Java HotSpot(TM) 64-Bit Server VM (25.31-b07) for windows-amd64 JRE (1.8.0_31-b13), built on Dec 17 2014 21:00:28 by "java_re" with MS VC++ 10.0 (VS2010)

time: Sun Sep 18 01:10:40 2016
elapsed time: 9 seconds (0d 0h 0m 9s)

