#
# There is insufficient memory for the Java Runtime Environment to continue.
# Native memory allocation (malloc) failed to allocate 614576 bytes for Chunk::new
# Possible reasons:
#   The system is out of physical RAM or swap space
#   In 32 bit mode, the process size limit was hit
# Possible solutions:
#   Reduce memory load on the system
#   Increase physical memory or swap space
#   Check if swap backing store is full
#   Use 64 bit Java on a 64 bit OS
#   Decrease Java heap size (-Xmx/-Xms)
#   Decrease number of Java threads
#   Decrease Java thread stack sizes (-Xss)
#   Set larger code cache with -XX:ReservedCodeCacheSize=
# This output file may be truncated or incomplete.
#
#  Out of Memory Error (allocation.cpp:390), pid=11800, tid=9512
#
# JRE version: Java(TM) SE Runtime Environment (8.0_31-b13) (build 1.8.0_31-b13)
# Java VM: Java HotSpot(TM) 64-Bit Server VM (25.31-b07 mixed mode windows-amd64 compressed oops)
# Failed to write core dump. Minidumps are not enabled by default on client versions of Windows
#

---------------  T H R E A D  ---------------

Current thread (0x0000000014bfe000):  JavaThread "C2 CompilerThread0" daemon [_thread_in_native, id=9512, stack(0x0000000016160000,0x0000000016260000)]

Stack: [0x0000000016160000,0x0000000016260000]
Native frames: (J=compiled Java code, j=interpreted, Vv=VM code, C=native code)
V  [jvm.dll+0x3169ba]
V  [jvm.dll+0x2674c3]
V  [jvm.dll+0x268103]
V  [jvm.dll+0x25f8f5]
V  [jvm.dll+0xbf025]
V  [jvm.dll+0xbf4cc]
V  [jvm.dll+0x45df82]
V  [jvm.dll+0x49f21f]
V  [jvm.dll+0x452f28]
V  [jvm.dll+0x454124]
V  [jvm.dll+0x437c62]
V  [jvm.dll+0x988e2]
V  [jvm.dll+0x990d3]
V  [jvm.dll+0x22c194]
V  [jvm.dll+0x28576a]
C  [msvcr100.dll+0x21d9f]
C  [msvcr100.dll+0x21e3b]
C  [KERNEL32.DLL+0x13d2]
C  [ntdll.dll+0x154e4]


Current CompileTask:
C2:   5891 1067       4       com.android.dx.dex.code.OutputFinisher::addConstants (93 bytes)


---------------  P R O C E S S  ---------------

Java Threads: ( => current thread )
  0x0000000002430800 JavaThread "DestroyJavaVM" [_thread_blocked, id=4500, stack(0x0000000002330000,0x0000000002430000)]
  0x0000000014c5b800 JavaThread "Service Thread" daemon [_thread_blocked, id=14144, stack(0x0000000016460000,0x0000000016560000)]
  0x0000000014c51000 JavaThread "C1 CompilerThread2" daemon [_thread_blocked, id=13108, stack(0x0000000016360000,0x0000000016460000)]
  0x0000000014c4e000 JavaThread "C2 CompilerThread1" daemon [_thread_blocked, id=12628, stack(0x0000000016260000,0x0000000016360000)]
=>0x0000000014bfe000 JavaThread "C2 CompilerThread0" daemon [_thread_in_native, id=9512, stack(0x0000000016160000,0x0000000016260000)]
  0x0000000014bfb800 JavaThread "Attach Listener" daemon [_thread_blocked, id=11140, stack(0x0000000016060000,0x0000000016160000)]
  0x0000000014bfa800 JavaThread "Signal Dispatcher" daemon [_thread_blocked, id=13288, stack(0x0000000015f60000,0x0000000016060000)]
  0x0000000002525800 JavaThread "Finalizer" daemon [_thread_blocked, id=13460, stack(0x0000000015e60000,0x0000000015f60000)]
  0x000000000251d000 JavaThread "Reference Handler" daemon [_thread_blocked, id=7960, stack(0x0000000015d60000,0x0000000015e60000)]

Other Threads:
  0x0000000014bc5800 VMThread [stack: 0x0000000015c60000,0x0000000015d60000] [id=8080]
  0x0000000014c5e000 WatcherThread [stack: 0x0000000016560000,0x0000000016660000] [id=11012]

VM state:not at safepoint (normal execution)

VM Mutex/Monitor currently owned by a thread: None

Heap:
 PSYoungGen      total 28672K, used 23653K [0x00000000eab00000, 0x00000000ecb00000, 0x0000000100000000)
  eden space 24576K, 96% used [0x00000000eab00000,0x00000000ec219748,0x00000000ec300000)
  from space 4096K, 0% used [0x00000000ec700000,0x00000000ec700000,0x00000000ecb00000)
  to   space 4096K, 0% used [0x00000000ec300000,0x00000000ec300000,0x00000000ec700000)
 ParOldGen       total 65536K, used 0K [0x00000000c0000000, 0x00000000c4000000, 0x00000000eab00000)
  object space 65536K, 0% used [0x00000000c0000000,0x00000000c0000000,0x00000000c4000000)
 Metaspace       used 6254K, capacity 7064K, committed 7424K, reserved 1056768K
  class space    used 632K, capacity 656K, committed 768K, reserved 1048576K

Card table byte_map: [0x00000000118f0000,0x0000000011b00000] byte_map_base: 0x00000000112f0000

Marking Bits: (ParMarkBitMap*) 0x000000007375d4f0
 Begin Bits: [0x0000000012060000, 0x0000000013060000)
 End Bits:   [0x0000000013060000, 0x0000000014060000)

Polling page: 0x00000000021f0000

CodeCache: size=245760Kb used=4730Kb max_used=4741Kb free=241029Kb
 bounds [0x0000000002530000, 0x00000000029e0000, 0x0000000011530000]
 total_blobs=1516 nmethods=1245 adapters=185
 compilation: enabled

Compilation events (10 events):
Event: 4.247 Thread 0x0000000014c51000 1095       3       com.android.dx.dex.file.Section::validateAlignment (23 bytes)
Event: 4.247 Thread 0x0000000014c51000 nmethod 1095 0x000000000296d450 code [0x000000000296d5c0, 0x000000000296d808]
Event: 4.247 Thread 0x0000000014c51000 1096       3       com.android.dx.dex.file.OffsettedItem::<init> (44 bytes)
Event: 4.248 Thread 0x0000000014c51000 nmethod 1096 0x0000000002971550 code [0x00000000029716e0, 0x0000000002971b78]
Event: 4.248 Thread 0x0000000014c51000 1097   !   3       com.android.dx.dex.file.MixedItemSection::add (49 bytes)
Event: 4.249 Thread 0x0000000014c51000 nmethod 1097 0x0000000002971d50 code [0x0000000002971f40, 0x0000000002972978]
Event: 4.249 Thread 0x0000000014c51000 1098       1       com.android.dx.dex.file.DexFile::getStringData (5 bytes)
Event: 4.249 Thread 0x0000000014c51000 nmethod 1098 0x000000000296d190 code [0x000000000296d2e0, 0x000000000296d3f0]
Event: 4.249 Thread 0x0000000014c51000 1099       3       com.android.dx.dex.file.StringIdItem::addContents (36 bytes)
Event: 4.250 Thread 0x0000000014c51000 nmethod 1099 0x0000000002975f90 code [0x0000000002976160, 0x0000000002976a98]

GC Heap History (0 events):
No events

Deoptimization events (10 events):
Event: 2.050 Thread 0x000000001688f800 Uncommon trap: reason=speculate_class_check action=maybe_recompile pc=0x0000000002710544 method=com.android.dx.rop.cst.Constant.compareTo(Lcom/android/dx/rop/cst/Constant;)I @ 29
Event: 2.050 Thread 0x000000001688f800 Uncommon trap: reason=speculate_class_check action=maybe_recompile pc=0x0000000002710544 method=com.android.dx.rop.cst.Constant.compareTo(Lcom/android/dx/rop/cst/Constant;)I @ 29
Event: 2.943 Thread 0x000000001679a800 Uncommon trap: reason=class_check action=maybe_recompile pc=0x00000000026eef90 method=com.android.dx.rop.cst.CstMemberRef.compareTo0(Lcom/android/dx/rop/cst/Constant;)I @ 1
Event: 2.983 Thread 0x000000001688f800 Uncommon trap: reason=class_check action=maybe_recompile pc=0x00000000026eef90 method=com.android.dx.rop.cst.CstMemberRef.compareTo0(Lcom/android/dx/rop/cst/Constant;)I @ 1
Event: 2.983 Thread 0x000000001688f800 Uncommon trap: reason=class_check action=maybe_recompile pc=0x00000000026eef90 method=com.android.dx.rop.cst.CstMemberRef.compareTo0(Lcom/android/dx/rop/cst/Constant;)I @ 1
Event: 3.002 Thread 0x000000001688f800 Uncommon trap: reason=class_check action=maybe_recompile pc=0x00000000026eef90 method=com.android.dx.rop.cst.CstMemberRef.compareTo0(Lcom/android/dx/rop/cst/Constant;)I @ 1
Event: 4.218 Thread 0x00000000167c7000 Uncommon trap: reason=bimorphic action=maybe_recompile pc=0x000000000292f338 method=java.util.HashMap.putVal(ILjava/lang/Object;Ljava/lang/Object;ZZ)Ljava/lang/Object; @ 91
Event: 4.218 Thread 0x00000000167c7000 Uncommon trap: reason=bimorphic action=maybe_recompile pc=0x000000000292f338 method=java.util.HashMap.putVal(ILjava/lang/Object;Ljava/lang/Object;ZZ)Ljava/lang/Object; @ 91
Event: 4.218 Thread 0x00000000167c7000 Uncommon trap: reason=bimorphic action=maybe_recompile pc=0x000000000292f338 method=java.util.HashMap.putVal(ILjava/lang/Object;Ljava/lang/Object;ZZ)Ljava/lang/Object; @ 91
Event: 4.218 Thread 0x00000000167c7000 Uncommon trap: reason=bimorphic action=maybe_recompile pc=0x000000000292f338 method=java.util.HashMap.putVal(ILjava/lang/Object;Ljava/lang/Object;ZZ)Ljava/lang/Object; @ 91

Internal exceptions (10 events):
Event: 2.941 Thread 0x000000001679a800 Exception <a 'java/security/PrivilegedActionException'> (0x00000000eb512750) thrown at [C:\workspace\8-2-build-windows-amd64-cygwin\jdk8u31\2394\hotspot\src\share\vm\prims\jvm.cpp, line 1312]
Event: 2.942 Thread 0x000000001679a800 Exception <a 'java/security/PrivilegedActionException'> (0x00000000eb517b48) thrown at [C:\workspace\8-2-build-windows-amd64-cygwin\jdk8u31\2394\hotspot\src\share\vm\prims\jvm.cpp, line 1312]
Event: 2.942 Thread 0x000000001679a800 Exception <a 'java/security/PrivilegedActionException'> (0x00000000eb51aaa0) thrown at [C:\workspace\8-2-build-windows-amd64-cygwin\jdk8u31\2394\hotspot\src\share\vm\prims\jvm.cpp, line 1312]
Event: 2.943 Thread 0x000000001679a800 Exception <a 'java/security/PrivilegedActionException'> (0x00000000eb51e2e0) thrown at [C:\workspace\8-2-build-windows-amd64-cygwin\jdk8u31\2394\hotspot\src\share\vm\prims\jvm.cpp, line 1312]
Event: 2.996 Thread 0x000000001688f800 Exception <a 'java/security/PrivilegedActionException'> (0x00000000eb741300) thrown at [C:\workspace\8-2-build-windows-amd64-cygwin\jdk8u31\2394\hotspot\src\share\vm\prims\jvm.cpp, line 1312]
Event: 3.064 Thread 0x0000000002430800 Exception <a 'java/security/PrivilegedActionException'> (0x00000000eb56b270) thrown at [C:\workspace\8-2-build-windows-amd64-cygwin\jdk8u31\2394\hotspot\src\share\vm\prims\jvm.cpp, line 1312]
Event: 3.939 Thread 0x0000000002430800 Exception <a 'java/security/PrivilegedActionException'> (0x00000000ebf3d098) thrown at [C:\workspace\8-2-build-windows-amd64-cygwin\jdk8u31\2394\hotspot\src\share\vm\prims\jvm.cpp, line 1312]
Event: 4.209 Thread 0x00000000167c7000 Exception <a 'java/security/PrivilegedActionException'> (0x00000000ec02e018) thrown at [C:\workspace\8-2-build-windows-amd64-cygwin\jdk8u31\2394\hotspot\src\share\vm\prims\jvm.cpp, line 1312]
Event: 4.230 Thread 0x00000000167c7000 Exception <a 'java/security/PrivilegedActionException'> (0x00000000ec0441a0) thrown at [C:\workspace\8-2-build-windows-amd64-cygwin\jdk8u31\2394\hotspot\src\share\vm\prims\jvm.cpp, line 1312]
Event: 4.246 Thread 0x00000000167c7000 Exception <a 'java/security/PrivilegedActionException'> (0x00000000ec063af0) thrown at [C:\workspace\8-2-build-windows-amd64-cygwin\jdk8u31\2394\hotspot\src\share\vm\prims\jvm.cpp, line 1312]

Events (10 events):
Event: 4.218 Thread 0x00000000167c7000 Uncommon trap: trap_request=0xffffffc6 fr.pc=0x000000000292f338
Event: 4.218 Thread 0x00000000167c7000 DEOPT PACKING pc=0x000000000292f338 sp=0x0000000016b5ef80
Event: 4.218 Thread 0x00000000167c7000 DEOPT UNPACKING pc=0x000000000257556a sp=0x0000000016b5eef8 mode 2
Event: 4.218 Thread 0x00000000167c7000 Uncommon trap: trap_request=0xffffffc6 fr.pc=0x000000000292f338
Event: 4.218 Thread 0x00000000167c7000 DEOPT PACKING pc=0x000000000292f338 sp=0x0000000016b5ef80
Event: 4.218 Thread 0x00000000167c7000 DEOPT UNPACKING pc=0x000000000257556a sp=0x0000000016b5eef8 mode 2
Event: 4.230 loading class com/android/dx/dex/file/ProtoIdItem
Event: 4.230 loading class com/android/dx/dex/file/ProtoIdItem done
Event: 4.246 loading class com/android/dex/Leb128
Event: 4.246 loading class com/android/dex/Leb128 done


Dynamic libraries:
0x00007ff6cb960000 - 0x00007ff6cb994000 	C:\Program Files\Java\jdk1.8.0_31\bin\java.exe
0x00007ffd332f0000 - 0x00007ffd3349d000 	C:\WINDOWS\SYSTEM32\ntdll.dll
0x00007ffd32330000 - 0x00007ffd3246e000 	C:\WINDOWS\system32\KERNEL32.DLL
0x00007ffd30800000 - 0x00007ffd30915000 	C:\WINDOWS\system32\KERNELBASE.dll
0x00007ffd2eff0000 - 0x00007ffd2f07e000 	C:\WINDOWS\system32\apphelp.dll
0x00007ffd199b0000 - 0x00007ffd19a03000 	C:\WINDOWS\AppPatch\AppPatch64\AcGenral.DLL
0x00007ffd33240000 - 0x00007ffd332ea000 	C:\WINDOWS\system32\msvcrt.dll
0x00007ffd307d0000 - 0x00007ffd307fe000 	C:\WINDOWS\system32\SspiCli.dll
0x00007ffd322d0000 - 0x00007ffd32324000 	C:\WINDOWS\system32\SHLWAPI.dll
0x00007ffd32bc0000 - 0x00007ffd32d37000 	C:\WINDOWS\system32\USER32.dll
0x00007ffd30be0000 - 0x00007ffd30d74000 	C:\WINDOWS\system32\ole32.dll
0x00007ffd30d80000 - 0x00007ffd322a9000 	C:\WINDOWS\system32\SHELL32.dll
0x00007ffd2f9d0000 - 0x00007ffd2f9f1000 	C:\WINDOWS\SYSTEM32\USERENV.dll
0x00007ffd32aa0000 - 0x00007ffd32b4a000 	C:\WINDOWS\system32\ADVAPI32.dll
0x00007ffd28db0000 - 0x00007ffd28dce000 	C:\WINDOWS\SYSTEM32\MPR.dll
0x00007ffd32940000 - 0x00007ffd32a80000 	C:\WINDOWS\system32\RPCRT4.dll
0x00007ffd32fc0000 - 0x00007ffd33019000 	C:\WINDOWS\SYSTEM32\sechost.dll
0x00007ffd309c0000 - 0x00007ffd30bd1000 	C:\WINDOWS\SYSTEM32\combase.dll
0x00007ffd327f0000 - 0x00007ffd3293f000 	C:\WINDOWS\system32\GDI32.dll
0x00007ffd30420000 - 0x00007ffd30435000 	C:\WINDOWS\SYSTEM32\profapi.dll
0x00007ffd2e970000 - 0x00007ffd2ea22000 	C:\WINDOWS\SYSTEM32\SHCORE.dll
0x00007ffd30980000 - 0x00007ffd309b6000 	C:\WINDOWS\system32\IMM32.DLL
0x00007ffd33020000 - 0x00007ffd33172000 	C:\WINDOWS\system32\MSCTF.dll
0x00007ffd2db50000 - 0x00007ffd2ddcb000 	C:\WINDOWS\WinSxS\amd64_microsoft.windows.common-controls_6595b64144ccf1df_6.0.9600.18006_none_623f33d3ecbe86e8\COMCTL32.dll
0x0000000072af0000 - 0x0000000072bc2000 	C:\Program Files\Java\jdk1.8.0_31\jre\bin\msvcr100.dll
0x0000000072f80000 - 0x00000000737da000 	C:\Program Files\Java\jdk1.8.0_31\jre\bin\server\jvm.dll
0x00007ffd21fe0000 - 0x00007ffd21fe9000 	C:\WINDOWS\SYSTEM32\WSOCK32.dll
0x00007ffd2d810000 - 0x00007ffd2d832000 	C:\WINDOWS\SYSTEM32\WINMM.dll
0x00007ffd325a0000 - 0x00007ffd325a7000 	C:\WINDOWS\system32\PSAPI.DLL
0x00007ffd325b0000 - 0x00007ffd3260a000 	C:\WINDOWS\system32\WS2_32.dll
0x00007ffd2d7e0000 - 0x00007ffd2d80a000 	C:\WINDOWS\SYSTEM32\WINMMBASE.dll
0x00007ffd322c0000 - 0x00007ffd322c9000 	C:\WINDOWS\system32\NSI.dll
0x00007ffd304f0000 - 0x00007ffd3053f000 	C:\WINDOWS\SYSTEM32\cfgmgr32.dll
0x00007ffd2f270000 - 0x00007ffd2f298000 	C:\WINDOWS\SYSTEM32\DEVOBJ.dll
0x0000000074680000 - 0x000000007468f000 	C:\Program Files\Java\jdk1.8.0_31\jre\bin\verify.dll
0x0000000072f50000 - 0x0000000072f78000 	C:\Program Files\Java\jdk1.8.0_31\jre\bin\java.dll
0x0000000074640000 - 0x0000000074656000 	C:\Program Files\Java\jdk1.8.0_31\jre\bin\zip.dll
0x00007ffd28b90000 - 0x00007ffd28d19000 	C:\WINDOWS\SYSTEM32\dbghelp.dll

VM Arguments:
jvm_args: -Djava.awt.headless=true -Xmx1024M -Dfile.encoding=windows-1252 -Duser.country=US -Duser.language=en -Duser.variant 
java_command: com.android.dx.command.Main --dex --force-jumbo --num-threads=4 --multi-dex --output C:\Users\eslam\AndroidStudioProjects\Popular-Movies\app\build\intermediates\transforms\dex\debug\folders\1000\5\slice_2 C:\Users\eslam\AndroidStudioProjects\Popular-Movies\app\build\intermediates\transforms\instantRunSlicer\debug\folders\1\5\slice_2
java_class_path (initial): F:\android-strudio-windows\sdk\sdk\build-tools\24.0.0\lib\dx.jar
Launcher Type: SUN_STANDARD

Environment Variables:
JAVA_HOME=C:\Program Files\Java\jdk1.8.0_31
PATH=E:\scala\activator-1.3.2-minimal;C:\sqlite;C:\Users\eslam\AppData\Roaming\npm;C:\Program Files\Git\cmd;C:\Program Files (x86)\Microsoft SQL Server\Client SDK\ODBC\110\Tools\Binn\;C:\Program Files (x86)\Microsoft SQL Server\120\Tools\Binn\ManagementStudio\;C:\Program Files (x86)\Microsoft SQL Server\120\Tools\Binn\;C:\Program Files (x86)\Microsoft SQL Server\120\DTS\Binn\;C:\sqlite;C:\Program Files (x86)\Brackets\command;C:\Program Files\nodejs\;C:\Program Files\Java\jre7\bin;C:\Users\eslam\AppData\Roaming\npm
USERNAME=eslam
OS=Windows_NT
PROCESSOR_IDENTIFIER=Intel64 Family 6 Model 58 Stepping 9, GenuineIntel



---------------  S Y S T E M  ---------------

OS: Windows 8.1 , 64 bit Build 9600 

CPU:total 4 (2 cores per cpu, 2 threads per core) family 6 model 58 stepping 9, cmov, cx8, fxsr, mmx, sse, sse2, sse3, ssse3, sse4.1, sse4.2, popcnt, avx, aes, clmul, erms, ht, tsc, tscinvbit, tscinv

Memory: 4k page, physical 6241508k(194352k free), swap 9387236k(5096k free)

vm_info: Java HotSpot(TM) 64-Bit Server VM (25.31-b07) for windows-amd64 JRE (1.8.0_31-b13), built on Dec 17 2014 21:00:28 by "java_re" with MS VC++ 10.0 (VS2010)

time: Sun Sep 18 01:10:40 2016
elapsed time: 5 seconds (0d 0h 0m 5s)

