#
# There is insufficient memory for the Java Runtime Environment to continue.
# Native memory allocation (malloc) failed to allocate 806416 bytes for Chunk::new
# Possible reasons:
#   The system is out of physical RAM or swap space
#   In 32 bit mode, the process size limit was hit
# Possible solutions:
#   Reduce memory load on the system
#   Increase physical memory or swap space
#   Check if swap backing store is full
#   Use 64 bit Java on a 64 bit OS
#   Decrease Java heap size (-Xmx/-Xms)
#   Decrease number of Java threads
#   Decrease Java thread stack sizes (-Xss)
#   Set larger code cache with -XX:ReservedCodeCacheSize=
# This output file may be truncated or incomplete.
#
#  Out of Memory Error (allocation.cpp:390), pid=8972, tid=1600
#
# JRE version: Java(TM) SE Runtime Environment (8.0_31-b13) (build 1.8.0_31-b13)
# Java VM: Java HotSpot(TM) 64-Bit Server VM (25.31-b07 mixed mode windows-amd64 compressed oops)
# Failed to write core dump. Minidumps are not enabled by default on client versions of Windows
#

---------------  T H R E A D  ---------------

Current thread (0x00000000147fd800):  JavaThread "C2 CompilerThread1" daemon [_thread_in_native, id=1600, stack(0x0000000015e10000,0x0000000015f10000)]

Stack: [0x0000000015e10000,0x0000000015f10000]
Native frames: (J=compiled Java code, j=interpreted, Vv=VM code, C=native code)
V  [jvm.dll+0x3169ba]
V  [jvm.dll+0x2674c3]
V  [jvm.dll+0x268103]
V  [jvm.dll+0x25f8f5]
V  [jvm.dll+0xbf025]
V  [jvm.dll+0xbf4cc]
V  [jvm.dll+0x45df82]
V  [jvm.dll+0x49f21f]
V  [jvm.dll+0x452b35]
V  [jvm.dll+0x454124]
V  [jvm.dll+0x437c62]
V  [jvm.dll+0x988e2]
V  [jvm.dll+0x990d3]
V  [jvm.dll+0x22c194]
V  [jvm.dll+0x28576a]
C  [msvcr100.dll+0x21d9f]
C  [msvcr100.dll+0x21e3b]
C  [KERNEL32.DLL+0x13d2]
C  [ntdll.dll+0x154e4]


Current CompileTask:
C2:  13246 2287       4       com.android.dx.ssa.ConstCollector::getConstsSortedByCountUse (386 bytes)


---------------  P R O C E S S  ---------------

Java Threads: ( => current thread )
  0x0000000016373800 JavaThread "pool-1-thread-1" [_thread_in_Java, id=18120, stack(0x0000000016e10000,0x0000000016f10000)]
  0x000000001480b800 JavaThread "Service Thread" daemon [_thread_blocked, id=17988, stack(0x0000000016010000,0x0000000016110000)]
  0x0000000014800000 JavaThread "C1 CompilerThread2" daemon [_thread_blocked, id=9772, stack(0x0000000015f10000,0x0000000016010000)]
=>0x00000000147fd800 JavaThread "C2 CompilerThread1" daemon [_thread_in_native, id=1600, stack(0x0000000015e10000,0x0000000015f10000)]
  0x00000000147ad000 JavaThread "C2 CompilerThread0" daemon [_thread_in_native, id=6456, stack(0x0000000015d10000,0x0000000015e10000)]
  0x00000000147aa800 JavaThread "Attach Listener" daemon [_thread_blocked, id=16516, stack(0x0000000015c10000,0x0000000015d10000)]
  0x00000000147a9800 JavaThread "Signal Dispatcher" daemon [_thread_blocked, id=8212, stack(0x0000000015b10000,0x0000000015c10000)]
  0x00000000020d4800 JavaThread "Finalizer" daemon [_thread_blocked, id=10632, stack(0x0000000015a10000,0x0000000015b10000)]
  0x00000000020cc000 JavaThread "Reference Handler" daemon [_thread_blocked, id=13508, stack(0x0000000015910000,0x0000000015a10000)]
  0x0000000001fe0800 JavaThread "main" [_thread_blocked, id=13336, stack(0x0000000001df0000,0x0000000001ef0000)]

Other Threads:
  0x0000000014775800 VMThread [stack: 0x0000000015810000,0x0000000015910000] [id=5180]
  0x000000001480e800 WatcherThread [stack: 0x0000000016510000,0x0000000016610000] [id=9392]

VM state:not at safepoint (normal execution)

VM Mutex/Monitor currently owned by a thread: None

Heap:
 PSYoungGen      total 218624K, used 21279K [0x00000000eab00000, 0x0000000100000000, 0x0000000100000000)
  eden space 193024K, 4% used [0x00000000eab00000,0x00000000eb451568,0x00000000f6780000)
  from space 25600K, 45% used [0x00000000f6780000,0x00000000f72f6a30,0x00000000f8080000)
  to   space 41472K, 0% used [0x00000000fd780000,0x00000000fd780000,0x0000000100000000)
 ParOldGen       total 65536K, used 65131K [0x00000000c0000000, 0x00000000c4000000, 0x00000000eab00000)
  object space 65536K, 99% used [0x00000000c0000000,0x00000000c3f9af78,0x00000000c4000000)
 Metaspace       used 6540K, capacity 7320K, committed 7680K, reserved 1056768K
  class space    used 619K, capacity 656K, committed 768K, reserved 1048576K

Card table byte_map: [0x00000000114a0000,0x00000000116b0000] byte_map_base: 0x0000000010ea0000

Marking Bits: (ParMarkBitMap*) 0x000000006a56d4f0
 Begin Bits: [0x0000000011c10000, 0x0000000012c10000)
 End Bits:   [0x0000000012c10000, 0x0000000013c10000)

Polling page: 0x0000000001d60000

CodeCache: size=245760Kb used=10580Kb max_used=10589Kb free=235179Kb
 bounds [0x00000000020e0000, 0x0000000002b50000, 0x00000000110e0000]
 total_blobs=2467 nmethods=2202 adapters=178
 compilation: enabled

Compilation events (10 events):
Event: 12.949 Thread 0x0000000014800000 2308       1       java.lang.ref.Reference::access$100 (4 bytes)
Event: 12.949 Thread 0x0000000014800000 nmethod 2308 0x0000000002826c50 code [0x0000000002826da0, 0x0000000002826e90]
Event: 12.949 Thread 0x0000000014800000 2309       1       java.lang.ref.Finalizer::access$000 (4 bytes)
Event: 12.949 Thread 0x0000000014800000 nmethod 2309 0x00000000029981d0 code [0x0000000002998320, 0x0000000002998410]
Event: 12.971 Thread 0x0000000014800000 2310       2       java.util.concurrent.FutureTask::get (23 bytes)
Event: 12.971 Thread 0x0000000014800000 nmethod 2310 0x0000000002b1da90 code [0x0000000002b1dc00, 0x0000000002b1ddb8]
Event: 13.086 Thread 0x00000000147ad000 nmethod 2279 0x0000000002b3e190 code [0x0000000002b3e500, 0x0000000002b41ba0]
Event: 13.087 Thread 0x00000000147ad000 2307       4       java.util.HashMap::resize (359 bytes)
Event: 13.096 Thread 0x00000000147ad000 nmethod 2307 0x0000000002b21950 code [0x0000000002b21ae0, 0x0000000002b22008]
Event: 13.096 Thread 0x00000000147ad000 2284       4       com.android.dx.ssa.SsaConverter::edgeSplitPredecessors (44 bytes)

GC Heap History (10 events):
Event: 4.731 GC heap before
{Heap before GC invocations=4 (full 0):
 PSYoungGen      total 53248K, used 53226K [0x00000000eab00000, 0x00000000f1300000, 0x0000000100000000)
  eden space 49152K, 100% used [0x00000000eab00000,0x00000000edb00000,0x00000000edb00000)
  from space 4096K, 99% used [0x00000000edb00000,0x00000000edefa980,0x00000000edf00000)
  to   space 4096K, 0% used [0x00000000f0f00000,0x00000000f0f00000,0x00000000f1300000)
 ParOldGen       total 65536K, used 7917K [0x00000000c0000000, 0x00000000c4000000, 0x00000000eab00000)
  object space 65536K, 12% used [0x00000000c0000000,0x00000000c07bb418,0x00000000c4000000)
 Metaspace       used 6248K, capacity 7152K, committed 7296K, reserved 1056768K
  class space    used 594K, capacity 616K, committed 640K, reserved 1048576K
Event: 4.785 GC heap after
Heap after GC invocations=4 (full 0):
 PSYoungGen      total 102400K, used 4072K [0x00000000eab00000, 0x00000000f1300000, 0x0000000100000000)
  eden space 98304K, 0% used [0x00000000eab00000,0x00000000eab00000,0x00000000f0b00000)
  from space 4096K, 99% used [0x00000000f0f00000,0x00000000f12fa2c0,0x00000000f1300000)
  to   space 4096K, 0% used [0x00000000f0b00000,0x00000000f0b00000,0x00000000f0f00000)
 ParOldGen       total 65536K, used 15653K [0x00000000c0000000, 0x00000000c4000000, 0x00000000eab00000)
  object space 65536K, 23% used [0x00000000c0000000,0x00000000c0f495e0,0x00000000c4000000)
 Metaspace       used 6248K, capacity 7152K, committed 7296K, reserved 1056768K
  class space    used 594K, capacity 616K, committed 640K, reserved 1048576K
}
Event: 5.632 GC heap before
{Heap before GC invocations=5 (full 0):
 PSYoungGen      total 102400K, used 102376K [0x00000000eab00000, 0x00000000f1300000, 0x0000000100000000)
  eden space 98304K, 100% used [0x00000000eab00000,0x00000000f0b00000,0x00000000f0b00000)
  from space 4096K, 99% used [0x00000000f0f00000,0x00000000f12fa2c0,0x00000000f1300000)
  to   space 4096K, 0% used [0x00000000f0b00000,0x00000000f0b00000,0x00000000f0f00000)
 ParOldGen       total 65536K, used 15653K [0x00000000c0000000, 0x00000000c4000000, 0x00000000eab00000)
  object space 65536K, 23% used [0x00000000c0000000,0x00000000c0f495e0,0x00000000c4000000)
 Metaspace       used 6345K, capacity 7216K, committed 7296K, reserved 1056768K
  class space    used 594K, capacity 616K, committed 640K, reserved 1048576K
Event: 5.794 GC heap after
Heap after GC invocations=5 (full 0):
 PSYoungGen      total 102400K, used 4072K [0x00000000eab00000, 0x00000000f9600000, 0x0000000100000000)
  eden space 98304K, 0% used [0x00000000eab00000,0x00000000eab00000,0x00000000f0b00000)
  from space 4096K, 99% used [0x00000000f0b00000,0x00000000f0efa2c0,0x00000000f0f00000)
  to   space 22016K, 0% used [0x00000000f8080000,0x00000000f8080000,0x00000000f9600000)
 ParOldGen       total 65536K, used 31479K [0x00000000c0000000, 0x00000000c4000000, 0x00000000eab00000)
  object space 65536K, 48% used [0x00000000c0000000,0x00000000c1ebdcb8,0x00000000c4000000)
 Metaspace       used 6345K, capacity 7216K, committed 7296K, reserved 1056768K
  class space    used 594K, capacity 616K, committed 640K, reserved 1048576K
}
Event: 6.730 GC heap before
{Heap before GC invocations=6 (full 0):
 PSYoungGen      total 102400K, used 102376K [0x00000000eab00000, 0x00000000f9600000, 0x0000000100000000)
  eden space 98304K, 100% used [0x00000000eab00000,0x00000000f0b00000,0x00000000f0b00000)
  from space 4096K, 99% used [0x00000000f0b00000,0x00000000f0efa2c0,0x00000000f0f00000)
  to   space 22016K, 0% used [0x00000000f8080000,0x00000000f8080000,0x00000000f9600000)
 ParOldGen       total 65536K, used 31479K [0x00000000c0000000, 0x00000000c4000000, 0x00000000eab00000)
  object space 65536K, 48% used [0x00000000c0000000,0x00000000c1ebdcb8,0x00000000c4000000)
 Metaspace       used 6487K, capacity 7256K, committed 7424K, reserved 1056768K
  class space    used 613K, capacity 656K, committed 768K, reserved 1048576K
Event: 6.851 GC heap after
Heap after GC invocations=6 (full 0):
 PSYoungGen      total 215040K, used 19761K [0x00000000eab00000, 0x00000000f9d00000, 0x0000000100000000)
  eden space 193024K, 0% used [0x00000000eab00000,0x00000000eab00000,0x00000000f6780000)
  from space 22016K, 89% used [0x00000000f8080000,0x00000000f93cc538,0x00000000f9600000)
  to   space 25600K, 0% used [0x00000000f6780000,0x00000000f6780000,0x00000000f8080000)
 ParOldGen       total 65536K, used 31487K [0x00000000c0000000, 0x00000000c4000000, 0x00000000eab00000)
  object space 65536K, 48% used [0x00000000c0000000,0x00000000c1ebfcb8,0x00000000c4000000)
 Metaspace       used 6487K, capacity 7256K, committed 7424K, reserved 1056768K
  class space    used 613K, capacity 656K, committed 768K, reserved 1048576K
}
Event: 10.830 GC heap before
{Heap before GC invocations=7 (full 0):
 PSYoungGen      total 215040K, used 212785K [0x00000000eab00000, 0x00000000f9d00000, 0x0000000100000000)
  eden space 193024K, 100% used [0x00000000eab00000,0x00000000f6780000,0x00000000f6780000)
  from space 22016K, 89% used [0x00000000f8080000,0x00000000f93cc538,0x00000000f9600000)
  to   space 25600K, 0% used [0x00000000f6780000,0x00000000f6780000,0x00000000f8080000)
 ParOldGen       total 65536K, used 31487K [0x00000000c0000000, 0x00000000c4000000, 0x00000000eab00000)
  object space 65536K, 48% used [0x00000000c0000000,0x00000000c1ebfcb8,0x00000000c4000000)
 Metaspace       used 6510K, capacity 7320K, committed 7680K, reserved 1056768K
  class space    used 615K, capacity 656K, committed 768K, reserved 1048576K
Event: 11.011 GC heap after
Heap after GC invocations=7 (full 0):
 PSYoungGen      total 218624K, used 25588K [0x00000000eab00000, 0x0000000100000000, 0x0000000100000000)
  eden space 193024K, 0% used [0x00000000eab00000,0x00000000eab00000,0x00000000f6780000)
  from space 25600K, 99% used [0x00000000f6780000,0x00000000f807d2e0,0x00000000f8080000)
  to   space 41472K, 0% used [0x00000000fd780000,0x00000000fd780000,0x0000000100000000)
 ParOldGen       total 65536K, used 53473K [0x00000000c0000000, 0x00000000c4000000, 0x00000000eab00000)
  object space 65536K, 81% used [0x00000000c0000000,0x00000000c3438740,0x00000000c4000000)
 Metaspace       used 6510K, capacity 7320K, committed 7680K, reserved 1056768K
  class space    used 615K, capacity 656K, committed 768K, reserved 1048576K
}
Event: 11.011 GC heap before
{Heap before GC invocations=8 (full 1):
 PSYoungGen      total 218624K, used 25588K [0x00000000eab00000, 0x0000000100000000, 0x0000000100000000)
  eden space 193024K, 0% used [0x00000000eab00000,0x00000000eab00000,0x00000000f6780000)
  from space 25600K, 99% used [0x00000000f6780000,0x00000000f807d2e0,0x00000000f8080000)
  to   space 41472K, 0% used [0x00000000fd780000,0x00000000fd780000,0x0000000100000000)
 ParOldGen       total 65536K, used 53473K [0x00000000c0000000, 0x00000000c4000000, 0x00000000eab00000)
  object space 65536K, 81% used [0x00000000c0000000,0x00000000c3438740,0x00000000c4000000)
 Metaspace       used 6510K, capacity 7320K, committed 7680K, reserved 1056768K
  class space    used 615K, capacity 656K, committed 768K, reserved 1048576K
Event: 12.948 GC heap after
Heap after GC invocations=8 (full 1):
 PSYoungGen      total 218624K, used 11738K [0x00000000eab00000, 0x0000000100000000, 0x0000000100000000)
  eden space 193024K, 0% used [0x00000000eab00000,0x00000000eab00000,0x00000000f6780000)
  from space 25600K, 45% used [0x00000000f6780000,0x00000000f72f6a30,0x00000000f8080000)
  to   space 41472K, 0% used [0x00000000fd780000,0x00000000fd780000,0x0000000100000000)
 ParOldGen       total 65536K, used 65131K [0x00000000c0000000, 0x00000000c4000000, 0x00000000eab00000)
  object space 65536K, 99% used [0x00000000c0000000,0x00000000c3f9af78,0x00000000c4000000)
 Metaspace       used 6510K, capacity 7320K, committed 7680K, reserved 1056768K
  class space    used 615K, capacity 656K, committed 768K, reserved 1048576K
}

Deoptimization events (10 events):
Event: 8.631 Thread 0x00000000163c9800 Uncommon trap: reason=bimorphic action=maybe_recompile pc=0x0000000002a10508 method=com.android.dx.cf.code.BytecodeArray.parseInstruction(ILcom/android/dx/cf/code/BytecodeArray$Visitor;)I @ 1161
Event: 8.631 Thread 0x00000000163c9800 Uncommon trap: reason=bimorphic action=maybe_recompile pc=0x0000000002a0fee0 method=com.android.dx.cf.code.BytecodeArray.parseInstruction(ILcom/android/dx/cf/code/BytecodeArray$Visitor;)I @ 907
Event: 8.631 Thread 0x00000000163c9800 Uncommon trap: reason=bimorphic action=maybe_recompile pc=0x0000000002a10298 method=com.android.dx.cf.code.BytecodeArray.parseInstruction(ILcom/android/dx/cf/code/BytecodeArray$Visitor;)I @ 1035
Event: 8.631 Thread 0x00000000163c9800 Uncommon trap: reason=bimorphic action=maybe_recompile pc=0x0000000002a0ff6c method=com.android.dx.cf.code.BytecodeArray.parseInstruction(ILcom/android/dx/cf/code/BytecodeArray$Visitor;)I @ 923
Event: 8.631 Thread 0x00000000163c9800 Uncommon trap: reason=bimorphic action=maybe_recompile pc=0x0000000002a10608 method=com.android.dx.cf.code.BytecodeArray.parseInstruction(ILcom/android/dx/cf/code/BytecodeArray$Visitor;)I @ 1224
Event: 8.631 Thread 0x00000000163c9800 Uncommon trap: reason=bimorphic action=maybe_recompile pc=0x0000000002a0fff8 method=com.android.dx.cf.code.BytecodeArray.parseInstruction(ILcom/android/dx/cf/code/BytecodeArray$Visitor;)I @ 939
Event: 8.631 Thread 0x00000000163c9800 Uncommon trap: reason=bimorphic action=maybe_recompile pc=0x0000000002a10608 method=com.android.dx.cf.code.BytecodeArray.parseInstruction(ILcom/android/dx/cf/code/BytecodeArray$Visitor;)I @ 1224
Event: 9.619 Thread 0x00000000163c9800 Uncommon trap: reason=unreached action=reinterpret pc=0x0000000002a736f0 method=com.android.dx.cf.code.BytecodeArray.parseInstruction(ILcom/android/dx/cf/code/BytecodeArray$Visitor;)I @ 1261
Event: 9.748 Thread 0x0000000016373800 Uncommon trap: reason=unreached action=reinterpret pc=0x000000000276c0e8 method=java.util.HashMap.resize()[Ljava/util/HashMap$Node; @ 206
Event: 10.753 Thread 0x0000000016373800 Uncommon trap: reason=unreached action=reinterpret pc=0x00000000027dc258 method=java.util.HashMap.getNode(ILjava/lang/Object;)Ljava/util/HashMap$Node; @ 84

Internal exceptions (10 events):
Event: 2.244 Thread 0x0000000001fe0800 Implicit null exception at 0x0000000002417aa2 to 0x0000000002417ba1
Event: 2.624 Thread 0x0000000016373800 Exception <a 'java/security/PrivilegedActionException'> (0x00000000ebe76330) thrown at [C:\workspace\8-2-build-windows-amd64-cygwin\jdk8u31\2394\hotspot\src\share\vm\prims\jvm.cpp, line 1312]
Event: 3.312 Thread 0x000000001635f800 Implicit null exception at 0x000000000270535c to 0x00000000027078c9
Event: 4.485 Thread 0x000000001635f800 Exception <a 'java/security/PrivilegedActionException'> (0x00000000ebdb3dd0) thrown at [C:\workspace\8-2-build-windows-amd64-cygwin\jdk8u31\2394\hotspot\src\share\vm\prims\jvm.cpp, line 1312]
Event: 5.609 Thread 0x00000000163c9800 Implicit null exception at 0x000000000275f435 to 0x0000000002760c55
Event: 6.114 Thread 0x0000000016373800 Exception <a 'java/lang/ArrayIndexOutOfBoundsException': 18> (0x00000000ecb49838) thrown at [C:\workspace\8-2-build-windows-amd64-cygwin\jdk8u31\2394\hotspot\src\share\vm\interpreter\interpreterRuntime.cpp, line 366]
Event: 6.114 Thread 0x0000000016373800 Exception <a 'java/lang/ArrayIndexOutOfBoundsException': 145> (0x00000000ecb4b2d0) thrown at [C:\workspace\8-2-build-windows-amd64-cygwin\jdk8u31\2394\hotspot\src\share\vm\interpreter\interpreterRuntime.cpp, line 366]
Event: 6.115 Thread 0x0000000016373800 Exception <a 'java/lang/ArrayIndexOutOfBoundsException'> (0x00000000ecb4c4e8) thrown at [C:\workspace\8-2-build-windows-amd64-cygwin\jdk8u31\2394\hotspot\src\share\vm\runtime\sharedRuntime.cpp, line 604]
Event: 10.349 Thread 0x0000000001fe0800 Exception <a 'java/security/PrivilegedActionException'> (0x00000000f429aef0) thrown at [C:\workspace\8-2-build-windows-amd64-cygwin\jdk8u31\2394\hotspot\src\share\vm\prims\jvm.cpp, line 1312]
Event: 12.971 Thread 0x0000000001fe0800 Exception <a 'java/security/PrivilegedActionException'> (0x00000000eb28b950) thrown at [C:\workspace\8-2-build-windows-amd64-cygwin\jdk8u31\2394\hotspot\src\share\vm\prims\jvm.cpp, line 1312]

Events (10 events):
Event: 10.766 Thread 0x000000001635f800 DEOPT UNPACKING pc=0x00000000021275bf sp=0x000000001720e478 mode 0
Event: 10.768 Executing VM operation: ParallelGCFailedAllocation
Event: 12.948 Executing VM operation: ParallelGCFailedAllocation done
Event: 12.962 Thread 0x00000000163c9800 Thread exited: 0x00000000163c9800
Event: 12.966 Thread 0x000000001635f800 Thread exited: 0x000000001635f800
Event: 12.970 Thread 0x0000000016373800 Thread exited: 0x0000000016373800
Event: 12.970 Thread 0x00000000163c8800 Thread exited: 0x00000000163c8800
Event: 12.971 loading class com/android/dx/command/dexer/Main$DexWriter
Event: 12.971 loading class com/android/dx/command/dexer/Main$DexWriter done
Event: 12.972 Thread 0x0000000016373800 Thread added: 0x0000000016373800


Dynamic libraries:
0x00007ff7f4420000 - 0x00007ff7f4454000 	C:\Program Files\Java\jdk1.8.0_31\bin\java.exe
0x00007ffdcc080000 - 0x00007ffdcc22d000 	C:\WINDOWS\SYSTEM32\ntdll.dll
0x00007ffdc9ef0000 - 0x00007ffdca02e000 	C:\WINDOWS\system32\KERNEL32.DLL
0x00007ffdc9460000 - 0x00007ffdc9575000 	C:\WINDOWS\system32\KERNELBASE.dll
0x00007ffdc7d80000 - 0x00007ffdc7e0e000 	C:\WINDOWS\system32\apphelp.dll
0x00007ffdbcc80000 - 0x00007ffdbccd3000 	C:\WINDOWS\AppPatch\AppPatch64\AcGenral.DLL
0x00007ffdcbfd0000 - 0x00007ffdcc07a000 	C:\WINDOWS\system32\msvcrt.dll
0x00007ffdc9680000 - 0x00007ffdc96ae000 	C:\WINDOWS\system32\SspiCli.dll
0x00007ffdcbad0000 - 0x00007ffdcbb24000 	C:\WINDOWS\system32\SHLWAPI.dll
0x00007ffdca040000 - 0x00007ffdca1b7000 	C:\WINDOWS\system32\USER32.dll
0x00007ffdc9a50000 - 0x00007ffdc9be4000 	C:\WINDOWS\system32\ole32.dll
0x00007ffdca440000 - 0x00007ffdcb969000 	C:\WINDOWS\system32\SHELL32.dll
0x00007ffdc8780000 - 0x00007ffdc87a1000 	C:\WINDOWS\SYSTEM32\USERENV.dll
0x00007ffdc9c60000 - 0x00007ffdc9d0a000 	C:\WINDOWS\system32\ADVAPI32.dll
0x00007ffdc1b40000 - 0x00007ffdc1b5e000 	C:\WINDOWS\SYSTEM32\MPR.dll
0x00007ffdca300000 - 0x00007ffdca440000 	C:\WINDOWS\system32\RPCRT4.dll
0x00007ffdc9770000 - 0x00007ffdc97c9000 	C:\WINDOWS\SYSTEM32\sechost.dll
0x00007ffdcbbf0000 - 0x00007ffdcbe01000 	C:\WINDOWS\SYSTEM32\combase.dll
0x00007ffdcb980000 - 0x00007ffdcbacf000 	C:\WINDOWS\system32\GDI32.dll
0x00007ffdc91b0000 - 0x00007ffdc91c5000 	C:\WINDOWS\SYSTEM32\profapi.dll
0x00007ffdc7700000 - 0x00007ffdc77b2000 	C:\WINDOWS\SYSTEM32\SHCORE.dll
0x00007ffdc97d0000 - 0x00007ffdc9806000 	C:\WINDOWS\system32\IMM32.DLL
0x00007ffdc98f0000 - 0x00007ffdc9a42000 	C:\WINDOWS\system32\MSCTF.dll
0x00007ffdc6c60000 - 0x00007ffdc6edb000 	C:\WINDOWS\WinSxS\amd64_microsoft.windows.common-controls_6595b64144ccf1df_6.0.9600.18006_none_623f33d3ecbe86e8\COMCTL32.dll
0x0000000067c70000 - 0x0000000067d42000 	C:\Program Files\Java\jdk1.8.0_31\jre\bin\msvcr100.dll
0x0000000069d90000 - 0x000000006a5ea000 	C:\Program Files\Java\jdk1.8.0_31\jre\bin\server\jvm.dll
0x00007ffdb1620000 - 0x00007ffdb1629000 	C:\WINDOWS\SYSTEM32\WSOCK32.dll
0x00007ffdc6ee0000 - 0x00007ffdc6f02000 	C:\WINDOWS\SYSTEM32\WINMM.dll
0x00007ffdcb970000 - 0x00007ffdcb977000 	C:\WINDOWS\system32\PSAPI.DLL
0x00007ffdc9710000 - 0x00007ffdc976a000 	C:\WINDOWS\system32\WS2_32.dll
0x00007ffdc6c30000 - 0x00007ffdc6c5a000 	C:\WINDOWS\SYSTEM32\WINMMBASE.dll
0x00007ffdcbfc0000 - 0x00007ffdcbfc9000 	C:\WINDOWS\system32\NSI.dll
0x00007ffdc9580000 - 0x00007ffdc95cf000 	C:\WINDOWS\SYSTEM32\cfgmgr32.dll
0x00007ffdc7fd0000 - 0x00007ffdc7ff8000 	C:\WINDOWS\SYSTEM32\DEVOBJ.dll
0x000000006b0d0000 - 0x000000006b0df000 	C:\Program Files\Java\jdk1.8.0_31\jre\bin\verify.dll
0x000000006b0a0000 - 0x000000006b0c8000 	C:\Program Files\Java\jdk1.8.0_31\jre\bin\java.dll
0x000000006b080000 - 0x000000006b096000 	C:\Program Files\Java\jdk1.8.0_31\jre\bin\zip.dll
0x00007ffdc1910000 - 0x00007ffdc1a99000 	C:\WINDOWS\SYSTEM32\dbghelp.dll

VM Arguments:
jvm_args: -Djava.awt.headless=true -Xmx1024M -Dfile.encoding=windows-1252 -Duser.country=US -Duser.language=en -Duser.variant 
java_command: com.android.dx.command.Main --dex --force-jumbo --num-threads=4 --multi-dex --output C:\Users\eslam\AndroidStudioProjects\Popular-Movies\app\build\intermediates\transforms\dex\debug\folders\1000\10\com.android.support-support-v4-24.0.0_6a8883e037521353a8e34bfedbca03d35ae8eff9 C:\Users\eslam\AndroidStudioProjects\Popular-Movies\app\build\intermediates\exploded-aar\com.android.support\support-v4\24.0.0\jars\classes.jar
java_class_path (initial): F:\android-strudio-windows\sdk\sdk\build-tools\24.0.0\lib\dx.jar
Launcher Type: SUN_STANDARD

Environment Variables:
JAVA_HOME=C:\Program Files\Java\jdk1.8.0_31
PATH=E:\scala\activator-1.3.2-minimal;C:\sqlite;C:\Users\eslam\AppData\Roaming\npm;C:\Program Files\Git\cmd;C:\Program Files (x86)\Microsoft SQL Server\Client SDK\ODBC\110\Tools\Binn\;C:\Program Files (x86)\Microsoft SQL Server\120\Tools\Binn\ManagementStudio\;C:\Program Files (x86)\Microsoft SQL Server\120\Tools\Binn\;C:\Program Files (x86)\Microsoft SQL Server\120\DTS\Binn\;C:\sqlite;C:\Program Files (x86)\Brackets\command;C:\Program Files\nodejs\;C:\Program Files\Java\jre7\bin;C:\Users\eslam\AppData\Roaming\npm
USERNAME=eslam
OS=Windows_NT
PROCESSOR_IDENTIFIER=Intel64 Family 6 Model 58 Stepping 9, GenuineIntel



---------------  S Y S T E M  ---------------

OS: Windows 8.1 , 64 bit Build 9600 

CPU:total 4 (2 cores per cpu, 2 threads per core) family 6 model 58 stepping 9, cmov, cx8, fxsr, mmx, sse, sse2, sse3, ssse3, sse4.1, sse4.2, popcnt, avx, aes, clmul, erms, ht, tsc, tscinvbit, tscinv

Memory: 4k page, physical 6241508k(307748k free), swap 9387236k(102536k free)

vm_info: Java HotSpot(TM) 64-Bit Server VM (25.31-b07) for windows-amd64 JRE (1.8.0_31-b13), built on Dec 17 2014 21:00:28 by "java_re" with MS VC++ 10.0 (VS2010)

time: Wed Sep 21 23:11:02 2016
elapsed time: 13 seconds (0d 0h 0m 13s)

