#
# There is insufficient memory for the Java Runtime Environment to continue.
# Native memory allocation (malloc) failed to allocate 759056 bytes for Chunk::new
# Possible reasons:
#   The system is out of physical RAM or swap space
#   In 32 bit mode, the process size limit was hit
# Possible solutions:
#   Reduce memory load on the system
#   Increase physical memory or swap space
#   Check if swap backing store is full
#   Use 64 bit Java on a 64 bit OS
#   Decrease Java heap size (-Xmx/-Xms)
#   Decrease number of Java threads
#   Decrease Java thread stack sizes (-Xss)
#   Set larger code cache with -XX:ReservedCodeCacheSize=
# This output file may be truncated or incomplete.
#
#  Out of Memory Error (allocation.cpp:390), pid=11724, tid=9452
#
# JRE version: Java(TM) SE Runtime Environment (8.0_31-b13) (build 1.8.0_31-b13)
# Java VM: Java HotSpot(TM) 64-Bit Server VM (25.31-b07 mixed mode windows-amd64 compressed oops)
# Failed to write core dump. Minidumps are not enabled by default on client versions of Windows
#

---------------  T H R E A D  ---------------

Current thread (0x0000000015342800):  JavaThread "C2 CompilerThread1" daemon [_thread_in_native, id=9452, stack(0x0000000016980000,0x0000000016a80000)]

Stack: [0x0000000016980000,0x0000000016a80000]
Native frames: (J=compiled Java code, j=interpreted, Vv=VM code, C=native code)
V  [jvm.dll+0x3169ba]
V  [jvm.dll+0x2674c3]
V  [jvm.dll+0x268103]
V  [jvm.dll+0x25f8f5]
V  [jvm.dll+0xbf025]
V  [jvm.dll+0xbf4cc]
V  [jvm.dll+0x45df82]
V  [jvm.dll+0x49f21f]
V  [jvm.dll+0x452daf]
V  [jvm.dll+0x454124]
V  [jvm.dll+0x437c62]
V  [jvm.dll+0x988e2]
V  [jvm.dll+0x990d3]
V  [jvm.dll+0x22c194]
V  [jvm.dll+0x28576a]
C  [msvcr100.dll+0x21d9f]
C  [msvcr100.dll+0x21e3b]
C  [KERNEL32.DLL+0x13d2]
C  [ntdll.dll+0x154e4]


Current CompileTask:
C2:   3740 1261       4       com.android.dx.ssa.SCCP::simulateBranch (666 bytes)


---------------  P R O C E S S  ---------------

Java Threads: ( => current thread )
  0x0000000016d57000 JavaThread "pool-2-thread-4" [_thread_blocked, id=8012, stack(0x0000000017580000,0x0000000017680000)]
  0x0000000016d56000 JavaThread "pool-2-thread-3" [_thread_blocked, id=10380, stack(0x0000000017480000,0x0000000017580000)]
  0x0000000016d55000 JavaThread "pool-2-thread-2" [_thread_blocked, id=16564, stack(0x0000000017380000,0x0000000017480000)]
  0x0000000016d4e800 JavaThread "pool-3-thread-1" [_thread_blocked, id=11032, stack(0x0000000017280000,0x0000000017380000)]
  0x0000000016d49000 JavaThread "pool-2-thread-1" [_thread_blocked, id=18808, stack(0x0000000017180000,0x0000000017280000)]
  0x0000000016b91000 JavaThread "Service Thread" daemon [_thread_blocked, id=4236, stack(0x0000000016f80000,0x0000000017080000)]
  0x0000000015389000 JavaThread "C1 CompilerThread2" daemon [_thread_blocked, id=17460, stack(0x0000000016a80000,0x0000000016b80000)]
=>0x0000000015342800 JavaThread "C2 CompilerThread1" daemon [_thread_in_native, id=9452, stack(0x0000000016980000,0x0000000016a80000)]
  0x000000001532b000 JavaThread "C2 CompilerThread0" daemon [_thread_in_native, id=14252, stack(0x0000000016880000,0x0000000016980000)]
  0x0000000015328800 JavaThread "Attach Listener" daemon [_thread_blocked, id=14416, stack(0x0000000016780000,0x0000000016880000)]
  0x0000000015328000 JavaThread "Signal Dispatcher" daemon [_thread_blocked, id=7444, stack(0x0000000016680000,0x0000000016780000)]
  0x0000000002c54800 JavaThread "Finalizer" daemon [_thread_blocked, id=18164, stack(0x0000000016580000,0x0000000016680000)]
  0x0000000002c4c000 JavaThread "Reference Handler" daemon [_thread_blocked, id=5400, stack(0x0000000016480000,0x0000000016580000)]
  0x0000000002b60800 JavaThread "main" [_thread_in_Java, id=14792, stack(0x0000000002a60000,0x0000000002b60000)]

Other Threads:
  0x00000000152f5800 VMThread [stack: 0x0000000016380000,0x0000000016480000] [id=14760]
  0x0000000016b94000 WatcherThread [stack: 0x0000000017080000,0x0000000017180000] [id=1240]

VM state:not at safepoint (normal execution)

VM Mutex/Monitor currently owned by a thread: None

Heap:
 PSYoungGen      total 28672K, used 15665K [0x00000000eab00000, 0x00000000ecb00000, 0x0000000100000000)
  eden space 24576K, 47% used [0x00000000eab00000,0x00000000eb651b68,0x00000000ec300000)
  from space 4096K, 99% used [0x00000000ec300000,0x00000000ec6faab8,0x00000000ec700000)
  to   space 4096K, 0% used [0x00000000ec700000,0x00000000ec700000,0x00000000ecb00000)
 ParOldGen       total 65536K, used 1578K [0x00000000c0000000, 0x00000000c4000000, 0x00000000eab00000)
  object space 65536K, 2% used [0x00000000c0000000,0x00000000c018ab08,0x00000000c4000000)
 Metaspace       used 5925K, capacity 6896K, committed 7040K, reserved 1056768K
  class space    used 587K, capacity 616K, committed 640K, reserved 1048576K

Card table byte_map: [0x0000000012020000,0x0000000012230000] byte_map_base: 0x0000000011a20000

Marking Bits: (ParMarkBitMap*) 0x000000006a56d4f0
 Begin Bits: [0x0000000012790000, 0x0000000013790000)
 End Bits:   [0x0000000013790000, 0x0000000014790000)

Polling page: 0x0000000002980000

CodeCache: size=245760Kb used=4832Kb max_used=4844Kb free=240927Kb
 bounds [0x0000000002c60000, 0x0000000003130000, 0x0000000011c60000]
 total_blobs=1510 nmethods=1246 adapters=178
 compilation: enabled

Compilation events (10 events):
Event: 3.639 Thread 0x000000001532b000 nmethod 1210 0x00000000031119d0 code [0x0000000003111b20, 0x0000000003111bf8]
Event: 3.639 Thread 0x000000001532b000 1245       4       com.android.dx.rop.code.BasicBlockList$RegCountVisitor::visitPlainInsn (6 bytes)
Event: 3.639 Thread 0x0000000015342800 nmethod 1215 0x000000000310ef10 code [0x000000000310f060, 0x000000000310f1d8]
Event: 3.644 Thread 0x000000001532b000 nmethod 1245 0x0000000003110210 code [0x0000000003110380, 0x0000000003110638]
Event: 3.648 Thread 0x0000000015342800 1258       4       com.android.dx.ssa.SCCP::addBlockToWorklist (47 bytes)
Event: 3.650 Thread 0x000000001532b000 1259       4       com.android.dx.ssa.SCCP::simulateStmt (481 bytes)
Event: 3.662 Thread 0x0000000015342800 nmethod 1258 0x0000000003113910 code [0x0000000003113aa0, 0x0000000003114388]
Event: 3.662 Thread 0x0000000015342800 1260       4       java.util.Collections$UnmodifiableCollection$1::next (10 bytes)
Event: 3.666 Thread 0x0000000015342800 nmethod 1260 0x0000000003113210 code [0x0000000003113360, 0x0000000003113578]
Event: 3.666 Thread 0x0000000015342800 1261       4       com.android.dx.ssa.SCCP::simulateBranch (666 bytes)

GC Heap History (2 events):
Event: 3.116 GC heap before
{Heap before GC invocations=1 (full 0):
 PSYoungGen      total 28672K, used 24576K [0x00000000eab00000, 0x00000000ecb00000, 0x0000000100000000)
  eden space 24576K, 100% used [0x00000000eab00000,0x00000000ec300000,0x00000000ec300000)
  from space 4096K, 0% used [0x00000000ec700000,0x00000000ec700000,0x00000000ecb00000)
  to   space 4096K, 0% used [0x00000000ec300000,0x00000000ec300000,0x00000000ec700000)
 ParOldGen       total 65536K, used 0K [0x00000000c0000000, 0x00000000c4000000, 0x00000000eab00000)
  object space 65536K, 0% used [0x00000000c0000000,0x00000000c0000000,0x00000000c4000000)
 Metaspace       used 5835K, capacity 6832K, committed 7040K, reserved 1056768K
  class space    used 585K, capacity 616K, committed 640K, reserved 1048576K
Event: 3.387 GC heap after
Heap after GC invocations=1 (full 0):
 PSYoungGen      total 28672K, used 4074K [0x00000000eab00000, 0x00000000ecb00000, 0x0000000100000000)
  eden space 24576K, 0% used [0x00000000eab00000,0x00000000eab00000,0x00000000ec300000)
  from space 4096K, 99% used [0x00000000ec300000,0x00000000ec6faab8,0x00000000ec700000)
  to   space 4096K, 0% used [0x00000000ec700000,0x00000000ec700000,0x00000000ecb00000)
 ParOldGen       total 65536K, used 1578K [0x00000000c0000000, 0x00000000c4000000, 0x00000000eab00000)
  object space 65536K, 2% used [0x00000000c0000000,0x00000000c018ab08,0x00000000c4000000)
 Metaspace       used 5835K, capacity 6832K, committed 7040K, reserved 1056768K
  class space    used 585K, capacity 616K, committed 640K, reserved 1048576K
}

Deoptimization events (5 events):
Event: 1.989 Thread 0x0000000016d49000 Uncommon trap: reason=class_check action=maybe_recompile pc=0x0000000002f1a3cc method=com.android.dx.ssa.NormalSsaInsn.accept(Lcom/android/dx/ssa/SsaInsn$Visitor;)V @ 9
Event: 1.989 Thread 0x0000000016d49000 Uncommon trap: reason=class_check action=maybe_recompile pc=0x0000000002f1a3cc method=com.android.dx.ssa.NormalSsaInsn.accept(Lcom/android/dx/ssa/SsaInsn$Visitor;)V @ 9
Event: 1.989 Thread 0x0000000016d49000 Uncommon trap: reason=class_check action=maybe_recompile pc=0x0000000002f1a3cc method=com.android.dx.ssa.NormalSsaInsn.accept(Lcom/android/dx/ssa/SsaInsn$Visitor;)V @ 9
Event: 1.990 Thread 0x0000000016d49000 Uncommon trap: reason=class_check action=maybe_recompile pc=0x0000000002f1a3cc method=com.android.dx.ssa.NormalSsaInsn.accept(Lcom/android/dx/ssa/SsaInsn$Visitor;)V @ 9
Event: 3.476 Thread 0x0000000016d49000 Uncommon trap: reason=null_check action=make_not_entrant pc=0x0000000002fd87dc method=com.android.dx.ssa.SsaRenamer.getLocalForNewReg(I)Lcom/android/dx/rop/code/LocalItem; @ 19

Internal exceptions (10 events):
Event: 1.173 Thread 0x0000000002b60800 Exception <a 'java/security/PrivilegedActionException'> (0x00000000eb5d5638) thrown at [C:\workspace\8-2-build-windows-amd64-cygwin\jdk8u31\2394\hotspot\src\share\vm\prims\jvm.cpp, line 1312]
Event: 1.176 Thread 0x0000000016d49000 Exception <a 'java/security/PrivilegedActionException'> (0x00000000eb227620) thrown at [C:\workspace\8-2-build-windows-amd64-cygwin\jdk8u31\2394\hotspot\src\share\vm\prims\jvm.cpp, line 1312]
Event: 1.179 Thread 0x0000000016d49000 Exception <a 'java/security/PrivilegedActionException'> (0x00000000eb230778) thrown at [C:\workspace\8-2-build-windows-amd64-cygwin\jdk8u31\2394\hotspot\src\share\vm\prims\jvm.cpp, line 1312]
Event: 1.560 Thread 0x0000000016d56000 Exception <a 'java/security/PrivilegedActionException'> (0x00000000eb499b58) thrown at [C:\workspace\8-2-build-windows-amd64-cygwin\jdk8u31\2394\hotspot\src\share\vm\prims\jvm.cpp, line 1312]
Event: 2.056 Thread 0x0000000002b60800 Exception <a 'java/security/PrivilegedActionException'> (0x00000000ebd0bf80) thrown at [C:\workspace\8-2-build-windows-amd64-cygwin\jdk8u31\2394\hotspot\src\share\vm\prims\jvm.cpp, line 1312]
Event: 2.057 Thread 0x0000000002b60800 Exception <a 'java/security/PrivilegedActionException'> (0x00000000ebd16048) thrown at [C:\workspace\8-2-build-windows-amd64-cygwin\jdk8u31\2394\hotspot\src\share\vm\prims\jvm.cpp, line 1312]
Event: 2.058 Thread 0x0000000002b60800 Exception <a 'java/security/PrivilegedActionException'> (0x00000000ebd18570) thrown at [C:\workspace\8-2-build-windows-amd64-cygwin\jdk8u31\2394\hotspot\src\share\vm\prims\jvm.cpp, line 1312]
Event: 2.066 Thread 0x0000000002b60800 Exception <a 'java/security/PrivilegedActionException'> (0x00000000ebd65d58) thrown at [C:\workspace\8-2-build-windows-amd64-cygwin\jdk8u31\2394\hotspot\src\share\vm\prims\jvm.cpp, line 1312]
Event: 3.476 Thread 0x0000000016d49000 Implicit null exception at 0x0000000002fd5ec5 to 0x0000000002fd87b9
Event: 3.559 Thread 0x0000000016d56000 Exception <a 'java/security/PrivilegedActionException'> (0x00000000eb26e9a8) thrown at [C:\workspace\8-2-build-windows-amd64-cygwin\jdk8u31\2394\hotspot\src\share\vm\prims\jvm.cpp, line 1312]

Events (10 events):
Event: 3.476 Thread 0x0000000016d49000 DEOPT PACKING pc=0x0000000002fd87dc sp=0x000000001727e680
Event: 3.476 Thread 0x0000000016d49000 DEOPT UNPACKING pc=0x0000000002ca556a sp=0x000000001727e518 mode 2
Event: 3.483 loading class java/util/TreeMap$EntrySet
Event: 3.483 loading class java/util/TreeMap$EntrySet done
Event: 3.483 loading class java/util/TreeMap$EntryIterator
Event: 3.483 loading class java/util/TreeMap$EntryIterator done
Event: 3.483 Executing VM operation: Deoptimize
Event: 3.513 Executing VM operation: Deoptimize done
Event: 3.558 loading class com/android/dx/cf/code/BytecodeArray$ConstantParserVisitor
Event: 3.558 loading class com/android/dx/cf/code/BytecodeArray$ConstantParserVisitor done


Dynamic libraries:
0x00007ff7f4420000 - 0x00007ff7f4454000 	C:\Program Files\Java\jdk1.8.0_31\bin\java.exe
0x00007ffdcc080000 - 0x00007ffdcc22d000 	C:\WINDOWS\SYSTEM32\ntdll.dll
0x00007ffdc9ef0000 - 0x00007ffdca02e000 	C:\WINDOWS\system32\KERNEL32.DLL
0x00007ffdc9460000 - 0x00007ffdc9575000 	C:\WINDOWS\system32\KERNELBASE.dll
0x00007ffdc7d80000 - 0x00007ffdc7e0e000 	C:\WINDOWS\system32\apphelp.dll
0x00007ffdbcc80000 - 0x00007ffdbccd3000 	C:\WINDOWS\AppPatch\AppPatch64\AcGenral.DLL
0x00007ffdcbfd0000 - 0x00007ffdcc07a000 	C:\WINDOWS\system32\msvcrt.dll
0x00007ffdc9680000 - 0x00007ffdc96ae000 	C:\WINDOWS\system32\SspiCli.dll
0x00007ffdcbad0000 - 0x00007ffdcbb24000 	C:\WINDOWS\system32\SHLWAPI.dll
0x00007ffdca040000 - 0x00007ffdca1b7000 	C:\WINDOWS\system32\USER32.dll
0x00007ffdc9a50000 - 0x00007ffdc9be4000 	C:\WINDOWS\system32\ole32.dll
0x00007ffdca440000 - 0x00007ffdcb969000 	C:\WINDOWS\system32\SHELL32.dll
0x00007ffdc8780000 - 0x00007ffdc87a1000 	C:\WINDOWS\SYSTEM32\USERENV.dll
0x00007ffdc9c60000 - 0x00007ffdc9d0a000 	C:\WINDOWS\system32\ADVAPI32.dll
0x00007ffdc1b40000 - 0x00007ffdc1b5e000 	C:\WINDOWS\SYSTEM32\MPR.dll
0x00007ffdca300000 - 0x00007ffdca440000 	C:\WINDOWS\system32\RPCRT4.dll
0x00007ffdc9770000 - 0x00007ffdc97c9000 	C:\WINDOWS\SYSTEM32\sechost.dll
0x00007ffdcbbf0000 - 0x00007ffdcbe01000 	C:\WINDOWS\SYSTEM32\combase.dll
0x00007ffdcb980000 - 0x00007ffdcbacf000 	C:\WINDOWS\system32\GDI32.dll
0x00007ffdc91b0000 - 0x00007ffdc91c5000 	C:\WINDOWS\SYSTEM32\profapi.dll
0x00007ffdc7700000 - 0x00007ffdc77b2000 	C:\WINDOWS\SYSTEM32\SHCORE.dll
0x00007ffdc97d0000 - 0x00007ffdc9806000 	C:\WINDOWS\system32\IMM32.DLL
0x00007ffdc98f0000 - 0x00007ffdc9a42000 	C:\WINDOWS\system32\MSCTF.dll
0x00007ffdc6c60000 - 0x00007ffdc6edb000 	C:\WINDOWS\WinSxS\amd64_microsoft.windows.common-controls_6595b64144ccf1df_6.0.9600.18006_none_623f33d3ecbe86e8\COMCTL32.dll
0x0000000067c70000 - 0x0000000067d42000 	C:\Program Files\Java\jdk1.8.0_31\jre\bin\msvcr100.dll
0x0000000069d90000 - 0x000000006a5ea000 	C:\Program Files\Java\jdk1.8.0_31\jre\bin\server\jvm.dll
0x00007ffdb1620000 - 0x00007ffdb1629000 	C:\WINDOWS\SYSTEM32\WSOCK32.dll
0x00007ffdc6ee0000 - 0x00007ffdc6f02000 	C:\WINDOWS\SYSTEM32\WINMM.dll
0x00007ffdcb970000 - 0x00007ffdcb977000 	C:\WINDOWS\system32\PSAPI.DLL
0x00007ffdc9710000 - 0x00007ffdc976a000 	C:\WINDOWS\system32\WS2_32.dll
0x00007ffdc6c30000 - 0x00007ffdc6c5a000 	C:\WINDOWS\SYSTEM32\WINMMBASE.dll
0x00007ffdcbfc0000 - 0x00007ffdcbfc9000 	C:\WINDOWS\system32\NSI.dll
0x00007ffdc9580000 - 0x00007ffdc95cf000 	C:\WINDOWS\SYSTEM32\cfgmgr32.dll
0x00007ffdc7fd0000 - 0x00007ffdc7ff8000 	C:\WINDOWS\SYSTEM32\DEVOBJ.dll
0x000000006b0d0000 - 0x000000006b0df000 	C:\Program Files\Java\jdk1.8.0_31\jre\bin\verify.dll
0x000000006b0a0000 - 0x000000006b0c8000 	C:\Program Files\Java\jdk1.8.0_31\jre\bin\java.dll
0x000000006b080000 - 0x000000006b096000 	C:\Program Files\Java\jdk1.8.0_31\jre\bin\zip.dll
0x00007ffdc1910000 - 0x00007ffdc1a99000 	C:\WINDOWS\SYSTEM32\dbghelp.dll

VM Arguments:
jvm_args: -Djava.awt.headless=true -Xmx1024M -Dfile.encoding=windows-1252 -Duser.country=US -Duser.language=en -Duser.variant 
java_command: com.android.dx.command.Main --dex --force-jumbo --num-threads=4 --multi-dex --output C:\Users\eslam\AndroidStudioProjects\Popular-Movies\app\build\intermediates\transforms\dex\debug\folders\1000\10\retrofit-2.0.2_4d25942f298ae51384df338950d38bc1119523fd C:\Users\eslam\.gradle\caches\modules-2\files-2.1\com.squareup.retrofit2\retrofit\2.0.2\43eeae0b9fb087bb3194ba59ab63a38a32fbf3e\retrofit-2.0.2.jar
java_class_path (initial): F:\android-strudio-windows\sdk\sdk\build-tools\24.0.0\lib\dx.jar
Launcher Type: SUN_STANDARD

Environment Variables:
JAVA_HOME=C:\Program Files\Java\jdk1.8.0_31
PATH=E:\scala\activator-1.3.2-minimal;C:\sqlite;C:\Users\eslam\AppData\Roaming\npm;C:\Program Files\Git\cmd;C:\Program Files (x86)\Microsoft SQL Server\Client SDK\ODBC\110\Tools\Binn\;C:\Program Files (x86)\Microsoft SQL Server\120\Tools\Binn\ManagementStudio\;C:\Program Files (x86)\Microsoft SQL Server\120\Tools\Binn\;C:\Program Files (x86)\Microsoft SQL Server\120\DTS\Binn\;C:\sqlite;C:\Program Files (x86)\Brackets\command;C:\Program Files\nodejs\;C:\Program Files\Java\jre7\bin;C:\Users\eslam\AppData\Roaming\npm
USERNAME=eslam
OS=Windows_NT
PROCESSOR_IDENTIFIER=Intel64 Family 6 Model 58 Stepping 9, GenuineIntel



---------------  S Y S T E M  ---------------

OS: Windows 8.1 , 64 bit Build 9600 

CPU:total 4 (2 cores per cpu, 2 threads per core) family 6 model 58 stepping 9, cmov, cx8, fxsr, mmx, sse, sse2, sse3, ssse3, sse4.1, sse4.2, popcnt, avx, aes, clmul, erms, ht, tsc, tscinvbit, tscinv

Memory: 4k page, physical 6241508k(349904k free), swap 9387236k(5316k free)

vm_info: Java HotSpot(TM) 64-Bit Server VM (25.31-b07) for windows-amd64 JRE (1.8.0_31-b13), built on Dec 17 2014 21:00:28 by "java_re" with MS VC++ 10.0 (VS2010)

time: Wed Sep 21 23:50:39 2016
elapsed time: 3 seconds (0d 0h 0m 3s)

