#
# There is insufficient memory for the Java Runtime Environment to continue.
# Native memory allocation (malloc) failed to allocate 469056 bytes for Chunk::new
# Possible reasons:
#   The system is out of physical RAM or swap space
#   In 32 bit mode, the process size limit was hit
# Possible solutions:
#   Reduce memory load on the system
#   Increase physical memory or swap space
#   Check if swap backing store is full
#   Use 64 bit Java on a 64 bit OS
#   Decrease Java heap size (-Xmx/-Xms)
#   Decrease number of Java threads
#   Decrease Java thread stack sizes (-Xss)
#   Set larger code cache with -XX:ReservedCodeCacheSize=
# This output file may be truncated or incomplete.
#
#  Out of Memory Error (allocation.cpp:390), pid=13076, tid=7908
#
# JRE version: Java(TM) SE Runtime Environment (8.0_31-b13) (build 1.8.0_31-b13)
# Java VM: Java HotSpot(TM) 64-Bit Server VM (25.31-b07 mixed mode windows-amd64 compressed oops)
# Failed to write core dump. Minidumps are not enabled by default on client versions of Windows
#

---------------  T H R E A D  ---------------

Current thread (0x00000000154e4000):  JavaThread "C2 CompilerThread1" daemon [_thread_in_native, id=7908, stack(0x0000000016b30000,0x0000000016c30000)]

Stack: [0x0000000016b30000,0x0000000016c30000]
Native frames: (J=compiled Java code, j=interpreted, Vv=VM code, C=native code)
V  [jvm.dll+0x3169ba]
V  [jvm.dll+0x2674c3]
V  [jvm.dll+0x268103]
V  [jvm.dll+0x25f8f5]
V  [jvm.dll+0xbf025]
V  [jvm.dll+0xbf4cc]
V  [jvm.dll+0x45df82]
V  [jvm.dll+0x49f21f]
V  [jvm.dll+0x453401]
V  [jvm.dll+0x454124]
V  [jvm.dll+0x437c62]
V  [jvm.dll+0x988e2]
V  [jvm.dll+0x990d3]
V  [jvm.dll+0x22c194]
V  [jvm.dll+0x28576a]
C  [msvcr100.dll+0x21d9f]
C  [msvcr100.dll+0x21e3b]
C  [KERNEL32.DLL+0x13d2]
C  [ntdll.dll+0x154e4]


Current CompileTask:
C2:   3736 1226       4       com.android.dx.ssa.SCCP::simulateBranch (666 bytes)


---------------  P R O C E S S  ---------------

Java Threads: ( => current thread )
  0x0000000016fa0800 JavaThread "pool-2-thread-4" [_thread_blocked, id=1488, stack(0x0000000017730000,0x0000000017830000)]
  0x0000000016f77000 JavaThread "pool-2-thread-3" [_thread_in_Java, id=18760, stack(0x0000000017630000,0x0000000017730000)]
  0x0000000016e7e000 JavaThread "pool-2-thread-2" [_thread_blocked, id=18732, stack(0x0000000017530000,0x0000000017630000)]
  0x0000000016e75800 JavaThread "pool-3-thread-1" [_thread_blocked, id=5792, stack(0x0000000017430000,0x0000000017530000)]
  0x0000000016e62000 JavaThread "pool-2-thread-1" [_thread_blocked, id=1196, stack(0x0000000017330000,0x0000000017430000)]
  0x0000000016d40800 JavaThread "Service Thread" daemon [_thread_blocked, id=12484, stack(0x0000000017130000,0x0000000017230000)]
  0x0000000015534000 JavaThread "C1 CompilerThread2" daemon [_thread_blocked, id=15244, stack(0x0000000016c30000,0x0000000016d30000)]
=>0x00000000154e4000 JavaThread "C2 CompilerThread1" daemon [_thread_in_native, id=7908, stack(0x0000000016b30000,0x0000000016c30000)]
  0x00000000154de000 JavaThread "C2 CompilerThread0" daemon [_thread_in_native, id=10188, stack(0x0000000016a30000,0x0000000016b30000)]
  0x00000000154db800 JavaThread "Attach Listener" daemon [_thread_blocked, id=14524, stack(0x0000000016930000,0x0000000016a30000)]
  0x00000000154da800 JavaThread "Signal Dispatcher" daemon [_thread_blocked, id=8000, stack(0x0000000016830000,0x0000000016930000)]
  0x0000000002e05800 JavaThread "Finalizer" daemon [_thread_blocked, id=15876, stack(0x0000000016730000,0x0000000016830000)]
  0x0000000002dfd000 JavaThread "Reference Handler" daemon [_thread_blocked, id=17260, stack(0x0000000016630000,0x0000000016730000)]
  0x0000000002d10800 JavaThread "main" [_thread_blocked, id=7844, stack(0x0000000002b80000,0x0000000002c80000)]

Other Threads:
  0x00000000154a5800 VMThread [stack: 0x0000000016530000,0x0000000016630000] [id=12492]
  0x0000000016d43000 WatcherThread [stack: 0x0000000017230000,0x0000000017330000] [id=2308]

VM state:not at safepoint (normal execution)

VM Mutex/Monitor currently owned by a thread:  ([mutex/lock_event])
[0x0000000002cec7f0] Heap_lock - owner thread: 0x0000000002d10800

Heap:
 PSYoungGen      total 53248K, used 4467K [0x00000000eab00000, 0x00000000ee300000, 0x0000000100000000)
  eden space 49152K, 0% used [0x00000000eab00000,0x00000000eab5e2a0,0x00000000edb00000)
  from space 4096K, 99% used [0x00000000edf00000,0x00000000ee2febd0,0x00000000ee300000)
  to   space 4096K, 0% used [0x00000000edb00000,0x00000000edb00000,0x00000000edf00000)
 ParOldGen       total 65536K, used 12476K [0x00000000c0000000, 0x00000000c4000000, 0x00000000eab00000)
  object space 65536K, 19% used [0x00000000c0000000,0x00000000c0c2f230,0x00000000c4000000)
 Metaspace       used 5852K, capacity 6896K, committed 7040K, reserved 1056768K
  class space    used 584K, capacity 616K, committed 640K, reserved 1048576K

Card table byte_map: [0x00000000121d0000,0x00000000123e0000] byte_map_base: 0x0000000011bd0000

Marking Bits: (ParMarkBitMap*) 0x000000006a56d4f0
 Begin Bits: [0x0000000012940000, 0x0000000013940000)
 End Bits:   [0x0000000013940000, 0x0000000014940000)

Polling page: 0x0000000001360000

CodeCache: size=245760Kb used=4979Kb max_used=4979Kb free=240780Kb
 bounds [0x0000000002e10000, 0x0000000003300000, 0x0000000011e10000]
 total_blobs=1503 nmethods=1239 adapters=178
 compilation: enabled

Compilation events (10 events):
Event: 3.507 Thread 0x0000000015534000 nmethod 1240 0x00000000032de810 code [0x00000000032de980, 0x00000000032deb88]
Event: 3.507 Thread 0x0000000015534000 1241       3       com.android.dx.dex.file.ClassDataItem::addStaticField (51 bytes)
Event: 3.508 Thread 0x0000000015534000 nmethod 1241 0x00000000032e96d0 code [0x00000000032e9940, 0x00000000032eab68]
Event: 3.508 Thread 0x0000000015534000 1242       3       com.android.dx.dex.file.EncodedField::hashCode (8 bytes)
Event: 3.508 Thread 0x0000000015534000 nmethod 1242 0x00000000032eb890 code [0x00000000032eba60, 0x00000000032ec368]
Event: 3.508 Thread 0x0000000015534000 1243       3       com.android.dx.rop.cst.CstMemberRef::hashCode (19 bytes)
Event: 3.509 Thread 0x0000000015534000 nmethod 1243 0x00000000032ec810 code [0x00000000032ec9c0, 0x00000000032ed1e8]
Event: 3.509 Thread 0x0000000015534000 1244       3       com.android.dx.rop.cst.CstNat::hashCode (19 bytes)
Event: 3.509 Thread 0x0000000015534000 nmethod 1244 0x00000000032ed590 code [0x00000000032ed720, 0x00000000032edbd8]
Event: 3.509 Thread 0x0000000015534000 1245       3       com.android.dx.dex.cf.CfTranslator::coerceConstant (144 bytes)

GC Heap History (4 events):
Event: 2.098 GC heap before
{Heap before GC invocations=1 (full 0):
 PSYoungGen      total 28672K, used 24576K [0x00000000eab00000, 0x00000000ecb00000, 0x0000000100000000)
  eden space 24576K, 100% used [0x00000000eab00000,0x00000000ec300000,0x00000000ec300000)
  from space 4096K, 0% used [0x00000000ec700000,0x00000000ec700000,0x00000000ecb00000)
  to   space 4096K, 0% used [0x00000000ec300000,0x00000000ec300000,0x00000000ec700000)
 ParOldGen       total 65536K, used 0K [0x00000000c0000000, 0x00000000c4000000, 0x00000000eab00000)
  object space 65536K, 0% used [0x00000000c0000000,0x00000000c0000000,0x00000000c4000000)
 Metaspace       used 5807K, capacity 6832K, committed 7040K, reserved 1056768K
  class space    used 583K, capacity 616K, committed 640K, reserved 1048576K
Event: 2.586 GC heap after
Heap after GC invocations=1 (full 0):
 PSYoungGen      total 28672K, used 4095K [0x00000000eab00000, 0x00000000ee300000, 0x0000000100000000)
  eden space 24576K, 0% used [0x00000000eab00000,0x00000000eab00000,0x00000000ec300000)
  from space 4096K, 99% used [0x00000000ec300000,0x00000000ec6ffc80,0x00000000ec700000)
  to   space 4096K, 0% used [0x00000000edf00000,0x00000000edf00000,0x00000000ee300000)
 ParOldGen       total 65536K, used 2673K [0x00000000c0000000, 0x00000000c4000000, 0x00000000eab00000)
  object space 65536K, 4% used [0x00000000c0000000,0x00000000c029c620,0x00000000c4000000)
 Metaspace       used 5807K, capacity 6832K, committed 7040K, reserved 1056768K
  class space    used 583K, capacity 616K, committed 640K, reserved 1048576K
}
Event: 3.511 GC heap before
{Heap before GC invocations=2 (full 0):
 PSYoungGen      total 28672K, used 28671K [0x00000000eab00000, 0x00000000ee300000, 0x0000000100000000)
  eden space 24576K, 100% used [0x00000000eab00000,0x00000000ec300000,0x00000000ec300000)
  from space 4096K, 99% used [0x00000000ec300000,0x00000000ec6ffc80,0x00000000ec700000)
  to   space 4096K, 0% used [0x00000000edf00000,0x00000000edf00000,0x00000000ee300000)
 ParOldGen       total 65536K, used 2673K [0x00000000c0000000, 0x00000000c4000000, 0x00000000eab00000)
  object space 65536K, 4% used [0x00000000c0000000,0x00000000c029c620,0x00000000c4000000)
 Metaspace       used 5852K, capacity 6896K, committed 7040K, reserved 1056768K
  class space    used 584K, capacity 616K, committed 640K, reserved 1048576K
Event: 3.697 GC heap after
Heap after GC invocations=2 (full 0):
 PSYoungGen      total 53248K, used 4090K [0x00000000eab00000, 0x00000000ee300000, 0x0000000100000000)
  eden space 49152K, 0% used [0x00000000eab00000,0x00000000eab00000,0x00000000edb00000)
  from space 4096K, 99% used [0x00000000edf00000,0x00000000ee2febd0,0x00000000ee300000)
  to   space 4096K, 0% used [0x00000000edb00000,0x00000000edb00000,0x00000000edf00000)
 ParOldGen       total 65536K, used 12476K [0x00000000c0000000, 0x00000000c4000000, 0x00000000eab00000)
  object space 65536K, 19% used [0x00000000c0000000,0x00000000c0c2f230,0x00000000c4000000)
 Metaspace       used 5852K, capacity 6896K, committed 7040K, reserved 1056768K
  class space    used 584K, capacity 616K, committed 640K, reserved 1048576K
}

Deoptimization events (10 events):
Event: 1.068 Thread 0x0000000016fa0800 Uncommon trap: reason=class_check action=maybe_recompile pc=0x0000000002ff37f0 method=java.util.HashMap.getNode(ILjava/lang/Object;)Ljava/util/HashMap$Node; @ 126
Event: 1.488 Thread 0x0000000016e7e000 Uncommon trap: reason=null_check action=make_not_entrant pc=0x00000000030d73c8 method=com.android.dx.ssa.SsaRenamer.getLocalForNewReg(I)Lcom/android/dx/rop/code/LocalItem; @ 19
Event: 1.759 Thread 0x0000000016fa0800 Uncommon trap: reason=class_check action=maybe_recompile pc=0x00000000031f7ac8 method=com.android.dx.cf.code.BytecodeArray.parseInstruction(ILcom/android/dx/cf/code/BytecodeArray$Visitor;)I @ 1287
Event: 1.761 Thread 0x0000000002d10800 Uncommon trap: reason=class_check action=maybe_recompile pc=0x00000000031f7ac8 method=com.android.dx.cf.code.BytecodeArray.parseInstruction(ILcom/android/dx/cf/code/BytecodeArray$Visitor;)I @ 1287
Event: 1.761 Thread 0x0000000002d10800 Uncommon trap: reason=class_check action=maybe_recompile pc=0x00000000031f7ac8 method=com.android.dx.cf.code.BytecodeArray.parseInstruction(ILcom/android/dx/cf/code/BytecodeArray$Visitor;)I @ 1287
Event: 1.774 Thread 0x0000000016fa0800 Uncommon trap: reason=class_check action=maybe_recompile pc=0x00000000031f7ac8 method=com.android.dx.cf.code.BytecodeArray.parseInstruction(ILcom/android/dx/cf/code/BytecodeArray$Visitor;)I @ 1287
Event: 2.017 Thread 0x0000000016e62000 Uncommon trap: reason=class_check action=maybe_recompile pc=0x00000000031e7070 method=com.android.dx.rop.type.Type.equals(Ljava/lang/Object;)Z @ 8
Event: 2.017 Thread 0x0000000016e62000 Uncommon trap: reason=class_check action=maybe_recompile pc=0x00000000031e7070 method=com.android.dx.rop.type.Type.equals(Ljava/lang/Object;)Z @ 8
Event: 2.873 Thread 0x0000000016e7e000 Uncommon trap: reason=class_check action=maybe_recompile pc=0x00000000031e7070 method=com.android.dx.rop.type.Type.equals(Ljava/lang/Object;)Z @ 8
Event: 2.876 Thread 0x0000000016e7e000 Uncommon trap: reason=class_check action=maybe_recompile pc=0x00000000031e7070 method=com.android.dx.rop.type.Type.equals(Ljava/lang/Object;)Z @ 8

Internal exceptions (10 events):
Event: 1.238 Thread 0x0000000002d10800 Exception <a 'java/security/PrivilegedActionException'> (0x00000000eb6a1e28) thrown at [C:\workspace\8-2-build-windows-amd64-cygwin\jdk8u31\2394\hotspot\src\share\vm\prims\jvm.cpp, line 1312]
Event: 1.239 Thread 0x0000000002d10800 Exception <a 'java/security/PrivilegedActionException'> (0x00000000eb6a6750) thrown at [C:\workspace\8-2-build-windows-amd64-cygwin\jdk8u31\2394\hotspot\src\share\vm\prims\jvm.cpp, line 1312]
Event: 1.240 Thread 0x0000000002d10800 Exception <a 'java/security/PrivilegedActionException'> (0x00000000eb6aaa50) thrown at [C:\workspace\8-2-build-windows-amd64-cygwin\jdk8u31\2394\hotspot\src\share\vm\prims\jvm.cpp, line 1312]
Event: 1.245 Thread 0x0000000016e62000 Exception <a 'java/security/PrivilegedActionException'> (0x00000000eb4c9298) thrown at [C:\workspace\8-2-build-windows-amd64-cygwin\jdk8u31\2394\hotspot\src\share\vm\prims\jvm.cpp, line 1312]
Event: 1.247 Thread 0x0000000016e62000 Exception <a 'java/security/PrivilegedActionException'> (0x00000000eb4cf480) thrown at [C:\workspace\8-2-build-windows-amd64-cygwin\jdk8u31\2394\hotspot\src\share\vm\prims\jvm.cpp, line 1312]
Event: 1.249 Thread 0x0000000016e62000 Exception <a 'java/security/PrivilegedActionException'> (0x00000000eb4d3ce0) thrown at [C:\workspace\8-2-build-windows-amd64-cygwin\jdk8u31\2394\hotspot\src\share\vm\prims\jvm.cpp, line 1312]
Event: 1.258 Thread 0x0000000002d10800 Exception <a 'java/security/PrivilegedActionException'> (0x00000000eb6b85f0) thrown at [C:\workspace\8-2-build-windows-amd64-cygwin\jdk8u31\2394\hotspot\src\share\vm\prims\jvm.cpp, line 1312]
Event: 1.292 Thread 0x0000000002d10800 Exception <a 'java/security/PrivilegedActionException'> (0x00000000eb7038c0) thrown at [C:\workspace\8-2-build-windows-amd64-cygwin\jdk8u31\2394\hotspot\src\share\vm\prims\jvm.cpp, line 1312]
Event: 1.457 Thread 0x0000000016e62000 Exception <a 'java/security/PrivilegedActionException'> (0x00000000eb8aa450) thrown at [C:\workspace\8-2-build-windows-amd64-cygwin\jdk8u31\2394\hotspot\src\share\vm\prims\jvm.cpp, line 1312]
Event: 1.488 Thread 0x0000000016e7e000 Implicit null exception at 0x00000000030d5594 to 0x00000000030d73a9

Events (10 events):
Event: 3.297 Thread 0x0000000002d10800 DEOPT PACKING pc=0x000000000322eae5 sp=0x0000000002c7dbb0
Event: 3.297 Thread 0x0000000002d10800 DEOPT UNPACKING pc=0x0000000002e575bf sp=0x0000000002c7d948 mode 0
Event: 3.380 loading class java/util/TreeMap$EntrySet
Event: 3.380 loading class java/util/TreeMap$EntrySet done
Event: 3.380 loading class java/util/TreeMap$EntryIterator
Event: 3.380 loading class java/util/TreeMap$EntryIterator done
Event: 3.380 Executing VM operation: Deoptimize
Event: 3.488 Executing VM operation: Deoptimize done
Event: 3.510 Executing VM operation: ParallelGCFailedAllocation
Event: 3.698 Executing VM operation: ParallelGCFailedAllocation done


Dynamic libraries:
0x00007ff7f4420000 - 0x00007ff7f4454000 	C:\Program Files\Java\jdk1.8.0_31\bin\java.exe
0x00007ffdcc080000 - 0x00007ffdcc22d000 	C:\WINDOWS\SYSTEM32\ntdll.dll
0x00007ffdc9ef0000 - 0x00007ffdca02e000 	C:\WINDOWS\system32\KERNEL32.DLL
0x00007ffdc9460000 - 0x00007ffdc9575000 	C:\WINDOWS\system32\KERNELBASE.dll
0x00007ffdc7d80000 - 0x00007ffdc7e0e000 	C:\WINDOWS\system32\apphelp.dll
0x00007ffdbcc80000 - 0x00007ffdbccd3000 	C:\WINDOWS\AppPatch\AppPatch64\AcGenral.DLL
0x00007ffdcbfd0000 - 0x00007ffdcc07a000 	C:\WINDOWS\system32\msvcrt.dll
0x00007ffdc9680000 - 0x00007ffdc96ae000 	C:\WINDOWS\system32\SspiCli.dll
0x00007ffdcbad0000 - 0x00007ffdcbb24000 	C:\WINDOWS\system32\SHLWAPI.dll
0x00007ffdca040000 - 0x00007ffdca1b7000 	C:\WINDOWS\system32\USER32.dll
0x00007ffdc9a50000 - 0x00007ffdc9be4000 	C:\WINDOWS\system32\ole32.dll
0x00007ffdca440000 - 0x00007ffdcb969000 	C:\WINDOWS\system32\SHELL32.dll
0x00007ffdc8780000 - 0x00007ffdc87a1000 	C:\WINDOWS\SYSTEM32\USERENV.dll
0x00007ffdc9c60000 - 0x00007ffdc9d0a000 	C:\WINDOWS\system32\ADVAPI32.dll
0x00007ffdc1b40000 - 0x00007ffdc1b5e000 	C:\WINDOWS\SYSTEM32\MPR.dll
0x00007ffdca300000 - 0x00007ffdca440000 	C:\WINDOWS\system32\RPCRT4.dll
0x00007ffdc9770000 - 0x00007ffdc97c9000 	C:\WINDOWS\SYSTEM32\sechost.dll
0x00007ffdcbbf0000 - 0x00007ffdcbe01000 	C:\WINDOWS\SYSTEM32\combase.dll
0x00007ffdcb980000 - 0x00007ffdcbacf000 	C:\WINDOWS\system32\GDI32.dll
0x00007ffdc91b0000 - 0x00007ffdc91c5000 	C:\WINDOWS\SYSTEM32\profapi.dll
0x00007ffdc7700000 - 0x00007ffdc77b2000 	C:\WINDOWS\SYSTEM32\SHCORE.dll
0x00007ffdc97d0000 - 0x00007ffdc9806000 	C:\WINDOWS\system32\IMM32.DLL
0x00007ffdc98f0000 - 0x00007ffdc9a42000 	C:\WINDOWS\system32\MSCTF.dll
0x00007ffdc6c60000 - 0x00007ffdc6edb000 	C:\WINDOWS\WinSxS\amd64_microsoft.windows.common-controls_6595b64144ccf1df_6.0.9600.18006_none_623f33d3ecbe86e8\COMCTL32.dll
0x0000000067c70000 - 0x0000000067d42000 	C:\Program Files\Java\jdk1.8.0_31\jre\bin\msvcr100.dll
0x0000000069d90000 - 0x000000006a5ea000 	C:\Program Files\Java\jdk1.8.0_31\jre\bin\server\jvm.dll
0x00007ffdb1620000 - 0x00007ffdb1629000 	C:\WINDOWS\SYSTEM32\WSOCK32.dll
0x00007ffdc6ee0000 - 0x00007ffdc6f02000 	C:\WINDOWS\SYSTEM32\WINMM.dll
0x00007ffdcb970000 - 0x00007ffdcb977000 	C:\WINDOWS\system32\PSAPI.DLL
0x00007ffdc9710000 - 0x00007ffdc976a000 	C:\WINDOWS\system32\WS2_32.dll
0x00007ffdc6c30000 - 0x00007ffdc6c5a000 	C:\WINDOWS\SYSTEM32\WINMMBASE.dll
0x00007ffdcbfc0000 - 0x00007ffdcbfc9000 	C:\WINDOWS\system32\NSI.dll
0x00007ffdc9580000 - 0x00007ffdc95cf000 	C:\WINDOWS\SYSTEM32\cfgmgr32.dll
0x00007ffdc7fd0000 - 0x00007ffdc7ff8000 	C:\WINDOWS\SYSTEM32\DEVOBJ.dll
0x000000006b0d0000 - 0x000000006b0df000 	C:\Program Files\Java\jdk1.8.0_31\jre\bin\verify.dll
0x000000006b0a0000 - 0x000000006b0c8000 	C:\Program Files\Java\jdk1.8.0_31\jre\bin\java.dll
0x000000006b080000 - 0x000000006b096000 	C:\Program Files\Java\jdk1.8.0_31\jre\bin\zip.dll
0x00007ffdc1910000 - 0x00007ffdc1a99000 	C:\WINDOWS\SYSTEM32\dbghelp.dll

VM Arguments:
jvm_args: -Djava.awt.headless=true -Xmx1024M -Dfile.encoding=windows-1252 -Duser.country=US -Duser.language=en -Duser.variant 
java_command: com.android.dx.command.Main --dex --force-jumbo --num-threads=4 --multi-dex --output C:\Users\eslam\AndroidStudioProjects\Popular-Movies\app\build\intermediates\transforms\dex\debug\folders\1000\5\slice_4 C:\Users\eslam\AndroidStudioProjects\Popular-Movies\app\build\intermediates\transforms\instantRunSlicer\debug\folders\1\5\slice_4
java_class_path (initial): F:\android-strudio-windows\sdk\sdk\build-tools\24.0.0\lib\dx.jar
Launcher Type: SUN_STANDARD

Environment Variables:
JAVA_HOME=C:\Program Files\Java\jdk1.8.0_31
PATH=E:\scala\activator-1.3.2-minimal;C:\sqlite;C:\Users\eslam\AppData\Roaming\npm;C:\Program Files\Git\cmd;C:\Program Files (x86)\Microsoft SQL Server\Client SDK\ODBC\110\Tools\Binn\;C:\Program Files (x86)\Microsoft SQL Server\120\Tools\Binn\ManagementStudio\;C:\Program Files (x86)\Microsoft SQL Server\120\Tools\Binn\;C:\Program Files (x86)\Microsoft SQL Server\120\DTS\Binn\;C:\sqlite;C:\Program Files (x86)\Brackets\command;C:\Program Files\nodejs\;C:\Program Files\Java\jre7\bin;C:\Users\eslam\AppData\Roaming\npm
USERNAME=eslam
OS=Windows_NT
PROCESSOR_IDENTIFIER=Intel64 Family 6 Model 58 Stepping 9, GenuineIntel



---------------  S Y S T E M  ---------------

OS: Windows 8.1 , 64 bit Build 9600 

CPU:total 4 (2 cores per cpu, 2 threads per core) family 6 model 58 stepping 9, cmov, cx8, fxsr, mmx, sse, sse2, sse3, ssse3, sse4.1, sse4.2, popcnt, avx, aes, clmul, erms, ht, tsc, tscinvbit, tscinv

Memory: 4k page, physical 6241508k(350024k free), swap 9387236k(5320k free)

vm_info: Java HotSpot(TM) 64-Bit Server VM (25.31-b07) for windows-amd64 JRE (1.8.0_31-b13), built on Dec 17 2014 21:00:28 by "java_re" with MS VC++ 10.0 (VS2010)

time: Wed Sep 21 23:50:39 2016
elapsed time: 3 seconds (0d 0h 0m 3s)

