#
# There is insufficient memory for the Java Runtime Environment to continue.
# Native memory allocation (malloc) failed to allocate 1694976 bytes for Chunk::new
# Possible reasons:
#   The system is out of physical RAM or swap space
#   In 32 bit mode, the process size limit was hit
# Possible solutions:
#   Reduce memory load on the system
#   Increase physical memory or swap space
#   Check if swap backing store is full
#   Use 64 bit Java on a 64 bit OS
#   Decrease Java heap size (-Xmx/-Xms)
#   Decrease number of Java threads
#   Decrease Java thread stack sizes (-Xss)
#   Set larger code cache with -XX:ReservedCodeCacheSize=
# This output file may be truncated or incomplete.
#
#  Out of Memory Error (allocation.cpp:390), pid=17088, tid=15288
#
# JRE version: Java(TM) SE Runtime Environment (8.0_31-b13) (build 1.8.0_31-b13)
# Java VM: Java HotSpot(TM) 64-Bit Server VM (25.31-b07 mixed mode windows-amd64 compressed oops)
# Failed to write core dump. Minidumps are not enabled by default on client versions of Windows
#

---------------  T H R E A D  ---------------

Current thread (0x000000001498d800):  JavaThread "C2 CompilerThread1" daemon [_thread_in_native, id=15288, stack(0x0000000015fb0000,0x00000000160b0000)]

Stack: [0x0000000015fb0000,0x00000000160b0000]
Native frames: (J=compiled Java code, j=interpreted, Vv=VM code, C=native code)
V  [jvm.dll+0x3169ba]
V  [jvm.dll+0x2674c3]
V  [jvm.dll+0x268103]
V  [jvm.dll+0x25f8f5]
V  [jvm.dll+0xbf025]
V  [jvm.dll+0xbf4cc]
V  [jvm.dll+0x45df82]
V  [jvm.dll+0x49f21f]
V  [jvm.dll+0x452b35]
V  [jvm.dll+0x454124]
V  [jvm.dll+0x437c62]
V  [jvm.dll+0x988e2]
V  [jvm.dll+0x990d3]
V  [jvm.dll+0x22c194]
V  [jvm.dll+0x28576a]
C  [msvcr100.dll+0x21d9f]
C  [msvcr100.dll+0x21e3b]
C  [KERNEL32.DLL+0x13d2]
C  [ntdll.dll+0x154e4]


Current CompileTask:
C2:   6255 1755   !   4       com.android.dx.cf.code.BytecodeArray::parseInstruction (2764 bytes)


---------------  P R O C E S S  ---------------

Java Threads: ( => current thread )
  0x0000000016834000 JavaThread "pool-2-thread-4" [_thread_blocked, id=19032, stack(0x00000000173b0000,0x00000000174b0000)]
  0x0000000016833800 JavaThread "pool-2-thread-3" [_thread_blocked, id=14648, stack(0x00000000172b0000,0x00000000173b0000)]
  0x0000000016687000 JavaThread "pool-2-thread-2" [_thread_blocked, id=13320, stack(0x00000000171b0000,0x00000000172b0000)]
  0x0000000016686800 JavaThread "pool-3-thread-1" [_thread_blocked, id=16120, stack(0x00000000170b0000,0x00000000171b0000)]
  0x0000000016660000 JavaThread "pool-2-thread-1" [_thread_blocked, id=14728, stack(0x0000000016fb0000,0x00000000170b0000)]
  0x000000001499a800 JavaThread "Service Thread" daemon [_thread_blocked, id=17752, stack(0x00000000161b0000,0x00000000162b0000)]
  0x0000000014990000 JavaThread "C1 CompilerThread2" daemon [_thread_in_native, id=12120, stack(0x00000000160b0000,0x00000000161b0000)]
=>0x000000001498d800 JavaThread "C2 CompilerThread1" daemon [_thread_in_native, id=15288, stack(0x0000000015fb0000,0x00000000160b0000)]
  0x000000001493d000 JavaThread "C2 CompilerThread0" daemon [_thread_in_native, id=15248, stack(0x0000000015eb0000,0x0000000015fb0000)]
  0x000000001493a800 JavaThread "Attach Listener" daemon [_thread_blocked, id=3572, stack(0x0000000015db0000,0x0000000015eb0000)]
  0x0000000014939800 JavaThread "Signal Dispatcher" daemon [_thread_blocked, id=3768, stack(0x0000000015cb0000,0x0000000015db0000)]
  0x0000000002194800 JavaThread "Finalizer" daemon [_thread_blocked, id=13952, stack(0x0000000015bb0000,0x0000000015cb0000)]
  0x000000000218c000 JavaThread "Reference Handler" daemon [_thread_blocked, id=6028, stack(0x0000000015ab0000,0x0000000015bb0000)]
  0x00000000020a0800 JavaThread "main" [_thread_in_vm, id=6888, stack(0x0000000001f60000,0x0000000002060000)]

Other Threads:
  0x0000000014905800 VMThread [stack: 0x00000000159b0000,0x0000000015ab0000] [id=11952]
  0x000000001499d800 WatcherThread [stack: 0x00000000162b0000,0x00000000163b0000] [id=5796]

VM state:not at safepoint (normal execution)

VM Mutex/Monitor currently owned by a thread: None

Heap:
 PSYoungGen      total 53248K, used 30236K [0x00000000eab00000, 0x00000000f1300000, 0x0000000100000000)
  eden space 49152K, 53% used [0x00000000eab00000,0x00000000ec489bb8,0x00000000edb00000)
  from space 4096K, 99% used [0x00000000edb00000,0x00000000edefd808,0x00000000edf00000)
  to   space 4096K, 0% used [0x00000000f0f00000,0x00000000f0f00000,0x00000000f1300000)
 ParOldGen       total 65536K, used 10026K [0x00000000c0000000, 0x00000000c4000000, 0x00000000eab00000)
  object space 65536K, 15% used [0x00000000c0000000,0x00000000c09ca9a8,0x00000000c4000000)
 Metaspace       used 6213K, capacity 7152K, committed 7296K, reserved 1056768K
  class space    used 592K, capacity 616K, committed 640K, reserved 1048576K

Card table byte_map: [0x0000000011630000,0x0000000011840000] byte_map_base: 0x0000000011030000

Marking Bits: (ParMarkBitMap*) 0x000000006a56d4f0
 Begin Bits: [0x0000000011da0000, 0x0000000012da0000)
 End Bits:   [0x0000000012da0000, 0x0000000013da0000)

Polling page: 0x0000000002060000

CodeCache: size=245760Kb used=7929Kb max_used=7929Kb free=237830Kb
 bounds [0x0000000002270000, 0x0000000002a40000, 0x0000000011270000]
 total_blobs=2028 nmethods=1763 adapters=178
 compilation: enabled

Compilation events (10 events):
Event: 5.825 Thread 0x0000000014990000 nmethod 1774 0x0000000002a1d150 code [0x0000000002a1d2c0, 0x0000000002a1d508]
Event: 5.827 Thread 0x0000000014990000 1775       3       com.android.dx.cf.cst.ConstantPoolParser::parseIfNecessary (12 bytes)
Event: 5.827 Thread 0x0000000014990000 nmethod 1775 0x0000000002a1cd90 code [0x0000000002a1cf00, 0x0000000002a1d0c8]
Event: 5.827 Thread 0x0000000014990000 1776       3       java.util.Collections$UnmodifiableCollection::size (10 bytes)
Event: 5.827 Thread 0x0000000014990000 nmethod 1776 0x0000000002a1c950 code [0x0000000002a1cac0, 0x0000000002a1cce8]
Event: 5.827 Thread 0x0000000014990000 1777       3       com.android.dx.cf.direct.MemberListParser::<init> (74 bytes)
Event: 5.828 Thread 0x0000000014990000 nmethod 1777 0x0000000002a1c190 code [0x0000000002a1c340, 0x0000000002a1c7c8]
Event: 5.828 Thread 0x0000000014990000 1778       3       com.android.dx.cf.direct.MemberListParser::setObserver (6 bytes)
Event: 5.828 Thread 0x0000000014990000 nmethod 1778 0x0000000002a1be50 code [0x0000000002a1bfa0, 0x0000000002a1c110]
Event: 5.828 Thread 0x0000000014990000 1779   !   3       com.android.dx.cf.direct.MemberListParser::parse (641 bytes)

GC Heap History (6 events):
Event: 1.145 GC heap before
{Heap before GC invocations=1 (full 0):
 PSYoungGen      total 28672K, used 24576K [0x00000000eab00000, 0x00000000ecb00000, 0x0000000100000000)
  eden space 24576K, 100% used [0x00000000eab00000,0x00000000ec300000,0x00000000ec300000)
  from space 4096K, 0% used [0x00000000ec700000,0x00000000ec700000,0x00000000ecb00000)
  to   space 4096K, 0% used [0x00000000ec300000,0x00000000ec300000,0x00000000ec700000)
 ParOldGen       total 65536K, used 0K [0x00000000c0000000, 0x00000000c4000000, 0x00000000eab00000)
  object space 65536K, 0% used [0x00000000c0000000,0x00000000c0000000,0x00000000c4000000)
 Metaspace       used 5821K, capacity 6832K, committed 7040K, reserved 1056768K
  class space    used 590K, capacity 616K, committed 640K, reserved 1048576K
Event: 1.187 GC heap after
Heap after GC invocations=1 (full 0):
 PSYoungGen      total 28672K, used 4073K [0x00000000eab00000, 0x00000000ee300000, 0x0000000100000000)
  eden space 24576K, 0% used [0x00000000eab00000,0x00000000eab00000,0x00000000ec300000)
  from space 4096K, 99% used [0x00000000ec300000,0x00000000ec6fa470,0x00000000ec700000)
  to   space 4096K, 0% used [0x00000000edf00000,0x00000000edf00000,0x00000000ee300000)
 ParOldGen       total 65536K, used 544K [0x00000000c0000000, 0x00000000c4000000, 0x00000000eab00000)
  object space 65536K, 0% used [0x00000000c0000000,0x00000000c0088280,0x00000000c4000000)
 Metaspace       used 5821K, capacity 6832K, committed 7040K, reserved 1056768K
  class space    used 590K, capacity 616K, committed 640K, reserved 1048576K
}
Event: 2.612 GC heap before
{Heap before GC invocations=2 (full 0):
 PSYoungGen      total 28672K, used 28649K [0x00000000eab00000, 0x00000000ee300000, 0x0000000100000000)
  eden space 24576K, 100% used [0x00000000eab00000,0x00000000ec300000,0x00000000ec300000)
  from space 4096K, 99% used [0x00000000ec300000,0x00000000ec6fa470,0x00000000ec700000)
  to   space 4096K, 0% used [0x00000000edf00000,0x00000000edf00000,0x00000000ee300000)
 ParOldGen       total 65536K, used 544K [0x00000000c0000000, 0x00000000c4000000, 0x00000000eab00000)
  object space 65536K, 0% used [0x00000000c0000000,0x00000000c0088280,0x00000000c4000000)
 Metaspace       used 6072K, capacity 7024K, committed 7296K, reserved 1056768K
  class space    used 591K, capacity 616K, committed 640K, reserved 1048576K
Event: 2.667 GC heap after
Heap after GC invocations=2 (full 0):
 PSYoungGen      total 53248K, used 4091K [0x00000000eab00000, 0x00000000ee300000, 0x0000000100000000)
  eden space 49152K, 0% used [0x00000000eab00000,0x00000000eab00000,0x00000000edb00000)
  from space 4096K, 99% used [0x00000000edf00000,0x00000000ee2fec60,0x00000000ee300000)
  to   space 4096K, 0% used [0x00000000edb00000,0x00000000edb00000,0x00000000edf00000)
 ParOldGen       total 65536K, used 2929K [0x00000000c0000000, 0x00000000c4000000, 0x00000000eab00000)
  object space 65536K, 4% used [0x00000000c0000000,0x00000000c02dc7d0,0x00000000c4000000)
 Metaspace       used 6072K, capacity 7024K, committed 7296K, reserved 1056768K
  class space    used 591K, capacity 616K, committed 640K, reserved 1048576K
}
Event: 5.443 GC heap before
{Heap before GC invocations=3 (full 0):
 PSYoungGen      total 53248K, used 53243K [0x00000000eab00000, 0x00000000ee300000, 0x0000000100000000)
  eden space 49152K, 100% used [0x00000000eab00000,0x00000000edb00000,0x00000000edb00000)
  from space 4096K, 99% used [0x00000000edf00000,0x00000000ee2fec60,0x00000000ee300000)
  to   space 4096K, 0% used [0x00000000edb00000,0x00000000edb00000,0x00000000edf00000)
 ParOldGen       total 65536K, used 2929K [0x00000000c0000000, 0x00000000c4000000, 0x00000000eab00000)
  object space 65536K, 4% used [0x00000000c0000000,0x00000000c02dc7d0,0x00000000c4000000)
 Metaspace       used 6198K, capacity 7152K, committed 7296K, reserved 1056768K
  class space    used 592K, capacity 616K, committed 640K, reserved 1048576K
Event: 5.601 GC heap after
Heap after GC invocations=3 (full 0):
 PSYoungGen      total 53248K, used 4086K [0x00000000eab00000, 0x00000000f1300000, 0x0000000100000000)
  eden space 49152K, 0% used [0x00000000eab00000,0x00000000eab00000,0x00000000edb00000)
  from space 4096K, 99% used [0x00000000edb00000,0x00000000edefd808,0x00000000edf00000)
  to   space 4096K, 0% used [0x00000000f0f00000,0x00000000f0f00000,0x00000000f1300000)
 ParOldGen       total 65536K, used 10026K [0x00000000c0000000, 0x00000000c4000000, 0x00000000eab00000)
  object space 65536K, 15% used [0x00000000c0000000,0x00000000c09ca9a8,0x00000000c4000000)
 Metaspace       used 6198K, capacity 7152K, committed 7296K, reserved 1056768K
  class space    used 592K, capacity 616K, committed 640K, reserved 1048576K
}

Deoptimization events (10 events):
Event: 4.542 Thread 0x0000000016687000 Uncommon trap: reason=bimorphic action=maybe_recompile pc=0x00000000028e27a0 method=com.android.dx.cf.code.RopperMachine.run(Lcom/android/dx/cf/code/Frame;II)V @ 978
Event: 4.542 Thread 0x0000000016687000 Uncommon trap: reason=bimorphic action=maybe_recompile pc=0x00000000028e27a0 method=com.android.dx.cf.code.RopperMachine.run(Lcom/android/dx/cf/code/Frame;II)V @ 978
Event: 4.559 Thread 0x0000000016687000 Uncommon trap: reason=bimorphic action=maybe_recompile pc=0x000000000296e4c0 method=com.android.dx.ssa.SCCP.setLatticeValueTo(IILcom/android/dx/rop/cst/Constant;)Z @ 43
Event: 4.559 Thread 0x0000000016687000 Uncommon trap: reason=bimorphic action=maybe_recompile pc=0x000000000296e4c0 method=com.android.dx.ssa.SCCP.setLatticeValueTo(IILcom/android/dx/rop/cst/Constant;)Z @ 43
Event: 4.559 Thread 0x0000000016687000 Uncommon trap: reason=bimorphic action=maybe_recompile pc=0x000000000298ea8c method=com.android.dx.ssa.SCCP.setLatticeValueTo(IILcom/android/dx/rop/cst/Constant;)Z @ 43
Event: 4.559 Thread 0x0000000016687000 Uncommon trap: reason=bimorphic action=maybe_recompile pc=0x0000000002498b18 method=java.util.HashMap.getNode(ILjava/lang/Object;)Ljava/util/HashMap$Node; @ 126
Event: 4.563 Thread 0x0000000016687000 Uncommon trap: reason=bimorphic action=maybe_recompile pc=0x000000000296e4c0 method=com.android.dx.ssa.SCCP.setLatticeValueTo(IILcom/android/dx/rop/cst/Constant;)Z @ 43
Event: 4.564 Thread 0x0000000016687000 Uncommon trap: reason=bimorphic action=maybe_recompile pc=0x000000000298ea8c method=com.android.dx.ssa.SCCP.setLatticeValueTo(IILcom/android/dx/rop/cst/Constant;)Z @ 43
Event: 5.840 Thread 0x0000000016660000 Uncommon trap: reason=unloaded action=reinterpret pc=0x00000000028afcec method=com.android.dx.ssa.LiteralOpUpgrader$1.visitNonMoveInsn(Lcom/android/dx/ssa/NormalSsaInsn;)V @ 72
Event: 5.841 Thread 0x0000000016660000 Uncommon trap: reason=unreached action=reinterpret pc=0x000000000266b41c method=com.android.dx.ssa.SsaMethod.updateOneDefinition(Lcom/android/dx/ssa/SsaInsn;Lcom/android/dx/rop/code/RegisterSpec;)V @ 4

Internal exceptions (10 events):
Event: 0.712 Thread 0x0000000016660000 Exception <a 'java/security/PrivilegedActionException'> (0x00000000eb9cce68) thrown at [C:\workspace\8-2-build-windows-amd64-cygwin\jdk8u31\2394\hotspot\src\share\vm\prims\jvm.cpp, line 1312]
Event: 0.752 Thread 0x00000000020a0800 Exception <a 'java/security/PrivilegedActionException'> (0x00000000ebb58698) thrown at [C:\workspace\8-2-build-windows-amd64-cygwin\jdk8u31\2394\hotspot\src\share\vm\prims\jvm.cpp, line 1312]
Event: 0.784 Thread 0x0000000016834000 Exception <a 'java/security/PrivilegedActionException'> (0x00000000ebceddf8) thrown at [C:\workspace\8-2-build-windows-amd64-cygwin\jdk8u31\2394\hotspot\src\share\vm\prims\jvm.cpp, line 1312]
Event: 0.798 Thread 0x0000000016834000 Exception <a 'java/security/PrivilegedActionException'> (0x00000000ebd13e18) thrown at [C:\workspace\8-2-build-windows-amd64-cygwin\jdk8u31\2394\hotspot\src\share\vm\prims\jvm.cpp, line 1312]
Event: 0.866 Thread 0x0000000016660000 Exception <a 'java/security/PrivilegedActionException'> (0x00000000ebe690b8) thrown at [C:\workspace\8-2-build-windows-amd64-cygwin\jdk8u31\2394\hotspot\src\share\vm\prims\jvm.cpp, line 1312]
Event: 1.216 Thread 0x0000000016660000 Exception <a 'java/security/PrivilegedActionException'> (0x00000000eac48c98) thrown at [C:\workspace\8-2-build-windows-amd64-cygwin\jdk8u31\2394\hotspot\src\share\vm\prims\jvm.cpp, line 1312]
Event: 4.258 Thread 0x0000000016687000 Implicit null exception at 0x00000000028b39af to 0x00000000028b5ec5
Event: 4.323 Thread 0x00000000020a0800 Exception <a 'java/security/PrivilegedActionException'> (0x00000000eb513038) thrown at [C:\workspace\8-2-build-windows-amd64-cygwin\jdk8u31\2394\hotspot\src\share\vm\prims\jvm.cpp, line 1312]
Event: 4.346 Thread 0x0000000016660000 Implicit null exception at 0x00000000028a30b6 to 0x00000000028a5345
Event: 5.840 Thread 0x0000000016660000 Exception <a 'java/security/PrivilegedActionException'> (0x00000000ebcb6ca8) thrown at [C:\workspace\8-2-build-windows-amd64-cygwin\jdk8u31\2394\hotspot\src\share\vm\prims\jvm.cpp, line 1312]

Events (10 events):
Event: 5.601 Executing VM operation: ParallelGCFailedAllocation done
Event: 5.838 Thread 0x00000000020a0800 Uncommon trap: trap_request=0xffffffad fr.pc=0x0000000002a01284
Event: 5.840 Thread 0x0000000016660000 Uncommon trap: trap_request=0x0000004e fr.pc=0x00000000028afcec
Event: 5.840 loading class com/android/dx/rop/code/RegOps
Event: 5.840 loading class com/android/dx/rop/code/RegOps done
Event: 5.841 Thread 0x0000000016660000 DEOPT PACKING pc=0x00000000028afcec sp=0x00000000170ae580
Event: 5.841 Thread 0x0000000016660000 DEOPT UNPACKING pc=0x00000000022b556a sp=0x00000000170ae508 mode 2
Event: 5.841 Thread 0x0000000016660000 Uncommon trap: trap_request=0xffffffad fr.pc=0x000000000266b41c
Event: 5.841 Thread 0x0000000016660000 DEOPT PACKING pc=0x000000000266b41c sp=0x00000000170ae380
Event: 5.841 Thread 0x0000000016660000 DEOPT UNPACKING pc=0x00000000022b556a sp=0x00000000170ae328 mode 2


Dynamic libraries:
0x00007ff7f4420000 - 0x00007ff7f4454000 	C:\Program Files\Java\jdk1.8.0_31\bin\java.exe
0x00007ffdcc080000 - 0x00007ffdcc22d000 	C:\WINDOWS\SYSTEM32\ntdll.dll
0x00007ffdc9ef0000 - 0x00007ffdca02e000 	C:\WINDOWS\system32\KERNEL32.DLL
0x00007ffdc9460000 - 0x00007ffdc9575000 	C:\WINDOWS\system32\KERNELBASE.dll
0x00007ffdc7d80000 - 0x00007ffdc7e0e000 	C:\WINDOWS\system32\apphelp.dll
0x00007ffdbcc80000 - 0x00007ffdbccd3000 	C:\WINDOWS\AppPatch\AppPatch64\AcGenral.DLL
0x00007ffdcbfd0000 - 0x00007ffdcc07a000 	C:\WINDOWS\system32\msvcrt.dll
0x00007ffdc9680000 - 0x00007ffdc96ae000 	C:\WINDOWS\system32\SspiCli.dll
0x00007ffdcbad0000 - 0x00007ffdcbb24000 	C:\WINDOWS\system32\SHLWAPI.dll
0x00007ffdca040000 - 0x00007ffdca1b7000 	C:\WINDOWS\system32\USER32.dll
0x00007ffdc9a50000 - 0x00007ffdc9be4000 	C:\WINDOWS\system32\ole32.dll
0x00007ffdca440000 - 0x00007ffdcb969000 	C:\WINDOWS\system32\SHELL32.dll
0x00007ffdc8780000 - 0x00007ffdc87a1000 	C:\WINDOWS\SYSTEM32\USERENV.dll
0x00007ffdc9c60000 - 0x00007ffdc9d0a000 	C:\WINDOWS\system32\ADVAPI32.dll
0x00007ffdc1b40000 - 0x00007ffdc1b5e000 	C:\WINDOWS\SYSTEM32\MPR.dll
0x00007ffdca300000 - 0x00007ffdca440000 	C:\WINDOWS\system32\RPCRT4.dll
0x00007ffdc9770000 - 0x00007ffdc97c9000 	C:\WINDOWS\SYSTEM32\sechost.dll
0x00007ffdcbbf0000 - 0x00007ffdcbe01000 	C:\WINDOWS\SYSTEM32\combase.dll
0x00007ffdcb980000 - 0x00007ffdcbacf000 	C:\WINDOWS\system32\GDI32.dll
0x00007ffdc91b0000 - 0x00007ffdc91c5000 	C:\WINDOWS\SYSTEM32\profapi.dll
0x00007ffdc7700000 - 0x00007ffdc77b2000 	C:\WINDOWS\SYSTEM32\SHCORE.dll
0x00007ffdc97d0000 - 0x00007ffdc9806000 	C:\WINDOWS\system32\IMM32.DLL
0x00007ffdc98f0000 - 0x00007ffdc9a42000 	C:\WINDOWS\system32\MSCTF.dll
0x00007ffdc6c60000 - 0x00007ffdc6edb000 	C:\WINDOWS\WinSxS\amd64_microsoft.windows.common-controls_6595b64144ccf1df_6.0.9600.18006_none_623f33d3ecbe86e8\COMCTL32.dll
0x0000000067c70000 - 0x0000000067d42000 	C:\Program Files\Java\jdk1.8.0_31\jre\bin\msvcr100.dll
0x0000000069d90000 - 0x000000006a5ea000 	C:\Program Files\Java\jdk1.8.0_31\jre\bin\server\jvm.dll
0x00007ffdb1620000 - 0x00007ffdb1629000 	C:\WINDOWS\SYSTEM32\WSOCK32.dll
0x00007ffdc6ee0000 - 0x00007ffdc6f02000 	C:\WINDOWS\SYSTEM32\WINMM.dll
0x00007ffdcb970000 - 0x00007ffdcb977000 	C:\WINDOWS\system32\PSAPI.DLL
0x00007ffdc9710000 - 0x00007ffdc976a000 	C:\WINDOWS\system32\WS2_32.dll
0x00007ffdc6c30000 - 0x00007ffdc6c5a000 	C:\WINDOWS\SYSTEM32\WINMMBASE.dll
0x00007ffdcbfc0000 - 0x00007ffdcbfc9000 	C:\WINDOWS\system32\NSI.dll
0x00007ffdc9580000 - 0x00007ffdc95cf000 	C:\WINDOWS\SYSTEM32\cfgmgr32.dll
0x00007ffdc7fd0000 - 0x00007ffdc7ff8000 	C:\WINDOWS\SYSTEM32\DEVOBJ.dll
0x000000006b0d0000 - 0x000000006b0df000 	C:\Program Files\Java\jdk1.8.0_31\jre\bin\verify.dll
0x000000006b0a0000 - 0x000000006b0c8000 	C:\Program Files\Java\jdk1.8.0_31\jre\bin\java.dll
0x000000006b080000 - 0x000000006b096000 	C:\Program Files\Java\jdk1.8.0_31\jre\bin\zip.dll
0x00007ffdc1910000 - 0x00007ffdc1a99000 	C:\WINDOWS\SYSTEM32\dbghelp.dll

VM Arguments:
jvm_args: -Djava.awt.headless=true -Xmx1024M -Dfile.encoding=windows-1252 -Duser.country=US -Duser.language=en -Duser.variant 
java_command: com.android.dx.command.Main --dex --force-jumbo --num-threads=4 --multi-dex --output C:\Users\eslam\AndroidStudioProjects\Popular-Movies\app\build\intermediates\transforms\dex\debug\folders\1000\10\com.android.support-appcompat-v7-24.0.0_12ef91394f7576c0e47a5a1f8dc3e98796221ff2 C:\Users\eslam\AndroidStudioProjects\Popular-Movies\app\build\intermediates\exploded-aar\com.android.support\appcompat-v7\24.0.0\jars\classes.jar
java_class_path (initial): F:\android-strudio-windows\sdk\sdk\build-tools\24.0.0\lib\dx.jar
Launcher Type: SUN_STANDARD

Environment Variables:
JAVA_HOME=C:\Program Files\Java\jdk1.8.0_31
PATH=E:\scala\activator-1.3.2-minimal;C:\sqlite;C:\Users\eslam\AppData\Roaming\npm;C:\Program Files\Git\cmd;C:\Program Files (x86)\Microsoft SQL Server\Client SDK\ODBC\110\Tools\Binn\;C:\Program Files (x86)\Microsoft SQL Server\120\Tools\Binn\ManagementStudio\;C:\Program Files (x86)\Microsoft SQL Server\120\Tools\Binn\;C:\Program Files (x86)\Microsoft SQL Server\120\DTS\Binn\;C:\sqlite;C:\Program Files (x86)\Brackets\command;C:\Program Files\nodejs\;C:\Program Files\Java\jre7\bin;C:\Users\eslam\AppData\Roaming\npm
USERNAME=eslam
OS=Windows_NT
PROCESSOR_IDENTIFIER=Intel64 Family 6 Model 58 Stepping 9, GenuineIntel



---------------  S Y S T E M  ---------------

OS: Windows 8.1 , 64 bit Build 9600 

CPU:total 4 (2 cores per cpu, 2 threads per core) family 6 model 58 stepping 9, cmov, cx8, fxsr, mmx, sse, sse2, sse3, ssse3, sse4.1, sse4.2, popcnt, avx, aes, clmul, erms, ht, tsc, tscinvbit, tscinv

Memory: 4k page, physical 6241508k(786432k free), swap 9387236k(719508k free)

vm_info: Java HotSpot(TM) 64-Bit Server VM (25.31-b07) for windows-amd64 JRE (1.8.0_31-b13), built on Dec 17 2014 21:00:28 by "java_re" with MS VC++ 10.0 (VS2010)

time: Wed Sep 21 23:08:20 2016
elapsed time: 6 seconds (0d 0h 0m 6s)

