#
# A fatal error has been detected by the Java Runtime Environment:
#
#  EXCEPTION_ACCESS_VIOLATION (0xc0000005) at pc=0x0000000069f8b107, pid=17132, tid=7904
#
# JRE version: Java(TM) SE Runtime Environment (8.0_31-b13) (build 1.8.0_31-b13)
# Java VM: Java HotSpot(TM) 64-Bit Server VM (25.31-b07 mixed mode windows-amd64 compressed oops)
# Problematic frame:
# V  [jvm.dll+0x1fb107]
#
# Failed to write core dump. Minidumps are not enabled by default on client versions of Windows
#
# If you would like to submit a bug report, please visit:
#   http://bugreport.java.com/bugreport/crash.jsp
#

---------------  T H R E A D  ---------------

Current thread (0x0000000014d1a800):  JavaThread "Signal Dispatcher" daemon [_thread_in_vm, id=7904, stack(0x00000000160c0000,0x00000000161c0000)]

siginfo: ExceptionCode=0xc0000005, writing address 0x00000000161ba3e0

Registers:
RAX=0x00000000161ba3e0, RBX=0x0000000000000006, RCX=0x0000000000005000, RDX=0x0000000000000006
RSP=0x00000000161bf3e0, RBP=0x0000000000000000, RSI=0x00000000161bf3e0, RDI=0x0000000000000006
R8 =0x0000000000000006, R9 =0x0000000014d19da0, R10=0x00000000143ac8b8, R11=0x00000000160ca150
R12=0x0000000014d19da0, R13=0x0000000014d1a800, R14=0x00000000161bf4a8, R15=0x00000000143ac8b8
RIP=0x0000000069f8b107, EFLAGS=0x0000000000010202

Top of Stack: (sp=0x00000000161bf3e0)
0x00000000161bf3e0:   0000000000be7ac4 0000000000000249
0x00000000161bf3f0:   0000000014d1a800 0000000014d19da0
0x00000000161bf400:   00000000ffffffff 0000000069f8c037
0x00000000161bf410:   00000000161bf510 00000000143ac8b8
0x00000000161bf420:   0000000014d1a800 0000000069e41fb3
0x00000000161bf430:   00000000161bf470 0000000014d1a800
0x00000000161bf440:   00000000161bf500 0000000014d1a800
0x00000000161bf450:   00000000143ac8b8 0000000014d1a800
0x00000000161bf460:   0000000002660e20 0000000014d1a800
0x00000000161bf470:   00000000143ac8b8 0000000014d1a800
0x00000000161bf480:   00000000143ac8b8 0000000014d1a800
0x00000000161bf490:   0000000000000001 00000000143ac8b8
0x00000000161bf4a0:   0000000014d1a800 0000000014ce78f0
0x00000000161bf4b0:   0000000014d1a800 0000000069e4349d
0x00000000161bf4c0:   00000000161bf810 0000000100006670
0x00000000161bf4d0:   0000000100006670 0000000000000000 

Instructions: (pc=0x0000000069f8b107)
0x0000000069f8b0e7:   48 89 6c 24 30 33 ed 66 90 e8 7b 5c 08 00 ff c3
0x0000000069f8b0f7:   48 63 c8 48 8b c6 48 0f af cf 48 ff c7 48 2b c1
0x0000000069f8b107:   89 28 48 63 c3 48 3b 05 ed 6e 57 00 7e db 48 8b
0x0000000069f8b117:   6c 24 30 48 8b 5c 24 38 48 8b 74 24 40 48 83 c4 


Register to memory mapping:

RAX=0x00000000161ba3e0 is pointing into the stack for thread: 0x0000000014d1a800
RBX=0x0000000000000006 is an unknown value
RCX=0x0000000000005000 is an unknown value
RDX=0x0000000000000006 is an unknown value
RSP=0x00000000161bf3e0 is pointing into the stack for thread: 0x0000000014d1a800
RBP=0x0000000000000000 is an unknown value
RSI=0x00000000161bf3e0 is pointing into the stack for thread: 0x0000000014d1a800
RDI=0x0000000000000006 is an unknown value
R8 =0x0000000000000006 is an unknown value
R9 =0x0000000014d19da0 is an unknown value
R10={method} {0x00000000143ac8c0} 'exit' '()V' in 'java/lang/Thread'
R11=0x00000000160ca150 is pointing into the stack for thread: 0x0000000014d1a800
R12=0x0000000014d19da0 is an unknown value
R13=0x0000000014d1a800 is a thread
R14=0x00000000161bf4a8 is pointing into the stack for thread: 0x0000000014d1a800
R15={method} {0x00000000143ac8c0} 'exit' '()V' in 'java/lang/Thread'


Stack: [0x00000000160c0000,0x00000000161c0000],  sp=0x00000000161bf3e0,  free space=1020k
